#
# There is insufficient memory for the Java Runtime Environment to continue.
# Native memory allocation (mmap) failed to map 87031808 bytes for G1 virtual space
# Possible reasons:
#   The system is out of physical RAM or swap space
#   The process is running with CompressedOops enabled, and the Java Heap may be blocking the growth of the native heap
# Possible solutions:
#   Reduce memory load on the system
#   Increase physical memory or swap space
#   Check if swap backing store is full
#   Decrease Java heap size (-Xmx/-Xms)
#   Decrease number of Java threads
#   Decrease Java thread stack sizes (-Xss)
#   Set larger code cache with -XX:ReservedCodeCacheSize=
#   JVM is running with Unscaled Compressed Oops mode in which the Java heap is
#     placed in the first 4GB address space. The Java Heap base address is the
#     maximum limit for the native heap growth. Please use -XX:HeapBaseMinAddress
#     to set the Java Heap base and to place the Java Heap above 4GB virtual address.
# This output file may be truncated or incomplete.
#
#  Out of Memory Error (os_windows.cpp:3769), pid=23320, tid=14756
#
# JRE version: OpenJDK Runtime Environment (17.0.6) (build 17.0.6+0-b2043.56-10027231)
# Java VM: OpenJDK 64-Bit Server VM (17.0.6+0-b2043.56-10027231, mixed mode, tiered, compressed oops, compressed class ptrs, g1 gc, windows-amd64)
# No core dump will be written. Minidumps are not enabled by default on client versions of Windows
#

---------------  S U M M A R Y ------------

Command Line: --add-opens=java.base/java.util=ALL-UNNAMED --add-opens=java.base/java.lang=ALL-UNNAMED --add-opens=java.base/java.lang.invoke=ALL-UNNAMED --add-opens=java.prefs/java.util.prefs=ALL-UNNAMED --add-opens=java.base/java.nio.charset=ALL-UNNAMED --add-opens=java.base/java.net=ALL-UNNAMED --add-opens=java.base/java.util.concurrent.atomic=ALL-UNNAMED -Xmx2048m -Dfile.encoding=UTF-8 -Duser.country=US -Duser.language=en -Duser.variant org.gradle.launcher.daemon.bootstrap.GradleDaemon 8.0

Host: 11th Gen Intel(R) Core(TM) i5-11400H @ 2.70GHz, 12 cores, 15G,  Windows 11 , 64 bit Build 22621 (10.0.22621.2506)
Time: Fri Dec  1 22:53:24 2023 SE Asia Standard Time elapsed time: 6.993865 seconds (0d 0h 0m 6s)

---------------  T H R E A D  ---------------

Current thread (0x0000022162038db0):  VMThread "VM Thread" [stack: 0x000000b3aa300000,0x000000b3aa400000] [id=14756]

Stack: [0x000000b3aa300000,0x000000b3aa400000]
Native frames: (J=compiled Java code, j=interpreted, Vv=VM code, C=native code)
V  [jvm.dll+0x683c9a]
V  [jvm.dll+0x8427a4]
V  [jvm.dll+0x843f9e]
V  [jvm.dll+0x844603]
V  [jvm.dll+0x249b75]
V  [jvm.dll+0x680b69]
V  [jvm.dll+0x67505a]
V  [jvm.dll+0x309acb]
V  [jvm.dll+0x310f86]
V  [jvm.dll+0x3608ee]
V  [jvm.dll+0x360b1f]
V  [jvm.dll+0x2dfbf8]
V  [jvm.dll+0x2ddec4]
V  [jvm.dll+0x2dd4cc]
V  [jvm.dll+0x321f3b]
V  [jvm.dll+0x848ccb]
V  [jvm.dll+0x849a04]
V  [jvm.dll+0x849f1d]
V  [jvm.dll+0x84a2f4]
V  [jvm.dll+0x84a3c0]
V  [jvm.dll+0x7f274a]
V  [jvm.dll+0x682ad5]
C  [ucrtbase.dll+0x29363]
C  [KERNEL32.DLL+0x1257d]
C  [ntdll.dll+0x5aa58]

VM_Operation (0x000000b3abcf4ef0): G1CollectForAllocation, mode: safepoint, requested by thread 0x0000022163a86a10


---------------  P R O C E S S  ---------------

Threads class SMR info:
_java_thread_list=0x0000022164cd2700, length=174, elements={
0x000002214748a0b0, 0x000002216204e250, 0x000002216204ee00, 0x00000221620893b0,
0x0000022162089e70, 0x000002216208c830, 0x000002216208f1f0, 0x0000022162090670,
0x0000022162091110, 0x0000022162091f10, 0x0000022162216020, 0x000002216221c720,
0x00000221623536c0, 0x000002216517ce20, 0x00000221656c0730, 0x000002216398e480,
0x000002216336e260, 0x000002216336e730, 0x0000022165312890, 0x0000022163a86a10,
0x00000221630192b0, 0x0000022163019c50, 0x0000022163018de0, 0x0000022163019780,
0x000002216301a120, 0x000002216301a5f0, 0x00000221656ab6b0, 0x000002216301af90,
0x000002216301b460, 0x0000022163017f70, 0x0000022163018440, 0x0000022165695a20,
0x0000022165695550, 0x0000022165697bd0, 0x00000221656963c0, 0x0000022165695ef0,
0x00000221656980a0, 0x0000022167957ca0, 0x0000022167959e50, 0x0000022167958b10,
0x0000022167958fe0, 0x00000221679594b0, 0x0000022167959980, 0x000002216795a7f0,
0x000002216795b190, 0x00000221679577d0, 0x00000221695d2bb0, 0x00000221695d5230,
0x00000221695d6f10, 0x00000221695d6570, 0x00000221695d78b0, 0x00000221695d1870,
0x00000221695d5700, 0x00000221695d13a0, 0x00000221695d1d40, 0x00000221695d73e0,
0x00000221695d6a40, 0x00000221695d5bd0, 0x00000221695d4890, 0x00000221695d2210,
0x00000221695d3080, 0x00000221695d26e0, 0x00000221695d0060, 0x00000221695d3550,
0x00000221695d3a20, 0x00000221695d43c0, 0x00000221695d0530, 0x00000221695d3ef0,
0x00000221695d4d60, 0x00000221695d60a0, 0x00000221695d0a00, 0x00000221695d0ed0,
0x00000221651c3ca0, 0x00000221651bdc60, 0x00000221651c2e30, 0x00000221651c4170,
0x00000221651c2490, 0x00000221651befa0, 0x00000221651bf940, 0x00000221651bd790,
0x00000221651c4640, 0x00000221651c2960, 0x00000221651c3300, 0x00000221651c1af0,
0x00000221651c1150, 0x00000221651c37d0, 0x00000221651c4b10, 0x00000221651be130,
0x00000221651c1fc0, 0x00000221651c0c80, 0x00000221651c1620, 0x00000221651bd2c0,
0x00000221651be600, 0x00000221651bead0, 0x00000221651bf470, 0x00000221651bfe10,
0x00000221651c02e0, 0x00000221651c07b0, 0x000002216b87f0d0, 0x000002216b879560,
0x000002216b879a30, 0x000002216b87ca50, 0x000002216b879f00, 0x000002216b878220,
0x000002216b87ec00, 0x000002216b87a3d0, 0x000002216b87bbe0, 0x000002216b87b240,
0x000002216b87e260, 0x000002216b87dd90, 0x000002216b87c0b0, 0x000002216b87e730,
0x000002216b877880, 0x000002216b87b710, 0x000002216b8786f0, 0x000002216b87cf20,
0x000002216b877d50, 0x000002216b87a8a0, 0x000002216b87ad70, 0x000002216b878bc0,
0x000002216b87c580, 0x000002216b879090, 0x000002216b87d3f0, 0x000002216b87d8c0,
0x000002216b852610, 0x000002216b854c90, 0x000002216b851c70, 0x000002216b855b00,
0x000002216b8564a0, 0x000002216b852ae0, 0x000002216b855fd0, 0x000002216b850460,
0x000002216b8542f0, 0x000002216b84fac0, 0x000002216b8512d0, 0x000002216b850930,
0x000002216b855160, 0x000002216b852fb0, 0x000002216b856970, 0x000002216b853480,
0x000002216b850e00, 0x000002216b84f120, 0x000002216b855630, 0x000002216b8517a0,
0x000002216b8547c0, 0x000002216b852140, 0x000002216b853950, 0x000002216b84f5f0,
0x000002216b853e20, 0x000002216b84ff90, 0x0000022167d13250, 0x0000022167d10230,
0x0000022167d11570, 0x0000022167d14f30, 0x0000022167d15400, 0x0000022167d14a60,
0x0000022167d0e080, 0x0000022167d11a40, 0x0000022167d0eef0, 0x0000022167d12d80,
0x0000022167d140c0, 0x0000022167d158d0, 0x0000022167d14590, 0x0000022167d13720,
0x0000022167d13bf0, 0x0000022167d10700, 0x0000022167d0ea20, 0x0000022167d0e550,
0x0000022167d0f3c0, 0x0000022167d0f890, 0x0000022167d0fd60, 0x0000022167d110a0,
0x0000022167d123e0, 0x0000022167d128b0
}

Java Threads: ( => current thread )
  0x000002214748a0b0 JavaThread "main" [_thread_blocked, id=12756, stack(0x000000b3a9d00000,0x000000b3a9e00000)]
  0x000002216204e250 JavaThread "Reference Handler" daemon [_thread_blocked, id=8492, stack(0x000000b3aa400000,0x000000b3aa500000)]
  0x000002216204ee00 JavaThread "Finalizer" daemon [_thread_blocked, id=23224, stack(0x000000b3aa500000,0x000000b3aa600000)]
  0x00000221620893b0 JavaThread "Signal Dispatcher" daemon [_thread_blocked, id=17836, stack(0x000000b3aa600000,0x000000b3aa700000)]
  0x0000022162089e70 JavaThread "Attach Listener" daemon [_thread_blocked, id=18032, stack(0x000000b3aa700000,0x000000b3aa800000)]
  0x000002216208c830 JavaThread "Service Thread" daemon [_thread_blocked, id=16468, stack(0x000000b3aa800000,0x000000b3aa900000)]
  0x000002216208f1f0 JavaThread "Monitor Deflation Thread" daemon [_thread_blocked, id=19688, stack(0x000000b3aa900000,0x000000b3aaa00000)]
  0x0000022162090670 JavaThread "C2 CompilerThread0" daemon [_thread_blocked, id=11744, stack(0x000000b3aaa00000,0x000000b3aab00000)]
  0x0000022162091110 JavaThread "C1 CompilerThread0" daemon [_thread_blocked, id=27268, stack(0x000000b3aab00000,0x000000b3aac00000)]
  0x0000022162091f10 JavaThread "Sweeper thread" daemon [_thread_blocked, id=19288, stack(0x000000b3aac00000,0x000000b3aad00000)]
  0x0000022162216020 JavaThread "Common-Cleaner" daemon [_thread_blocked, id=11684, stack(0x000000b3aad00000,0x000000b3aae00000)]
  0x000002216221c720 JavaThread "Notification Thread" daemon [_thread_blocked, id=26036, stack(0x000000b3aae00000,0x000000b3aaf00000)]
  0x00000221623536c0 JavaThread "C2 CompilerThread1" daemon [_thread_blocked, id=19572, stack(0x000000b3ab000000,0x000000b3ab100000)]
  0x000002216517ce20 JavaThread "Daemon health stats" [_thread_blocked, id=5616, stack(0x000000b3ab700000,0x000000b3ab800000)]
  0x00000221656c0730 JavaThread "Incoming local TCP Connector on port 55711" [_thread_in_native, id=5548, stack(0x000000b3ab600000,0x000000b3ab700000)]
  0x000002216398e480 JavaThread "Daemon periodic checks" [_thread_blocked, id=5204, stack(0x000000b3ab800000,0x000000b3ab900000)]
  0x000002216336e260 JavaThread "Daemon" [_thread_blocked, id=10668, stack(0x000000b3ab900000,0x000000b3aba00000)]
  0x000002216336e730 JavaThread "Handler for socket connection from /127.0.0.1:55711 to /127.0.0.1:55712" [_thread_in_native, id=22292, stack(0x000000b3aba00000,0x000000b3abb00000)]
  0x0000022165312890 JavaThread "Cancel handler" [_thread_blocked, id=19532, stack(0x000000b3abb00000,0x000000b3abc00000)]
  0x0000022163a86a10 JavaThread "Daemon worker" [_thread_blocked, id=18076, stack(0x000000b3abc00000,0x000000b3abd00000)]
  0x00000221630192b0 JavaThread "Asynchronous log dispatcher for DefaultDaemonConnection: socket connection from /127.0.0.1:55711 to /127.0.0.1:55712" [_thread_blocked, id=9248, stack(0x000000b3abd00000,0x000000b3abe00000)]
  0x0000022163019c50 JavaThread "Stdin handler" [_thread_blocked, id=27100, stack(0x000000b3abe00000,0x000000b3abf00000)]
  0x0000022163018de0 JavaThread "Daemon client event forwarder" [_thread_blocked, id=16312, stack(0x000000b3abf00000,0x000000b3ac000000)]
  0x0000022163019780 JavaThread "Cache worker for journal cache (C:\Users\KIM\.gradle\caches\journal-1)" [_thread_blocked, id=18020, stack(0x000000b3ac600000,0x000000b3ac700000)]
  0x000002216301a120 JavaThread "File lock request listener" [_thread_in_native, id=6220, stack(0x000000b3ac700000,0x000000b3ac800000)]
  0x000002216301a5f0 JavaThread "Cache worker for file hash cache (C:\Users\KIM\.gradle\caches\8.0\fileHashes)" [_thread_blocked, id=13580, stack(0x000000b3ac800000,0x000000b3ac900000)]
  0x00000221656ab6b0 JavaThread "C2 CompilerThread2" daemon [_thread_blocked, id=7200, stack(0x000000b3ac900000,0x000000b3aca00000)]
  0x000002216301af90 JavaThread "File watcher server" daemon [_thread_in_native, id=19416, stack(0x000000b3aca00000,0x000000b3acb00000)]
  0x000002216301b460 JavaThread "File watcher consumer" daemon [_thread_blocked, id=8220, stack(0x000000b3acb00000,0x000000b3acc00000)]
  0x0000022163017f70 JavaThread "Cache worker for checksums cache (C:\Users\KIM\Desktop\android studio\FOO-CATION\.gradle\8.0\checksums)" [_thread_blocked, id=5708, stack(0x000000b3acc00000,0x000000b3acd00000)]
  0x0000022163018440 JavaThread "Cache worker for cache directory md-rule (C:\Users\KIM\.gradle\caches\8.0\md-rule)" [_thread_blocked, id=8416, stack(0x000000b3acd00000,0x000000b3ace00000)]
  0x0000022165695a20 JavaThread "Cache worker for file content cache (C:\Users\KIM\.gradle\caches\8.0\fileContent)" [_thread_blocked, id=23424, stack(0x000000b3ace00000,0x000000b3acf00000)]
  0x0000022165695550 JavaThread "Cache worker for file hash cache (C:\Users\KIM\Desktop\android studio\FOO-CATION\.gradle\8.0\fileHashes)" [_thread_blocked, id=13636, stack(0x000000b3acf00000,0x000000b3ad000000)]
  0x0000022165697bd0 JavaThread "Cache worker for cache directory md-supplier (C:\Users\KIM\.gradle\caches\8.0\md-supplier)" [_thread_blocked, id=27348, stack(0x000000b3ad000000,0x000000b3ad100000)]
  0x00000221656963c0 JavaThread "Cache worker for execution history cache (C:\Users\KIM\.gradle\caches\8.0\executionHistory)" [_thread_blocked, id=21736, stack(0x000000b3ad100000,0x000000b3ad200000)]
  0x0000022165695ef0 JavaThread "jar transforms" [_thread_blocked, id=19292, stack(0x000000b3ad200000,0x000000b3ad300000)]
  0x00000221656980a0 JavaThread "jar transforms Thread 2" [_thread_blocked, id=21436, stack(0x000000b3ad300000,0x000000b3ad400000)]
  0x0000022167957ca0 JavaThread "Cache worker for kotlin-dsl (C:\Users\KIM\.gradle\caches\8.0\kotlin-dsl)" [_thread_blocked, id=10672, stack(0x000000b3ad400000,0x000000b3ad500000)]
  0x0000022167959e50 JavaThread "jar transforms Thread 3" [_thread_blocked, id=2708, stack(0x000000b3ad500000,0x000000b3ad600000)]
  0x0000022167958b10 JavaThread "jar transforms Thread 4" [_thread_blocked, id=18596, stack(0x000000b3ad600000,0x000000b3ad700000)]
  0x0000022167958fe0 JavaThread "Cache worker for dependencies-accessors (C:\Users\KIM\Desktop\android studio\FOO-CATION\.gradle\8.0\dependencies-accessors)" [_thread_blocked, id=20992, stack(0x000000b3ad700000,0x000000b3ad800000)]
  0x00000221679594b0 JavaThread "Cache worker for Build Output Cleanup Cache (C:\Users\KIM\Desktop\android studio\FOO-CATION\.gradle\buildOutputCleanup)" [_thread_blocked, id=17608, stack(0x000000b3ad800000,0x000000b3ad900000)]
  0x0000022167959980 JavaThread "jar transforms Thread 5" [_thread_blocked, id=19372, stack(0x000000b3ad900000,0x000000b3ada00000)]
  0x000002216795a7f0 JavaThread "Unconstrained build operations" [_thread_blocked, id=27352, stack(0x000000b3ada00000,0x000000b3adb00000)]
  0x000002216795b190 JavaThread "Unconstrained build operations Thread 2" [_thread_blocked, id=12576, stack(0x000000b3adb00000,0x000000b3adc00000)]
  0x00000221679577d0 JavaThread "Unconstrained build operations Thread 3" [_thread_blocked, id=956, stack(0x000000b3adc00000,0x000000b3add00000)]
  0x00000221695d2bb0 JavaThread "Unconstrained build operations Thread 4" [_thread_blocked, id=12444, stack(0x000000b3add00000,0x000000b3ade00000)]
  0x00000221695d5230 JavaThread "Unconstrained build operations Thread 5" [_thread_blocked, id=26156, stack(0x000000b3ade00000,0x000000b3adf00000)]
  0x00000221695d6f10 JavaThread "Unconstrained build operations Thread 6" [_thread_blocked, id=25228, stack(0x000000b3adf00000,0x000000b3ae000000)]
  0x00000221695d6570 JavaThread "Unconstrained build operations Thread 7" [_thread_blocked, id=13068, stack(0x000000b3ae000000,0x000000b3ae100000)]
  0x00000221695d78b0 JavaThread "Unconstrained build operations Thread 8" [_thread_blocked, id=21508, stack(0x000000b3ae100000,0x000000b3ae200000)]
  0x00000221695d1870 JavaThread "Unconstrained build operations Thread 9" [_thread_blocked, id=15480, stack(0x000000b3ae200000,0x000000b3ae300000)]
  0x00000221695d5700 JavaThread "Unconstrained build operations Thread 10" [_thread_blocked, id=19676, stack(0x000000b3ae300000,0x000000b3ae400000)]
  0x00000221695d13a0 JavaThread "Unconstrained build operations Thread 11" [_thread_blocked, id=7036, stack(0x000000b3ae400000,0x000000b3ae500000)]
  0x00000221695d1d40 JavaThread "Unconstrained build operations Thread 12" [_thread_blocked, id=23176, stack(0x000000b3ae500000,0x000000b3ae600000)]
  0x00000221695d73e0 JavaThread "Unconstrained build operations Thread 13" [_thread_blocked, id=17828, stack(0x000000b3ae600000,0x000000b3ae700000)]
  0x00000221695d6a40 JavaThread "Unconstrained build operations Thread 14" [_thread_blocked, id=6464, stack(0x000000b3ae700000,0x000000b3ae800000)]
  0x00000221695d5bd0 JavaThread "Unconstrained build operations Thread 15" [_thread_blocked, id=13400, stack(0x000000b3ae800000,0x000000b3ae900000)]
  0x00000221695d4890 JavaThread "Unconstrained build operations Thread 16" [_thread_blocked, id=6796, stack(0x000000b3ae900000,0x000000b3aea00000)]
  0x00000221695d2210 JavaThread "Unconstrained build operations Thread 17" [_thread_blocked, id=18676, stack(0x000000b3aea00000,0x000000b3aeb00000)]
  0x00000221695d3080 JavaThread "Unconstrained build operations Thread 18" [_thread_blocked, id=27004, stack(0x000000b3aeb00000,0x000000b3aec00000)]
  0x00000221695d26e0 JavaThread "Unconstrained build operations Thread 19" [_thread_blocked, id=17848, stack(0x000000b3aec00000,0x000000b3aed00000)]
  0x00000221695d0060 JavaThread "Unconstrained build operations Thread 20" [_thread_blocked, id=22100, stack(0x000000b3aed00000,0x000000b3aee00000)]
  0x00000221695d3550 JavaThread "Unconstrained build operations Thread 21" [_thread_blocked, id=10840, stack(0x000000b3aee00000,0x000000b3aef00000)]
  0x00000221695d3a20 JavaThread "Unconstrained build operations Thread 22" [_thread_blocked, id=17592, stack(0x000000b3aef00000,0x000000b3af000000)]
  0x00000221695d43c0 JavaThread "Unconstrained build operations Thread 23" [_thread_blocked, id=12108, stack(0x000000b3af000000,0x000000b3af100000)]
  0x00000221695d0530 JavaThread "Unconstrained build operations Thread 24" [_thread_blocked, id=18360, stack(0x000000b3af100000,0x000000b3af200000)]
  0x00000221695d3ef0 JavaThread "Unconstrained build operations Thread 25" [_thread_blocked, id=16288, stack(0x000000b3af200000,0x000000b3af300000)]
  0x00000221695d4d60 JavaThread "Unconstrained build operations Thread 26" [_thread_blocked, id=19220, stack(0x000000b3af300000,0x000000b3af400000)]
  0x00000221695d60a0 JavaThread "Unconstrained build operations Thread 27" [_thread_blocked, id=2728, stack(0x000000b3af400000,0x000000b3af500000)]
  0x00000221695d0a00 JavaThread "Unconstrained build operations Thread 28" [_thread_blocked, id=14916, stack(0x000000b3af500000,0x000000b3af600000)]
  0x00000221695d0ed0 JavaThread "Unconstrained build operations Thread 29" [_thread_blocked, id=11976, stack(0x000000b3af600000,0x000000b3af700000)]
  0x00000221651c3ca0 JavaThread "Unconstrained build operations Thread 30" [_thread_blocked, id=16976, stack(0x000000b3af700000,0x000000b3af800000)]
  0x00000221651bdc60 JavaThread "Unconstrained build operations Thread 31" [_thread_blocked, id=18720, stack(0x000000b3af800000,0x000000b3af900000)]
  0x00000221651c2e30 JavaThread "Unconstrained build operations Thread 32" [_thread_blocked, id=20348, stack(0x000000b3af900000,0x000000b3afa00000)]
  0x00000221651c4170 JavaThread "Unconstrained build operations Thread 33" [_thread_blocked, id=12164, stack(0x000000b3afa00000,0x000000b3afb00000)]
  0x00000221651c2490 JavaThread "Unconstrained build operations Thread 34" [_thread_blocked, id=16984, stack(0x000000b3afb00000,0x000000b3afc00000)]
  0x00000221651befa0 JavaThread "Unconstrained build operations Thread 35" [_thread_blocked, id=8892, stack(0x000000b3afc00000,0x000000b3afd00000)]
  0x00000221651bf940 JavaThread "Unconstrained build operations Thread 36" [_thread_blocked, id=21084, stack(0x000000b3afd00000,0x000000b3afe00000)]
  0x00000221651bd790 JavaThread "Unconstrained build operations Thread 37" [_thread_blocked, id=12936, stack(0x000000b3afe00000,0x000000b3aff00000)]
  0x00000221651c4640 JavaThread "Unconstrained build operations Thread 38" [_thread_blocked, id=4104, stack(0x000000b3aff00000,0x000000b3b0000000)]
  0x00000221651c2960 JavaThread "Unconstrained build operations Thread 39" [_thread_blocked, id=7472, stack(0x000000b3b0000000,0x000000b3b0100000)]
  0x00000221651c3300 JavaThread "Unconstrained build operations Thread 40" [_thread_blocked, id=14320, stack(0x000000b3b0100000,0x000000b3b0200000)]
  0x00000221651c1af0 JavaThread "Unconstrained build operations Thread 41" [_thread_blocked, id=6296, stack(0x000000b3b0200000,0x000000b3b0300000)]
  0x00000221651c1150 JavaThread "Unconstrained build operations Thread 42" [_thread_blocked, id=10156, stack(0x000000b3b0300000,0x000000b3b0400000)]
  0x00000221651c37d0 JavaThread "Unconstrained build operations Thread 43" [_thread_blocked, id=7292, stack(0x000000b3b0400000,0x000000b3b0500000)]
  0x00000221651c4b10 JavaThread "Unconstrained build operations Thread 44" [_thread_blocked, id=20476, stack(0x000000b3b0500000,0x000000b3b0600000)]
  0x00000221651be130 JavaThread "Unconstrained build operations Thread 45" [_thread_blocked, id=25672, stack(0x000000b3b0600000,0x000000b3b0700000)]
  0x00000221651c1fc0 JavaThread "Unconstrained build operations Thread 46" [_thread_blocked, id=10324, stack(0x000000b3b0700000,0x000000b3b0800000)]
  0x00000221651c0c80 JavaThread "Unconstrained build operations Thread 47" [_thread_blocked, id=26980, stack(0x000000b3b0800000,0x000000b3b0900000)]
  0x00000221651c1620 JavaThread "Unconstrained build operations Thread 48" [_thread_blocked, id=17232, stack(0x000000b3b0900000,0x000000b3b0a00000)]
  0x00000221651bd2c0 JavaThread "Unconstrained build operations Thread 49" [_thread_blocked, id=18124, stack(0x000000b3b0a00000,0x000000b3b0b00000)]
  0x00000221651be600 JavaThread "Unconstrained build operations Thread 50" [_thread_blocked, id=6216, stack(0x000000b3b0b00000,0x000000b3b0c00000)]
  0x00000221651bead0 JavaThread "Unconstrained build operations Thread 51" [_thread_blocked, id=9752, stack(0x000000b3b0c00000,0x000000b3b0d00000)]
  0x00000221651bf470 JavaThread "Unconstrained build operations Thread 52" [_thread_blocked, id=21184, stack(0x000000b3b0d00000,0x000000b3b0e00000)]
  0x00000221651bfe10 JavaThread "Unconstrained build operations Thread 53" [_thread_blocked, id=10544, stack(0x000000b3b0e00000,0x000000b3b0f00000)]
  0x00000221651c02e0 JavaThread "Unconstrained build operations Thread 54" [_thread_blocked, id=21204, stack(0x000000b3b0f00000,0x000000b3b1000000)]
  0x00000221651c07b0 JavaThread "Unconstrained build operations Thread 55" [_thread_blocked, id=25844, stack(0x000000b3b1000000,0x000000b3b1100000)]
  0x000002216b87f0d0 JavaThread "Unconstrained build operations Thread 56" [_thread_blocked, id=26356, stack(0x000000b3b1100000,0x000000b3b1200000)]
  0x000002216b879560 JavaThread "Unconstrained build operations Thread 57" [_thread_blocked, id=4748, stack(0x000000b3b1200000,0x000000b3b1300000)]
  0x000002216b879a30 JavaThread "Unconstrained build operations Thread 58" [_thread_blocked, id=17760, stack(0x000000b3b1300000,0x000000b3b1400000)]
  0x000002216b87ca50 JavaThread "Unconstrained build operations Thread 59" [_thread_blocked, id=12652, stack(0x000000b3b1400000,0x000000b3b1500000)]
  0x000002216b879f00 JavaThread "Unconstrained build operations Thread 60" [_thread_blocked, id=13688, stack(0x000000b3b1500000,0x000000b3b1600000)]
  0x000002216b878220 JavaThread "Unconstrained build operations Thread 61" [_thread_blocked, id=12140, stack(0x000000b3b1600000,0x000000b3b1700000)]
  0x000002216b87ec00 JavaThread "Unconstrained build operations Thread 62" [_thread_blocked, id=19092, stack(0x000000b3b1700000,0x000000b3b1800000)]
  0x000002216b87a3d0 JavaThread "Unconstrained build operations Thread 63" [_thread_blocked, id=15608, stack(0x000000b3b1800000,0x000000b3b1900000)]
  0x000002216b87bbe0 JavaThread "Unconstrained build operations Thread 64" [_thread_blocked, id=13388, stack(0x000000b3b1900000,0x000000b3b1a00000)]
  0x000002216b87b240 JavaThread "Unconstrained build operations Thread 65" [_thread_blocked, id=18364, stack(0x000000b3b1a00000,0x000000b3b1b00000)]
  0x000002216b87e260 JavaThread "Unconstrained build operations Thread 66" [_thread_blocked, id=19972, stack(0x000000b3b1b00000,0x000000b3b1c00000)]
  0x000002216b87dd90 JavaThread "Unconstrained build operations Thread 67" [_thread_blocked, id=19436, stack(0x000000b3b1c00000,0x000000b3b1d00000)]
  0x000002216b87c0b0 JavaThread "Unconstrained build operations Thread 68" [_thread_blocked, id=9948, stack(0x000000b3b1d00000,0x000000b3b1e00000)]
  0x000002216b87e730 JavaThread "Unconstrained build operations Thread 69" [_thread_blocked, id=18552, stack(0x000000b3b1e00000,0x000000b3b1f00000)]
  0x000002216b877880 JavaThread "Unconstrained build operations Thread 70" [_thread_blocked, id=19168, stack(0x000000b3b1f00000,0x000000b3b2000000)]
  0x000002216b87b710 JavaThread "Unconstrained build operations Thread 71" [_thread_blocked, id=4444, stack(0x000000b3b2000000,0x000000b3b2100000)]
  0x000002216b8786f0 JavaThread "Unconstrained build operations Thread 72" [_thread_blocked, id=27628, stack(0x000000b3b2100000,0x000000b3b2200000)]
  0x000002216b87cf20 JavaThread "Unconstrained build operations Thread 73" [_thread_blocked, id=13184, stack(0x000000b3b2200000,0x000000b3b2300000)]
  0x000002216b877d50 JavaThread "Unconstrained build operations Thread 74" [_thread_blocked, id=15804, stack(0x000000b3b2300000,0x000000b3b2400000)]
  0x000002216b87a8a0 JavaThread "Unconstrained build operations Thread 75" [_thread_blocked, id=11380, stack(0x000000b3b2400000,0x000000b3b2500000)]
  0x000002216b87ad70 JavaThread "Unconstrained build operations Thread 76" [_thread_blocked, id=1792, stack(0x000000b3b2500000,0x000000b3b2600000)]
  0x000002216b878bc0 JavaThread "Unconstrained build operations Thread 77" [_thread_blocked, id=20896, stack(0x000000b3b2600000,0x000000b3b2700000)]
  0x000002216b87c580 JavaThread "Unconstrained build operations Thread 78" [_thread_blocked, id=19668, stack(0x000000b3b2700000,0x000000b3b2800000)]
  0x000002216b879090 JavaThread "Unconstrained build operations Thread 79" [_thread_blocked, id=26988, stack(0x000000b3b2800000,0x000000b3b2900000)]
  0x000002216b87d3f0 JavaThread "Unconstrained build operations Thread 80" [_thread_blocked, id=10856, stack(0x000000b3b2900000,0x000000b3b2a00000)]
  0x000002216b87d8c0 JavaThread "Unconstrained build operations Thread 81" [_thread_blocked, id=13000, stack(0x000000b3b2a00000,0x000000b3b2b00000)]
  0x000002216b852610 JavaThread "Unconstrained build operations Thread 82" [_thread_blocked, id=12508, stack(0x000000b3b2b00000,0x000000b3b2c00000)]
  0x000002216b854c90 JavaThread "Unconstrained build operations Thread 83" [_thread_blocked, id=12008, stack(0x000000b3b2c00000,0x000000b3b2d00000)]
  0x000002216b851c70 JavaThread "Unconstrained build operations Thread 84" [_thread_blocked, id=12200, stack(0x000000b3b2d00000,0x000000b3b2e00000)]
  0x000002216b855b00 JavaThread "Unconstrained build operations Thread 85" [_thread_blocked, id=19992, stack(0x000000b3b2e00000,0x000000b3b2f00000)]
  0x000002216b8564a0 JavaThread "Unconstrained build operations Thread 86" [_thread_blocked, id=15584, stack(0x000000b3b2f00000,0x000000b3b3000000)]
  0x000002216b852ae0 JavaThread "Unconstrained build operations Thread 87" [_thread_blocked, id=26676, stack(0x000000b3b3000000,0x000000b3b3100000)]
  0x000002216b855fd0 JavaThread "Unconstrained build operations Thread 88" [_thread_blocked, id=21580, stack(0x000000b3b3100000,0x000000b3b3200000)]
  0x000002216b850460 JavaThread "Unconstrained build operations Thread 89" [_thread_blocked, id=5220, stack(0x000000b3b3200000,0x000000b3b3300000)]
  0x000002216b8542f0 JavaThread "Unconstrained build operations Thread 90" [_thread_blocked, id=18632, stack(0x000000b3b3300000,0x000000b3b3400000)]
  0x000002216b84fac0 JavaThread "Unconstrained build operations Thread 91" [_thread_blocked, id=12560, stack(0x000000b3b3400000,0x000000b3b3500000)]
  0x000002216b8512d0 JavaThread "Unconstrained build operations Thread 92" [_thread_blocked, id=11644, stack(0x000000b3b3500000,0x000000b3b3600000)]
  0x000002216b850930 JavaThread "Unconstrained build operations Thread 93" [_thread_blocked, id=20716, stack(0x000000b3b3600000,0x000000b3b3700000)]
  0x000002216b855160 JavaThread "Unconstrained build operations Thread 94" [_thread_blocked, id=25812, stack(0x000000b3b3700000,0x000000b3b3800000)]
  0x000002216b852fb0 JavaThread "Unconstrained build operations Thread 95" [_thread_blocked, id=14828, stack(0x000000b3b3800000,0x000000b3b3900000)]
  0x000002216b856970 JavaThread "Unconstrained build operations Thread 96" [_thread_blocked, id=14016, stack(0x000000b3b3900000,0x000000b3b3a00000)]
  0x000002216b853480 JavaThread "Unconstrained build operations Thread 97" [_thread_blocked, id=15172, stack(0x000000b3b3a00000,0x000000b3b3b00000)]
  0x000002216b850e00 JavaThread "Unconstrained build operations Thread 98" [_thread_blocked, id=7344, stack(0x000000b3b3b00000,0x000000b3b3c00000)]
  0x000002216b84f120 JavaThread "Unconstrained build operations Thread 99" [_thread_blocked, id=12912, stack(0x000000b3b3c00000,0x000000b3b3d00000)]
  0x000002216b855630 JavaThread "Unconstrained build operations Thread 100" [_thread_blocked, id=15992, stack(0x000000b3b3d00000,0x000000b3b3e00000)]
  0x000002216b8517a0 JavaThread "Unconstrained build operations Thread 101" [_thread_blocked, id=23576, stack(0x000000b3b3e00000,0x000000b3b3f00000)]
  0x000002216b8547c0 JavaThread "Unconstrained build operations Thread 102" [_thread_blocked, id=17876, stack(0x000000b3b3f00000,0x000000b3b4000000)]
  0x000002216b852140 JavaThread "Unconstrained build operations Thread 103" [_thread_blocked, id=13928, stack(0x000000b3b4000000,0x000000b3b4100000)]
  0x000002216b853950 JavaThread "Unconstrained build operations Thread 104" [_thread_blocked, id=6512, stack(0x000000b3b4100000,0x000000b3b4200000)]
  0x000002216b84f5f0 JavaThread "Unconstrained build operations Thread 105" [_thread_blocked, id=11092, stack(0x000000b3b4200000,0x000000b3b4300000)]
  0x000002216b853e20 JavaThread "Unconstrained build operations Thread 106" [_thread_blocked, id=26964, stack(0x000000b3b4300000,0x000000b3b4400000)]
  0x000002216b84ff90 JavaThread "Unconstrained build operations Thread 107" [_thread_blocked, id=14628, stack(0x000000b3b4400000,0x000000b3b4500000)]
  0x0000022167d13250 JavaThread "Unconstrained build operations Thread 108" [_thread_blocked, id=1788, stack(0x000000b3b4500000,0x000000b3b4600000)]
  0x0000022167d10230 JavaThread "Unconstrained build operations Thread 109" [_thread_blocked, id=6004, stack(0x000000b3b4600000,0x000000b3b4700000)]
  0x0000022167d11570 JavaThread "Unconstrained build operations Thread 110" [_thread_blocked, id=19148, stack(0x000000b3b4700000,0x000000b3b4800000)]
  0x0000022167d14f30 JavaThread "Unconstrained build operations Thread 111" [_thread_blocked, id=18180, stack(0x000000b3b4800000,0x000000b3b4900000)]
  0x0000022167d15400 JavaThread "Unconstrained build operations Thread 112" [_thread_blocked, id=4828, stack(0x000000b3b4900000,0x000000b3b4a00000)]
  0x0000022167d14a60 JavaThread "Unconstrained build operations Thread 113" [_thread_blocked, id=18996, stack(0x000000b3b4a00000,0x000000b3b4b00000)]
  0x0000022167d0e080 JavaThread "Unconstrained build operations Thread 114" [_thread_blocked, id=5104, stack(0x000000b3b4b00000,0x000000b3b4c00000)]
  0x0000022167d11a40 JavaThread "Unconstrained build operations Thread 115" [_thread_blocked, id=1864, stack(0x000000b3b4c00000,0x000000b3b4d00000)]
  0x0000022167d0eef0 JavaThread "Unconstrained build operations Thread 116" [_thread_blocked, id=18620, stack(0x000000b3b4d00000,0x000000b3b4e00000)]
  0x0000022167d12d80 JavaThread "Unconstrained build operations Thread 117" [_thread_blocked, id=13596, stack(0x000000b3b4e00000,0x000000b3b4f00000)]
  0x0000022167d140c0 JavaThread "Unconstrained build operations Thread 118" [_thread_blocked, id=21200, stack(0x000000b3b4f00000,0x000000b3b5000000)]
  0x0000022167d158d0 JavaThread "Unconstrained build operations Thread 119" [_thread_blocked, id=24868, stack(0x000000b3b5000000,0x000000b3b5100000)]
  0x0000022167d14590 JavaThread "Unconstrained build operations Thread 120" [_thread_blocked, id=27404, stack(0x000000b3b5100000,0x000000b3b5200000)]
  0x0000022167d13720 JavaThread "jar transforms Thread 6" [_thread_blocked, id=21440, stack(0x000000b3b5200000,0x000000b3b5300000)]
  0x0000022167d13bf0 JavaThread "jar transforms Thread 7" [_thread_blocked, id=21492, stack(0x000000b3b5300000,0x000000b3b5400000)]
  0x0000022167d10700 JavaThread "jar transforms Thread 8" [_thread_blocked, id=4756, stack(0x000000b3b5400000,0x000000b3b5500000)]
  0x0000022167d0ea20 JavaThread "jar transforms Thread 9" [_thread_blocked, id=7468, stack(0x000000b3b5500000,0x000000b3b5600000)]
  0x0000022167d0e550 JavaThread "jar transforms Thread 10" [_thread_blocked, id=6628, stack(0x000000b3b5600000,0x000000b3b5700000)]
  0x0000022167d0f3c0 JavaThread "jar transforms Thread 11" [_thread_blocked, id=13808, stack(0x000000b3b5700000,0x000000b3b5800000)]
  0x0000022167d0f890 JavaThread "jar transforms Thread 12" [_thread_blocked, id=5580, stack(0x000000b3b5800000,0x000000b3b5900000)]
  0x0000022167d0fd60 JavaThread "build event listener" [_thread_blocked, id=1552, stack(0x000000b3b5900000,0x000000b3b5a00000)]
  0x0000022167d110a0 JavaThread "Memory manager" [_thread_blocked, id=9996, stack(0x000000b3b5a00000,0x000000b3b5b00000)]
  0x0000022167d123e0 JavaThread "build event listener" [_thread_blocked, id=20212, stack(0x000000b3b5b00000,0x000000b3b5c00000)]
  0x0000022167d128b0 JavaThread "build event listener" [_thread_blocked, id=2544, stack(0x000000b3b5c00000,0x000000b3b5d00000)]

Other Threads:
=>0x0000022162038db0 VMThread "VM Thread" [stack: 0x000000b3aa300000,0x000000b3aa400000] [id=14756]
  0x000002216221cbf0 WatcherThread [stack: 0x000000b3aaf00000,0x000000b3ab000000] [id=15108]
  0x00000221474e52a0 GCTaskThread "GC Thread#0" [stack: 0x000000b3a9e00000,0x000000b3a9f00000] [id=25660]
  0x0000022162f39ce0 GCTaskThread "GC Thread#1" [stack: 0x000000b3ab100000,0x000000b3ab200000] [id=17720]
  0x000002216310e830 GCTaskThread "GC Thread#2" [stack: 0x000000b3ab200000,0x000000b3ab300000] [id=3988]
  0x0000022162f9db40 GCTaskThread "GC Thread#3" [stack: 0x000000b3ab300000,0x000000b3ab400000] [id=21328]
  0x0000022162f9ddf0 GCTaskThread "GC Thread#4" [stack: 0x000000b3ab400000,0x000000b3ab500000] [id=12628]
  0x000002216342d550 GCTaskThread "GC Thread#5" [stack: 0x000000b3ab500000,0x000000b3ab600000] [id=19212]
  0x00000221654b4390 GCTaskThread "GC Thread#6" [stack: 0x000000b3ac000000,0x000000b3ac100000] [id=8580]
  0x00000221654b3b80 GCTaskThread "GC Thread#7" [stack: 0x000000b3ac100000,0x000000b3ac200000] [id=3920]
  0x00000221654b4e50 GCTaskThread "GC Thread#8" [stack: 0x000000b3ac200000,0x000000b3ac300000] [id=25756]
  0x00000221654b3e30 GCTaskThread "GC Thread#9" [stack: 0x000000b3ac300000,0x000000b3ac400000] [id=17536]
  0x00000221474f61e0 ConcurrentGCThread "G1 Main Marker" [stack: 0x000000b3a9f00000,0x000000b3aa000000] [id=20940]
  0x00000221474f6bf0 ConcurrentGCThread "G1 Conc#0" [stack: 0x000000b3aa000000,0x000000b3aa100000] [id=11788]
  0x00000221654b3370 ConcurrentGCThread "G1 Conc#1" [stack: 0x000000b3ac400000,0x000000b3ac500000] [id=10916]
  0x00000221654b3620 ConcurrentGCThread "G1 Conc#2" [stack: 0x000000b3ac500000,0x000000b3ac600000] [id=13300]
  0x000002214754e820 ConcurrentGCThread "G1 Refine#0" [stack: 0x000000b3aa100000,0x000000b3aa200000] [id=27584]
  0x00000221615cc510 ConcurrentGCThread "G1 Service" [stack: 0x000000b3aa200000,0x000000b3aa300000] [id=16260]

Threads with active compile tasks:
C2 CompilerThread0     7008 8127       4       org.objectweb.asm.Frame::putAbstractType (379 bytes)
C2 CompilerThread1     7008 8136       4       sun.reflect.generics.parser.SignatureParser::parsePackageNameAndSimpleClassTypeSignature (119 bytes)
C2 CompilerThread2     7008 8135       4       sun.reflect.generics.parser.SignatureParser::parseClassTypeSignature (118 bytes)

VM state: at safepoint (normal execution)

VM Mutex/Monitor currently owned by a thread:  ([mutex/lock_event])
[0x00000221474846e0] Threads_lock - owner thread: 0x0000022162038db0
[0x0000022147485fa0] Heap_lock - owner thread: 0x0000022163a86a10

Heap address: 0x0000000080000000, size: 2048 MB, Compressed Oops mode: 32-bit

CDS archive(s) not mapped
Compressed class space mapped at: 0x0000000100000000-0x0000000140000000, reserved size: 1073741824
Narrow klass base: 0x0000000000000000, Narrow klass shift: 3, Narrow klass range: 0x140000000

GC Precious Log:
 CPUs: 12 total, 12 available
 Memory: 16163M
 Large Page Support: Disabled
 NUMA Support: Disabled
 Compressed Oops: Enabled (32-bit)
 Heap Region Size: 1M
 Heap Min Capacity: 8M
 Heap Initial Capacity: 254M
 Heap Max Capacity: 2G
 Pre-touch: Disabled
 Parallel Workers: 10
 Concurrent Workers: 3
 Concurrent Refinement Workers: 10
 Periodic GC: Disabled

Heap:
 garbage-first heap   total 138240K, used 73559K [0x0000000080000000, 0x0000000100000000)
  region size 1024K, 2 young (2048K), 2 survivors (2048K)
 Metaspace       used 82359K, committed 83008K, reserved 1122304K
  class space    used 11231K, committed 11520K, reserved 1048576K

Heap Regions: E=young(eden), S=young(survivor), O=old, HS=humongous(starts), HC=humongous(continues), CS=collection set, F=free, OA=open archive, CA=closed archive, TAMS=top-at-mark-start (previous, next)
|   0|0x0000000080000000, 0x0000000080100000, 0x0000000080100000|100%|HS|  |TAMS 0x0000000080100000, 0x0000000080100000| Complete 
|   1|0x0000000080100000, 0x0000000080200000, 0x0000000080200000|100%|HC|  |TAMS 0x0000000080200000, 0x0000000080200000| Complete 
|   2|0x0000000080200000, 0x0000000080300000, 0x0000000080300000|100%|HC|  |TAMS 0x0000000080300000, 0x0000000080300000| Complete 
|   3|0x0000000080300000, 0x0000000080400000, 0x0000000080400000|100%|HC|  |TAMS 0x0000000080400000, 0x0000000080400000| Complete 
|   4|0x0000000080400000, 0x0000000080500000, 0x0000000080500000|100%| O|  |TAMS 0x0000000080500000, 0x0000000080500000| Untracked 
|   5|0x0000000080500000, 0x0000000080600000, 0x0000000080600000|100%| O|  |TAMS 0x0000000080600000, 0x0000000080600000| Untracked 
|   6|0x0000000080600000, 0x0000000080700000, 0x0000000080700000|100%| O|  |TAMS 0x0000000080700000, 0x0000000080700000| Untracked 
|   7|0x0000000080700000, 0x0000000080800000, 0x0000000080800000|100%| O|  |TAMS 0x0000000080800000, 0x0000000080800000| Untracked 
|   8|0x0000000080800000, 0x0000000080900000, 0x0000000080900000|100%| O|  |TAMS 0x0000000080900000, 0x0000000080900000| Untracked 
|   9|0x0000000080900000, 0x0000000080a00000, 0x0000000080a00000|100%| O|  |TAMS 0x0000000080a00000, 0x0000000080a00000| Untracked 
|  10|0x0000000080a00000, 0x0000000080b00000, 0x0000000080b00000|100%| O|  |TAMS 0x0000000080b00000, 0x0000000080b00000| Untracked 
|  11|0x0000000080b00000, 0x0000000080c00000, 0x0000000080c00000|100%| O|  |TAMS 0x0000000080c00000, 0x0000000080c00000| Untracked 
|  12|0x0000000080c00000, 0x0000000080d00000, 0x0000000080d00000|100%| O|  |TAMS 0x0000000080d00000, 0x0000000080d00000| Untracked 
|  13|0x0000000080d00000, 0x0000000080e00000, 0x0000000080e00000|100%| O|  |TAMS 0x0000000080e00000, 0x0000000080e00000| Untracked 
|  14|0x0000000080e00000, 0x0000000080f00000, 0x0000000080f00000|100%| O|  |TAMS 0x0000000080f00000, 0x0000000080f00000| Untracked 
|  15|0x0000000080f00000, 0x0000000081000000, 0x0000000081000000|100%| O|  |TAMS 0x0000000081000000, 0x0000000081000000| Untracked 
|  16|0x0000000081000000, 0x0000000081100000, 0x0000000081100000|100%| O|  |TAMS 0x0000000081100000, 0x0000000081100000| Untracked 
|  17|0x0000000081100000, 0x0000000081200000, 0x0000000081200000|100%| O|  |TAMS 0x0000000081200000, 0x0000000081200000| Untracked 
|  18|0x0000000081200000, 0x0000000081300000, 0x0000000081300000|100%| O|  |TAMS 0x0000000081300000, 0x0000000081300000| Untracked 
|  19|0x0000000081300000, 0x0000000081400000, 0x0000000081400000|100%| O|  |TAMS 0x0000000081400000, 0x0000000081400000| Untracked 
|  20|0x0000000081400000, 0x0000000081400000, 0x0000000081500000|  0%| F|  |TAMS 0x0000000081400000, 0x0000000081400000| Untracked 
|  21|0x0000000081500000, 0x0000000081600000, 0x0000000081600000|100%| O|  |TAMS 0x0000000081600000, 0x0000000081600000| Untracked 
|  22|0x0000000081600000, 0x0000000081700000, 0x0000000081700000|100%| O|  |TAMS 0x0000000081700000, 0x0000000081700000| Untracked 
|  23|0x0000000081700000, 0x0000000081800000, 0x0000000081800000|100%| O|  |TAMS 0x0000000081800000, 0x0000000081800000| Untracked 
|  24|0x0000000081800000, 0x0000000081900000, 0x0000000081900000|100%| O|  |TAMS 0x0000000081900000, 0x0000000081900000| Untracked 
|  25|0x0000000081900000, 0x0000000081a00000, 0x0000000081a00000|100%| O|  |TAMS 0x0000000081a00000, 0x0000000081a00000| Untracked 
|  26|0x0000000081a00000, 0x0000000081b00000, 0x0000000081b00000|100%| O|  |TAMS 0x0000000081b00000, 0x0000000081b00000| Untracked 
|  27|0x0000000081b00000, 0x0000000081c00000, 0x0000000081c00000|100%| O|  |TAMS 0x0000000081c00000, 0x0000000081c00000| Untracked 
|  28|0x0000000081c00000, 0x0000000081d00000, 0x0000000081d00000|100%| O|  |TAMS 0x0000000081d00000, 0x0000000081d00000| Untracked 
|  29|0x0000000081d00000, 0x0000000081e00000, 0x0000000081e00000|100%| O|  |TAMS 0x0000000081e00000, 0x0000000081e00000| Untracked 
|  30|0x0000000081e00000, 0x0000000081f00000, 0x0000000081f00000|100%|HS|  |TAMS 0x0000000081f00000, 0x0000000081f00000| Complete 
|  31|0x0000000081f00000, 0x0000000082000000, 0x0000000082000000|100%|HS|  |TAMS 0x0000000082000000, 0x0000000082000000| Complete 
|  32|0x0000000082000000, 0x0000000082100000, 0x0000000082100000|100%|HS|  |TAMS 0x0000000082100000, 0x0000000082100000| Complete 
|  33|0x0000000082100000, 0x0000000082200000, 0x0000000082200000|100%|HC|  |TAMS 0x0000000082200000, 0x0000000082200000| Complete 
|  34|0x0000000082200000, 0x0000000082300000, 0x0000000082300000|100%|HS|  |TAMS 0x0000000082300000, 0x0000000082300000| Complete 
|  35|0x0000000082300000, 0x0000000082400000, 0x0000000082400000|100%|HS|  |TAMS 0x0000000082400000, 0x0000000082400000| Complete 
|  36|0x0000000082400000, 0x0000000082500000, 0x0000000082500000|100%|HC|  |TAMS 0x0000000082500000, 0x0000000082500000| Complete 
|  37|0x0000000082500000, 0x0000000082600000, 0x0000000082600000|100%|HC|  |TAMS 0x0000000082600000, 0x0000000082600000| Complete 
|  38|0x0000000082600000, 0x0000000082700000, 0x0000000082700000|100%|HC|  |TAMS 0x0000000082700000, 0x0000000082700000| Complete 
|  39|0x0000000082700000, 0x0000000082800000, 0x0000000082800000|100%| O|  |TAMS 0x0000000082800000, 0x0000000082800000| Untracked 
|  40|0x0000000082800000, 0x0000000082900000, 0x0000000082900000|100%| O|  |TAMS 0x0000000082900000, 0x0000000082900000| Untracked 
|  41|0x0000000082900000, 0x0000000082a00000, 0x0000000082a00000|100%| O|  |TAMS 0x0000000082a00000, 0x0000000082a00000| Untracked 
|  42|0x0000000082a00000, 0x0000000082b00000, 0x0000000082b00000|100%| O|  |TAMS 0x0000000082b00000, 0x0000000082b00000| Untracked 
|  43|0x0000000082b00000, 0x0000000082c00000, 0x0000000082c00000|100%| O|  |TAMS 0x0000000082c00000, 0x0000000082c00000| Untracked 
|  44|0x0000000082c00000, 0x0000000082d00000, 0x0000000082d00000|100%| O|  |TAMS 0x0000000082d00000, 0x0000000082d00000| Untracked 
|  45|0x0000000082d00000, 0x0000000082e00000, 0x0000000082e00000|100%| O|  |TAMS 0x0000000082e00000, 0x0000000082e00000| Untracked 
|  46|0x0000000082e00000, 0x0000000082f00000, 0x0000000082f00000|100%| O|  |TAMS 0x0000000082f00000, 0x0000000082f00000| Untracked 
|  47|0x0000000082f00000, 0x0000000083000000, 0x0000000083000000|100%| O|  |TAMS 0x0000000083000000, 0x0000000083000000| Untracked 
|  48|0x0000000083000000, 0x0000000083100000, 0x0000000083100000|100%| O|  |TAMS 0x0000000083100000, 0x0000000083100000| Untracked 
|  49|0x0000000083100000, 0x0000000083200000, 0x0000000083200000|100%| O|  |TAMS 0x0000000083200000, 0x0000000083200000| Untracked 
|  50|0x0000000083200000, 0x0000000083300000, 0x0000000083300000|100%| O|  |TAMS 0x0000000083300000, 0x0000000083300000| Untracked 
|  51|0x0000000083300000, 0x0000000083400000, 0x0000000083400000|100%| O|  |TAMS 0x0000000083400000, 0x0000000083400000| Untracked 
|  52|0x0000000083400000, 0x0000000083500000, 0x0000000083500000|100%| O|  |TAMS 0x0000000083500000, 0x0000000083500000| Untracked 
|  53|0x0000000083500000, 0x0000000083600000, 0x0000000083600000|100%| O|  |TAMS 0x0000000083600000, 0x0000000083600000| Untracked 
|  54|0x0000000083600000, 0x0000000083700000, 0x0000000083700000|100%| O|  |TAMS 0x0000000083700000, 0x0000000083700000| Untracked 
|  55|0x0000000083700000, 0x0000000083800000, 0x0000000083800000|100%| O|  |TAMS 0x0000000083700000, 0x0000000083800000| Untracked 
|  56|0x0000000083800000, 0x0000000083900000, 0x0000000083900000|100%| O|  |TAMS 0x0000000083900000, 0x0000000083900000| Untracked 
|  57|0x0000000083900000, 0x0000000083a00000, 0x0000000083a00000|100%| O|  |TAMS 0x0000000083a00000, 0x0000000083a00000| Untracked 
|  58|0x0000000083a00000, 0x0000000083b00000, 0x0000000083b00000|100%| O|  |TAMS 0x0000000083b00000, 0x0000000083b00000| Untracked 
|  59|0x0000000083b00000, 0x0000000083c00000, 0x0000000083c00000|100%| O|  |TAMS 0x0000000083b34c00, 0x0000000083c00000| Untracked 
|  60|0x0000000083c00000, 0x0000000083d00000, 0x0000000083d00000|100%| O|  |TAMS 0x0000000083c00000, 0x0000000083d00000| Untracked 
|  61|0x0000000083d00000, 0x0000000083e00000, 0x0000000083e00000|100%| O|  |TAMS 0x0000000083d00000, 0x0000000083e00000| Untracked 
|  62|0x0000000083e00000, 0x0000000083f00000, 0x0000000083f00000|100%| O|  |TAMS 0x0000000083e00000, 0x0000000083f00000| Untracked 
|  63|0x0000000083f00000, 0x0000000084000000, 0x0000000084000000|100%| O|  |TAMS 0x0000000083f00000, 0x0000000084000000| Untracked 
|  64|0x0000000084000000, 0x0000000084100000, 0x0000000084100000|100%| O|  |TAMS 0x0000000084000000, 0x0000000084100000| Untracked 
|  65|0x0000000084100000, 0x0000000084200000, 0x0000000084200000|100%| O|  |TAMS 0x0000000084100000, 0x0000000084200000| Untracked 
|  66|0x0000000084200000, 0x00000000842dac00, 0x0000000084300000| 85%| O|  |TAMS 0x0000000084200000, 0x00000000842dac00| Untracked 
|  67|0x0000000084300000, 0x0000000084300000, 0x0000000084400000|  0%| F|  |TAMS 0x0000000084300000, 0x0000000084300000| Untracked 
|  68|0x0000000084400000, 0x0000000084400000, 0x0000000084500000|  0%| F|  |TAMS 0x0000000084400000, 0x0000000084400000| Untracked 
|  69|0x0000000084500000, 0x0000000084500000, 0x0000000084600000|  0%| F|  |TAMS 0x0000000084500000, 0x0000000084500000| Untracked 
|  70|0x0000000084600000, 0x0000000084600000, 0x0000000084700000|  0%| F|  |TAMS 0x0000000084600000, 0x0000000084600000| Untracked 
|  71|0x0000000084700000, 0x0000000084700000, 0x0000000084800000|  0%| F|  |TAMS 0x0000000084700000, 0x0000000084700000| Untracked 
|  72|0x0000000084800000, 0x0000000084800000, 0x0000000084900000|  0%| F|  |TAMS 0x0000000084800000, 0x0000000084800000| Untracked 
|  73|0x0000000084900000, 0x0000000084900000, 0x0000000084a00000|  0%| F|  |TAMS 0x0000000084900000, 0x0000000084900000| Untracked 
|  74|0x0000000084a00000, 0x0000000084a00000, 0x0000000084b00000|  0%| F|  |TAMS 0x0000000084a00000, 0x0000000084a00000| Untracked 
|  75|0x0000000084b00000, 0x0000000084b00000, 0x0000000084c00000|  0%| F|  |TAMS 0x0000000084b00000, 0x0000000084b00000| Untracked 
|  76|0x0000000084c00000, 0x0000000084c00000, 0x0000000084d00000|  0%| F|  |TAMS 0x0000000084c00000, 0x0000000084c00000| Untracked 
|  77|0x0000000084d00000, 0x0000000084d00000, 0x0000000084e00000|  0%| F|  |TAMS 0x0000000084d00000, 0x0000000084d00000| Untracked 
|  78|0x0000000084e00000, 0x0000000084e00000, 0x0000000084f00000|  0%| F|  |TAMS 0x0000000084e00000, 0x0000000084e00000| Untracked 
|  79|0x0000000084f00000, 0x0000000084f00000, 0x0000000085000000|  0%| F|  |TAMS 0x0000000084f00000, 0x0000000084f00000| Untracked 
|  80|0x0000000085000000, 0x0000000085000000, 0x0000000085100000|  0%| F|  |TAMS 0x0000000085000000, 0x0000000085000000| Untracked 
|  81|0x0000000085100000, 0x0000000085100000, 0x0000000085200000|  0%| F|  |TAMS 0x0000000085100000, 0x0000000085100000| Untracked 
|  82|0x0000000085200000, 0x0000000085200000, 0x0000000085300000|  0%| F|  |TAMS 0x0000000085200000, 0x0000000085200000| Untracked 
|  83|0x0000000085300000, 0x0000000085300000, 0x0000000085400000|  0%| F|  |TAMS 0x0000000085300000, 0x0000000085300000| Untracked 
|  84|0x0000000085400000, 0x0000000085400000, 0x0000000085500000|  0%| F|  |TAMS 0x0000000085400000, 0x0000000085400000| Untracked 
|  85|0x0000000085500000, 0x0000000085500000, 0x0000000085600000|  0%| F|  |TAMS 0x0000000085500000, 0x0000000085500000| Untracked 
|  86|0x0000000085600000, 0x0000000085600000, 0x0000000085700000|  0%| F|  |TAMS 0x0000000085600000, 0x0000000085600000| Untracked 
|  87|0x0000000085700000, 0x0000000085700000, 0x0000000085800000|  0%| F|  |TAMS 0x0000000085700000, 0x0000000085700000| Untracked 
|  88|0x0000000085800000, 0x0000000085800000, 0x0000000085900000|  0%| F|  |TAMS 0x0000000085800000, 0x0000000085800000| Untracked 
|  89|0x0000000085900000, 0x0000000085900000, 0x0000000085a00000|  0%| F|  |TAMS 0x0000000085900000, 0x0000000085900000| Untracked 
|  90|0x0000000085a00000, 0x0000000085a00000, 0x0000000085b00000|  0%| F|  |TAMS 0x0000000085a00000, 0x0000000085a00000| Untracked 
|  91|0x0000000085b00000, 0x0000000085b00000, 0x0000000085c00000|  0%| F|  |TAMS 0x0000000085b00000, 0x0000000085b00000| Untracked 
|  92|0x0000000085c00000, 0x0000000085c00000, 0x0000000085d00000|  0%| F|  |TAMS 0x0000000085c00000, 0x0000000085c00000| Untracked 
|  93|0x0000000085d00000, 0x0000000085d00000, 0x0000000085e00000|  0%| F|  |TAMS 0x0000000085d00000, 0x0000000085d00000| Untracked 
|  94|0x0000000085e00000, 0x0000000085efb3e8, 0x0000000085f00000| 98%| S|CS|TAMS 0x0000000085e00000, 0x0000000085e00000| Complete 
|  95|0x0000000085f00000, 0x0000000086000000, 0x0000000086000000|100%| S|CS|TAMS 0x0000000085f00000, 0x0000000085f00000| Complete 
|  96|0x0000000086000000, 0x0000000086000000, 0x0000000086100000|  0%| F|  |TAMS 0x0000000086000000, 0x0000000086000000| Untracked 
|  97|0x0000000086100000, 0x0000000086100000, 0x0000000086200000|  0%| F|  |TAMS 0x0000000086100000, 0x0000000086100000| Untracked 
|  98|0x0000000086200000, 0x0000000086200000, 0x0000000086300000|  0%| F|  |TAMS 0x0000000086200000, 0x0000000086200000| Untracked 
|  99|0x0000000086300000, 0x0000000086300000, 0x0000000086400000|  0%| F|  |TAMS 0x0000000086300000, 0x0000000086300000| Untracked 
| 100|0x0000000086400000, 0x0000000086400000, 0x0000000086500000|  0%| F|  |TAMS 0x0000000086400000, 0x0000000086400000| Untracked 
| 101|0x0000000086500000, 0x0000000086500000, 0x0000000086600000|  0%| F|  |TAMS 0x0000000086500000, 0x0000000086500000| Untracked 
| 102|0x0000000086600000, 0x0000000086600000, 0x0000000086700000|  0%| F|  |TAMS 0x0000000086600000, 0x0000000086600000| Untracked 
| 103|0x0000000086700000, 0x0000000086700000, 0x0000000086800000|  0%| F|  |TAMS 0x0000000086700000, 0x0000000086700000| Untracked 
| 104|0x0000000086800000, 0x0000000086800000, 0x0000000086900000|  0%| F|  |TAMS 0x0000000086800000, 0x0000000086800000| Untracked 
| 105|0x0000000086900000, 0x0000000086900000, 0x0000000086a00000|  0%| F|  |TAMS 0x0000000086900000, 0x0000000086900000| Untracked 
| 106|0x0000000086a00000, 0x0000000086a00000, 0x0000000086b00000|  0%| F|  |TAMS 0x0000000086a00000, 0x0000000086a00000| Untracked 
| 107|0x0000000086b00000, 0x0000000086b00000, 0x0000000086c00000|  0%| F|  |TAMS 0x0000000086b00000, 0x0000000086b00000| Untracked 
| 108|0x0000000086c00000, 0x0000000086c00000, 0x0000000086d00000|  0%| F|  |TAMS 0x0000000086c00000, 0x0000000086c00000| Untracked 
| 109|0x0000000086d00000, 0x0000000086d00000, 0x0000000086e00000|  0%| F|  |TAMS 0x0000000086d00000, 0x0000000086d00000| Untracked 
| 110|0x0000000086e00000, 0x0000000086e00000, 0x0000000086f00000|  0%| F|  |TAMS 0x0000000086e00000, 0x0000000086e00000| Untracked 
| 111|0x0000000086f00000, 0x0000000086f00000, 0x0000000087000000|  0%| F|  |TAMS 0x0000000086f00000, 0x0000000086f00000| Untracked 
| 112|0x0000000087000000, 0x0000000087000000, 0x0000000087100000|  0%| F|  |TAMS 0x0000000087000000, 0x0000000087000000| Untracked 
| 113|0x0000000087100000, 0x0000000087100000, 0x0000000087200000|  0%| F|  |TAMS 0x0000000087100000, 0x0000000087100000| Untracked 
| 114|0x0000000087200000, 0x0000000087200000, 0x0000000087300000|  0%| F|  |TAMS 0x0000000087200000, 0x0000000087200000| Untracked 
| 115|0x0000000087300000, 0x0000000087300000, 0x0000000087400000|  0%| F|  |TAMS 0x0000000087300000, 0x0000000087300000| Untracked 
| 116|0x0000000087400000, 0x0000000087400000, 0x0000000087500000|  0%| F|  |TAMS 0x0000000087400000, 0x0000000087400000| Untracked 
| 117|0x0000000087500000, 0x0000000087500000, 0x0000000087600000|  0%| F|  |TAMS 0x0000000087500000, 0x0000000087500000| Untracked 
| 118|0x0000000087600000, 0x0000000087600000, 0x0000000087700000|  0%| F|  |TAMS 0x0000000087600000, 0x0000000087600000| Untracked 
| 119|0x0000000087700000, 0x0000000087700000, 0x0000000087800000|  0%| F|  |TAMS 0x0000000087700000, 0x0000000087700000| Untracked 
| 120|0x0000000087800000, 0x0000000087800000, 0x0000000087900000|  0%| F|  |TAMS 0x0000000087800000, 0x0000000087800000| Untracked 
| 121|0x0000000087900000, 0x0000000087900000, 0x0000000087a00000|  0%| F|  |TAMS 0x0000000087900000, 0x0000000087900000| Untracked 
| 205|0x000000008cd00000, 0x000000008cd00000, 0x000000008ce00000|  0%| F|  |TAMS 0x000000008cd00000, 0x000000008cd00000| Untracked 
| 206|0x000000008ce00000, 0x000000008ce00000, 0x000000008cf00000|  0%| F|  |TAMS 0x000000008ce00000, 0x000000008ce00000| Untracked 
| 207|0x000000008cf00000, 0x000000008cf00000, 0x000000008d000000|  0%| F|  |TAMS 0x000000008cf00000, 0x000000008cf00000| Untracked 
| 208|0x000000008d000000, 0x000000008d000000, 0x000000008d100000|  0%| F|  |TAMS 0x000000008d000000, 0x000000008d000000| Untracked 
| 209|0x000000008d100000, 0x000000008d100000, 0x000000008d200000|  0%| F|  |TAMS 0x000000008d100000, 0x000000008d100000| Untracked 
| 210|0x000000008d200000, 0x000000008d200000, 0x000000008d300000|  0%| F|  |TAMS 0x000000008d200000, 0x000000008d200000| Untracked 
| 211|0x000000008d300000, 0x000000008d300000, 0x000000008d400000|  0%| F|  |TAMS 0x000000008d300000, 0x000000008d300000| Untracked 
| 212|0x000000008d400000, 0x000000008d400000, 0x000000008d500000|  0%| F|  |TAMS 0x000000008d400000, 0x000000008d400000| Untracked 
| 253|0x000000008fd00000, 0x000000008fd00000, 0x000000008fe00000|  0%| F|  |TAMS 0x000000008fd00000, 0x000000008fd00000| Untracked 
|2044|0x00000000ffc00000, 0x00000000ffd00000, 0x00000000ffd00000|100%| O|  |TAMS 0x00000000ffd00000, 0x00000000ffd00000| Untracked 
|2045|0x00000000ffd00000, 0x00000000ffe00000, 0x00000000ffe00000|100%| O|  |TAMS 0x00000000ffe00000, 0x00000000ffe00000| Untracked 
|2046|0x00000000ffe00000, 0x00000000fff00000, 0x00000000fff00000|100%| O|  |TAMS 0x00000000fff00000, 0x00000000fff00000| Untracked 
|2047|0x00000000fff00000, 0x0000000100000000, 0x0000000100000000|100%| O|  |TAMS 0x0000000100000000, 0x0000000100000000| Untracked 

Card table byte_map: [0x000002215a2a0000,0x000002215a6a0000] _byte_map_base: 0x0000022159ea0000

Marking Bits (Prev, Next): (CMBitMap*) 0x00000221474e58f0, (CMBitMap*) 0x00000221474e58b0
 Prev Bits: [0x000002215caa0000, 0x000002215eaa0000)
 Next Bits: [0x000002215aaa0000, 0x000002215caa0000)

Polling page: 0x0000022145480000

Metaspace:

Usage:
  Non-class:     69.46 MB used.
      Class:     10.97 MB used.
       Both:     80.43 MB used.

Virtual space:
  Non-class space:       72.00 MB reserved,      69.81 MB ( 97%) committed,  9 nodes.
      Class space:        1.00 GB reserved,      11.25 MB (  1%) committed,  1 nodes.
             Both:        1.07 GB reserved,      81.06 MB (  7%) committed. 

Chunk freelists:
   Non-Class:  2.03 MB
       Class:  576.00 KB
        Both:  2.59 MB

MaxMetaspaceSize: unlimited
CompressedClassSpaceSize: 1.00 GB
Initial GC threshold: 21.00 MB
Current GC threshold: 124.31 MB
CDS: off
MetaspaceReclaimPolicy: balanced
 - commit_granule_bytes: 65536.
 - commit_granule_words: 8192.
 - virtual_space_node_default_size: 1048576.
 - enlarge_chunks_in_place: 1.
 - new_chunks_are_fully_committed: 0.
 - uncommit_free_chunks: 1.
 - use_allocation_guard: 0.
 - handle_deallocations: 1.


Internal statistics:

num_allocs_failed_limit: 9.
num_arena_births: 812.
num_arena_deaths: 0.
num_vsnodes_births: 10.
num_vsnodes_deaths: 0.
num_space_committed: 1297.
num_space_uncommitted: 0.
num_chunks_returned_to_freelist: 9.
num_chunks_taken_from_freelist: 3662.
num_chunk_merges: 9.
num_chunk_splits: 2503.
num_chunks_enlarged: 1757.
num_purges: 0.
num_inconsistent_stats: 0.

CodeHeap 'non-profiled nmethods': size=120000Kb used=4781Kb max_used=4781Kb free=115218Kb
 bounds [0x0000022152420000, 0x00000221528d0000, 0x0000022159950000]
CodeHeap 'profiled nmethods': size=120000Kb used=13885Kb max_used=13885Kb free=106114Kb
 bounds [0x000002214a950000, 0x000002214b6e0000, 0x0000022151e80000]
CodeHeap 'non-nmethods': size=5760Kb used=2387Kb max_used=2446Kb free=3372Kb
 bounds [0x0000022151e80000, 0x00000221520f0000, 0x0000022152420000]
 total_blobs=8233 nmethods=7323 adapters=822
 compilation: enabled
              stopped_count=0, restarted_count=0
 full_count=0

Compilation events (20 events):
Event: 6.977 Thread 0x0000022162091110 8148       1       org.gradle.internal.reflect.annotations.impl.DefaultPropertyAnnotationMetadata::getPropertyName (5 bytes)
Event: 6.977 Thread 0x0000022162091110 nmethod 8148 0x00000221528cac90 code [0x00000221528cae20, 0x00000221528caef8]
Event: 6.977 Thread 0x0000022162091110 8149       3       org.objectweb.asm.ClassWriter::<init> (7 bytes)
Event: 6.977 Thread 0x0000022162091110 nmethod 8149 0x000002214b6dbe90 code [0x000002214b6dc040, 0x000002214b6dc188]
Event: 6.977 Thread 0x0000022162091110 8150       3       org.objectweb.asm.ClassWriter::<init> (73 bytes)
Event: 6.978 Thread 0x0000022162091110 nmethod 8150 0x000002214b6dc210 code [0x000002214b6dc3e0, 0x000002214b6dc888]
Event: 6.978 Thread 0x0000022162091110 8151       3       org.objectweb.asm.ClassWriter::visit (160 bytes)
Event: 6.978 Thread 0x0000022162091110 nmethod 8151 0x000002214b6dca10 code [0x000002214b6dcc40, 0x000002214b6dd478]
Event: 6.978 Thread 0x0000022162091110 8152       3       org.objectweb.asm.SymbolTable::setMajorVersionAndClassName (19 bytes)
Event: 6.978 Thread 0x0000022162091110 nmethod 8152 0x000002214b6dd910 code [0x000002214b6ddac0, 0x000002214b6ddcc8]
Event: 6.981 Thread 0x0000022162091110 8154       3       com.google.common.collect.AbstractMapBasedMultimap$WrappedCollection$WrappedIterator::next (14 bytes)
Event: 6.981 Thread 0x0000022162091110 nmethod 8154 0x000002214b6dde10 code [0x000002214b6ddfe0, 0x000002214b6de3e8]
Event: 6.981 Thread 0x0000022162091110 8156       3       com.google.common.reflect.TypeToken::someRawTypeIsSubclassOf (42 bytes)
Event: 6.982 Thread 0x0000022162091110 nmethod 8156 0x000002214b6de590 code [0x000002214b6de7a0, 0x000002214b6ded68]
Event: 6.982 Thread 0x0000022162091110 8155       1       com.google.common.collect.Maps$KeySet::map (5 bytes)
Event: 6.982 Thread 0x0000022162091110 nmethod 8155 0x00000221528caf90 code [0x00000221528cb120, 0x00000221528cb1f8]
Event: 6.983 Thread 0x0000022162091110 8157       1       org.gradle.internal.action.DefaultConfigurableRules::getConfigurableRules (5 bytes)
Event: 6.983 Thread 0x0000022162091110 nmethod 8157 0x00000221528cb290 code [0x00000221528cb420, 0x00000221528cb4f8]
Event: 6.988 Thread 0x0000022162091110 8159   !   3       org.gradle.cache.internal.DefaultCrossBuildInMemoryCacheFactory$AbstractCrossBuildInMemoryCache::put (38 bytes)
Event: 6.989 Thread 0x0000022162091110 nmethod 8159 0x000002214b6def10 code [0x000002214b6df0c0, 0x000002214b6df458]

GC Heap History (20 events):
Event: 5.120 GC heap after
{Heap after GC invocations=20 (full 0):
 garbage-first heap   total 97280K, used 56381K [0x0000000080000000, 0x0000000100000000)
  region size 1024K, 3 young (3072K), 3 survivors (3072K)
 Metaspace       used 64009K, committed 64576K, reserved 1105920K
  class space    used 8520K, committed 8768K, reserved 1048576K
}
Event: 5.121 GC heap before
{Heap before GC invocations=20 (full 0):
 garbage-first heap   total 97280K, used 56381K [0x0000000080000000, 0x0000000100000000)
  region size 1024K, 4 young (4096K), 3 survivors (3072K)
 Metaspace       used 64009K, committed 64576K, reserved 1105920K
  class space    used 8520K, committed 8768K, reserved 1048576K
}
Event: 5.123 GC heap after
{Heap after GC invocations=21 (full 0):
 garbage-first heap   total 97280K, used 56731K [0x0000000080000000, 0x0000000100000000)
  region size 1024K, 1 young (1024K), 1 survivors (1024K)
 Metaspace       used 64009K, committed 64576K, reserved 1105920K
  class space    used 8520K, committed 8768K, reserved 1048576K
}
Event: 5.154 GC heap before
{Heap before GC invocations=22 (full 0):
 garbage-first heap   total 112640K, used 67995K [0x0000000080000000, 0x0000000100000000)
  region size 1024K, 10 young (10240K), 1 survivors (1024K)
 Metaspace       used 64014K, committed 64576K, reserved 1105920K
  class space    used 8520K, committed 8768K, reserved 1048576K
}
Event: 5.156 GC heap after
{Heap after GC invocations=23 (full 0):
 garbage-first heap   total 112640K, used 63279K [0x0000000080000000, 0x0000000100000000)
  region size 1024K, 3 young (3072K), 3 survivors (3072K)
 Metaspace       used 64014K, committed 64576K, reserved 1105920K
  class space    used 8520K, committed 8768K, reserved 1048576K
}
Event: 5.329 GC heap before
{Heap before GC invocations=24 (full 0):
 garbage-first heap   total 114688K, used 84783K [0x0000000080000000, 0x0000000100000000)
  region size 1024K, 22 young (22528K), 3 survivors (3072K)
 Metaspace       used 65828K, committed 66432K, reserved 1114112K
  class space    used 8763K, committed 9024K, reserved 1048576K
}
Event: 5.331 GC heap after
{Heap after GC invocations=25 (full 0):
 garbage-first heap   total 114688K, used 61676K [0x0000000080000000, 0x0000000100000000)
  region size 1024K, 2 young (2048K), 2 survivors (2048K)
 Metaspace       used 65828K, committed 66432K, reserved 1114112K
  class space    used 8763K, committed 9024K, reserved 1048576K
}
Event: 5.530 GC heap before
{Heap before GC invocations=25 (full 0):
 garbage-first heap   total 114688K, used 83180K [0x0000000080000000, 0x0000000100000000)
  region size 1024K, 24 young (24576K), 2 survivors (2048K)
 Metaspace       used 67982K, committed 68480K, reserved 1114112K
  class space    used 9050K, committed 9280K, reserved 1048576K
}
Event: 5.532 GC heap after
{Heap after GC invocations=26 (full 0):
 garbage-first heap   total 138240K, used 63036K [0x0000000080000000, 0x0000000100000000)
  region size 1024K, 2 young (2048K), 2 survivors (2048K)
 Metaspace       used 67982K, committed 68480K, reserved 1114112K
  class space    used 9050K, committed 9280K, reserved 1048576K
}
Event: 5.878 GC heap before
{Heap before GC invocations=27 (full 0):
 garbage-first heap   total 138240K, used 97852K [0x0000000080000000, 0x0000000100000000)
  region size 1024K, 37 young (37888K), 2 survivors (2048K)
 Metaspace       used 72073K, committed 72640K, reserved 1114112K
  class space    used 9613K, committed 9856K, reserved 1048576K
}
Event: 5.881 GC heap after
{Heap after GC invocations=28 (full 0):
 garbage-first heap   total 138240K, used 64654K [0x0000000080000000, 0x0000000100000000)
  region size 1024K, 4 young (4096K), 4 survivors (4096K)
 Metaspace       used 72073K, committed 72640K, reserved 1114112K
  class space    used 9613K, committed 9856K, reserved 1048576K
}
Event: 5.894 GC heap before
{Heap before GC invocations=28 (full 0):
 garbage-first heap   total 138240K, used 65678K [0x0000000080000000, 0x0000000100000000)
  region size 1024K, 6 young (6144K), 4 survivors (4096K)
 Metaspace       used 72340K, committed 72960K, reserved 1114112K
  class space    used 9655K, committed 9920K, reserved 1048576K
}
Event: 5.896 GC heap after
{Heap after GC invocations=29 (full 0):
 garbage-first heap   total 138240K, used 64350K [0x0000000080000000, 0x0000000100000000)
  region size 1024K, 1 young (1024K), 1 survivors (1024K)
 Metaspace       used 72340K, committed 72960K, reserved 1114112K
  class space    used 9655K, committed 9920K, reserved 1048576K
}
Event: 6.204 GC heap before
{Heap before GC invocations=29 (full 0):
 garbage-first heap   total 138240K, used 101214K [0x0000000080000000, 0x0000000100000000)
  region size 1024K, 38 young (38912K), 1 survivors (1024K)
 Metaspace       used 75736K, committed 76352K, reserved 1122304K
  class space    used 10121K, committed 10432K, reserved 1048576K
}
Event: 6.207 GC heap after
{Heap after GC invocations=30 (full 0):
 garbage-first heap   total 138240K, used 68336K [0x0000000080000000, 0x0000000100000000)
  region size 1024K, 5 young (5120K), 5 survivors (5120K)
 Metaspace       used 75736K, committed 76352K, reserved 1122304K
  class space    used 10121K, committed 10432K, reserved 1048576K
}
Event: 6.522 GC heap before
{Heap before GC invocations=31 (full 0):
 garbage-first heap   total 138240K, used 104176K [0x0000000080000000, 0x0000000100000000)
  region size 1024K, 40 young (40960K), 5 survivors (5120K)
 Metaspace       used 78015K, committed 78656K, reserved 1122304K
  class space    used 10434K, committed 10752K, reserved 1048576K
}
Event: 6.527 GC heap after
{Heap after GC invocations=32 (full 0):
 garbage-first heap   total 138240K, used 72036K [0x0000000080000000, 0x0000000100000000)
  region size 1024K, 5 young (5120K), 5 survivors (5120K)
 Metaspace       used 78015K, committed 78656K, reserved 1122304K
  class space    used 10434K, committed 10752K, reserved 1048576K
}
Event: 6.542 GC heap before
{Heap before GC invocations=32 (full 0):
 garbage-first heap   total 138240K, used 73060K [0x0000000080000000, 0x0000000100000000)
  region size 1024K, 6 young (6144K), 5 survivors (5120K)
 Metaspace       used 78127K, committed 78784K, reserved 1122304K
  class space    used 10446K, committed 10752K, reserved 1048576K
}
Event: 6.545 GC heap after
{Heap after GC invocations=33 (full 0):
 garbage-first heap   total 138240K, used 72296K [0x0000000080000000, 0x0000000100000000)
  region size 1024K, 1 young (1024K), 1 survivors (1024K)
 Metaspace       used 78127K, committed 78784K, reserved 1122304K
  class space    used 10446K, committed 10752K, reserved 1048576K
}
Event: 6.990 GC heap before
{Heap before GC invocations=33 (full 0):
 garbage-first heap   total 138240K, used 107112K [0x0000000080000000, 0x0000000100000000)
  region size 1024K, 35 young (35840K), 1 survivors (1024K)
 Metaspace       used 82359K, committed 83008K, reserved 1122304K
  class space    used 11231K, committed 11520K, reserved 1048576K
}

Dll operation events (2 events):
Event: 0.007 Loaded shared library C:\Program Files\Android\Android Studio\jbr\bin\java.dll
Event: 0.274 Loaded shared library C:\Program Files\Android\Android Studio\jbr\bin\verify.dll

Deoptimization events (20 events):
Event: 6.685 Thread 0x0000022163a86a10 Uncommon trap: trap_request=0xffffffd6 fr.pc=0x0000022152846808 relative=0x0000000000000368
Event: 6.685 Thread 0x0000022163a86a10 Uncommon trap: reason=array_check action=maybe_recompile pc=0x0000022152846808 method=java.util.LinkedHashMap.keysToArray([Ljava/lang/Object;)[Ljava/lang/Object; @ 25 c2
Event: 6.685 Thread 0x0000022163a86a10 DEOPT PACKING pc=0x0000022152846808 sp=0x000000b3abcf7f90
Event: 6.685 Thread 0x0000022163a86a10 DEOPT UNPACKING pc=0x0000022151eda1a3 sp=0x000000b3abcf7f38 mode 2
Event: 6.707 Thread 0x0000022163a86a10 Uncommon trap: trap_request=0xffffffd6 fr.pc=0x0000022152846808 relative=0x0000000000000368
Event: 6.707 Thread 0x0000022163a86a10 Uncommon trap: reason=array_check action=maybe_recompile pc=0x0000022152846808 method=java.util.LinkedHashMap.keysToArray([Ljava/lang/Object;)[Ljava/lang/Object; @ 25 c2
Event: 6.707 Thread 0x0000022163a86a10 DEOPT PACKING pc=0x0000022152846808 sp=0x000000b3abcf75e0
Event: 6.707 Thread 0x0000022163a86a10 DEOPT UNPACKING pc=0x0000022151eda1a3 sp=0x000000b3abcf7588 mode 2
Event: 6.870 Thread 0x0000022163a86a10 Uncommon trap: trap_request=0xffffffd6 fr.pc=0x0000022152846808 relative=0x0000000000000368
Event: 6.870 Thread 0x0000022163a86a10 Uncommon trap: reason=array_check action=maybe_recompile pc=0x0000022152846808 method=java.util.LinkedHashMap.keysToArray([Ljava/lang/Object;)[Ljava/lang/Object; @ 25 c2
Event: 6.870 Thread 0x0000022163a86a10 DEOPT PACKING pc=0x0000022152846808 sp=0x000000b3abcf7fe0
Event: 6.870 Thread 0x0000022163a86a10 DEOPT UNPACKING pc=0x0000022151eda1a3 sp=0x000000b3abcf7f88 mode 2
Event: 6.870 Thread 0x0000022163a86a10 Uncommon trap: trap_request=0xffffffd6 fr.pc=0x0000022152846808 relative=0x0000000000000368
Event: 6.870 Thread 0x0000022163a86a10 Uncommon trap: reason=array_check action=maybe_recompile pc=0x0000022152846808 method=java.util.LinkedHashMap.keysToArray([Ljava/lang/Object;)[Ljava/lang/Object; @ 25 c2
Event: 6.870 Thread 0x0000022163a86a10 DEOPT PACKING pc=0x0000022152846808 sp=0x000000b3abcf7fe0
Event: 6.870 Thread 0x0000022163a86a10 DEOPT UNPACKING pc=0x0000022151eda1a3 sp=0x000000b3abcf7f88 mode 2
Event: 6.908 Thread 0x0000022163a86a10 Uncommon trap: trap_request=0xffffff45 fr.pc=0x000002215270e42c relative=0x000000000000026c
Event: 6.908 Thread 0x0000022163a86a10 Uncommon trap: reason=unstable_if action=reinterpret pc=0x000002215270e42c method=java.io.WinNTFileSystem.prefixLength(Ljava/lang/String;)I @ 11 c2
Event: 6.908 Thread 0x0000022163a86a10 DEOPT PACKING pc=0x000002215270e42c sp=0x000000b3abcf9060
Event: 6.908 Thread 0x0000022163a86a10 DEOPT UNPACKING pc=0x0000022151eda1a3 sp=0x000000b3abcf8fe0 mode 2

Classes unloaded (0 events):
No events

Classes redefined (0 events):
No events

Internal exceptions (20 events):
Event: 5.659 Thread 0x0000022163a86a10 Exception <a 'java/lang/NoSuchMethodError'{0x0000000087745d20}: static Lorg/jetbrains/kotlin/gradle/plugin/internal/MavenPluginConfigurator$DefaultMavenPluginConfiguratorVariantFactory;.<clinit>()V> (0x0000000087745d20) 
thrown [s\src\hotspot\share\prims\jni.cpp, line 1108]
Event: 5.662 Thread 0x0000022163a86a10 Exception <a 'java/lang/NoSuchMethodError'{0x000000008775f108}: static Lorg/jetbrains/kotlin/gradle/plugin/internal/DefaultJavaSourceSetsAccessorVariantFactory;.<clinit>()V> (0x000000008775f108) 
thrown [s\src\hotspot\share\prims\jni.cpp, line 1108]
Event: 5.663 Thread 0x0000022163a86a10 Exception <a 'java/lang/NoSuchMethodError'{0x0000000087777d68}: static Lorg/jetbrains/kotlin/gradle/targets/js/nodejs/DefaultUnameExecutorVariantFactory;.<clinit>()V> (0x0000000087777d68) 
thrown [s\src\hotspot\share\prims\jni.cpp, line 1108]
Event: 5.664 Thread 0x0000022163a86a10 Exception <a 'java/lang/NoSuchMethodError'{0x0000000087791430}: static Lorg/jetbrains/kotlin/gradle/plugin/internal/DefaultBasePluginConfigurationVariantFactory;.<clinit>()V> (0x0000000087791430) 
thrown [s\src\hotspot\share\prims\jni.cpp, line 1108]
Event: 5.666 Thread 0x0000022163a86a10 Exception <a 'java/lang/NoSuchMethodError'{0x00000000877aa130}: static Lorg/jetbrains/kotlin/gradle/plugin/internal/DefaultIdeaSyncDetectorVariantFactory;.<clinit>()V> (0x00000000877aa130) 
thrown [s\src\hotspot\share\prims\jni.cpp, line 1108]
Event: 5.666 Thread 0x0000022163a86a10 Exception <a 'java/lang/NoSuchMethodError'{0x00000000877c3b10}: static Lorg/jetbrains/kotlin/gradle/plugin/internal/DefaultKotlinTestReportCompatibilityHelperVariantFactory;.<clinit>()V> (0x00000000877c3b10) 
thrown [s\src\hotspot\share\prims\jni.cpp, line 1108]
Event: 5.667 Thread 0x0000022163a86a10 Exception <a 'java/lang/NoSuchMethodError'{0x00000000877c7000}: 'void java.lang.invoke.DirectMethodHandle$Holder.invokeSpecial(java.lang.Object, java.lang.Object, java.lang.Object, int)'> (0x00000000877c7000) 
thrown [s\src\hotspot\share\interpreter\linkResolver.cpp, line 771]
Event: 6.088 Thread 0x0000022163a86a10 Exception <a 'java/lang/ClassNotFoundException'{0x00000000869678f8}: org/jetbrains/kotlin/gradle/targets/js/npm/DefaultNpmDependencyExtensionBeanInfo> (0x00000000869678f8) 
thrown [s\src\hotspot\share\classfile\systemDictionary.cpp, line 256]
Event: 6.088 Thread 0x0000022163a86a10 Exception <a 'java/lang/ClassNotFoundException'{0x0000000086974048}: org/jetbrains/kotlin/gradle/targets/js/npm/DefaultNpmDependencyExtensionCustomizer> (0x0000000086974048) 
thrown [s\src\hotspot\share\classfile\systemDictionary.cpp, line 256]
Event: 6.093 Thread 0x0000022163a86a10 Exception <a 'java/lang/ClassNotFoundException'{0x00000000869e7650}: org/jetbrains/kotlin/gradle/targets/js/npm/NpmDependencyExtensionKt$defaultNpmDependencyDelegate$1BeanInfo> (0x00000000869e7650) 
thrown [s\src\hotspot\share\classfile\systemDictionary.cpp, line 256]
Event: 6.093 Thread 0x0000022163a86a10 Exception <a 'java/lang/ClassNotFoundException'{0x00000000869f3de8}: org/jetbrains/kotlin/gradle/targets/js/npm/NpmDependencyExtensionDelegateBeanInfo> (0x00000000869f3de8) 
thrown [s\src\hotspot\share\classfile\systemDictionary.cpp, line 256]
Event: 6.093 Thread 0x0000022163a86a10 Exception <a 'java/lang/ClassNotFoundException'{0x0000000086800ab0}: org/jetbrains/kotlin/gradle/targets/js/npm/NpmDependencyExtensionDelegateCustomizer> (0x0000000086800ab0) 
thrown [s\src\hotspot\share\classfile\systemDictionary.cpp, line 256]
Event: 6.094 Thread 0x0000022163a86a10 Exception <a 'java/lang/ClassNotFoundException'{0x0000000086822340}: org/jetbrains/kotlin/gradle/targets/js/npm/NpmDependencyExtensionKt$defaultNpmDependencyDelegate$1Customizer> (0x0000000086822340) 
thrown [s\src\hotspot\share\classfile\systemDictionary.cpp, line 256]
Event: 6.096 Thread 0x0000022163a86a10 Exception <a 'java/lang/ClassNotFoundException'{0x000000008685eb20}: org/jetbrains/kotlin/gradle/targets/js/npm/DefaultDevNpmDependencyExtensionBeanInfo> (0x000000008685eb20) 
thrown [s\src\hotspot\share\classfile\systemDictionary.cpp, line 256]
Event: 6.096 Thread 0x0000022163a86a10 Exception <a 'java/lang/ClassNotFoundException'{0x000000008686b288}: org/jetbrains/kotlin/gradle/targets/js/npm/DefaultDevNpmDependencyExtensionCustomizer> (0x000000008686b288) 
thrown [s\src\hotspot\share\classfile\systemDictionary.cpp, line 256]
Event: 6.098 Thread 0x0000022163a86a10 Exception <a 'java/lang/ClassNotFoundException'{0x00000000868aa7d0}: org/jetbrains/kotlin/gradle/targets/js/npm/DefaultPeerNpmDependencyExtensionBeanInfo> (0x00000000868aa7d0) 
thrown [s\src\hotspot\share\classfile\systemDictionary.cpp, line 256]
Event: 6.099 Thread 0x0000022163a86a10 Exception <a 'java/lang/ClassNotFoundException'{0x00000000868b6f88}: org/jetbrains/kotlin/gradle/targets/js/npm/DefaultPeerNpmDependencyExtensionCustomizer> (0x00000000868b6f88) 
thrown [s\src\hotspot\share\classfile\systemDictionary.cpp, line 256]
Event: 6.100 Thread 0x0000022163a86a10 Exception <a 'java/lang/ClassNotFoundException'{0x00000000867023d0}: org/jetbrains/kotlin/gradle/targets/js/npm/DefaultPeerNpmDependencyExtension$delegate$1BeanInfo> (0x00000000867023d0) 
thrown [s\src\hotspot\share\classfile\systemDictionary.cpp, line 256]
Event: 6.101 Thread 0x0000022163a86a10 Exception <a 'java/lang/ClassNotFoundException'{0x000000008670ee50}: org/jetbrains/kotlin/gradle/targets/js/npm/DefaultPeerNpmDependencyExtension$delegate$1Customizer> (0x000000008670ee50) 
thrown [s\src\hotspot\share\classfile\systemDictionary.cpp, line 256]
Event: 6.889 Thread 0x0000022163a86a10 Exception <a 'java/lang/NoSuchMethodError'{0x0000000086a73aa8}: 'int java.lang.invoke.DirectMethodHandle$Holder.invokeSpecialIFC(java.lang.Object, java.lang.Object, java.lang.Object, java.lang.Object, java.lang.Object)'> (0x0000000086a73aa8) 
thrown [s\src\hotspot\share\interpreter\linkResolver.cpp, line 771]

VM Operations (20 events):
Event: 5.881 Executing VM operation: G1CollectForAllocation done
Event: 5.894 Executing VM operation: G1CollectForAllocation
Event: 5.896 Executing VM operation: G1CollectForAllocation done
Event: 6.181 Executing VM operation: ICBufferFull
Event: 6.181 Executing VM operation: ICBufferFull done
Event: 6.204 Executing VM operation: G1CollectForAllocation
Event: 6.207 Executing VM operation: G1CollectForAllocation done
Event: 6.226 Executing VM operation: G1Concurrent
Event: 6.230 Executing VM operation: G1Concurrent done
Event: 6.239 Executing VM operation: G1Concurrent
Event: 6.239 Executing VM operation: G1Concurrent done
Event: 6.347 Executing VM operation: HandshakeAllThreads
Event: 6.348 Executing VM operation: HandshakeAllThreads done
Event: 6.522 Executing VM operation: G1CollectForAllocation
Event: 6.527 Executing VM operation: G1CollectForAllocation done
Event: 6.542 Executing VM operation: G1CollectForAllocation
Event: 6.545 Executing VM operation: G1CollectForAllocation done
Event: 6.549 Executing VM operation: HandshakeAllThreads
Event: 6.550 Executing VM operation: HandshakeAllThreads done
Event: 6.990 Executing VM operation: G1CollectForAllocation

Events (20 events):
Event: 5.670 loading class java/io/ObjectInputStream$GetField done
Event: 5.670 loading class java/io/ObjectInputStream$FieldValues done
Event: 5.681 loading class java/nio/channels/Channels$1
Event: 5.681 loading class java/nio/channels/Channels$1 done
Event: 5.685 Thread 0x0000022167d128b0 Thread added: 0x0000022167d128b0
Event: 5.936 loading class java/util/ArrayList$SubList$1
Event: 5.936 loading class java/util/ArrayList$SubList$1 done
Event: 6.111 loading class java/util/regex/Pattern$Neg
Event: 6.111 loading class java/util/regex/Pattern$Neg done
Event: 6.306 loading class jdk/internal/loader/URLClassPath$FileLoader
Event: 6.306 loading class jdk/internal/loader/URLClassPath$FileLoader done
Event: 6.308 loading class jdk/internal/loader/URLClassPath$FileLoader$1
Event: 6.308 loading class jdk/internal/loader/URLClassPath$FileLoader$1 done
Event: 6.497 loading class sun/reflect/generics/repository/FieldRepository
Event: 6.497 loading class sun/reflect/generics/repository/FieldRepository done
Event: 6.508 loading class jdk/internal/vm/annotation/ForceInline
Event: 6.508 loading class jdk/internal/vm/annotation/ForceInline done
Event: 6.553 Thread 0x0000022162091f10 flushing nmethod 0x000002214ad8ea10
Event: 6.561 loading class java/util/regex/Pattern$Caret
Event: 6.561 loading class java/util/regex/Pattern$Caret done


Dynamic libraries:
0x00007ff7c7090000 - 0x00007ff7c709a000 	C:\Program Files\Android\Android Studio\jbr\bin\java.exe
0x00007ffac41f0000 - 0x00007ffac4407000 	C:\WINDOWS\SYSTEM32\ntdll.dll
0x00007ffac2dc0000 - 0x00007ffac2e84000 	C:\WINDOWS\System32\KERNEL32.DLL
0x00007ffac1a70000 - 0x00007ffac1e15000 	C:\WINDOWS\System32\KERNELBASE.dll
0x00007ffac1e20000 - 0x00007ffac1f31000 	C:\WINDOWS\System32\ucrtbase.dll
0x00007ffaa8b20000 - 0x00007ffaa8b3b000 	C:\Program Files\Android\Android Studio\jbr\bin\VCRUNTIME140.dll
0x00007ffa3dba0000 - 0x00007ffa3dbb7000 	C:\Program Files\Android\Android Studio\jbr\bin\jli.dll
0x00007ffac31f0000 - 0x00007ffac339e000 	C:\WINDOWS\System32\USER32.dll
0x00007ffaad0e0000 - 0x00007ffaad373000 	C:\WINDOWS\WinSxS\amd64_microsoft.windows.common-controls_6595b64144ccf1df_6.0.22621.2506_none_270c5ae97388e100\COMCTL32.dll
0x00007ffac1740000 - 0x00007ffac1766000 	C:\WINDOWS\System32\win32u.dll
0x00007ffac30a0000 - 0x00007ffac30c9000 	C:\WINDOWS\System32\GDI32.dll
0x00007ffac34f0000 - 0x00007ffac3597000 	C:\WINDOWS\System32\msvcrt.dll
0x00007ffac1560000 - 0x00007ffac1679000 	C:\WINDOWS\System32\gdi32full.dll
0x00007ffac19d0000 - 0x00007ffac1a6a000 	C:\WINDOWS\System32\msvcp_win.dll
0x00007ffac34b0000 - 0x00007ffac34e1000 	C:\WINDOWS\System32\IMM32.DLL
0x00007ffaa88a0000 - 0x00007ffaa88ac000 	C:\Program Files\Android\Android Studio\jbr\bin\vcruntime140_1.dll
0x00007ffa7c980000 - 0x00007ffa7ca0d000 	C:\Program Files\Android\Android Studio\jbr\bin\msvcp140.dll
0x00007ffa3dfb0000 - 0x00007ffa3ec1e000 	C:\Program Files\Android\Android Studio\jbr\bin\server\jvm.dll
0x00007ffac3620000 - 0x00007ffac36d1000 	C:\WINDOWS\System32\ADVAPI32.dll
0x00007ffac3a20000 - 0x00007ffac3ac6000 	C:\WINDOWS\System32\sechost.dll
0x00007ffac30d0000 - 0x00007ffac31e7000 	C:\WINDOWS\System32\RPCRT4.dll
0x00007ffa9af90000 - 0x00007ffa9af99000 	C:\WINDOWS\SYSTEM32\WSOCK32.dll
0x00007ffab76f0000 - 0x00007ffab7724000 	C:\WINDOWS\SYSTEM32\WINMM.dll
0x00007ffab8420000 - 0x00007ffab842a000 	C:\WINDOWS\SYSTEM32\VERSION.dll
0x00007ffac3740000 - 0x00007ffac37b1000 	C:\WINDOWS\System32\WS2_32.dll
0x00007ffac0570000 - 0x00007ffac0588000 	C:\WINDOWS\SYSTEM32\kernel.appcore.dll
0x00007ffa99530000 - 0x00007ffa9953a000 	C:\Program Files\Android\Android Studio\jbr\bin\jimage.dll
0x00007ffabe610000 - 0x00007ffabe843000 	C:\WINDOWS\SYSTEM32\DBGHELP.DLL
0x00007ffac21d0000 - 0x00007ffac2559000 	C:\WINDOWS\System32\combase.dll
0x00007ffac20f0000 - 0x00007ffac21c7000 	C:\WINDOWS\System32\OLEAUT32.dll
0x00007ffaa2d40000 - 0x00007ffaa2d72000 	C:\WINDOWS\SYSTEM32\dbgcore.DLL
0x00007ffac17e0000 - 0x00007ffac185a000 	C:\WINDOWS\System32\bcryptPrimitives.dll
0x00007ffa3df80000 - 0x00007ffa3dfa5000 	C:\Program Files\Android\Android Studio\jbr\bin\java.dll
0x00007ffa4de60000 - 0x00007ffa4de78000 	C:\Program Files\Android\Android Studio\jbr\bin\zip.dll
0x00007ffac2560000 - 0x00007ffac2db9000 	C:\WINDOWS\System32\SHELL32.dll
0x00007ffabf440000 - 0x00007ffabfd34000 	C:\WINDOWS\SYSTEM32\windows.storage.dll
0x00007ffabf300000 - 0x00007ffabf43e000 	C:\WINDOWS\SYSTEM32\wintypes.dll
0x00007ffac1f40000 - 0x00007ffac2033000 	C:\WINDOWS\System32\SHCORE.dll
0x00007ffac2060000 - 0x00007ffac20be000 	C:\WINDOWS\System32\shlwapi.dll
0x00007ffac1490000 - 0x00007ffac14b6000 	C:\WINDOWS\SYSTEM32\profapi.dll
0x00007ffa3ded0000 - 0x00007ffa3dee9000 	C:\Program Files\Android\Android Studio\jbr\bin\net.dll
0x00007ffaba5b0000 - 0x00007ffaba6e7000 	C:\WINDOWS\SYSTEM32\WINHTTP.dll
0x00007ffac0a90000 - 0x00007ffac0af9000 	C:\WINDOWS\system32\mswsock.dll
0x00007ffa3deb0000 - 0x00007ffa3dec6000 	C:\Program Files\Android\Android Studio\jbr\bin\nio.dll
0x00007ffa98bd0000 - 0x00007ffa98be0000 	C:\Program Files\Android\Android Studio\jbr\bin\verify.dll
0x00007ffa38f50000 - 0x00007ffa38f77000 	C:\Users\KIM\.gradle\native\68d5fa5c4cc2d200863cafc0d521ce42e7d3e7ee720ec0a83991735586a16f82\windows-amd64\native-platform.dll
0x00007ffa37dd0000 - 0x00007ffa37f14000 	C:\Users\KIM\.gradle\native\e376f236ea51e6404a007f0833ffe2c6e607c4080706a723a18a27aeea778392\windows-amd64\native-platform-file-events.dll
0x00007ffa98980000 - 0x00007ffa98989000 	C:\Program Files\Android\Android Studio\jbr\bin\management.dll
0x00007ffa95cb0000 - 0x00007ffa95cbb000 	C:\Program Files\Android\Android Studio\jbr\bin\management_ext.dll
0x00007ffac37c0000 - 0x00007ffac37c8000 	C:\WINDOWS\System32\PSAPI.DLL
0x00007ffac0d10000 - 0x00007ffac0d2b000 	C:\WINDOWS\SYSTEM32\CRYPTSP.dll
0x00007ffac0590000 - 0x00007ffac05c5000 	C:\WINDOWS\system32\rsaenh.dll
0x00007ffac0b70000 - 0x00007ffac0b9c000 	C:\WINDOWS\SYSTEM32\USERENV.dll
0x00007ffac0ef0000 - 0x00007ffac0f18000 	C:\WINDOWS\SYSTEM32\bcrypt.dll
0x00007ffac0d00000 - 0x00007ffac0d0c000 	C:\WINDOWS\SYSTEM32\CRYPTBASE.dll
0x00007ffac0010000 - 0x00007ffac003d000 	C:\WINDOWS\SYSTEM32\IPHLPAPI.DLL
0x00007ffac33a0000 - 0x00007ffac33a9000 	C:\WINDOWS\System32\NSI.dll
0x00007ffaba2e0000 - 0x00007ffaba2f9000 	C:\WINDOWS\SYSTEM32\dhcpcsvc6.DLL
0x00007ffaba2a0000 - 0x00007ffaba2bf000 	C:\WINDOWS\SYSTEM32\dhcpcsvc.DLL
0x00007ffac0080000 - 0x00007ffac0179000 	C:\WINDOWS\SYSTEM32\DNSAPI.dll
0x00007ffa91ba0000 - 0x00007ffa91ba8000 	C:\WINDOWS\system32\wshunix.dll

dbghelp: loaded successfully - version: 4.0.5 - missing functions: none
symbol engine: initialized successfully - sym options: 0x614 - pdb path: .;C:\Program Files\Android\Android Studio\jbr\bin;C:\WINDOWS\SYSTEM32;C:\WINDOWS\WinSxS\amd64_microsoft.windows.common-controls_6595b64144ccf1df_6.0.22621.2506_none_270c5ae97388e100;C:\Program Files\Android\Android Studio\jbr\bin\server;C:\Users\KIM\.gradle\native\68d5fa5c4cc2d200863cafc0d521ce42e7d3e7ee720ec0a83991735586a16f82\windows-amd64;C:\Users\KIM\.gradle\native\e376f236ea51e6404a007f0833ffe2c6e607c4080706a723a18a27aeea778392\windows-amd64

VM Arguments:
jvm_args: --add-opens=java.base/java.util=ALL-UNNAMED --add-opens=java.base/java.lang=ALL-UNNAMED --add-opens=java.base/java.lang.invoke=ALL-UNNAMED --add-opens=java.prefs/java.util.prefs=ALL-UNNAMED --add-opens=java.base/java.nio.charset=ALL-UNNAMED --add-opens=java.base/java.net=ALL-UNNAMED --add-opens=java.base/java.util.concurrent.atomic=ALL-UNNAMED -Xmx2048m -Dfile.encoding=UTF-8 -Duser.country=US -Duser.language=en -Duser.variant 
java_command: org.gradle.launcher.daemon.bootstrap.GradleDaemon 8.0
java_class_path (initial): C:\Users\KIM\.gradle\wrapper\dists\gradle-8.0-bin\ca5e32bp14vu59qr306oxotwh\gradle-8.0\lib\gradle-launcher-8.0.jar
Launcher Type: SUN_STANDARD

[Global flags]
     intx CICompilerCount                          = 4                                         {product} {ergonomic}
     uint ConcGCThreads                            = 3                                         {product} {ergonomic}
     uint G1ConcRefinementThreads                  = 10                                        {product} {ergonomic}
   size_t G1HeapRegionSize                         = 1048576                                   {product} {ergonomic}
    uintx GCDrainStackTargetSize                   = 64                                        {product} {ergonomic}
   size_t InitialHeapSize                          = 266338304                                 {product} {ergonomic}
   size_t MarkStackSize                            = 4194304                                   {product} {ergonomic}
   size_t MaxHeapSize                              = 2147483648                                {product} {command line}
   size_t MaxNewSize                               = 1287651328                                {product} {ergonomic}
   size_t MinHeapDeltaBytes                        = 1048576                                   {product} {ergonomic}
   size_t MinHeapSize                              = 8388608                                   {product} {ergonomic}
    uintx NonNMethodCodeHeapSize                   = 5839372                                {pd product} {ergonomic}
    uintx NonProfiledCodeHeapSize                  = 122909434                              {pd product} {ergonomic}
    uintx ProfiledCodeHeapSize                     = 122909434                              {pd product} {ergonomic}
    uintx ReservedCodeCacheSize                    = 251658240                              {pd product} {ergonomic}
     bool SegmentedCodeCache                       = true                                      {product} {ergonomic}
   size_t SoftMaxHeapSize                          = 2147483648                             {manageable} {ergonomic}
     bool UseCompressedClassPointers               = true                           {product lp64_product} {ergonomic}
     bool UseCompressedOops                        = true                           {product lp64_product} {ergonomic}
     bool UseG1GC                                  = true                                      {product} {ergonomic}
     bool UseLargePagesIndividualAllocation        = false                                  {pd product} {ergonomic}

Logging:
Log output configuration:
 #0: stdout all=warning uptime,level,tags
 #1: stderr all=off uptime,level,tags

Environment Variables:
JAVA_HOME=C:\Program Files\Java\jdk-21
PATH=C:\Python312\Scripts\;C:\Python312\;C:\Program Files\Common Files\Oracle\Java\javapath;C:\ProgramData\Oracle\Java\javapath;C:\Windows\system32;C:\Windows;C:\Windows\System32\Wbem;C:\Windows\System32\WindowsPowerShell\v1.0\;C:\Windows\System32\OpenSSH\;C:\Program Files (x86)\NVIDIA Corporation\PhysX\Common;C:\Program Files\NVIDIA Corporation\NVIDIA NvDLISR;C:\Program Files\Git\cmd;C:\xampp\php;C:\ProgramData\ComposerSetup\bin;C:\WINDOWS\system32;C:\WINDOWS;C:\WINDOWS\System32\Wbem;C:\WINDOWS\System32\WindowsPowerShell\v1.0\;C:\WINDOWS\System32\OpenSSH\;C:\Program Files\Java\jdk-21\bin;C:\Program Files\nodejs\;C:\ProgramData\chocolatey\bin;C:\Program Files\Docker\Docker\resources\bin;C:\Program Files\gradle-8.4\bin;C:\Program Files\MySQL\MySQL Shell 8.0\bin\;C:\Users\KIM\AppData\Local\Microsoft\WindowsApps;C:\Program Files\JetBrains\IntelliJ IDEA 2022.2.2\bin;C:\Users\KIM\AppData\Local\Programs\Microsoft VS Code\bin;C:\Users\KIM\AppData\Roaming\Composer\vendor\bin;C:\Users\KIM\Downloads\gradle\gradle-8.4\bin;C:;C:\Program Files\MySQL\MySQL Shell 8.0\bin\;C:\Users\KIM\AppData\Local\Microsoft\WindowsApps;C:\Program Files\JetBrains\IntelliJ IDEA 2022.2.2\bin;;C:\Users\KIM\AppData\Local\Programs\Microsoft VS Code\bin;C:\Users\KIM\AppData\Roaming\Composer\vendor\bin;C:\Users\KIM\Downloads\gradle\gradle-8.4\bin;C:\Users\KIM\AppData\Local\GitHubDesktop\bin;C:\Users\KIM\AppData\Roaming\npm;C:\Program Files\gradle-8.4\bin;C:\Users\KIM\AppData\Local\Android\Sdk\platform-tools;F:\flutter\bin;C:\Users\KIM\AppData\Local\Android\Sdk\platform-tools;
USERNAME=KIM
OS=Windows_NT
PROCESSOR_IDENTIFIER=Intel64 Family 6 Model 141 Stepping 1, GenuineIntel
TMP=C:\Users\KIM\AppData\Local\Temp
TEMP=C:\Users\KIM\AppData\Local\Temp


JNI global refs:
JNI global refs: 26, weak refs: 0

JNI global refs memory usage: 843, weak refs: 841


---------------  S Y S T E M  ---------------

OS:
 Windows 11 , 64 bit Build 22621 (10.0.22621.2506)
OS uptime: 0 days 20:29 hours
Hyper-V role detected

CPU: total 12 (initial active 12) (6 cores per cpu, 2 threads per core) family 6 model 141 stepping 1 microcode 0x3c, cx8, cmov, fxsr, ht, mmx, 3dnowpref, sse, sse2, sse3, ssse3, sse4.1, sse4.2, popcnt, lzcnt, tsc, tscinvbit, avx, avx2, aes, erms, clmul, bmi1, bmi2, adx, avx512f, avx512dq, avx512cd, avx512bw, avx512vl, sha, fma, vzeroupper, avx512_vpopcntdq, avx512_vpclmulqdq, avx512_vaes, avx512_vnni, clflush, clflushopt, clwb, avx512_vbmi2, avx512_vbmi, hv

Memory: 4k page, system-wide physical 16163M (1298M free)
TotalPageFile size 24355M (AvailPageFile size 85M)
current process WorkingSet (physical memory assigned to process): 375M, peak: 384M
current process commit charge ("private bytes"): 416M, peak: 499M

vm_info: OpenJDK 64-Bit Server VM (17.0.6+0-b2043.56-10027231) for windows-amd64 JRE (17.0.6+0-b2043.56-10027231), built on Apr 28 2023 00:43:19 by "androidbuild" with MS VC++ 16.10 / 16.11 (VS2019)

END.
