#
# There is insufficient memory for the Java Runtime Environment to continue.
# Native memory allocation (malloc) failed to allocate 954416 bytes for Chunk::new
# Possible reasons:
#   The system is out of physical RAM or swap space
#   The process is running with CompressedOops enabled, and the Java Heap may be blocking the growth of the native heap
# Possible solutions:
#   Reduce memory load on the system
#   Increase physical memory or swap space
#   Check if swap backing store is full
#   Decrease Java heap size (-Xmx/-Xms)
#   Decrease number of Java threads
#   Decrease Java thread stack sizes (-Xss)
#   Set larger code cache with -XX:ReservedCodeCacheSize=
#   JVM is running with Unscaled Compressed Oops mode in which the Java heap is
#     placed in the first 4GB address space. The Java Heap base address is the
#     maximum limit for the native heap growth. Please use -XX:HeapBaseMinAddress
#     to set the Java Heap base and to place the Java Heap above 4GB virtual address.
# This output file may be truncated or incomplete.
#
#  Out of Memory Error (arena.cpp:189), pid=15064, tid=14228
#
# JRE version: OpenJDK Runtime Environment (17.0.6) (build 17.0.6+0-b2043.56-10027231)
# Java VM: OpenJDK 64-Bit Server VM (17.0.6+0-b2043.56-10027231, mixed mode, tiered, compressed oops, compressed class ptrs, g1 gc, windows-amd64)
# No core dump will be written. Minidumps are not enabled by default on client versions of Windows
#

---------------  S U M M A R Y ------------

Command Line: --add-opens=java.base/java.util=ALL-UNNAMED --add-opens=java.base/java.lang=ALL-UNNAMED --add-opens=java.base/java.lang.invoke=ALL-UNNAMED --add-opens=java.prefs/java.util.prefs=ALL-UNNAMED --add-opens=java.base/java.nio.charset=ALL-UNNAMED --add-opens=java.base/java.net=ALL-UNNAMED --add-opens=java.base/java.util.concurrent.atomic=ALL-UNNAMED -Xmx2048m -Dfile.encoding=UTF-8 -Duser.country=US -Duser.language=en -Duser.variant org.gradle.launcher.daemon.bootstrap.GradleDaemon 8.0

Host: Intel(R) Core(TM) i5-6300U CPU @ 2.40GHz, 4 cores, 15G,  Windows 10 , 64 bit Build 19041 (10.0.19041.3570)
Time: Thu Nov 16 00:07:17 2023 SE Asia Standard Time elapsed time: 11.273046 seconds (0d 0h 0m 11s)

---------------  T H R E A D  ---------------

Current thread (0x000001a67fb064d0):  JavaThread "C2 CompilerThread0" daemon [_thread_in_native, id=14228, stack(0x0000006100f00000,0x0000006101000000)]


Current CompileTask:
C2:  11273 3831       4       java.util.AbstractCollection::addAll (42 bytes)

Stack: [0x0000006100f00000,0x0000006101000000]
Native frames: (J=compiled Java code, j=interpreted, Vv=VM code, C=native code)
V  [jvm.dll+0x683c9a]
V  [jvm.dll+0x8427a4]
V  [jvm.dll+0x843f9e]
V  [jvm.dll+0x844603]
V  [jvm.dll+0x249b75]
V  [jvm.dll+0xabcac]
V  [jvm.dll+0xac27c]
V  [jvm.dll+0x368802]
V  [jvm.dll+0x332f31]
V  [jvm.dll+0x3323da]
V  [jvm.dll+0x21c201]
V  [jvm.dll+0x21b621]
V  [jvm.dll+0x1a4fdd]
V  [jvm.dll+0x22b098]
V  [jvm.dll+0x229159]
V  [jvm.dll+0x7f81ec]
V  [jvm.dll+0x7f274a]
V  [jvm.dll+0x682ad5]
C  [ucrtbase.dll+0x21bb2]
C  [KERNEL32.DLL+0x17344]
C  [ntdll.dll+0x526b1]


---------------  P R O C E S S  ---------------

Threads class SMR info:
_java_thread_list=0x000001a605f293b0, length=36, elements={
0x000001a668497df0, 0x000001a67fa963e0, 0x000001a67fadc090, 0x000001a67fac63f0,
0x000001a67fac8cc0, 0x000001a67fb04010, 0x000001a67fb048d0, 0x000001a67fb064d0,
0x000001a67fb07570, 0x000001a67fb1ea80, 0x000001a67fc77a60, 0x000001a67fca26f0,
0x000001a602960220, 0x000001a6029628a0, 0x000001a60295f880, 0x000001a602961f00,
0x000001a6029623d0, 0x000001a602961090, 0x000001a602960bc0, 0x000001a60295fd50,
0x000001a602962d70, 0x000001a60295f3b0, 0x000001a6029606f0, 0x000001a604c1d690,
0x000001a604c1b010, 0x000001a604c1a670, 0x000001a604c1db60, 0x000001a604c21050,
0x000001a604c1e030, 0x000001a604c201e0, 0x000001a604c1e500, 0x000001a604c1ab40,
0x000001a604c1e9d0, 0x000001a604c19800, 0x000001a604c1b9b0, 0x000001a604c1be80
}

Java Threads: ( => current thread )
  0x000001a668497df0 JavaThread "main" [_thread_blocked, id=5384, stack(0x0000006100100000,0x0000006100200000)]
  0x000001a67fa963e0 JavaThread "Reference Handler" daemon [_thread_blocked, id=10500, stack(0x0000006100800000,0x0000006100900000)]
  0x000001a67fadc090 JavaThread "Finalizer" daemon [_thread_blocked, id=11892, stack(0x0000006100900000,0x0000006100a00000)]
  0x000001a67fac63f0 JavaThread "Signal Dispatcher" daemon [_thread_blocked, id=13304, stack(0x0000006100b00000,0x0000006100c00000)]
  0x000001a67fac8cc0 JavaThread "Attach Listener" daemon [_thread_blocked, id=1456, stack(0x0000006100c00000,0x0000006100d00000)]
  0x000001a67fb04010 JavaThread "Service Thread" daemon [_thread_blocked, id=6092, stack(0x0000006100d00000,0x0000006100e00000)]
  0x000001a67fb048d0 JavaThread "Monitor Deflation Thread" daemon [_thread_blocked, id=11868, stack(0x0000006100e00000,0x0000006100f00000)]
=>0x000001a67fb064d0 JavaThread "C2 CompilerThread0" daemon [_thread_in_native, id=14228, stack(0x0000006100f00000,0x0000006101000000)]
  0x000001a67fb07570 JavaThread "C1 CompilerThread0" daemon [_thread_blocked, id=15768, stack(0x0000006101000000,0x0000006101100000)]
  0x000001a67fb1ea80 JavaThread "Sweeper thread" daemon [_thread_blocked, id=1800, stack(0x0000006101100000,0x0000006101200000)]
  0x000001a67fc77a60 JavaThread "Common-Cleaner" daemon [_thread_blocked, id=9552, stack(0x0000006101200000,0x0000006101300000)]
  0x000001a67fca26f0 JavaThread "Notification Thread" daemon [_thread_blocked, id=10652, stack(0x0000006101300000,0x0000006101400000)]
  0x000001a602960220 JavaThread "Daemon health stats" [_thread_blocked, id=14252, stack(0x0000006101900000,0x0000006101a00000)]
  0x000001a6029628a0 JavaThread "Incoming local TCP Connector on port 56621" [_thread_in_native, id=1992, stack(0x0000006101a00000,0x0000006101b00000)]
  0x000001a60295f880 JavaThread "Daemon periodic checks" [_thread_blocked, id=7632, stack(0x0000006101b00000,0x0000006101c00000)]
  0x000001a602961f00 JavaThread "Daemon" [_thread_blocked, id=5848, stack(0x0000006101c00000,0x0000006101d00000)]
  0x000001a6029623d0 JavaThread "Handler for socket connection from /127.0.0.1:56621 to /127.0.0.1:56622" [_thread_in_native, id=5568, stack(0x0000006101d00000,0x0000006101e00000)]
  0x000001a602961090 JavaThread "Cancel handler" [_thread_blocked, id=3500, stack(0x0000006101e00000,0x0000006101f00000)]
  0x000001a602960bc0 JavaThread "Daemon worker" [_thread_in_Java, id=11484, stack(0x0000006101f00000,0x0000006102000000)]
  0x000001a60295fd50 JavaThread "Asynchronous log dispatcher for DefaultDaemonConnection: socket connection from /127.0.0.1:56621 to /127.0.0.1:56622" [_thread_blocked, id=8768, stack(0x0000006102000000,0x0000006102100000)]
  0x000001a602962d70 JavaThread "Stdin handler" [_thread_blocked, id=3744, stack(0x0000006102100000,0x0000006102200000)]
  0x000001a60295f3b0 JavaThread "Daemon client event forwarder" [_thread_blocked, id=15520, stack(0x0000006102200000,0x0000006102300000)]
  0x000001a6029606f0 JavaThread "Cache worker for journal cache (C:\Users\Administrator\.gradle\caches\journal-1)" [_thread_blocked, id=5880, stack(0x0000006101500000,0x0000006101600000)]
  0x000001a604c1d690 JavaThread "File lock request listener" [_thread_in_native, id=14740, stack(0x0000006102300000,0x0000006102400000)]
  0x000001a604c1b010 JavaThread "Cache worker for file hash cache (C:\Users\Administrator\.gradle\caches\8.0\fileHashes)" [_thread_blocked, id=8812, stack(0x0000006102400000,0x0000006102500000)]
  0x000001a604c1a670 JavaThread "File watcher server" daemon [_thread_in_native, id=12832, stack(0x0000006102500000,0x0000006102600000)]
  0x000001a604c1db60 JavaThread "File watcher consumer" daemon [_thread_blocked, id=10552, stack(0x0000006102600000,0x0000006102700000)]
  0x000001a604c21050 JavaThread "Cache worker for checksums cache (D:\2023-2024\Ki1\FOO-CATION\.gradle\8.0\checksums)" [_thread_blocked, id=9760, stack(0x0000006102700000,0x0000006102800000)]
  0x000001a604c1e030 JavaThread "Cache worker for cache directory md-rule (C:\Users\Administrator\.gradle\caches\8.0\md-rule)" [_thread_blocked, id=11544, stack(0x0000006102800000,0x0000006102900000)]
  0x000001a604c201e0 JavaThread "Cache worker for file content cache (C:\Users\Administrator\.gradle\caches\8.0\fileContent)" [_thread_blocked, id=11112, stack(0x0000006102900000,0x0000006102a00000)]
  0x000001a604c1e500 JavaThread "Cache worker for file hash cache (D:\2023-2024\Ki1\FOO-CATION\.gradle\8.0\fileHashes)" [_thread_blocked, id=7092, stack(0x0000006102a00000,0x0000006102b00000)]
  0x000001a604c1ab40 JavaThread "Cache worker for cache directory md-supplier (C:\Users\Administrator\.gradle\caches\8.0\md-supplier)" [_thread_blocked, id=12360, stack(0x0000006102b00000,0x0000006102c00000)]
  0x000001a604c1e9d0 JavaThread "Cache worker for execution history cache (C:\Users\Administrator\.gradle\caches\8.0\executionHistory)" [_thread_blocked, id=9396, stack(0x0000006102c00000,0x0000006102d00000)]
  0x000001a604c19800 JavaThread "jar transforms" [_thread_blocked, id=15200, stack(0x0000006102d00000,0x0000006102e00000)]
  0x000001a604c1b9b0 JavaThread "jar transforms Thread 2" [_thread_blocked, id=2672, stack(0x0000006102f00000,0x0000006103000000)]
  0x000001a604c1be80 JavaThread "Cache worker for kotlin-dsl (C:\Users\Administrator\.gradle\caches\8.0\kotlin-dsl)" [_thread_blocked, id=3908, stack(0x0000006102e00000,0x0000006102f00000)]

Other Threads:
  0x000001a67fab8030 VMThread "VM Thread" [stack: 0x0000006100700000,0x0000006100800000] [id=6720]
  0x000001a67fca4bd0 WatcherThread [stack: 0x0000006101400000,0x0000006101500000] [id=14876]
  0x000001a6684f6340 GCTaskThread "GC Thread#0" [stack: 0x0000006100200000,0x0000006100300000] [id=1088]
  0x000001a67fd32690 GCTaskThread "GC Thread#1" [stack: 0x0000006101600000,0x0000006101700000] [id=4072]
  0x000001a602f21600 GCTaskThread "GC Thread#2" [stack: 0x0000006101700000,0x0000006101800000] [id=14256]
  0x000001a602f5d3c0 GCTaskThread "GC Thread#3" [stack: 0x0000006101800000,0x0000006101900000] [id=8020]
  0x000001a668507190 ConcurrentGCThread "G1 Main Marker" [stack: 0x0000006100300000,0x0000006100400000] [id=4180]
  0x000001a668507ab0 ConcurrentGCThread "G1 Conc#0" [stack: 0x0000006100400000,0x0000006100500000] [id=10092]
  0x000001a66856d560 ConcurrentGCThread "G1 Refine#0" [stack: 0x0000006100500000,0x0000006100600000] [id=13960]
  0x000001a66856de90 ConcurrentGCThread "G1 Service" [stack: 0x0000006100600000,0x0000006100700000] [id=13560]

Threads with active compile tasks:
C2 CompilerThread0    11292 3831       4       java.util.AbstractCollection::addAll (42 bytes)

VM state: not at safepoint (normal execution)

VM Mutex/Monitor currently owned by a thread: None

Heap address: 0x0000000080000000, size: 2048 MB, Compressed Oops mode: 32-bit

CDS archive(s) not mapped
Compressed class space mapped at: 0x0000000100000000-0x0000000140000000, reserved size: 1073741824
Narrow klass base: 0x0000000000000000, Narrow klass shift: 3, Narrow klass range: 0x140000000

GC Precious Log:
 CPUs: 4 total, 4 available
 Memory: 16268M
 Large Page Support: Disabled
 NUMA Support: Disabled
 Compressed Oops: Enabled (32-bit)
 Heap Region Size: 1M
 Heap Min Capacity: 8M
 Heap Initial Capacity: 256M
 Heap Max Capacity: 2G
 Pre-touch: Disabled
 Parallel Workers: 4
 Concurrent Workers: 1
 Concurrent Refinement Workers: 4
 Periodic GC: Disabled

Heap:
 garbage-first heap   total 68608K, used 35985K [0x0000000080000000, 0x0000000100000000)
  region size 1024K, 11 young (11264K), 3 survivors (3072K)
 Metaspace       used 43234K, committed 43648K, reserved 1089536K
  class space    used 5672K, committed 5888K, reserved 1048576K

Heap Regions: E=young(eden), S=young(survivor), O=old, HS=humongous(starts), HC=humongous(continues), CS=collection set, F=free, OA=open archive, CA=closed archive, TAMS=top-at-mark-start (previous, next)
|   0|0x0000000080000000, 0x0000000080100000, 0x0000000080100000|100%| O|  |TAMS 0x0000000080100000, 0x0000000080000000| Untracked 
|   1|0x0000000080100000, 0x0000000080200000, 0x0000000080200000|100%| O|  |TAMS 0x0000000080200000, 0x0000000080100000| Untracked 
|   2|0x0000000080200000, 0x0000000080300000, 0x0000000080300000|100%|HS|  |TAMS 0x0000000080300000, 0x0000000080200000| Complete 
|   3|0x0000000080300000, 0x0000000080400000, 0x0000000080400000|100%|HC|  |TAMS 0x0000000080400000, 0x0000000080300000| Complete 
|   4|0x0000000080400000, 0x0000000080500000, 0x0000000080500000|100%|HC|  |TAMS 0x0000000080500000, 0x0000000080400000| Complete 
|   5|0x0000000080500000, 0x0000000080600000, 0x0000000080600000|100%|HC|  |TAMS 0x0000000080600000, 0x0000000080500000| Complete 
|   6|0x0000000080600000, 0x0000000080700000, 0x0000000080700000|100%| O|  |TAMS 0x0000000080700000, 0x0000000080600000| Untracked 
|   7|0x0000000080700000, 0x0000000080800000, 0x0000000080800000|100%| O|  |TAMS 0x0000000080800000, 0x0000000080700000| Untracked 
|   8|0x0000000080800000, 0x0000000080900000, 0x0000000080900000|100%| O|  |TAMS 0x0000000080900000, 0x0000000080800000| Untracked 
|   9|0x0000000080900000, 0x0000000080a00000, 0x0000000080a00000|100%| O|  |TAMS 0x0000000080a00000, 0x0000000080900000| Untracked 
|  10|0x0000000080a00000, 0x0000000080b00000, 0x0000000080b00000|100%| O|  |TAMS 0x0000000080b00000, 0x0000000080a00000| Untracked 
|  11|0x0000000080b00000, 0x0000000080c00000, 0x0000000080c00000|100%| O|  |TAMS 0x0000000080b00000, 0x0000000080b00000| Untracked 
|  12|0x0000000080c00000, 0x0000000080d00000, 0x0000000080d00000|100%| O|  |TAMS 0x0000000080d00000, 0x0000000080c00000| Untracked 
|  13|0x0000000080d00000, 0x0000000080e00000, 0x0000000080e00000|100%| O|  |TAMS 0x0000000080e00000, 0x0000000080d00000| Untracked 
|  14|0x0000000080e00000, 0x0000000080f00000, 0x0000000080f00000|100%| O|  |TAMS 0x0000000080f00000, 0x0000000080e00000| Untracked 
|  15|0x0000000080f00000, 0x0000000081000000, 0x0000000081000000|100%| O|  |TAMS 0x0000000081000000, 0x0000000080f00000| Untracked 
|  16|0x0000000081000000, 0x0000000081100000, 0x0000000081100000|100%| O|  |TAMS 0x0000000081100000, 0x0000000081000000| Untracked 
|  17|0x0000000081100000, 0x0000000081200000, 0x0000000081200000|100%| O|  |TAMS 0x0000000081200000, 0x0000000081100000| Untracked 
|  18|0x0000000081200000, 0x0000000081300000, 0x0000000081300000|100%| O|  |TAMS 0x0000000081300000, 0x0000000081200000| Untracked 
|  19|0x0000000081300000, 0x0000000081400000, 0x0000000081400000|100%| O|  |TAMS 0x0000000081400000, 0x0000000081300000| Untracked 
|  20|0x0000000081400000, 0x0000000081500000, 0x0000000081500000|100%| O|  |TAMS 0x00000000814ee200, 0x0000000081400000| Untracked 
|  21|0x0000000081500000, 0x0000000081600000, 0x0000000081600000|100%| O|  |TAMS 0x0000000081500000, 0x0000000081500000| Untracked 
|  22|0x0000000081600000, 0x0000000081700000, 0x0000000081700000|100%| O|  |TAMS 0x0000000081600000, 0x0000000081600000| Untracked 
|  23|0x0000000081700000, 0x0000000081800000, 0x0000000081800000|100%| O|  |TAMS 0x0000000081700000, 0x0000000081700000| Untracked 
|  24|0x0000000081800000, 0x0000000081800000, 0x0000000081900000|  0%| F|  |TAMS 0x0000000081800000, 0x0000000081800000| Untracked 
|  25|0x0000000081900000, 0x0000000081900000, 0x0000000081a00000|  0%| F|  |TAMS 0x0000000081900000, 0x0000000081900000| Untracked 
|  26|0x0000000081a00000, 0x0000000081a00000, 0x0000000081b00000|  0%| F|  |TAMS 0x0000000081a00000, 0x0000000081a00000| Untracked 
|  27|0x0000000081b00000, 0x0000000081c00000, 0x0000000081c00000|100%| O|  |TAMS 0x0000000081b00000, 0x0000000081b00000| Untracked 
|  28|0x0000000081c00000, 0x0000000081cf6200, 0x0000000081d00000| 96%| O|  |TAMS 0x0000000081c00000, 0x0000000081c00000| Untracked 
|  29|0x0000000081d00000, 0x0000000081d00000, 0x0000000081e00000|  0%| F|  |TAMS 0x0000000081d00000, 0x0000000081d00000| Untracked 
|  30|0x0000000081e00000, 0x0000000081e00000, 0x0000000081f00000|  0%| F|  |TAMS 0x0000000081e00000, 0x0000000081e00000| Untracked 
|  31|0x0000000081f00000, 0x0000000081f00000, 0x0000000082000000|  0%| F|  |TAMS 0x0000000081f00000, 0x0000000081f00000| Untracked 
|  32|0x0000000082000000, 0x0000000082000000, 0x0000000082100000|  0%| F|  |TAMS 0x0000000082000000, 0x0000000082000000| Untracked 
|  33|0x0000000082100000, 0x0000000082100000, 0x0000000082200000|  0%| F|  |TAMS 0x0000000082100000, 0x0000000082100000| Untracked 
|  34|0x0000000082200000, 0x0000000082200000, 0x0000000082300000|  0%| F|  |TAMS 0x0000000082200000, 0x0000000082200000| Untracked 
|  35|0x0000000082300000, 0x0000000082300000, 0x0000000082400000|  0%| F|  |TAMS 0x0000000082300000, 0x0000000082300000| Untracked 
|  36|0x0000000082400000, 0x0000000082400000, 0x0000000082500000|  0%| F|  |TAMS 0x0000000082400000, 0x0000000082400000| Untracked 
|  37|0x0000000082500000, 0x0000000082500000, 0x0000000082600000|  0%| F|  |TAMS 0x0000000082500000, 0x0000000082500000| Untracked 
|  38|0x0000000082600000, 0x0000000082600000, 0x0000000082700000|  0%| F|  |TAMS 0x0000000082600000, 0x0000000082600000| Untracked 
|  39|0x0000000082700000, 0x0000000082700000, 0x0000000082800000|  0%| F|  |TAMS 0x0000000082700000, 0x0000000082700000| Untracked 
|  40|0x0000000082800000, 0x000000008282e430, 0x0000000082900000| 18%| S|CS|TAMS 0x0000000082800000, 0x0000000082800000| Complete 
|  41|0x0000000082900000, 0x0000000082a00000, 0x0000000082a00000|100%| S|CS|TAMS 0x0000000082900000, 0x0000000082900000| Complete 
|  42|0x0000000082a00000, 0x0000000082a00000, 0x0000000082b00000|  0%| F|  |TAMS 0x0000000082a00000, 0x0000000082a00000| Untracked 
|  43|0x0000000082b00000, 0x0000000082b00000, 0x0000000082c00000|  0%| F|  |TAMS 0x0000000082b00000, 0x0000000082b00000| Untracked 
|  44|0x0000000082c00000, 0x0000000082c00000, 0x0000000082d00000|  0%| F|  |TAMS 0x0000000082c00000, 0x0000000082c00000| Untracked 
|  45|0x0000000082d00000, 0x0000000082e00000, 0x0000000082e00000|100%| S|CS|TAMS 0x0000000082d00000, 0x0000000082d00000| Complete 
|  46|0x0000000082e00000, 0x0000000082e00000, 0x0000000082f00000|  0%| F|  |TAMS 0x0000000082e00000, 0x0000000082e00000| Untracked 
|  47|0x0000000082f00000, 0x0000000082f00000, 0x0000000083000000|  0%| F|  |TAMS 0x0000000082f00000, 0x0000000082f00000| Untracked 
|  48|0x0000000083000000, 0x0000000083000000, 0x0000000083100000|  0%| F|  |TAMS 0x0000000083000000, 0x0000000083000000| Untracked 
|  49|0x0000000083100000, 0x0000000083100000, 0x0000000083200000|  0%| F|  |TAMS 0x0000000083100000, 0x0000000083100000| Untracked 
|  50|0x0000000083200000, 0x0000000083200000, 0x0000000083300000|  0%| F|  |TAMS 0x0000000083200000, 0x0000000083200000| Untracked 
|  51|0x0000000083300000, 0x0000000083300000, 0x0000000083400000|  0%| F|  |TAMS 0x0000000083300000, 0x0000000083300000| Untracked 
|  52|0x0000000083400000, 0x0000000083400000, 0x0000000083500000|  0%| F|  |TAMS 0x0000000083400000, 0x0000000083400000| Untracked 
|  53|0x0000000083500000, 0x0000000083500000, 0x0000000083600000|  0%| F|  |TAMS 0x0000000083500000, 0x0000000083500000| Untracked 
|  54|0x0000000083600000, 0x0000000083600000, 0x0000000083700000|  0%| F|  |TAMS 0x0000000083600000, 0x0000000083600000| Untracked 
|  55|0x0000000083700000, 0x0000000083700000, 0x0000000083800000|  0%| F|  |TAMS 0x0000000083700000, 0x0000000083700000| Untracked 
|  56|0x0000000083800000, 0x0000000083800000, 0x0000000083900000|  0%| F|  |TAMS 0x0000000083800000, 0x0000000083800000| Untracked 
|  57|0x0000000083900000, 0x0000000083900000, 0x0000000083a00000|  0%| F|  |TAMS 0x0000000083900000, 0x0000000083900000| Untracked 
| 205|0x000000008cd00000, 0x000000008cd60410, 0x000000008ce00000| 37%| E|  |TAMS 0x000000008cd00000, 0x000000008cd00000| Complete 
| 206|0x000000008ce00000, 0x000000008cf00000, 0x000000008cf00000|100%| E|CS|TAMS 0x000000008ce00000, 0x000000008ce00000| Complete 
| 207|0x000000008cf00000, 0x000000008d000000, 0x000000008d000000|100%| E|CS|TAMS 0x000000008cf00000, 0x000000008cf00000| Complete 
| 208|0x000000008d000000, 0x000000008d100000, 0x000000008d100000|100%| E|CS|TAMS 0x000000008d000000, 0x000000008d000000| Complete 
| 209|0x000000008d100000, 0x000000008d200000, 0x000000008d200000|100%| E|CS|TAMS 0x000000008d100000, 0x000000008d100000| Complete 
| 210|0x000000008d200000, 0x000000008d300000, 0x000000008d300000|100%| E|CS|TAMS 0x000000008d200000, 0x000000008d200000| Complete 
| 211|0x000000008d300000, 0x000000008d400000, 0x000000008d400000|100%| E|CS|TAMS 0x000000008d300000, 0x000000008d300000| Complete 
| 212|0x000000008d400000, 0x000000008d500000, 0x000000008d500000|100%| E|CS|TAMS 0x000000008d400000, 0x000000008d400000| Complete 
| 255|0x000000008ff00000, 0x0000000090000000, 0x0000000090000000|100%| E|CS|TAMS 0x000000008ff00000, 0x000000008ff00000| Complete 

Card table byte_map: [0x000001a67ad70000,0x000001a67b170000] _byte_map_base: 0x000001a67a970000

Marking Bits (Prev, Next): (CMBitMap*) 0x000001a6684f6860, (CMBitMap*) 0x000001a6684f68a0
 Prev Bits: [0x000001a67b570000, 0x000001a67d570000)
 Next Bits: [0x000001a67d570000, 0x000001a67f570000)

Polling page: 0x000001a666460000

Metaspace:

Usage:
  Non-class:     36.68 MB used.
      Class:      5.54 MB used.
       Both:     42.22 MB used.

Virtual space:
  Non-class space:       40.00 MB reserved,      36.88 MB ( 92%) committed,  5 nodes.
      Class space:        1.00 GB reserved,       5.75 MB ( <1%) committed,  1 nodes.
             Both:        1.04 GB reserved,      42.62 MB (  4%) committed. 

Chunk freelists:
   Non-Class:  2.56 MB
       Class:  2.27 MB
        Both:  4.83 MB

MaxMetaspaceSize: unlimited
CompressedClassSpaceSize: 1.00 GB
Initial GC threshold: 21.00 MB
Current GC threshold: 58.75 MB
CDS: off
MetaspaceReclaimPolicy: balanced
 - commit_granule_bytes: 65536.
 - commit_granule_words: 8192.
 - virtual_space_node_default_size: 1048576.
 - enlarge_chunks_in_place: 1.
 - new_chunks_are_fully_committed: 0.
 - uncommit_free_chunks: 1.
 - use_allocation_guard: 0.
 - handle_deallocations: 1.


Internal statistics:

num_allocs_failed_limit: 6.
num_arena_births: 460.
num_arena_deaths: 0.
num_vsnodes_births: 6.
num_vsnodes_deaths: 0.
num_space_committed: 682.
num_space_uncommitted: 0.
num_chunks_returned_to_freelist: 6.
num_chunks_taken_from_freelist: 1702.
num_chunk_merges: 6.
num_chunk_splits: 1136.
num_chunks_enlarged: 798.
num_purges: 0.
num_inconsistent_stats: 0.

CodeHeap 'non-profiled nmethods': size=120000Kb used=2231Kb max_used=2231Kb free=117768Kb
 bounds [0x000001a673440000, 0x000001a6736b0000, 0x000001a67a970000]
CodeHeap 'profiled nmethods': size=120000Kb used=7881Kb max_used=7881Kb free=112118Kb
 bounds [0x000001a66b970000, 0x000001a66c130000, 0x000001a672ea0000]
CodeHeap 'non-nmethods': size=5760Kb used=2281Kb max_used=2315Kb free=3478Kb
 bounds [0x000001a672ea0000, 0x000001a673110000, 0x000001a673440000]
 total_blobs=4620 nmethods=3830 adapters=702
 compilation: enabled
              stopped_count=0, restarted_count=0
 full_count=0

Compilation events (20 events):
Event: 11.214 Thread 0x000001a67fb07570 nmethod 3823 0x000001a66c11d590 code [0x000001a66c11d740, 0x000001a66c11d908]
Event: 11.215 Thread 0x000001a67fb07570 3824       3       org.objectweb.asm.ClassWriter::visitField (53 bytes)
Event: 11.215 Thread 0x000001a67fb07570 nmethod 3824 0x000001a66c11da10 code [0x000001a66c11dbc0, 0x000001a66c11df28]
Event: 11.215 Thread 0x000001a67fb07570 3825       3       org.objectweb.asm.FieldVisitor::<init> (7 bytes)
Event: 11.215 Thread 0x000001a67fb07570 nmethod 3825 0x000001a66c11e090 code [0x000001a66c11e240, 0x000001a66c11e388]
Event: 11.216 Thread 0x000001a67fb07570 3826       3       org.objectweb.asm.FieldWriter::computeFieldInfoSize (86 bytes)
Event: 11.216 Thread 0x000001a67fb07570 nmethod 3826 0x000001a66c11e410 code [0x000001a66c11e5e0, 0x000001a66c11e8b8]
Event: 11.216 Thread 0x000001a67fb07570 3827       3       org.objectweb.asm.FieldWriter::putFieldInfo (269 bytes)
Event: 11.217 Thread 0x000001a67fb07570 nmethod 3827 0x000001a66c11ea10 code [0x000001a66c11eca0, 0x000001a66c11f628]
Event: 11.219 Thread 0x000001a67fb064d0 3828       4       java.util.AbstractList$Itr::hasNext (20 bytes)
Event: 11.219 Thread 0x000001a67fb064d0 nmethod 3828 0x000001a67366d290 code [0x000001a67366d400, 0x000001a67366d4b8]
Event: 11.220 Thread 0x000001a67fb064d0 3829       4       java.util.AbstractList$Itr::checkForComodification (23 bytes)
Event: 11.220 Thread 0x000001a67fb064d0 nmethod 3829 0x000001a67366d590 code [0x000001a67366d700, 0x000001a67366d7b8]
Event: 11.220 Thread 0x000001a67fb064d0 3830   !   4       java.util.AbstractList$Itr::next (46 bytes)
Event: 11.222 Thread 0x000001a67fb064d0 nmethod 3830 0x000001a67366d890 code [0x000001a67366da20, 0x000001a67366db68]
Event: 11.222 Thread 0x000001a67fb064d0 3831       4       java.util.AbstractCollection::addAll (42 bytes)
Event: 11.256 Thread 0x000001a67fb07570 3832       3       java.util.Properties::load0 (249 bytes)
Event: 11.257 Thread 0x000001a67fb07570 nmethod 3832 0x000001a66c11f990 code [0x000001a66c11fbc0, 0x000001a66c1205e8]
Event: 11.259 Thread 0x000001a67fb07570 3833       3       java.util.HashSet::toArray (16 bytes)
Event: 11.260 Thread 0x000001a67fb07570 nmethod 3833 0x000001a66c120910 code [0x000001a66c120ac0, 0x000001a66c120cd8]

GC Heap History (20 events):
Event: 1.671 GC heap before
{Heap before GC invocations=1 (full 0):
 garbage-first heap   total 262144K, used 21979K [0x0000000080000000, 0x0000000100000000)
  region size 1024K, 17 young (17408K), 2 survivors (2048K)
 Metaspace       used 11088K, committed 11264K, reserved 1064960K
  class space    used 1160K, committed 1280K, reserved 1048576K
}
Event: 1.675 GC heap after
{Heap after GC invocations=2 (full 0):
 garbage-first heap   total 262144K, used 10593K [0x0000000080000000, 0x0000000100000000)
  region size 1024K, 3 young (3072K), 3 survivors (3072K)
 Metaspace       used 11088K, committed 11264K, reserved 1064960K
  class space    used 1160K, committed 1280K, reserved 1048576K
}
Event: 2.246 GC heap before
{Heap before GC invocations=2 (full 0):
 garbage-first heap   total 262144K, used 33121K [0x0000000080000000, 0x0000000100000000)
  region size 1024K, 25 young (25600K), 3 survivors (3072K)
 Metaspace       used 11212K, committed 11456K, reserved 1064960K
  class space    used 1161K, committed 1280K, reserved 1048576K
}
Event: 2.251 GC heap after
{Heap after GC invocations=3 (full 0):
 garbage-first heap   total 262144K, used 12711K [0x0000000080000000, 0x0000000100000000)
  region size 1024K, 3 young (3072K), 3 survivors (3072K)
 Metaspace       used 11212K, committed 11456K, reserved 1064960K
  class space    used 1161K, committed 1280K, reserved 1048576K
}
Event: 4.224 GC heap before
{Heap before GC invocations=3 (full 0):
 garbage-first heap   total 262144K, used 52647K [0x0000000080000000, 0x0000000100000000)
  region size 1024K, 43 young (44032K), 3 survivors (3072K)
 Metaspace       used 21226K, committed 21504K, reserved 1073152K
  class space    used 2572K, committed 2752K, reserved 1048576K
}
Event: 4.234 GC heap after
{Heap after GC invocations=4 (full 0):
 garbage-first heap   total 262144K, used 18523K [0x0000000080000000, 0x0000000100000000)
  region size 1024K, 8 young (8192K), 8 survivors (8192K)
 Metaspace       used 21226K, committed 21504K, reserved 1073152K
  class space    used 2572K, committed 2752K, reserved 1048576K
}
Event: 6.620 GC heap before
{Heap before GC invocations=5 (full 0):
 garbage-first heap   total 68608K, used 51291K [0x0000000080000000, 0x0000000100000000)
  region size 1024K, 40 young (40960K), 8 survivors (8192K)
 Metaspace       used 26274K, committed 26560K, reserved 1073152K
  class space    used 3451K, committed 3584K, reserved 1048576K
}
Event: 6.629 GC heap after
{Heap after GC invocations=6 (full 0):
 garbage-first heap   total 68608K, used 20320K [0x0000000080000000, 0x0000000100000000)
  region size 1024K, 3 young (3072K), 3 survivors (3072K)
 Metaspace       used 26274K, committed 26560K, reserved 1073152K
  class space    used 3451K, committed 3584K, reserved 1048576K
}
Event: 6.688 GC heap before
{Heap before GC invocations=6 (full 0):
 garbage-first heap   total 68608K, used 20320K [0x0000000080000000, 0x0000000100000000)
  region size 1024K, 4 young (4096K), 3 survivors (3072K)
 Metaspace       used 26464K, committed 26752K, reserved 1073152K
  class space    used 3484K, committed 3584K, reserved 1048576K
}
Event: 6.691 GC heap after
{Heap after GC invocations=7 (full 0):
 garbage-first heap   total 68608K, used 20896K [0x0000000080000000, 0x0000000100000000)
  region size 1024K, 1 young (1024K), 1 survivors (1024K)
 Metaspace       used 26464K, committed 26752K, reserved 1073152K
  class space    used 3484K, committed 3584K, reserved 1048576K
}
Event: 7.845 GC heap before
{Heap before GC invocations=7 (full 0):
 garbage-first heap   total 68608K, used 47520K [0x0000000080000000, 0x0000000100000000)
  region size 1024K, 27 young (27648K), 1 survivors (1024K)
 Metaspace       used 30632K, committed 30912K, reserved 1081344K
  class space    used 4163K, committed 4288K, reserved 1048576K
}
Event: 7.848 GC heap after
{Heap after GC invocations=8 (full 0):
 garbage-first heap   total 68608K, used 21951K [0x0000000080000000, 0x0000000100000000)
  region size 1024K, 2 young (2048K), 2 survivors (2048K)
 Metaspace       used 30632K, committed 30912K, reserved 1081344K
  class space    used 4163K, committed 4288K, reserved 1048576K
}
Event: 9.281 GC heap before
{Heap before GC invocations=8 (full 0):
 garbage-first heap   total 68608K, used 49599K [0x0000000080000000, 0x0000000100000000)
  region size 1024K, 29 young (29696K), 2 survivors (2048K)
 Metaspace       used 35329K, committed 35712K, reserved 1081344K
  class space    used 4873K, committed 5056K, reserved 1048576K
}
Event: 9.287 GC heap after
{Heap after GC invocations=9 (full 0):
 garbage-first heap   total 68608K, used 24125K [0x0000000080000000, 0x0000000100000000)
  region size 1024K, 4 young (4096K), 4 survivors (4096K)
 Metaspace       used 35329K, committed 35712K, reserved 1081344K
  class space    used 4873K, committed 5056K, reserved 1048576K
}
Event: 9.369 GC heap before
{Heap before GC invocations=9 (full 0):
 garbage-first heap   total 68608K, used 24125K [0x0000000080000000, 0x0000000100000000)
  region size 1024K, 5 young (5120K), 4 survivors (4096K)
 Metaspace       used 35644K, committed 35968K, reserved 1081344K
  class space    used 4879K, committed 5056K, reserved 1048576K
}
Event: 9.376 GC heap after
{Heap after GC invocations=10 (full 0):
 garbage-first heap   total 68608K, used 24599K [0x0000000080000000, 0x0000000100000000)
  region size 1024K, 1 young (1024K), 1 survivors (1024K)
 Metaspace       used 35644K, committed 35968K, reserved 1081344K
  class space    used 4879K, committed 5056K, reserved 1048576K
}
Event: 10.180 GC heap before
{Heap before GC invocations=11 (full 0):
 garbage-first heap   total 68608K, used 45079K [0x0000000080000000, 0x0000000100000000)
  region size 1024K, 22 young (22528K), 1 survivors (1024K)
 Metaspace       used 40459K, committed 40768K, reserved 1089536K
  class space    used 5361K, committed 5504K, reserved 1048576K
}
Event: 10.185 GC heap after
{Heap after GC invocations=12 (full 0):
 garbage-first heap   total 68608K, used 27457K [0x0000000080000000, 0x0000000100000000)
  region size 1024K, 3 young (3072K), 3 survivors (3072K)
 Metaspace       used 40459K, committed 40768K, reserved 1089536K
  class space    used 5361K, committed 5504K, reserved 1048576K
}
Event: 10.825 GC heap before
{Heap before GC invocations=12 (full 0):
 garbage-first heap   total 68608K, used 51009K [0x0000000080000000, 0x0000000100000000)
  region size 1024K, 24 young (24576K), 3 survivors (3072K)
 Metaspace       used 42401K, committed 42688K, reserved 1089536K
  class space    used 5530K, committed 5632K, reserved 1048576K
}
Event: 10.832 GC heap after
{Heap after GC invocations=13 (full 0):
 garbage-first heap   total 68608K, used 28817K [0x0000000080000000, 0x0000000100000000)
  region size 1024K, 3 young (3072K), 3 survivors (3072K)
 Metaspace       used 42401K, committed 42688K, reserved 1089536K
  class space    used 5530K, committed 5632K, reserved 1048576K
}

Dll operation events (2 events):
Event: 0.008 Loaded shared library C:\Program Files\Android\Android Studio\jbr\bin\java.dll
Event: 0.824 Loaded shared library C:\Program Files\Android\Android Studio\jbr\bin\verify.dll

Deoptimization events (20 events):
Event: 10.542 Thread 0x000001a602960bc0 Uncommon trap: trap_request=0xffffffde fr.pc=0x000001a673630afc relative=0x000000000000049c
Event: 10.542 Thread 0x000001a602960bc0 Uncommon trap: reason=class_check action=maybe_recompile pc=0x000001a673630afc method=java.util.regex.Pattern$Start.match(Ljava/util/regex/Matcher;ILjava/lang/CharSequence;)Z @ 44 c2
Event: 10.542 Thread 0x000001a602960bc0 DEOPT PACKING pc=0x000001a673630afc sp=0x0000006101ff92e0
Event: 10.542 Thread 0x000001a602960bc0 DEOPT UNPACKING pc=0x000001a672ef69a3 sp=0x0000006101ff91a8 mode 2
Event: 10.543 Thread 0x000001a602960bc0 Uncommon trap: trap_request=0xffffffde fr.pc=0x000001a6736222c4 relative=0x0000000000000464
Event: 10.543 Thread 0x000001a602960bc0 Uncommon trap: reason=class_check action=maybe_recompile pc=0x000001a6736222c4 method=java.util.regex.Pattern$Start.match(Ljava/util/regex/Matcher;ILjava/lang/CharSequence;)Z @ 44 c2
Event: 10.543 Thread 0x000001a602960bc0 DEOPT PACKING pc=0x000001a6736222c4 sp=0x0000006101ff9270
Event: 10.543 Thread 0x000001a602960bc0 DEOPT UNPACKING pc=0x000001a672ef69a3 sp=0x0000006101ff91b0 mode 2
Event: 10.543 Thread 0x000001a602960bc0 Uncommon trap: trap_request=0xffffffde fr.pc=0x000001a673622e38 relative=0x00000000000002f8
Event: 10.543 Thread 0x000001a602960bc0 Uncommon trap: reason=class_check action=maybe_recompile pc=0x000001a673622e38 method=java.util.regex.Pattern$Start.match(Ljava/util/regex/Matcher;ILjava/lang/CharSequence;)Z @ 44 c2
Event: 10.543 Thread 0x000001a602960bc0 DEOPT PACKING pc=0x000001a673622e38 sp=0x0000006101ff91f0
Event: 10.543 Thread 0x000001a602960bc0 DEOPT UNPACKING pc=0x000001a672ef69a3 sp=0x0000006101ff91b0 mode 2
Event: 10.953 Thread 0x000001a602960bc0 Uncommon trap: trap_request=0xffffff45 fr.pc=0x000001a67354aa74 relative=0x0000000000007a94
Event: 10.953 Thread 0x000001a602960bc0 Uncommon trap: reason=unstable_if action=reinterpret pc=0x000001a67354aa74 method=jdk.internal.org.objectweb.asm.Frame.execute(IILjdk/internal/org/objectweb/asm/Symbol;Ljdk/internal/org/objectweb/asm/SymbolTable;)V @ 1 c2
Event: 10.953 Thread 0x000001a602960bc0 DEOPT PACKING pc=0x000001a67354aa74 sp=0x0000006101ff9ca0
Event: 10.953 Thread 0x000001a602960bc0 DEOPT UNPACKING pc=0x000001a672ef69a3 sp=0x0000006101ff9c58 mode 2
Event: 10.967 Thread 0x000001a602960bc0 Uncommon trap: trap_request=0xffffff45 fr.pc=0x000001a67365d118 relative=0x00000000000004b8
Event: 10.967 Thread 0x000001a602960bc0 Uncommon trap: reason=unstable_if action=reinterpret pc=0x000001a67365d118 method=jdk.internal.org.objectweb.asm.MethodWriter.visitVarInsn(II)V @ 230 c2
Event: 10.967 Thread 0x000001a602960bc0 DEOPT PACKING pc=0x000001a67365d118 sp=0x0000006101ff9dd0
Event: 10.967 Thread 0x000001a602960bc0 DEOPT UNPACKING pc=0x000001a672ef69a3 sp=0x0000006101ff9d90 mode 2

Classes unloaded (0 events):
No events

Classes redefined (0 events):
No events

Internal exceptions (20 events):
Event: 10.596 Thread 0x000001a602960bc0 Exception <a 'java/lang/ClassNotFoundException'{0x000000008321fcb8}: groovy/lang/Closure$1Customizer> (0x000000008321fcb8) 
thrown [s\src\hotspot\share\classfile\systemDictionary.cpp, line 256]
Event: 10.661 Thread 0x000001a602960bc0 Exception <a 'java/lang/ClassNotFoundException'{0x00000000831c6d50}: org/gradle/execution/taskgraph/DefaultTaskExecutionGraphBeanInfo> (0x00000000831c6d50) 
thrown [s\src\hotspot\share\classfile\systemDictionary.cpp, line 256]
Event: 10.662 Thread 0x000001a602960bc0 Exception <a 'java/lang/ClassNotFoundException'{0x00000000831d5358}: org/gradle/execution/taskgraph/DefaultTaskExecutionGraphCustomizer> (0x00000000831d5358) 
thrown [s\src\hotspot\share\classfile\systemDictionary.cpp, line 256]
Event: 10.776 Thread 0x000001a602960bc0 Exception <a 'java/lang/ClassNotFoundException'{0x0000000082e1c320}: org/gradle/configuration/internal/DefaultListenerBuildOperationDecorator$BuildOperationEmittingClosureBeanInfo> (0x0000000082e1c320) 
thrown [s\src\hotspot\share\classfile\systemDictionary.cpp, line 256]
Event: 10.777 Thread 0x000001a602960bc0 Exception <a 'java/lang/ClassNotFoundException'{0x0000000082e2b228}: org/gradle/configuration/internal/DefaultListenerBuildOperationDecorator$BuildOperationEmittingClosureCustomizer> (0x0000000082e2b228) 
thrown [s\src\hotspot\share\classfile\systemDictionary.cpp, line 256]
Event: 10.846 Thread 0x000001a602960bc0 Exception <a 'java/lang/NoSuchMethodError'{0x000000008ff4a5a0}: 'java.lang.Object java.lang.invoke.DirectMethodHandle$Holder.newInvokeSpecial(java.lang.Object, java.lang.Object, int, int)'> (0x000000008ff4a5a0) 
thrown [s\src\hotspot\share\interpreter\linkResolver.cpp, line 771]
Event: 10.884 Thread 0x000001a602960bc0 Exception <a 'java/lang/NoSuchMethodError'{0x000000008d47e6b8}: 'java.lang.Object java.lang.invoke.DirectMethodHandle$Holder.invokeSpecial(java.lang.Object, java.lang.Object, java.lang.Object, java.lang.Object, java.lang.Object, java.lang.Object, java.lang.Object, java.lang.Object, java.lang.Object, java.lang.Object)'> (0x000000008d47e6b8) 
thrown [s\src\hotspot\share\interpreter\linkResolver.cpp, line 771]
Event: 10.885 Thread 0x000001a602960bc0 Exception <a 'java/lang/NoSuchMethodError'{0x000000008d487290}: 'java.lang.Object java.lang.invoke.Invokers$Holder.invoker(java.lang.Object, java.lang.Object, java.lang.Object, java.lang.Object, java.lang.Object, java.lang.Object, java.lang.Object, java.lang.Object, java.lang.Object)'> (0x000000008d487290) 
thrown [s\src\hotspot\share\interpreter\linkResolver.cpp, line 771]
Event: 10.912 Thread 0x000001a602960bc0 Exception <a 'java/lang/NoSuchMethodError'{0x000000008d328da8}: 'java.lang.Object java.lang.invoke.Invokers$Holder.invoker(java.lang.Object, java.lang.Object, java.lang.Object, java.lang.Object)'> (0x000000008d328da8) 
thrown [s\src\hotspot\share\interpreter\linkResolver.cpp, line 771]
Event: 10.937 Thread 0x000001a602960bc0 Exception <a 'java/lang/NoSuchMethodError'{0x000000008d3c7070}: 'java.lang.Object java.lang.invoke.DelegatingMethodHandle$Holder.reinvoke_L(java.lang.Object, java.lang.Object, java.lang.Object, java.lang.Object, java.lang.Object, java.lang.Object, java.lang.Object, java.lang.Object, java.lang.Object, java.lang.Object, java.lang.Object, java.lang.Object, java.lang.Object, java.lang.Object, java.lang.Object, java.lang.Object, java.lang.Object, java.lang.Object, java.lang.Object, java.lang.Object, java.lang.O
Event: 10.938 Thread 0x000001a602960bc0 Exception <a 'java/lang/NoSuchMethodError'{0x000000008d3d2840}: 'java.lang.Object java.lang.invoke.Invokers$Holder.invoker(java.lang.Object, java.lang.Object, java.lang.Object, java.lang.Object, java.lang.Object, java.lang.Object, java.lang.Object, java.lang.Object, java.lang.Object, java.lang.Object, java.lang.Object, java.lang.Object, java.lang.Object, java.lang.Object, java.lang.Object, java.lang.Object, java.lang.Object, java.lang.Object, java.lang.Object, java.lang.Object, java.lang.Object)'> (0x00000
Event: 10.939 Thread 0x000001a602960bc0 Exception <a 'java/lang/NoSuchMethodError'{0x000000008d3d91f8}: 'java.lang.Object java.lang.invoke.DelegatingMethodHandle$Holder.delegate(java.lang.Object, java.lang.Object, java.lang.Object, java.lang.Object, java.lang.Object, java.lang.Object, java.lang.Object, java.lang.Object, java.lang.Object, java.lang.Object, java.lang.Object, java.lang.Object, java.lang.Object, java.lang.Object, java.lang.Object, java.lang.Object, java.lang.Object, java.lang.Object, java.lang.Object, java.lang.Object, java.lang.Obj
Event: 10.970 Thread 0x000001a602960bc0 Exception <a 'java/lang/NoSuchMethodError'{0x000000008d249788}: 'java.lang.Object java.lang.invoke.DirectMethodHandle$Holder.invokeStatic(java.lang.Object, java.lang.Object, java.lang.Object, java.lang.Object, java.lang.Object, java.lang.Object, java.lang.Object, java.lang.Object, java.lang.Object, java.lang.Object, java.lang.Object, java.lang.Object, java.lang.Object, java.lang.Object, java.lang.Object, java.lang.Object, java.lang.Object)'> (0x000000008d249788) 
thrown [s\src\hotspot\share\interpreter\lin
Event: 10.988 Thread 0x000001a602960bc0 Exception <a 'java/lang/NoSuchMethodError'{0x000000008d271440}: 'java.lang.Object java.lang.invoke.DirectMethodHandle$Holder.invokeStatic(java.lang.Object, java.lang.Object, java.lang.Object, java.lang.Object, java.lang.Object, java.lang.Object, java.lang.Object, java.lang.Object, java.lang.Object, java.lang.Object, java.lang.Object, java.lang.Object, java.lang.Object, java.lang.Object, java.lang.Object, java.lang.Object, java.lang.Object, java.lang.Object)'> (0x000000008d271440) 
thrown [s\src\hotspot\sha
Event: 10.993 Thread 0x000001a602960bc0 Exception <a 'java/lang/NoSuchMethodError'{0x000000008d2997e0}: 'java.lang.Object java.lang.invoke.DirectMethodHandle$Holder.invokeStatic(java.lang.Object, java.lang.Object, java.lang.Object, java.lang.Object, java.lang.Object, java.lang.Object, java.lang.Object, java.lang.Object, java.lang.Object, java.lang.Object, java.lang.Object, java.lang.Object, java.lang.Object, java.lang.Object, java.lang.Object, java.lang.Object, java.lang.Object, java.lang.Object, java.lang.Object)'> (0x000000008d2997e0) 
thrown 
Event: 10.999 Thread 0x000001a602960bc0 Exception <a 'java/lang/NoSuchMethodError'{0x000000008d2c30d8}: 'java.lang.Object java.lang.invoke.DirectMethodHandle$Holder.invokeStatic(java.lang.Object, java.lang.Object, java.lang.Object, java.lang.Object, java.lang.Object, java.lang.Object, java.lang.Object, java.lang.Object, java.lang.Object, java.lang.Object, java.lang.Object, java.lang.Object, java.lang.Object, java.lang.Object, java.lang.Object, java.lang.Object, java.lang.Object, java.lang.Object, java.lang.Object, java.lang.Object)'> (0x00000000
Event: 11.007 Thread 0x000001a602960bc0 Exception <a 'java/lang/NoSuchMethodError'{0x000000008d2ed798}: 'java.lang.Object java.lang.invoke.DirectMethodHandle$Holder.invokeStatic(java.lang.Object, java.lang.Object, java.lang.Object, java.lang.Object, java.lang.Object, java.lang.Object, java.lang.Object, java.lang.Object, java.lang.Object, java.lang.Object, java.lang.Object, java.lang.Object, java.lang.Object, java.lang.Object, java.lang.Object, java.lang.Object, java.lang.Object, java.lang.Object, java.lang.Object, java.lang.Object, java.lang.Obj
Event: 11.013 Thread 0x000001a602960bc0 Exception <a 'java/lang/NoSuchMethodError'{0x000000008d119250}: 'java.lang.Object java.lang.invoke.DirectMethodHandle$Holder.invokeStatic(java.lang.Object, java.lang.Object, java.lang.Object, java.lang.Object, java.lang.Object, java.lang.Object, java.lang.Object, java.lang.Object, java.lang.Object, java.lang.Object, java.lang.Object, java.lang.Object, java.lang.Object, java.lang.Object, java.lang.Object, java.lang.Object, java.lang.Object, java.lang.Object, java.lang.Object, java.lang.Object, java.lang.Obj
Event: 11.019 Thread 0x000001a602960bc0 Exception <a 'java/lang/NoSuchMethodError'{0x000000008d145d48}: 'java.lang.Object java.lang.invoke.DirectMethodHandle$Holder.invokeStatic(java.lang.Object, java.lang.Object, java.lang.Object, java.lang.Object, java.lang.Object, java.lang.Object, java.lang.Object, java.lang.Object, java.lang.Object, java.lang.Object, java.lang.Object, java.lang.Object, java.lang.Object, java.lang.Object, java.lang.Object, java.lang.Object, java.lang.Object, java.lang.Object, java.lang.Object, java.lang.Object, java.lang.Obj
Event: 11.021 Thread 0x000001a602960bc0 Exception <a 'java/lang/NoSuchMethodError'{0x000000008d174350}: 'java.lang.Object java.lang.invoke.DirectMethodHandle$Holder.invokeStatic(java.lang.Object, java.lang.Object, java.lang.Object, java.lang.Object, java.lang.Object, java.lang.Object, java.lang.Object, java.lang.Object, java.lang.Object, java.lang.Object, java.lang.Object, java.lang.Object, java.lang.Object, java.lang.Object, java.lang.Object, java.lang.Object, java.lang.Object, java.lang.Object, java.lang.Object, java.lang.Object, java.lang.Obj

VM Operations (20 events):
Event: 9.679 Executing VM operation: HandshakeAllThreads
Event: 9.679 Executing VM operation: HandshakeAllThreads done
Event: 9.742 Executing VM operation: HandshakeAllThreads
Event: 9.742 Executing VM operation: HandshakeAllThreads done
Event: 9.922 Executing VM operation: HandshakeAllThreads
Event: 9.922 Executing VM operation: HandshakeAllThreads done
Event: 9.923 Executing VM operation: HandshakeAllThreads
Event: 9.923 Executing VM operation: HandshakeAllThreads done
Event: 9.928 Executing VM operation: HandshakeAllThreads
Event: 9.928 Executing VM operation: HandshakeAllThreads done
Event: 9.933 Executing VM operation: HandshakeAllThreads
Event: 9.933 Executing VM operation: HandshakeAllThreads done
Event: 9.944 Executing VM operation: HandshakeAllThreads
Event: 9.944 Executing VM operation: HandshakeAllThreads done
Event: 10.051 Executing VM operation: HandshakeAllThreads
Event: 10.051 Executing VM operation: HandshakeAllThreads done
Event: 10.179 Executing VM operation: G1CollectForAllocation
Event: 10.185 Executing VM operation: G1CollectForAllocation done
Event: 10.825 Executing VM operation: G1CollectForAllocation
Event: 10.832 Executing VM operation: G1CollectForAllocation done

Events (20 events):
Event: 10.949 loading class java/lang/invoke/BoundMethodHandle$Species_LLLLLLLLLLLLL
Event: 10.949 loading class java/lang/invoke/BoundMethodHandle$Species_LLLLLLLLLLLLL done
Event: 10.951 loading class java/lang/invoke/BoundMethodHandle$Species_LLLLLLLLLLLLLL
Event: 10.951 loading class java/lang/invoke/BoundMethodHandle$Species_LLLLLLLLLLLLLL done
Event: 10.951 loading class java/lang/invoke/ClassSpecializer$Factory$1Var
Event: 10.952 loading class java/lang/invoke/ClassSpecializer$Factory$1Var done
Event: 10.978 loading class java/lang/invoke/BoundMethodHandle$Species_LLLLLLLLLLLLLLL
Event: 10.978 loading class java/lang/invoke/BoundMethodHandle$Species_LLLLLLLLLLLLLLL done
Event: 10.990 loading class java/lang/invoke/BoundMethodHandle$Species_LLLLLLLLLLLLLLLL
Event: 10.990 loading class java/lang/invoke/BoundMethodHandle$Species_LLLLLLLLLLLLLLLL done
Event: 10.995 loading class java/lang/invoke/BoundMethodHandle$Species_LLLLLLLLLLLLLLLLL
Event: 10.995 loading class java/lang/invoke/BoundMethodHandle$Species_LLLLLLLLLLLLLLLLL done
Event: 11.004 loading class java/lang/invoke/BoundMethodHandle$Species_LLLLLLLLLLLLLLLLLL
Event: 11.004 loading class java/lang/invoke/BoundMethodHandle$Species_LLLLLLLLLLLLLLLLLL done
Event: 11.009 loading class java/lang/invoke/BoundMethodHandle$Species_LLLLLLLLLLLLLLLLLLL
Event: 11.009 loading class java/lang/invoke/BoundMethodHandle$Species_LLLLLLLLLLLLLLLLLLL done
Event: 11.017 loading class java/lang/invoke/BoundMethodHandle$Species_LLLLLLLLLLLLLLLLLLLL
Event: 11.017 loading class java/lang/invoke/BoundMethodHandle$Species_LLLLLLLLLLLLLLLLLLLL done
Event: 11.020 loading class java/lang/invoke/BoundMethodHandle$Species_LLLLLLLLLLLLLLLLLLLLL
Event: 11.020 loading class java/lang/invoke/BoundMethodHandle$Species_LLLLLLLLLLLLLLLLLLLLL done


Dynamic libraries:
0x00007ff769280000 - 0x00007ff76928a000 	C:\Program Files\Android\Android Studio\jbr\bin\java.exe
0x00007ffc0cb30000 - 0x00007ffc0cd27000 	C:\Windows\SYSTEM32\ntdll.dll
0x00007ffc0ba80000 - 0x00007ffc0bb3d000 	C:\Windows\System32\KERNEL32.DLL
0x00007ffc0a480000 - 0x00007ffc0a776000 	C:\Windows\System32\KERNELBASE.dll
0x00007ffc0a780000 - 0x00007ffc0a880000 	C:\Windows\System32\ucrtbase.dll
0x00007ffc01630000 - 0x00007ffc01647000 	C:\Program Files\Android\Android Studio\jbr\bin\jli.dll
0x00007ffbed550000 - 0x00007ffbed56b000 	C:\Program Files\Android\Android Studio\jbr\bin\VCRUNTIME140.dll
0x00007ffc0c8b0000 - 0x00007ffc0ca4e000 	C:\Windows\System32\USER32.dll
0x00007ffbf6790000 - 0x00007ffbf6a2a000 	C:\Windows\WinSxS\amd64_microsoft.windows.common-controls_6595b64144ccf1df_6.0.19041.3570_none_60bb2a3971f3e41a\COMCTL32.dll
0x00007ffc0a450000 - 0x00007ffc0a472000 	C:\Windows\System32\win32u.dll
0x00007ffc0b6d0000 - 0x00007ffc0b76e000 	C:\Windows\System32\msvcrt.dll
0x00007ffc0bb40000 - 0x00007ffc0bb6c000 	C:\Windows\System32\GDI32.dll
0x00007ffc0aa70000 - 0x00007ffc0ab8a000 	C:\Windows\System32\gdi32full.dll
0x00007ffc0a8b0000 - 0x00007ffc0a94d000 	C:\Windows\System32\msvcp_win.dll
0x00007ffc0b880000 - 0x00007ffc0b8b0000 	C:\Windows\System32\IMM32.DLL
0x00007ffbf7c30000 - 0x00007ffbf7c3c000 	C:\Program Files\Android\Android Studio\jbr\bin\vcruntime140_1.dll
0x00007ffbc3750000 - 0x00007ffbc37dd000 	C:\Program Files\Android\Android Studio\jbr\bin\msvcp140.dll
0x00007ffbd3d70000 - 0x00007ffbd49de000 	C:\Program Files\Android\Android Studio\jbr\bin\server\jvm.dll
0x00007ffc0c3a0000 - 0x00007ffc0c44e000 	C:\Windows\System32\ADVAPI32.dll
0x00007ffc0ca50000 - 0x00007ffc0caec000 	C:\Windows\System32\sechost.dll
0x00007ffc0c4c0000 - 0x00007ffc0c5e6000 	C:\Windows\System32\RPCRT4.dll
0x00007ffbfe460000 - 0x00007ffbfe469000 	C:\Windows\SYSTEM32\WSOCK32.dll
0x00007ffc0c450000 - 0x00007ffc0c4bb000 	C:\Windows\System32\WS2_32.dll
0x00007ffc008b0000 - 0x00007ffc008d7000 	C:\Windows\SYSTEM32\WINMM.dll
0x00007ffc076e0000 - 0x00007ffc076ea000 	C:\Windows\SYSTEM32\VERSION.dll
0x00007ffc08a00000 - 0x00007ffc08a12000 	C:\Windows\SYSTEM32\kernel.appcore.dll
0x00007ffc07060000 - 0x00007ffc0706a000 	C:\Program Files\Android\Android Studio\jbr\bin\jimage.dll
0x00007ffc08700000 - 0x00007ffc088e4000 	C:\Windows\SYSTEM32\DBGHELP.DLL
0x00007ffbefc30000 - 0x00007ffbefc64000 	C:\Windows\SYSTEM32\dbgcore.DLL
0x00007ffc0a210000 - 0x00007ffc0a292000 	C:\Windows\System32\bcryptPrimitives.dll
0x00007ffc01820000 - 0x00007ffc01845000 	C:\Program Files\Android\Android Studio\jbr\bin\java.dll
0x00007ffc056b0000 - 0x00007ffc056c8000 	C:\Program Files\Android\Android Studio\jbr\bin\zip.dll
0x00007ffc0acf0000 - 0x00007ffc0b434000 	C:\Windows\System32\SHELL32.dll
0x00007ffc07e90000 - 0x00007ffc0862b000 	C:\Windows\SYSTEM32\windows.storage.dll
0x00007ffc0bfe0000 - 0x00007ffc0c334000 	C:\Windows\System32\combase.dll
0x00007ffc09b00000 - 0x00007ffc09b2d000 	C:\Windows\SYSTEM32\Wldp.dll
0x00007ffc0ac40000 - 0x00007ffc0aced000 	C:\Windows\System32\SHCORE.dll
0x00007ffc0c340000 - 0x00007ffc0c395000 	C:\Windows\System32\shlwapi.dll
0x00007ffc0a140000 - 0x00007ffc0a165000 	C:\Windows\SYSTEM32\profapi.dll
0x00007ffc01ed0000 - 0x00007ffc01ee9000 	C:\Program Files\Android\Android Studio\jbr\bin\net.dll
0x00007ffbf6fe0000 - 0x00007ffbf70ea000 	C:\Windows\SYSTEM32\WINHTTP.dll
0x00007ffc098e0000 - 0x00007ffc0994a000 	C:\Windows\system32\mswsock.dll
0x00007ffc01650000 - 0x00007ffc01666000 	C:\Program Files\Android\Android Studio\jbr\bin\nio.dll
0x00007ffc07040000 - 0x00007ffc07050000 	C:\Program Files\Android\Android Studio\jbr\bin\verify.dll
0x00007ffbdf530000 - 0x00007ffbdf557000 	C:\Users\Administrator\.gradle\native\68d5fa5c4cc2d200863cafc0d521ce42e7d3e7ee720ec0a83991735586a16f82\windows-amd64\native-platform.dll
0x00007ffbab530000 - 0x00007ffbab674000 	C:\Users\Administrator\.gradle\native\e376f236ea51e6404a007f0833ffe2c6e607c4080706a723a18a27aeea778392\windows-amd64\native-platform-file-events.dll
0x00007ffc035a0000 - 0x00007ffc035a9000 	C:\Program Files\Android\Android Studio\jbr\bin\management.dll
0x00007ffc030f0000 - 0x00007ffc030fb000 	C:\Program Files\Android\Android Studio\jbr\bin\management_ext.dll
0x00007ffc0c8a0000 - 0x00007ffc0c8a8000 	C:\Windows\System32\PSAPI.DLL
0x00007ffc09bb0000 - 0x00007ffc09bc8000 	C:\Windows\SYSTEM32\CRYPTSP.dll
0x00007ffc091b0000 - 0x00007ffc091e4000 	C:\Windows\system32\rsaenh.dll
0x00007ffc0a880000 - 0x00007ffc0a8a7000 	C:\Windows\System32\bcrypt.dll
0x00007ffc0a0c0000 - 0x00007ffc0a0ee000 	C:\Windows\SYSTEM32\USERENV.dll
0x00007ffc09a70000 - 0x00007ffc09a7c000 	C:\Windows\SYSTEM32\CRYPTBASE.dll
0x00007ffc09590000 - 0x00007ffc095cb000 	C:\Windows\SYSTEM32\IPHLPAPI.DLL
0x00007ffc0ba70000 - 0x00007ffc0ba78000 	C:\Windows\System32\NSI.dll
0x00007ffbf7470000 - 0x00007ffbf7487000 	C:\Windows\SYSTEM32\dhcpcsvc6.DLL
0x00007ffbf7550000 - 0x00007ffbf756d000 	C:\Windows\SYSTEM32\dhcpcsvc.DLL
0x00007ffc095d0000 - 0x00007ffc0969a000 	C:\Windows\SYSTEM32\DNSAPI.dll
0x00007ffc02ef0000 - 0x00007ffc02ef7000 	C:\Windows\system32\wshunix.dll

dbghelp: loaded successfully - version: 4.0.5 - missing functions: none
symbol engine: initialized successfully - sym options: 0x614 - pdb path: .;C:\Program Files\Android\Android Studio\jbr\bin;C:\Windows\SYSTEM32;C:\Windows\WinSxS\amd64_microsoft.windows.common-controls_6595b64144ccf1df_6.0.19041.3570_none_60bb2a3971f3e41a;C:\Program Files\Android\Android Studio\jbr\bin\server;C:\Users\Administrator\.gradle\native\68d5fa5c4cc2d200863cafc0d521ce42e7d3e7ee720ec0a83991735586a16f82\windows-amd64;C:\Users\Administrator\.gradle\native\e376f236ea51e6404a007f0833ffe2c6e607c4080706a723a18a27aeea778392\windows-amd64

VM Arguments:
jvm_args: --add-opens=java.base/java.util=ALL-UNNAMED --add-opens=java.base/java.lang=ALL-UNNAMED --add-opens=java.base/java.lang.invoke=ALL-UNNAMED --add-opens=java.prefs/java.util.prefs=ALL-UNNAMED --add-opens=java.base/java.nio.charset=ALL-UNNAMED --add-opens=java.base/java.net=ALL-UNNAMED --add-opens=java.base/java.util.concurrent.atomic=ALL-UNNAMED -Xmx2048m -Dfile.encoding=UTF-8 -Duser.country=US -Duser.language=en -Duser.variant 
java_command: org.gradle.launcher.daemon.bootstrap.GradleDaemon 8.0
java_class_path (initial): C:\Users\Administrator\.gradle\wrapper\dists\gradle-8.0-bin\ca5e32bp14vu59qr306oxotwh\gradle-8.0\lib\gradle-launcher-8.0.jar
Launcher Type: SUN_STANDARD

[Global flags]
     intx CICompilerCount                          = 3                                         {product} {ergonomic}
     uint ConcGCThreads                            = 1                                         {product} {ergonomic}
     uint G1ConcRefinementThreads                  = 4                                         {product} {ergonomic}
   size_t G1HeapRegionSize                         = 1048576                                   {product} {ergonomic}
    uintx GCDrainStackTargetSize                   = 64                                        {product} {ergonomic}
   size_t InitialHeapSize                          = 268435456                                 {product} {ergonomic}
   size_t MarkStackSize                            = 4194304                                   {product} {ergonomic}
   size_t MaxHeapSize                              = 2147483648                                {product} {command line}
   size_t MaxNewSize                               = 1287651328                                {product} {ergonomic}
   size_t MinHeapDeltaBytes                        = 1048576                                   {product} {ergonomic}
   size_t MinHeapSize                              = 8388608                                   {product} {ergonomic}
    uintx NonNMethodCodeHeapSize                   = 5832780                                {pd product} {ergonomic}
    uintx NonProfiledCodeHeapSize                  = 122912730                              {pd product} {ergonomic}
    uintx ProfiledCodeHeapSize                     = 122912730                              {pd product} {ergonomic}
    uintx ReservedCodeCacheSize                    = 251658240                              {pd product} {ergonomic}
     bool SegmentedCodeCache                       = true                                      {product} {ergonomic}
   size_t SoftMaxHeapSize                          = 2147483648                             {manageable} {ergonomic}
     bool UseCompressedClassPointers               = true                           {product lp64_product} {ergonomic}
     bool UseCompressedOops                        = true                           {product lp64_product} {ergonomic}
     bool UseG1GC                                  = true                                      {product} {ergonomic}
     bool UseLargePagesIndividualAllocation        = false                                  {pd product} {ergonomic}

Logging:
Log output configuration:
 #0: stdout all=warning uptime,level,tags
 #1: stderr all=off uptime,level,tags

Environment Variables:
JAVA_HOME=C:\Program Files\jdk-21.0.1
PATH=C:\Program Files\Common Files\Oracle\Java\javapath;C:\Program Files (x86)\Common Files\Oracle\Java\javapath;C:\Windows\system32;C:\Windows;C:\Windows\System32\Wbem;C:\Windows\System32\WindowsPowerShell\v1.0\;C:\Windows\System32\OpenSSH\;C:\Program Files\Git\cmd;C:\xampp\php;;C:\Program Files\Docker\Docker\resources\bin;C:\Users\Administrator\AppData\Local\Programs\Python\Python39\Scripts\;C:\Users\Administrator\AppData\Local\Programs\Python\Python39\;C:\Users\Administrator\AppData\Local\Microsoft\WindowsApps;C:\Users\Administrator\AppData\Local\Programs\Microsoft VS Code\bin;C:\Users\Administrator\AppData\Local\GitHubDesktop\bin;C:\msys64\mingw64\bin;C:\Users\Administrator\Downloads\gradle-8.4-bin\gradle-8.4\bin;C:\Users\Administrator\Downloads\gradle-8.4-bin\bin;;C:\Program Files\JetBrains\PyCharm 2023.2.4\bin;
USERNAME=Administrator
OS=Windows_NT
PROCESSOR_IDENTIFIER=Intel64 Family 6 Model 78 Stepping 3, GenuineIntel
TMP=C:\Users\ADMINI~1\AppData\Local\Temp
TEMP=C:\Users\ADMINI~1\AppData\Local\Temp


JNI global refs:
JNI global refs: 22, weak refs: 1

JNI global refs memory usage: 843, weak refs: 841


---------------  S Y S T E M  ---------------

OS:
 Windows 10 , 64 bit Build 19041 (10.0.19041.3570)
OS uptime: 8 days 4:48 hours
Hyper-V role detected

CPU: total 4 (initial active 4) (2 cores per cpu, 2 threads per core) family 6 model 78 stepping 3 microcode 0xcc, cx8, cmov, fxsr, ht, mmx, 3dnowpref, sse, sse2, sse3, ssse3, sse4.1, sse4.2, popcnt, lzcnt, tsc, tscinvbit, avx, avx2, aes, erms, clmul, bmi1, bmi2, rtm, adx, fma, vzeroupper, clflush, clflushopt, hv

Memory: 4k page, system-wide physical 16268M (740M free)
TotalPageFile size 35014M (AvailPageFile size 5M)
current process WorkingSet (physical memory assigned to process): 201M, peak: 201M
current process commit charge ("private bytes"): 227M, peak: 389M

vm_info: OpenJDK 64-Bit Server VM (17.0.6+0-b2043.56-10027231) for windows-amd64 JRE (17.0.6+0-b2043.56-10027231), built on Apr 28 2023 00:43:19 by "androidbuild" with MS VC++ 16.10 / 16.11 (VS2019)

END.
