#
# There is insufficient memory for the Java Runtime Environment to continue.
# Native memory allocation (mmap) failed to map 37748736 bytes for G1 virtual space
# Possible reasons:
#   The system is out of physical RAM or swap space
#   The process is running with CompressedOops enabled, and the Java Heap may be blocking the growth of the native heap
# Possible solutions:
#   Reduce memory load on the system
#   Increase physical memory or swap space
#   Check if swap backing store is full
#   Decrease Java heap size (-Xmx/-Xms)
#   Decrease number of Java threads
#   Decrease Java thread stack sizes (-Xss)
#   Set larger code cache with -XX:ReservedCodeCacheSize=
#   JVM is running with Unscaled Compressed Oops mode in which the Java heap is
#     placed in the first 4GB address space. The Java Heap base address is the
#     maximum limit for the native heap growth. Please use -XX:HeapBaseMinAddress
#     to set the Java Heap base and to place the Java Heap above 4GB virtual address.
# This output file may be truncated or incomplete.
#
#  Out of Memory Error (os_windows.cpp:3769), pid=18940, tid=22708
#
# JRE version: OpenJDK Runtime Environment (17.0.6) (build 17.0.6+0-b2043.56-10027231)
# Java VM: OpenJDK 64-Bit Server VM (17.0.6+0-b2043.56-10027231, mixed mode, tiered, compressed oops, compressed class ptrs, g1 gc, windows-amd64)
# No core dump will be written. Minidumps are not enabled by default on client versions of Windows
#

---------------  S U M M A R Y ------------

Command Line: --add-opens=java.base/java.util=ALL-UNNAMED --add-opens=java.base/java.lang=ALL-UNNAMED --add-opens=java.base/java.lang.invoke=ALL-UNNAMED --add-opens=java.prefs/java.util.prefs=ALL-UNNAMED --add-opens=java.base/java.nio.charset=ALL-UNNAMED --add-opens=java.base/java.net=ALL-UNNAMED --add-opens=java.base/java.util.concurrent.atomic=ALL-UNNAMED -Xmx2048m -Dfile.encoding=UTF-8 -Duser.country=US -Duser.language=en -Duser.variant org.gradle.launcher.daemon.bootstrap.GradleDaemon 8.0

Host: 11th Gen Intel(R) Core(TM) i5-11400H @ 2.70GHz, 12 cores, 15G,  Windows 11 , 64 bit Build 22621 (10.0.22621.2506)
Time: Fri Dec  1 22:52:47 2023 SE Asia Standard Time elapsed time: 8.744334 seconds (0d 0h 0m 8s)

---------------  T H R E A D  ---------------

Current thread (0x000001af17080090):  VMThread "VM Thread" [stack: 0x000000ab52f00000,0x000000ab53000000] [id=22708]

Stack: [0x000000ab52f00000,0x000000ab53000000]
Native frames: (J=compiled Java code, j=interpreted, Vv=VM code, C=native code)
V  [jvm.dll+0x683c9a]
V  [jvm.dll+0x8427a4]
V  [jvm.dll+0x843f9e]
V  [jvm.dll+0x844603]
V  [jvm.dll+0x249b75]
V  [jvm.dll+0x680b69]
V  [jvm.dll+0x67505a]
V  [jvm.dll+0x309acb]
V  [jvm.dll+0x310f86]
V  [jvm.dll+0x3608ee]
V  [jvm.dll+0x360b1f]
V  [jvm.dll+0x2dfbf8]
V  [jvm.dll+0x2ddec4]
V  [jvm.dll+0x2dd4cc]
V  [jvm.dll+0x321f3b]
V  [jvm.dll+0x848ccb]
V  [jvm.dll+0x849a04]
V  [jvm.dll+0x849f1d]
V  [jvm.dll+0x84a2f4]
V  [jvm.dll+0x84a3c0]
V  [jvm.dll+0x7f274a]
V  [jvm.dll+0x682ad5]
C  [ucrtbase.dll+0x29363]
C  [KERNEL32.DLL+0x1257d]
C  [ntdll.dll+0x5aa58]

VM_Operation (0x000000ab5eef74f0): G1CollectForAllocation, mode: safepoint, requested by thread 0x000001af1a126b80


---------------  P R O C E S S  ---------------

Threads class SMR info:
_java_thread_list=0x000001af1e7eb7b0, length=187, elements={
0x000001af7cd7b700, 0x000001af17c3f030, 0x000001af17c40800, 0x000001af17c844d0,
0x000001af17c85080, 0x000001af17c87d50, 0x000001af17c8b520, 0x000001af17c8c6c0,
0x000001af17c8e6d0, 0x000001af17c970d0, 0x000001af17e03f60, 0x000001af17e0c5c0,
0x000001af17ef0170, 0x000001af17faf480, 0x000001af1a856fe0, 0x000001af18e9b5a0,
0x000001af1afc94d0, 0x000001af1aa87f30, 0x000001af1a4cfbf0, 0x000001af1902c010,
0x000001af1902a330, 0x000001af1902c9b0, 0x000001af1902bb40, 0x000001af1902ce80,
0x000001af1902a800, 0x000001af1902b1a0, 0x000001af1902acd0, 0x000001af1902b670,
0x000001af1902d350, 0x000001af1902c4e0, 0x000001af1902d820, 0x000001af1902dcf0,
0x000001af1aa7d080, 0x000001af1aa7e890, 0x000001af1aa7b870, 0x000001af1aa7b3a0,
0x000001af1aa7c6e0, 0x000001af1aa7fbd0, 0x000001af1aa7bd40, 0x000001af1aa80a40,
0x000001af1aa80f10, 0x000001af1aa7f230, 0x000001af1aa800a0, 0x000001af1aa7c210,
0x000001af1aa7a060, 0x000001af1aa7da20, 0x000001af1aa7ed60, 0x000001af1aa7def0,
0x000001af1aa7e3c0, 0x000001af1aa7a530, 0x000001af1aa7f700, 0x000001af1aa7aed0,
0x000001af1aa7aa00, 0x000001af1aa7cbb0, 0x000001af20a7f920, 0x000001af20a7f450,
0x000001af20a802c0, 0x000001af20a80790, 0x000001af20a80c60, 0x000001af20a83c80,
0x000001af20a7fdf0, 0x000001af20a82470, 0x000001af20a81130, 0x000001af20a82940,
0x000001af20a84fc0, 0x000001af20a81600, 0x000001af20a837b0, 0x000001af20a84150,
0x000001af20a7ef80, 0x000001af20a85960, 0x000001af20a81ad0, 0x000001af20a81fa0,
0x000001af20a832e0, 0x000001af20a82e10, 0x000001af20a85490, 0x000001af20a7e5e0,
0x000001af20a84620, 0x000001af20a84af0, 0x000001af20a7e110, 0x000001af20a7eab0,
0x000001af1e0b4480, 0x000001af1e0b0f90, 0x000001af1e0b22d0, 0x000001af1e0b5c90,
0x000001af1e0b3ae0, 0x000001af1e0af2b0, 0x000001af1e0b3fb0, 0x000001af1e0b1e00,
0x000001af1e0b4950, 0x000001af1e0b1460, 0x000001af1e0b0120, 0x000001af1e0ae440,
0x000001af1e0b1930, 0x000001af1e0b3610, 0x000001af1e0b52f0, 0x000001af1e0afc50,
0x000001af1e0b0ac0, 0x000001af1e0b57c0, 0x000001af1e0b4e20, 0x000001af1e0b27a0,
0x000001af1e0ae910, 0x000001af1e0b2c70, 0x000001af1e0b3140, 0x000001af1e0af780,
0x000001af1e0b05f0, 0x000001af1e0aede0, 0x000001af1e48d4d0, 0x000001af1e487e30,
0x000001af1e488300, 0x000001af1e48f680, 0x000001af1e48e810, 0x000001af1e48d9a0,
0x000001af1e4887d0, 0x000001af1e488ca0, 0x000001af1e48c660, 0x000001af1e489170,
0x000001af1e489640, 0x000001af1e489b10, 0x000001af1e48de70, 0x000001af1e489fe0,
0x000001af1e48e340, 0x000001af1e48cb30, 0x000001af1e48c190, 0x000001af1e48b320,
0x000001af1e48a4b0, 0x000001af1e48a980, 0x000001af1e48d000, 0x000001af1e48ece0,
0x000001af1e48ae50, 0x000001af1e48b7f0, 0x000001af1e48bcc0, 0x000001af1e48f1b0,
0x000001af1e4bab00, 0x000001af1e4be4c0, 0x000001af1e4be990, 0x000001af1e4c0670,
0x000001af1e4c01a0, 0x000001af1e4bb4a0, 0x000001af1e4bc7e0, 0x000001af1e4c0b40,
0x000001af1e4c1010, 0x000001af1e4c14e0, 0x000001af1e4bccb0, 0x000001af1e4bafd0,
0x000001af1e4bee60, 0x000001af1e4bc310, 0x000001af1e4bb970, 0x000001af1e4bfcd0,
0x000001af1e4c19b0, 0x000001af1e4bdff0, 0x000001af1e4c1e80, 0x000001af1e4bd180,
0x000001af1e4bbe40, 0x000001af1e4bf330, 0x000001af1e4ba630, 0x000001af1e4bd650,
0x000001af1e4bf800, 0x000001af1e4bdb20, 0x000001af20ce2f70, 0x000001af20ce2aa0,
0x000001af20ce25d0, 0x000001af20ce3910, 0x000001af20ce1c30, 0x000001af20ce2100,
0x000001af20ce3440, 0x000001af20ce77a0, 0x000001af20ce5ac0, 0x000001af20ce42b0,
0x000001af20ce4c50, 0x000001af20ce5f90, 0x000001af20ce5120, 0x000001af20ce08f0,
0x000001af20ce6e00, 0x000001af20ce4780, 0x000001af20ce8140, 0x000001af1a124ea0,
0x000001af1a1249d0, 0x000001af1a125d10, 0x000001af1a1261e0, 0x000001af1a126b80,
0x000001af1a1279f0, 0x000001af1a1266b0, 0x000001af1a124500, 0x000001af1a127050,
0x000001af1a125370, 0x000001af1a127520, 0x000001af1a127ec0
}

Java Threads: ( => current thread )
  0x000001af7cd7b700 JavaThread "main" [_thread_blocked, id=8012, stack(0x000000ab52900000,0x000000ab52a00000)]
  0x000001af17c3f030 JavaThread "Reference Handler" daemon [_thread_blocked, id=25592, stack(0x000000ab53000000,0x000000ab53100000)]
  0x000001af17c40800 JavaThread "Finalizer" daemon [_thread_blocked, id=14276, stack(0x000000ab53100000,0x000000ab53200000)]
  0x000001af17c844d0 JavaThread "Signal Dispatcher" daemon [_thread_blocked, id=1920, stack(0x000000ab53200000,0x000000ab53300000)]
  0x000001af17c85080 JavaThread "Attach Listener" daemon [_thread_blocked, id=11088, stack(0x000000ab53300000,0x000000ab53400000)]
  0x000001af17c87d50 JavaThread "Service Thread" daemon [_thread_blocked, id=10936, stack(0x000000ab53400000,0x000000ab53500000)]
  0x000001af17c8b520 JavaThread "Monitor Deflation Thread" daemon [_thread_blocked, id=26504, stack(0x000000ab53500000,0x000000ab53600000)]
  0x000001af17c8c6c0 JavaThread "C2 CompilerThread0" daemon [_thread_blocked, id=19120, stack(0x000000ab53600000,0x000000ab53700000)]
  0x000001af17c8e6d0 JavaThread "C1 CompilerThread0" daemon [_thread_blocked, id=23184, stack(0x000000ab53700000,0x000000ab53800000)]
  0x000001af17c970d0 JavaThread "Sweeper thread" daemon [_thread_blocked, id=18696, stack(0x000000ab53800000,0x000000ab53900000)]
  0x000001af17e03f60 JavaThread "Common-Cleaner" daemon [_thread_blocked, id=16244, stack(0x000000ab53900000,0x000000ab53a00000)]
  0x000001af17e0c5c0 JavaThread "Notification Thread" daemon [_thread_blocked, id=13460, stack(0x000000ab53a00000,0x000000ab53b00000)]
  0x000001af17ef0170 JavaThread "C2 CompilerThread1" daemon [_thread_blocked, id=4436, stack(0x000000ab53c00000,0x000000ab53d00000)]
  0x000001af17faf480 JavaThread "C2 CompilerThread2" daemon [_thread_blocked, id=7088, stack(0x000000ab53d00000,0x000000ab53e00000)]
  0x000001af1a856fe0 JavaThread "Daemon health stats" [_thread_blocked, id=5860, stack(0x000000ab54300000,0x000000ab54400000)]
  0x000001af18e9b5a0 JavaThread "Incoming local TCP Connector on port 55692" [_thread_in_native, id=27064, stack(0x000000ab54400000,0x000000ab54500000)]
  0x000001af1afc94d0 JavaThread "Daemon periodic checks" [_thread_blocked, id=21220, stack(0x000000ab54500000,0x000000ab54600000)]
  0x000001af1aa87f30 JavaThread "Daemon" [_thread_blocked, id=19880, stack(0x000000ab54600000,0x000000ab54700000)]
  0x000001af1a4cfbf0 JavaThread "Handler for socket connection from /127.0.0.1:55692 to /127.0.0.1:55693" [_thread_in_native, id=15960, stack(0x000000ab54700000,0x000000ab54800000)]
  0x000001af1902c010 JavaThread "Cancel handler" [_thread_blocked, id=21564, stack(0x000000ab54800000,0x000000ab54900000)]
  0x000001af1902a330 JavaThread "Daemon worker" [_thread_blocked, id=952, stack(0x000000ab54900000,0x000000ab54a00000)]
  0x000001af1902c9b0 JavaThread "Asynchronous log dispatcher for DefaultDaemonConnection: socket connection from /127.0.0.1:55692 to /127.0.0.1:55693" [_thread_blocked, id=23848, stack(0x000000ab54a00000,0x000000ab54b00000)]
  0x000001af1902bb40 JavaThread "Stdin handler" [_thread_blocked, id=8628, stack(0x000000ab54b00000,0x000000ab54c00000)]
  0x000001af1902ce80 JavaThread "Daemon client event forwarder" [_thread_blocked, id=14892, stack(0x000000ab54c00000,0x000000ab54d00000)]
  0x000001af1902a800 JavaThread "Cache worker for journal cache (C:\Users\KIM\.gradle\caches\journal-1)" [_thread_blocked, id=23172, stack(0x000000ab55300000,0x000000ab55400000)]
  0x000001af1902b1a0 JavaThread "File lock request listener" [_thread_in_native, id=20244, stack(0x000000ab55400000,0x000000ab55500000)]
  0x000001af1902acd0 JavaThread "Cache worker for file hash cache (C:\Users\KIM\.gradle\caches\8.0\fileHashes)" [_thread_blocked, id=27560, stack(0x000000ab55500000,0x000000ab55600000)]
  0x000001af1902b670 JavaThread "File watcher server" daemon [_thread_blocked, id=25480, stack(0x000000ab55600000,0x000000ab55700000)]
  0x000001af1902d350 JavaThread "File watcher consumer" daemon [_thread_blocked, id=13748, stack(0x000000ab55700000,0x000000ab55800000)]
  0x000001af1902c4e0 JavaThread "Cache worker for checksums cache (C:\Users\KIM\Desktop\android studio\FOO-CATION\.gradle\8.0\checksums)" [_thread_blocked, id=18692, stack(0x000000ab55800000,0x000000ab55900000)]
  0x000001af1902d820 JavaThread "Cache worker for cache directory md-rule (C:\Users\KIM\.gradle\caches\8.0\md-rule)" [_thread_blocked, id=2896, stack(0x000000ab55900000,0x000000ab55a00000)]
  0x000001af1902dcf0 JavaThread "Cache worker for file content cache (C:\Users\KIM\.gradle\caches\8.0\fileContent)" [_thread_blocked, id=18204, stack(0x000000ab55a00000,0x000000ab55b00000)]
  0x000001af1aa7d080 JavaThread "Cache worker for file hash cache (C:\Users\KIM\Desktop\android studio\FOO-CATION\.gradle\8.0\fileHashes)" [_thread_blocked, id=10056, stack(0x000000ab55b00000,0x000000ab55c00000)]
  0x000001af1aa7e890 JavaThread "Cache worker for cache directory md-supplier (C:\Users\KIM\.gradle\caches\8.0\md-supplier)" [_thread_blocked, id=13168, stack(0x000000ab55c00000,0x000000ab55d00000)]
  0x000001af1aa7b870 JavaThread "Cache worker for execution history cache (C:\Users\KIM\.gradle\caches\8.0\executionHistory)" [_thread_blocked, id=24852, stack(0x000000ab55d00000,0x000000ab55e00000)]
  0x000001af1aa7b3a0 JavaThread "jar transforms" [_thread_blocked, id=17604, stack(0x000000ab55e00000,0x000000ab55f00000)]
  0x000001af1aa7c6e0 JavaThread "jar transforms Thread 2" [_thread_blocked, id=1676, stack(0x000000ab55f00000,0x000000ab56000000)]
  0x000001af1aa7fbd0 JavaThread "Cache worker for kotlin-dsl (C:\Users\KIM\.gradle\caches\8.0\kotlin-dsl)" [_thread_blocked, id=21076, stack(0x000000ab56000000,0x000000ab56100000)]
  0x000001af1aa7bd40 JavaThread "jar transforms Thread 3" [_thread_blocked, id=3696, stack(0x000000ab56100000,0x000000ab56200000)]
  0x000001af1aa80a40 JavaThread "jar transforms Thread 4" [_thread_blocked, id=19216, stack(0x000000ab56200000,0x000000ab56300000)]
  0x000001af1aa80f10 JavaThread "Cache worker for dependencies-accessors (C:\Users\KIM\Desktop\android studio\FOO-CATION\.gradle\8.0\dependencies-accessors)" [_thread_blocked, id=21444, stack(0x000000ab56300000,0x000000ab56400000)]
  0x000001af1aa7f230 JavaThread "Cache worker for Build Output Cleanup Cache (C:\Users\KIM\Desktop\android studio\FOO-CATION\.gradle\buildOutputCleanup)" [_thread_blocked, id=23752, stack(0x000000ab56400000,0x000000ab56500000)]
  0x000001af1aa800a0 JavaThread "jar transforms Thread 5" [_thread_blocked, id=15844, stack(0x000000ab56500000,0x000000ab56600000)]
  0x000001af1aa7c210 JavaThread "Unconstrained build operations" [_thread_blocked, id=17620, stack(0x000000ab56600000,0x000000ab56700000)]
  0x000001af1aa7a060 JavaThread "Unconstrained build operations Thread 2" [_thread_blocked, id=1980, stack(0x000000ab56700000,0x000000ab56800000)]
  0x000001af1aa7da20 JavaThread "Unconstrained build operations Thread 3" [_thread_blocked, id=10780, stack(0x000000ab56800000,0x000000ab56900000)]
  0x000001af1aa7ed60 JavaThread "Unconstrained build operations Thread 4" [_thread_blocked, id=26184, stack(0x000000ab56900000,0x000000ab56a00000)]
  0x000001af1aa7def0 JavaThread "Unconstrained build operations Thread 5" [_thread_blocked, id=18960, stack(0x000000ab56a00000,0x000000ab56b00000)]
  0x000001af1aa7e3c0 JavaThread "Unconstrained build operations Thread 6" [_thread_blocked, id=18768, stack(0x000000ab56b00000,0x000000ab56c00000)]
  0x000001af1aa7a530 JavaThread "Unconstrained build operations Thread 7" [_thread_blocked, id=24840, stack(0x000000ab56c00000,0x000000ab56d00000)]
  0x000001af1aa7f700 JavaThread "Unconstrained build operations Thread 8" [_thread_blocked, id=2100, stack(0x000000ab56d00000,0x000000ab56e00000)]
  0x000001af1aa7aed0 JavaThread "Unconstrained build operations Thread 9" [_thread_blocked, id=15292, stack(0x000000ab56e00000,0x000000ab56f00000)]
  0x000001af1aa7aa00 JavaThread "Unconstrained build operations Thread 10" [_thread_blocked, id=19512, stack(0x000000ab56f00000,0x000000ab57000000)]
  0x000001af1aa7cbb0 JavaThread "Unconstrained build operations Thread 11" [_thread_blocked, id=16552, stack(0x000000ab57000000,0x000000ab57100000)]
  0x000001af20a7f920 JavaThread "Unconstrained build operations Thread 12" [_thread_blocked, id=18028, stack(0x000000ab57100000,0x000000ab57200000)]
  0x000001af20a7f450 JavaThread "Unconstrained build operations Thread 13" [_thread_blocked, id=12820, stack(0x000000ab57200000,0x000000ab57300000)]
  0x000001af20a802c0 JavaThread "Unconstrained build operations Thread 14" [_thread_blocked, id=3924, stack(0x000000ab57300000,0x000000ab57400000)]
  0x000001af20a80790 JavaThread "Unconstrained build operations Thread 15" [_thread_blocked, id=4184, stack(0x000000ab57400000,0x000000ab57500000)]
  0x000001af20a80c60 JavaThread "Unconstrained build operations Thread 16" [_thread_blocked, id=12620, stack(0x000000ab57500000,0x000000ab57600000)]
  0x000001af20a83c80 JavaThread "Unconstrained build operations Thread 17" [_thread_blocked, id=24952, stack(0x000000ab57600000,0x000000ab57700000)]
  0x000001af20a7fdf0 JavaThread "Unconstrained build operations Thread 18" [_thread_blocked, id=11620, stack(0x000000ab57700000,0x000000ab57800000)]
  0x000001af20a82470 JavaThread "Unconstrained build operations Thread 19" [_thread_blocked, id=8884, stack(0x000000ab57800000,0x000000ab57900000)]
  0x000001af20a81130 JavaThread "Unconstrained build operations Thread 20" [_thread_blocked, id=24572, stack(0x000000ab57900000,0x000000ab57a00000)]
  0x000001af20a82940 JavaThread "Unconstrained build operations Thread 21" [_thread_blocked, id=22284, stack(0x000000ab57a00000,0x000000ab57b00000)]
  0x000001af20a84fc0 JavaThread "Unconstrained build operations Thread 22" [_thread_blocked, id=21060, stack(0x000000ab57b00000,0x000000ab57c00000)]
  0x000001af20a81600 JavaThread "Unconstrained build operations Thread 23" [_thread_blocked, id=12524, stack(0x000000ab57c00000,0x000000ab57d00000)]
  0x000001af20a837b0 JavaThread "Unconstrained build operations Thread 24" [_thread_blocked, id=10664, stack(0x000000ab57d00000,0x000000ab57e00000)]
  0x000001af20a84150 JavaThread "Unconstrained build operations Thread 25" [_thread_blocked, id=13412, stack(0x000000ab57e00000,0x000000ab57f00000)]
  0x000001af20a7ef80 JavaThread "Unconstrained build operations Thread 26" [_thread_blocked, id=9408, stack(0x000000ab57f00000,0x000000ab58000000)]
  0x000001af20a85960 JavaThread "Unconstrained build operations Thread 27" [_thread_blocked, id=11648, stack(0x000000ab58000000,0x000000ab58100000)]
  0x000001af20a81ad0 JavaThread "Unconstrained build operations Thread 28" [_thread_blocked, id=2820, stack(0x000000ab58100000,0x000000ab58200000)]
  0x000001af20a81fa0 JavaThread "Unconstrained build operations Thread 29" [_thread_blocked, id=9896, stack(0x000000ab58200000,0x000000ab58300000)]
  0x000001af20a832e0 JavaThread "Unconstrained build operations Thread 30" [_thread_blocked, id=17072, stack(0x000000ab58300000,0x000000ab58400000)]
  0x000001af20a82e10 JavaThread "Unconstrained build operations Thread 31" [_thread_blocked, id=6720, stack(0x000000ab58400000,0x000000ab58500000)]
  0x000001af20a85490 JavaThread "Unconstrained build operations Thread 32" [_thread_blocked, id=13116, stack(0x000000ab58500000,0x000000ab58600000)]
  0x000001af20a7e5e0 JavaThread "Unconstrained build operations Thread 33" [_thread_blocked, id=2356, stack(0x000000ab58600000,0x000000ab58700000)]
  0x000001af20a84620 JavaThread "Unconstrained build operations Thread 34" [_thread_blocked, id=13456, stack(0x000000ab58700000,0x000000ab58800000)]
  0x000001af20a84af0 JavaThread "Unconstrained build operations Thread 35" [_thread_blocked, id=26996, stack(0x000000ab58800000,0x000000ab58900000)]
  0x000001af20a7e110 JavaThread "Unconstrained build operations Thread 36" [_thread_blocked, id=16708, stack(0x000000ab58900000,0x000000ab58a00000)]
  0x000001af20a7eab0 JavaThread "Unconstrained build operations Thread 37" [_thread_blocked, id=21152, stack(0x000000ab58a00000,0x000000ab58b00000)]
  0x000001af1e0b4480 JavaThread "Unconstrained build operations Thread 38" [_thread_blocked, id=3940, stack(0x000000ab58b00000,0x000000ab58c00000)]
  0x000001af1e0b0f90 JavaThread "Unconstrained build operations Thread 39" [_thread_blocked, id=3364, stack(0x000000ab58c00000,0x000000ab58d00000)]
  0x000001af1e0b22d0 JavaThread "Unconstrained build operations Thread 40" [_thread_blocked, id=21196, stack(0x000000ab58d00000,0x000000ab58e00000)]
  0x000001af1e0b5c90 JavaThread "Unconstrained build operations Thread 41" [_thread_blocked, id=13292, stack(0x000000ab58e00000,0x000000ab58f00000)]
  0x000001af1e0b3ae0 JavaThread "Unconstrained build operations Thread 42" [_thread_blocked, id=19536, stack(0x000000ab58f00000,0x000000ab59000000)]
  0x000001af1e0af2b0 JavaThread "Unconstrained build operations Thread 43" [_thread_blocked, id=10960, stack(0x000000ab59000000,0x000000ab59100000)]
  0x000001af1e0b3fb0 JavaThread "Unconstrained build operations Thread 44" [_thread_blocked, id=5060, stack(0x000000ab59100000,0x000000ab59200000)]
  0x000001af1e0b1e00 JavaThread "Unconstrained build operations Thread 45" [_thread_blocked, id=13880, stack(0x000000ab59200000,0x000000ab59300000)]
  0x000001af1e0b4950 JavaThread "Unconstrained build operations Thread 46" [_thread_blocked, id=12180, stack(0x000000ab59300000,0x000000ab59400000)]
  0x000001af1e0b1460 JavaThread "Unconstrained build operations Thread 47" [_thread_blocked, id=3292, stack(0x000000ab59400000,0x000000ab59500000)]
  0x000001af1e0b0120 JavaThread "Unconstrained build operations Thread 48" [_thread_blocked, id=3800, stack(0x000000ab59500000,0x000000ab59600000)]
  0x000001af1e0ae440 JavaThread "Unconstrained build operations Thread 49" [_thread_blocked, id=19492, stack(0x000000ab59600000,0x000000ab59700000)]
  0x000001af1e0b1930 JavaThread "Unconstrained build operations Thread 50" [_thread_blocked, id=13224, stack(0x000000ab59700000,0x000000ab59800000)]
  0x000001af1e0b3610 JavaThread "Unconstrained build operations Thread 51" [_thread_blocked, id=14524, stack(0x000000ab59800000,0x000000ab59900000)]
  0x000001af1e0b52f0 JavaThread "Unconstrained build operations Thread 52" [_thread_blocked, id=27156, stack(0x000000ab59900000,0x000000ab59a00000)]
  0x000001af1e0afc50 JavaThread "Unconstrained build operations Thread 53" [_thread_blocked, id=27244, stack(0x000000ab59a00000,0x000000ab59b00000)]
  0x000001af1e0b0ac0 JavaThread "Unconstrained build operations Thread 54" [_thread_blocked, id=384, stack(0x000000ab59b00000,0x000000ab59c00000)]
  0x000001af1e0b57c0 JavaThread "Unconstrained build operations Thread 55" [_thread_blocked, id=19468, stack(0x000000ab59c00000,0x000000ab59d00000)]
  0x000001af1e0b4e20 JavaThread "Unconstrained build operations Thread 56" [_thread_blocked, id=16744, stack(0x000000ab59d00000,0x000000ab59e00000)]
  0x000001af1e0b27a0 JavaThread "Unconstrained build operations Thread 57" [_thread_blocked, id=19116, stack(0x000000ab59e00000,0x000000ab59f00000)]
  0x000001af1e0ae910 JavaThread "Unconstrained build operations Thread 58" [_thread_blocked, id=23560, stack(0x000000ab59f00000,0x000000ab5a000000)]
  0x000001af1e0b2c70 JavaThread "Unconstrained build operations Thread 59" [_thread_blocked, id=17776, stack(0x000000ab5a000000,0x000000ab5a100000)]
  0x000001af1e0b3140 JavaThread "Unconstrained build operations Thread 60" [_thread_blocked, id=1228, stack(0x000000ab5a100000,0x000000ab5a200000)]
  0x000001af1e0af780 JavaThread "Unconstrained build operations Thread 61" [_thread_blocked, id=16740, stack(0x000000ab5a200000,0x000000ab5a300000)]
  0x000001af1e0b05f0 JavaThread "Unconstrained build operations Thread 62" [_thread_blocked, id=17196, stack(0x000000ab5a300000,0x000000ab5a400000)]
  0x000001af1e0aede0 JavaThread "Unconstrained build operations Thread 63" [_thread_blocked, id=2656, stack(0x000000ab5a400000,0x000000ab5a500000)]
  0x000001af1e48d4d0 JavaThread "Unconstrained build operations Thread 64" [_thread_blocked, id=19208, stack(0x000000ab5a500000,0x000000ab5a600000)]
  0x000001af1e487e30 JavaThread "Unconstrained build operations Thread 65" [_thread_blocked, id=16508, stack(0x000000ab5a600000,0x000000ab5a700000)]
  0x000001af1e488300 JavaThread "Unconstrained build operations Thread 66" [_thread_blocked, id=11348, stack(0x000000ab5a700000,0x000000ab5a800000)]
  0x000001af1e48f680 JavaThread "Unconstrained build operations Thread 67" [_thread_blocked, id=9020, stack(0x000000ab5a800000,0x000000ab5a900000)]
  0x000001af1e48e810 JavaThread "Unconstrained build operations Thread 68" [_thread_blocked, id=22024, stack(0x000000ab5a900000,0x000000ab5aa00000)]
  0x000001af1e48d9a0 JavaThread "Unconstrained build operations Thread 69" [_thread_blocked, id=19816, stack(0x000000ab5aa00000,0x000000ab5ab00000)]
  0x000001af1e4887d0 JavaThread "Unconstrained build operations Thread 70" [_thread_blocked, id=19776, stack(0x000000ab5ab00000,0x000000ab5ac00000)]
  0x000001af1e488ca0 JavaThread "Unconstrained build operations Thread 71" [_thread_blocked, id=15784, stack(0x000000ab5ac00000,0x000000ab5ad00000)]
  0x000001af1e48c660 JavaThread "Unconstrained build operations Thread 72" [_thread_blocked, id=12724, stack(0x000000ab5ad00000,0x000000ab5ae00000)]
  0x000001af1e489170 JavaThread "Unconstrained build operations Thread 73" [_thread_blocked, id=25304, stack(0x000000ab5ae00000,0x000000ab5af00000)]
  0x000001af1e489640 JavaThread "Unconstrained build operations Thread 74" [_thread_blocked, id=25436, stack(0x000000ab5af00000,0x000000ab5b000000)]
  0x000001af1e489b10 JavaThread "Unconstrained build operations Thread 75" [_thread_blocked, id=17988, stack(0x000000ab5b000000,0x000000ab5b100000)]
  0x000001af1e48de70 JavaThread "Unconstrained build operations Thread 76" [_thread_blocked, id=4344, stack(0x000000ab5b100000,0x000000ab5b200000)]
  0x000001af1e489fe0 JavaThread "Unconstrained build operations Thread 77" [_thread_blocked, id=21708, stack(0x000000ab5b200000,0x000000ab5b300000)]
  0x000001af1e48e340 JavaThread "Unconstrained build operations Thread 78" [_thread_blocked, id=19060, stack(0x000000ab5b300000,0x000000ab5b400000)]
  0x000001af1e48cb30 JavaThread "Unconstrained build operations Thread 79" [_thread_blocked, id=24748, stack(0x000000ab5b400000,0x000000ab5b500000)]
  0x000001af1e48c190 JavaThread "Unconstrained build operations Thread 80" [_thread_blocked, id=20972, stack(0x000000ab5b500000,0x000000ab5b600000)]
  0x000001af1e48b320 JavaThread "Unconstrained build operations Thread 81" [_thread_blocked, id=15912, stack(0x000000ab5b600000,0x000000ab5b700000)]
  0x000001af1e48a4b0 JavaThread "Unconstrained build operations Thread 82" [_thread_blocked, id=26144, stack(0x000000ab5b700000,0x000000ab5b800000)]
  0x000001af1e48a980 JavaThread "Unconstrained build operations Thread 83" [_thread_blocked, id=13280, stack(0x000000ab5b800000,0x000000ab5b900000)]
  0x000001af1e48d000 JavaThread "Unconstrained build operations Thread 84" [_thread_blocked, id=7880, stack(0x000000ab5b900000,0x000000ab5ba00000)]
  0x000001af1e48ece0 JavaThread "Unconstrained build operations Thread 85" [_thread_blocked, id=27060, stack(0x000000ab5ba00000,0x000000ab5bb00000)]
  0x000001af1e48ae50 JavaThread "Unconstrained build operations Thread 86" [_thread_blocked, id=25560, stack(0x000000ab5bb00000,0x000000ab5bc00000)]
  0x000001af1e48b7f0 JavaThread "Unconstrained build operations Thread 87" [_thread_blocked, id=20060, stack(0x000000ab5bc00000,0x000000ab5bd00000)]
  0x000001af1e48bcc0 JavaThread "Unconstrained build operations Thread 88" [_thread_blocked, id=12832, stack(0x000000ab5bd00000,0x000000ab5be00000)]
  0x000001af1e48f1b0 JavaThread "Unconstrained build operations Thread 89" [_thread_blocked, id=27012, stack(0x000000ab5be00000,0x000000ab5bf00000)]
  0x000001af1e4bab00 JavaThread "Unconstrained build operations Thread 90" [_thread_blocked, id=26120, stack(0x000000ab5bf00000,0x000000ab5c000000)]
  0x000001af1e4be4c0 JavaThread "Unconstrained build operations Thread 91" [_thread_blocked, id=2948, stack(0x000000ab5c000000,0x000000ab5c100000)]
  0x000001af1e4be990 JavaThread "Unconstrained build operations Thread 92" [_thread_blocked, id=2284, stack(0x000000ab5c100000,0x000000ab5c200000)]
  0x000001af1e4c0670 JavaThread "Unconstrained build operations Thread 93" [_thread_blocked, id=16020, stack(0x000000ab5c200000,0x000000ab5c300000)]
  0x000001af1e4c01a0 JavaThread "Unconstrained build operations Thread 94" [_thread_blocked, id=15708, stack(0x000000ab5c300000,0x000000ab5c400000)]
  0x000001af1e4bb4a0 JavaThread "Unconstrained build operations Thread 95" [_thread_blocked, id=21208, stack(0x000000ab5c400000,0x000000ab5c500000)]
  0x000001af1e4bc7e0 JavaThread "Unconstrained build operations Thread 96" [_thread_blocked, id=23696, stack(0x000000ab5c500000,0x000000ab5c600000)]
  0x000001af1e4c0b40 JavaThread "Unconstrained build operations Thread 97" [_thread_blocked, id=15920, stack(0x000000ab5c600000,0x000000ab5c700000)]
  0x000001af1e4c1010 JavaThread "Unconstrained build operations Thread 98" [_thread_blocked, id=24968, stack(0x000000ab5c700000,0x000000ab5c800000)]
  0x000001af1e4c14e0 JavaThread "Unconstrained build operations Thread 99" [_thread_blocked, id=5900, stack(0x000000ab5c800000,0x000000ab5c900000)]
  0x000001af1e4bccb0 JavaThread "Unconstrained build operations Thread 100" [_thread_blocked, id=9852, stack(0x000000ab5c900000,0x000000ab5ca00000)]
  0x000001af1e4bafd0 JavaThread "Unconstrained build operations Thread 101" [_thread_blocked, id=17884, stack(0x000000ab5ca00000,0x000000ab5cb00000)]
  0x000001af1e4bee60 JavaThread "Unconstrained build operations Thread 102" [_thread_blocked, id=7920, stack(0x000000ab5cb00000,0x000000ab5cc00000)]
  0x000001af1e4bc310 JavaThread "Unconstrained build operations Thread 103" [_thread_blocked, id=9792, stack(0x000000ab5cc00000,0x000000ab5cd00000)]
  0x000001af1e4bb970 JavaThread "Unconstrained build operations Thread 104" [_thread_blocked, id=14520, stack(0x000000ab5cd00000,0x000000ab5ce00000)]
  0x000001af1e4bfcd0 JavaThread "Unconstrained build operations Thread 105" [_thread_blocked, id=20032, stack(0x000000ab5ce00000,0x000000ab5cf00000)]
  0x000001af1e4c19b0 JavaThread "Unconstrained build operations Thread 106" [_thread_blocked, id=11736, stack(0x000000ab5cf00000,0x000000ab5d000000)]
  0x000001af1e4bdff0 JavaThread "Unconstrained build operations Thread 107" [_thread_blocked, id=5556, stack(0x000000ab5d000000,0x000000ab5d100000)]
  0x000001af1e4c1e80 JavaThread "Unconstrained build operations Thread 108" [_thread_blocked, id=12672, stack(0x000000ab5d100000,0x000000ab5d200000)]
  0x000001af1e4bd180 JavaThread "Unconstrained build operations Thread 109" [_thread_blocked, id=152, stack(0x000000ab5d200000,0x000000ab5d300000)]
  0x000001af1e4bbe40 JavaThread "Unconstrained build operations Thread 110" [_thread_blocked, id=17464, stack(0x000000ab5d300000,0x000000ab5d400000)]
  0x000001af1e4bf330 JavaThread "Unconstrained build operations Thread 111" [_thread_blocked, id=19720, stack(0x000000ab5d400000,0x000000ab5d500000)]
  0x000001af1e4ba630 JavaThread "Unconstrained build operations Thread 112" [_thread_blocked, id=14764, stack(0x000000ab5d500000,0x000000ab5d600000)]
  0x000001af1e4bd650 JavaThread "Unconstrained build operations Thread 113" [_thread_blocked, id=20176, stack(0x000000ab5d600000,0x000000ab5d700000)]
  0x000001af1e4bf800 JavaThread "Unconstrained build operations Thread 114" [_thread_blocked, id=3048, stack(0x000000ab5d700000,0x000000ab5d800000)]
  0x000001af1e4bdb20 JavaThread "Unconstrained build operations Thread 115" [_thread_blocked, id=4264, stack(0x000000ab5d800000,0x000000ab5d900000)]
  0x000001af20ce2f70 JavaThread "Unconstrained build operations Thread 116" [_thread_blocked, id=15280, stack(0x000000ab5d900000,0x000000ab5da00000)]
  0x000001af20ce2aa0 JavaThread "Unconstrained build operations Thread 117" [_thread_blocked, id=16052, stack(0x000000ab5da00000,0x000000ab5db00000)]
  0x000001af20ce25d0 JavaThread "Unconstrained build operations Thread 118" [_thread_blocked, id=21280, stack(0x000000ab5db00000,0x000000ab5dc00000)]
  0x000001af20ce3910 JavaThread "Unconstrained build operations Thread 119" [_thread_blocked, id=6964, stack(0x000000ab5dc00000,0x000000ab5dd00000)]
  0x000001af20ce1c30 JavaThread "Unconstrained build operations Thread 120" [_thread_blocked, id=2628, stack(0x000000ab5dd00000,0x000000ab5de00000)]
  0x000001af20ce2100 JavaThread "jar transforms Thread 6" [_thread_blocked, id=25396, stack(0x000000ab5de00000,0x000000ab5df00000)]
  0x000001af20ce3440 JavaThread "jar transforms Thread 7" [_thread_blocked, id=11064, stack(0x000000ab5df00000,0x000000ab5e000000)]
  0x000001af20ce77a0 JavaThread "jar transforms Thread 8" [_thread_blocked, id=3028, stack(0x000000ab5e000000,0x000000ab5e100000)]
  0x000001af20ce5ac0 JavaThread "jar transforms Thread 9" [_thread_blocked, id=22744, stack(0x000000ab5e100000,0x000000ab5e200000)]
  0x000001af20ce42b0 JavaThread "jar transforms Thread 10" [_thread_blocked, id=10280, stack(0x000000ab5e200000,0x000000ab5e300000)]
  0x000001af20ce4c50 JavaThread "jar transforms Thread 11" [_thread_blocked, id=14356, stack(0x000000ab5e300000,0x000000ab5e400000)]
  0x000001af20ce5f90 JavaThread "jar transforms Thread 12" [_thread_blocked, id=928, stack(0x000000ab5e400000,0x000000ab5e500000)]
  0x000001af20ce5120 JavaThread "build event listener" [_thread_blocked, id=18304, stack(0x000000ab5e500000,0x000000ab5e600000)]
  0x000001af20ce08f0 JavaThread "Memory manager" [_thread_blocked, id=15440, stack(0x000000ab5e600000,0x000000ab5e700000)]
  0x000001af20ce6e00 JavaThread "build event listener" [_thread_blocked, id=9196, stack(0x000000ab5e700000,0x000000ab5e800000)]
  0x000001af20ce4780 JavaThread "build event listener" [_thread_blocked, id=27328, stack(0x000000ab5e800000,0x000000ab5e900000)]
  0x000001af20ce8140 JavaThread "included builds" [_thread_blocked, id=18592, stack(0x000000ab5e900000,0x000000ab5ea00000)]
  0x000001af1a124ea0 JavaThread "Execution worker" [_thread_blocked, id=5592, stack(0x000000ab5ea00000,0x000000ab5eb00000)]
  0x000001af1a1249d0 JavaThread "Execution worker Thread 2" [_thread_blocked, id=12240, stack(0x000000ab5eb00000,0x000000ab5ec00000)]
  0x000001af1a125d10 JavaThread "Execution worker Thread 3" [_thread_blocked, id=13104, stack(0x000000ab5ec00000,0x000000ab5ed00000)]
  0x000001af1a1261e0 JavaThread "Execution worker Thread 4" [_thread_blocked, id=16048, stack(0x000000ab5ed00000,0x000000ab5ee00000)]
  0x000001af1a126b80 JavaThread "Execution worker Thread 5" [_thread_blocked, id=12920, stack(0x000000ab5ee00000,0x000000ab5ef00000)]
  0x000001af1a1279f0 JavaThread "Execution worker Thread 6" [_thread_blocked, id=4868, stack(0x000000ab5ef00000,0x000000ab5f000000)]
  0x000001af1a1266b0 JavaThread "Execution worker Thread 7" [_thread_blocked, id=21164, stack(0x000000ab5f000000,0x000000ab5f100000)]
  0x000001af1a124500 JavaThread "Execution worker Thread 8" [_thread_blocked, id=21512, stack(0x000000ab5f100000,0x000000ab5f200000)]
  0x000001af1a127050 JavaThread "Execution worker Thread 9" [_thread_blocked, id=18148, stack(0x000000ab5f200000,0x000000ab5f300000)]
  0x000001af1a125370 JavaThread "Execution worker Thread 10" [_thread_blocked, id=15388, stack(0x000000ab5f300000,0x000000ab5f400000)]
  0x000001af1a127520 JavaThread "Execution worker Thread 11" [_thread_blocked, id=17624, stack(0x000000ab5f400000,0x000000ab5f500000)]
  0x000001af1a127ec0 JavaThread "Cache worker for execution history cache (C:\Users\KIM\Desktop\android studio\FOO-CATION\.gradle\8.0\executionHistory)" [_thread_blocked, id=26788, stack(0x000000ab5f500000,0x000000ab5f600000)]

Other Threads:
=>0x000001af17080090 VMThread "VM Thread" [stack: 0x000000ab52f00000,0x000000ab53000000] [id=22708]
  0x000001af17e0eeb0 WatcherThread [stack: 0x000000ab53b00000,0x000000ab53c00000] [id=8556]
  0x000001af7cdd5f00 GCTaskThread "GC Thread#0" [stack: 0x000000ab52a00000,0x000000ab52b00000] [id=19568]
  0x000001af18609090 GCTaskThread "GC Thread#1" [stack: 0x000000ab53e00000,0x000000ab53f00000] [id=23196]
  0x000001af18609340 GCTaskThread "GC Thread#2" [stack: 0x000000ab53f00000,0x000000ab54000000] [id=26960]
  0x000001af186095f0 GCTaskThread "GC Thread#3" [stack: 0x000000ab54000000,0x000000ab54100000] [id=25368]
  0x000001af185ab530 GCTaskThread "GC Thread#4" [stack: 0x000000ab54100000,0x000000ab54200000] [id=15592]
  0x000001af185ab7e0 GCTaskThread "GC Thread#5" [stack: 0x000000ab54200000,0x000000ab54300000] [id=10784]
  0x000001af1a806d70 GCTaskThread "GC Thread#6" [stack: 0x000000ab54d00000,0x000000ab54e00000] [id=14156]
  0x000001af1a4d04d0 GCTaskThread "GC Thread#7" [stack: 0x000000ab54e00000,0x000000ab54f00000] [id=15492]
  0x000001af1b290030 GCTaskThread "GC Thread#8" [stack: 0x000000ab54f00000,0x000000ab55000000] [id=3960]
  0x000001af1969b730 GCTaskThread "GC Thread#9" [stack: 0x000000ab55000000,0x000000ab55100000] [id=18388]
  0x000001af7cde6e40 ConcurrentGCThread "G1 Main Marker" [stack: 0x000000ab52b00000,0x000000ab52c00000] [id=8540]
  0x000001af7cde7850 ConcurrentGCThread "G1 Conc#0" [stack: 0x000000ab52c00000,0x000000ab52d00000] [id=15392]
  0x000001af1a385ca0 ConcurrentGCThread "G1 Conc#1" [stack: 0x000000ab55100000,0x000000ab55200000] [id=12600]
  0x000001af1aa86c10 ConcurrentGCThread "G1 Conc#2" [stack: 0x000000ab55200000,0x000000ab55300000] [id=3992]
  0x000001af7ce3de90 ConcurrentGCThread "G1 Refine#0" [stack: 0x000000ab52d00000,0x000000ab52e00000] [id=16024]
  0x000001af7ce3e8b0 ConcurrentGCThread "G1 Service" [stack: 0x000000ab52e00000,0x000000ab52f00000] [id=17320]

Threads with active compile tasks:
C2 CompilerThread0     8759 10921       4       org.gradle.internal.file.FileHierarchySet$Node::contains (101 bytes)
C1 CompilerThread0     8759 10949       3       org.gradle.internal.execution.history.impl.OutputSnapshotUtil$SnapshotFilteringVisitor::visitEntry (20 bytes)
C2 CompilerThread1     8759 10947       4       java.nio.ByteBuffer::allocate (20 bytes)
C2 CompilerThread2     8759 10945       4       java.util.stream.ReduceOps$3::getOpFlags (28 bytes)

VM state: at safepoint (normal execution)

VM Mutex/Monitor currently owned by a thread:  ([mutex/lock_event])
[0x000001af7cd75fa0] Threads_lock - owner thread: 0x000001af17080090
[0x000001af7cd76390] Heap_lock - owner thread: 0x000001af1a126b80

Heap address: 0x0000000080000000, size: 2048 MB, Compressed Oops mode: 32-bit

CDS archive(s) not mapped
Compressed class space mapped at: 0x0000000100000000-0x0000000140000000, reserved size: 1073741824
Narrow klass base: 0x0000000000000000, Narrow klass shift: 3, Narrow klass range: 0x140000000

GC Precious Log:
 CPUs: 12 total, 12 available
 Memory: 16163M
 Large Page Support: Disabled
 NUMA Support: Disabled
 Compressed Oops: Enabled (32-bit)
 Heap Region Size: 1M
 Heap Min Capacity: 8M
 Heap Initial Capacity: 254M
 Heap Max Capacity: 2G
 Pre-touch: Disabled
 Parallel Workers: 10
 Concurrent Workers: 3
 Concurrent Refinement Workers: 10
 Periodic GC: Disabled

Heap:
 garbage-first heap   total 184320K, used 103039K [0x0000000080000000, 0x0000000100000000)
  region size 1024K, 6 young (6144K), 6 survivors (6144K)
 Metaspace       used 96445K, committed 97152K, reserved 1138688K
  class space    used 13358K, committed 13696K, reserved 1048576K

Heap Regions: E=young(eden), S=young(survivor), O=old, HS=humongous(starts), HC=humongous(continues), CS=collection set, F=free, OA=open archive, CA=closed archive, TAMS=top-at-mark-start (previous, next)
|   0|0x0000000080000000, 0x0000000080100000, 0x0000000080100000|100%|HS|  |TAMS 0x0000000080100000, 0x0000000080100000| Complete 
|   1|0x0000000080100000, 0x0000000080200000, 0x0000000080200000|100%|HC|  |TAMS 0x0000000080200000, 0x0000000080200000| Complete 
|   2|0x0000000080200000, 0x0000000080300000, 0x0000000080300000|100%|HC|  |TAMS 0x0000000080300000, 0x0000000080300000| Complete 
|   3|0x0000000080300000, 0x0000000080400000, 0x0000000080400000|100%|HC|  |TAMS 0x0000000080400000, 0x0000000080400000| Complete 
|   4|0x0000000080400000, 0x0000000080500000, 0x0000000080500000|100%| O|  |TAMS 0x0000000080500000, 0x0000000080500000| Untracked 
|   5|0x0000000080500000, 0x0000000080600000, 0x0000000080600000|100%| O|  |TAMS 0x0000000080600000, 0x0000000080600000| Untracked 
|   6|0x0000000080600000, 0x0000000080700000, 0x0000000080700000|100%| O|  |TAMS 0x0000000080700000, 0x0000000080700000| Untracked 
|   7|0x0000000080700000, 0x0000000080800000, 0x0000000080800000|100%| O|  |TAMS 0x0000000080800000, 0x0000000080800000| Untracked 
|   8|0x0000000080800000, 0x0000000080900000, 0x0000000080900000|100%| O|  |TAMS 0x0000000080900000, 0x0000000080900000| Untracked 
|   9|0x0000000080900000, 0x0000000080a00000, 0x0000000080a00000|100%| O|  |TAMS 0x0000000080a00000, 0x0000000080a00000| Untracked 
|  10|0x0000000080a00000, 0x0000000080b00000, 0x0000000080b00000|100%| O|  |TAMS 0x0000000080b00000, 0x0000000080b00000| Untracked 
|  11|0x0000000080b00000, 0x0000000080c00000, 0x0000000080c00000|100%| O|  |TAMS 0x0000000080c00000, 0x0000000080c00000| Untracked 
|  12|0x0000000080c00000, 0x0000000080d00000, 0x0000000080d00000|100%| O|  |TAMS 0x0000000080d00000, 0x0000000080d00000| Untracked 
|  13|0x0000000080d00000, 0x0000000080e00000, 0x0000000080e00000|100%| O|  |TAMS 0x0000000080e00000, 0x0000000080e00000| Untracked 
|  14|0x0000000080e00000, 0x0000000080f00000, 0x0000000080f00000|100%| O|  |TAMS 0x0000000080f00000, 0x0000000080f00000| Untracked 
|  15|0x0000000080f00000, 0x0000000081000000, 0x0000000081000000|100%| O|  |TAMS 0x0000000081000000, 0x0000000081000000| Untracked 
|  16|0x0000000081000000, 0x0000000081100000, 0x0000000081100000|100%| O|  |TAMS 0x0000000081100000, 0x0000000081100000| Untracked 
|  17|0x0000000081100000, 0x0000000081200000, 0x0000000081200000|100%| O|  |TAMS 0x0000000081200000, 0x0000000081200000| Untracked 
|  18|0x0000000081200000, 0x0000000081300000, 0x0000000081300000|100%| O|  |TAMS 0x0000000081300000, 0x0000000081300000| Untracked 
|  19|0x0000000081300000, 0x0000000081400000, 0x0000000081400000|100%| O|  |TAMS 0x0000000081400000, 0x0000000081400000| Untracked 
|  20|0x0000000081400000, 0x0000000081500000, 0x0000000081500000|100%| O|  |TAMS 0x0000000081500000, 0x0000000081500000| Untracked 
|  21|0x0000000081500000, 0x0000000081600000, 0x0000000081600000|100%| O|  |TAMS 0x0000000081600000, 0x0000000081600000| Untracked 
|  22|0x0000000081600000, 0x0000000081700000, 0x0000000081700000|100%| O|  |TAMS 0x0000000081700000, 0x0000000081700000| Untracked 
|  23|0x0000000081700000, 0x0000000081700000, 0x0000000081800000|  0%| F|  |TAMS 0x0000000081700000, 0x0000000081700000| Untracked 
|  24|0x0000000081800000, 0x0000000081900000, 0x0000000081900000|100%| O|  |TAMS 0x0000000081900000, 0x0000000081900000| Untracked 
|  25|0x0000000081900000, 0x0000000081a00000, 0x0000000081a00000|100%| O|  |TAMS 0x0000000081a00000, 0x0000000081a00000| Untracked 
|  26|0x0000000081a00000, 0x0000000081b00000, 0x0000000081b00000|100%| O|  |TAMS 0x0000000081b00000, 0x0000000081b00000| Untracked 
|  27|0x0000000081b00000, 0x0000000081c00000, 0x0000000081c00000|100%| O|  |TAMS 0x0000000081c00000, 0x0000000081c00000| Untracked 
|  28|0x0000000081c00000, 0x0000000081d00000, 0x0000000081d00000|100%| O|  |TAMS 0x0000000081d00000, 0x0000000081d00000| Untracked 
|  29|0x0000000081d00000, 0x0000000081e00000, 0x0000000081e00000|100%| O|  |TAMS 0x0000000081e00000, 0x0000000081e00000| Untracked 
|  30|0x0000000081e00000, 0x0000000081f00000, 0x0000000081f00000|100%| O|  |TAMS 0x0000000081f00000, 0x0000000081f00000| Untracked 
|  31|0x0000000081f00000, 0x0000000082000000, 0x0000000082000000|100%|HS|  |TAMS 0x0000000082000000, 0x0000000082000000| Complete 
|  32|0x0000000082000000, 0x0000000082100000, 0x0000000082100000|100%|HS|  |TAMS 0x0000000082100000, 0x0000000082100000| Complete 
|  33|0x0000000082100000, 0x0000000082200000, 0x0000000082200000|100%|HS|  |TAMS 0x0000000082200000, 0x0000000082200000| Complete 
|  34|0x0000000082200000, 0x0000000082300000, 0x0000000082300000|100%|HC|  |TAMS 0x0000000082300000, 0x0000000082300000| Complete 
|  35|0x0000000082300000, 0x0000000082400000, 0x0000000082400000|100%|HS|  |TAMS 0x0000000082400000, 0x0000000082400000| Complete 
|  36|0x0000000082400000, 0x0000000082500000, 0x0000000082500000|100%|HS|  |TAMS 0x0000000082500000, 0x0000000082500000| Complete 
|  37|0x0000000082500000, 0x0000000082600000, 0x0000000082600000|100%|HC|  |TAMS 0x0000000082600000, 0x0000000082600000| Complete 
|  38|0x0000000082600000, 0x0000000082700000, 0x0000000082700000|100%|HC|  |TAMS 0x0000000082700000, 0x0000000082700000| Complete 
|  39|0x0000000082700000, 0x0000000082800000, 0x0000000082800000|100%|HC|  |TAMS 0x0000000082800000, 0x0000000082800000| Complete 
|  40|0x0000000082800000, 0x0000000082900000, 0x0000000082900000|100%| O|  |TAMS 0x0000000082900000, 0x0000000082900000| Untracked 
|  41|0x0000000082900000, 0x0000000082a00000, 0x0000000082a00000|100%| O|  |TAMS 0x0000000082a00000, 0x0000000082a00000| Untracked 
|  42|0x0000000082a00000, 0x0000000082b00000, 0x0000000082b00000|100%| O|  |TAMS 0x0000000082b00000, 0x0000000082b00000| Untracked 
|  43|0x0000000082b00000, 0x0000000082c00000, 0x0000000082c00000|100%| O|  |TAMS 0x0000000082c00000, 0x0000000082c00000| Untracked 
|  44|0x0000000082c00000, 0x0000000082d00000, 0x0000000082d00000|100%| O|  |TAMS 0x0000000082d00000, 0x0000000082d00000| Untracked 
|  45|0x0000000082d00000, 0x0000000082e00000, 0x0000000082e00000|100%| O|  |TAMS 0x0000000082e00000, 0x0000000082e00000| Untracked 
|  46|0x0000000082e00000, 0x0000000082f00000, 0x0000000082f00000|100%| O|  |TAMS 0x0000000082f00000, 0x0000000082f00000| Untracked 
|  47|0x0000000082f00000, 0x0000000083000000, 0x0000000083000000|100%| O|  |TAMS 0x0000000083000000, 0x0000000083000000| Untracked 
|  48|0x0000000083000000, 0x0000000083100000, 0x0000000083100000|100%| O|  |TAMS 0x0000000083100000, 0x0000000083100000| Untracked 
|  49|0x0000000083100000, 0x0000000083200000, 0x0000000083200000|100%| O|  |TAMS 0x0000000083200000, 0x0000000083200000| Untracked 
|  50|0x0000000083200000, 0x0000000083300000, 0x0000000083300000|100%| O|  |TAMS 0x0000000083300000, 0x0000000083300000| Untracked 
|  51|0x0000000083300000, 0x0000000083400000, 0x0000000083400000|100%| O|  |TAMS 0x0000000083400000, 0x0000000083400000| Untracked 
|  52|0x0000000083400000, 0x0000000083500000, 0x0000000083500000|100%| O|  |TAMS 0x0000000083500000, 0x0000000083500000| Untracked 
|  53|0x0000000083500000, 0x0000000083600000, 0x0000000083600000|100%| O|  |TAMS 0x0000000083600000, 0x0000000083600000| Untracked 
|  54|0x0000000083600000, 0x0000000083700000, 0x0000000083700000|100%| O|  |TAMS 0x0000000083700000, 0x0000000083700000| Untracked 
|  55|0x0000000083700000, 0x0000000083800000, 0x0000000083800000|100%| O|  |TAMS 0x0000000083800000, 0x0000000083800000| Untracked 
|  56|0x0000000083800000, 0x0000000083900000, 0x0000000083900000|100%| O|  |TAMS 0x0000000083900000, 0x0000000083900000| Untracked 
|  57|0x0000000083900000, 0x0000000083a00000, 0x0000000083a00000|100%| O|  |TAMS 0x0000000083a00000, 0x0000000083a00000| Untracked 
|  58|0x0000000083a00000, 0x0000000083b00000, 0x0000000083b00000|100%| O|  |TAMS 0x0000000083b00000, 0x0000000083b00000| Untracked 
|  59|0x0000000083b00000, 0x0000000083c00000, 0x0000000083c00000|100%| O|  |TAMS 0x0000000083c00000, 0x0000000083c00000| Untracked 
|  60|0x0000000083c00000, 0x0000000083d00000, 0x0000000083d00000|100%| O|  |TAMS 0x0000000083d00000, 0x0000000083d00000| Untracked 
|  61|0x0000000083d00000, 0x0000000083e00000, 0x0000000083e00000|100%| O|  |TAMS 0x0000000083e00000, 0x0000000083e00000| Untracked 
|  62|0x0000000083e00000, 0x0000000083f00000, 0x0000000083f00000|100%| O|  |TAMS 0x0000000083f00000, 0x0000000083f00000| Untracked 
|  63|0x0000000083f00000, 0x0000000084000000, 0x0000000084000000|100%| O|  |TAMS 0x0000000084000000, 0x0000000084000000| Untracked 
|  64|0x0000000084000000, 0x0000000084100000, 0x0000000084100000|100%| O|  |TAMS 0x0000000084100000, 0x0000000084100000| Untracked 
|  65|0x0000000084100000, 0x0000000084200000, 0x0000000084200000|100%| O|  |TAMS 0x0000000084200000, 0x0000000084200000| Untracked 
|  66|0x0000000084200000, 0x0000000084300000, 0x0000000084300000|100%| O|  |TAMS 0x0000000084300000, 0x0000000084300000| Untracked 
|  67|0x0000000084300000, 0x0000000084400000, 0x0000000084400000|100%| O|  |TAMS 0x0000000084400000, 0x0000000084400000| Untracked 
|  68|0x0000000084400000, 0x0000000084500000, 0x0000000084500000|100%| O|  |TAMS 0x0000000084500000, 0x0000000084500000| Untracked 
|  69|0x0000000084500000, 0x0000000084600000, 0x0000000084600000|100%| O|  |TAMS 0x0000000084600000, 0x0000000084600000| Untracked 
|  70|0x0000000084600000, 0x0000000084700000, 0x0000000084700000|100%| O|  |TAMS 0x0000000084700000, 0x0000000084700000| Untracked 
|  71|0x0000000084700000, 0x0000000084800000, 0x0000000084800000|100%| O|  |TAMS 0x0000000084800000, 0x0000000084800000| Untracked 
|  72|0x0000000084800000, 0x0000000084900000, 0x0000000084900000|100%| O|  |TAMS 0x0000000084900000, 0x0000000084900000| Untracked 
|  73|0x0000000084900000, 0x0000000084a00000, 0x0000000084a00000|100%| O|  |TAMS 0x0000000084a00000, 0x0000000084a00000| Untracked 
|  74|0x0000000084a00000, 0x0000000084b00000, 0x0000000084b00000|100%| O|  |TAMS 0x0000000084b00000, 0x0000000084b00000| Untracked 
|  75|0x0000000084b00000, 0x0000000084c00000, 0x0000000084c00000|100%| O|  |TAMS 0x0000000084c00000, 0x0000000084c00000| Untracked 
|  76|0x0000000084c00000, 0x0000000084d00000, 0x0000000084d00000|100%| O|  |TAMS 0x0000000084c63600, 0x0000000084d00000| Untracked 
|  77|0x0000000084d00000, 0x0000000084e00000, 0x0000000084e00000|100%| O|  |TAMS 0x0000000084d00000, 0x0000000084e00000| Untracked 
|  78|0x0000000084e00000, 0x0000000084f00000, 0x0000000084f00000|100%| O|  |TAMS 0x0000000084e00000, 0x0000000084f00000| Untracked 
|  79|0x0000000084f00000, 0x0000000085000000, 0x0000000085000000|100%| O|  |TAMS 0x0000000084f00000, 0x0000000085000000| Untracked 
|  80|0x0000000085000000, 0x0000000085100000, 0x0000000085100000|100%| O|  |TAMS 0x0000000085000000, 0x0000000085100000| Untracked 
|  81|0x0000000085100000, 0x0000000085200000, 0x0000000085200000|100%| O|  |TAMS 0x0000000085100000, 0x0000000085200000| Untracked 
|  82|0x0000000085200000, 0x0000000085300000, 0x0000000085300000|100%| O|  |TAMS 0x0000000085200000, 0x0000000085300000| Untracked 
|  83|0x0000000085300000, 0x0000000085400000, 0x0000000085400000|100%| O|  |TAMS 0x0000000085300000, 0x0000000085400000| Untracked 
|  84|0x0000000085400000, 0x0000000085500000, 0x0000000085500000|100%| O|  |TAMS 0x0000000085400000, 0x0000000085500000| Untracked 
|  85|0x0000000085500000, 0x0000000085600000, 0x0000000085600000|100%| O|  |TAMS 0x0000000085500000, 0x0000000085600000| Untracked 
|  86|0x0000000085600000, 0x0000000085700000, 0x0000000085700000|100%| O|  |TAMS 0x0000000085600000, 0x0000000085700000| Untracked 
|  87|0x0000000085700000, 0x0000000085800000, 0x0000000085800000|100%| O|  |TAMS 0x0000000085700000, 0x0000000085800000| Untracked 
|  88|0x0000000085800000, 0x0000000085900000, 0x0000000085900000|100%| O|  |TAMS 0x0000000085800000, 0x0000000085900000| Untracked 
|  89|0x0000000085900000, 0x0000000085a00000, 0x0000000085a00000|100%| O|  |TAMS 0x0000000085900000, 0x0000000085a00000| Untracked 
|  90|0x0000000085a00000, 0x0000000085b00000, 0x0000000085b00000|100%| O|  |TAMS 0x0000000085a00000, 0x0000000085b00000| Untracked 
|  91|0x0000000085b00000, 0x0000000085c00000, 0x0000000085c00000|100%| O|  |TAMS 0x0000000085b00000, 0x0000000085c00000| Untracked 
|  92|0x0000000085c00000, 0x0000000085d00000, 0x0000000085d00000|100%| O|  |TAMS 0x0000000085c00000, 0x0000000085d00000| Untracked 
|  93|0x0000000085d00000, 0x0000000085e00000, 0x0000000085e00000|100%| O|  |TAMS 0x0000000085d00000, 0x0000000085e00000| Untracked 
|  94|0x0000000085e00000, 0x0000000085e37400, 0x0000000085f00000| 21%| O|  |TAMS 0x0000000085e00000, 0x0000000085e37400| Untracked 
|  95|0x0000000085f00000, 0x0000000085f00000, 0x0000000086000000|  0%| F|  |TAMS 0x0000000085f00000, 0x0000000085f00000| Untracked 
|  96|0x0000000086000000, 0x0000000086000000, 0x0000000086100000|  0%| F|  |TAMS 0x0000000086000000, 0x0000000086000000| Untracked 
|  97|0x0000000086100000, 0x0000000086100000, 0x0000000086200000|  0%| F|  |TAMS 0x0000000086100000, 0x0000000086100000| Untracked 
|  98|0x0000000086200000, 0x0000000086200000, 0x0000000086300000|  0%| F|  |TAMS 0x0000000086200000, 0x0000000086200000| Untracked 
|  99|0x0000000086300000, 0x0000000086300000, 0x0000000086400000|  0%| F|  |TAMS 0x0000000086300000, 0x0000000086300000| Untracked 
| 100|0x0000000086400000, 0x0000000086400000, 0x0000000086500000|  0%| F|  |TAMS 0x0000000086400000, 0x0000000086400000| Untracked 
| 101|0x0000000086500000, 0x0000000086500000, 0x0000000086600000|  0%| F|  |TAMS 0x0000000086500000, 0x0000000086500000| Untracked 
| 102|0x0000000086600000, 0x0000000086600000, 0x0000000086700000|  0%| F|  |TAMS 0x0000000086600000, 0x0000000086600000| Untracked 
| 103|0x0000000086700000, 0x0000000086700000, 0x0000000086800000|  0%| F|  |TAMS 0x0000000086700000, 0x0000000086700000| Untracked 
| 104|0x0000000086800000, 0x0000000086800000, 0x0000000086900000|  0%| F|  |TAMS 0x0000000086800000, 0x0000000086800000| Untracked 
| 105|0x0000000086900000, 0x0000000086900000, 0x0000000086a00000|  0%| F|  |TAMS 0x0000000086900000, 0x0000000086900000| Untracked 
| 106|0x0000000086a00000, 0x0000000086a00000, 0x0000000086b00000|  0%| F|  |TAMS 0x0000000086a00000, 0x0000000086a00000| Untracked 
| 107|0x0000000086b00000, 0x0000000086b00000, 0x0000000086c00000|  0%| F|  |TAMS 0x0000000086b00000, 0x0000000086b00000| Untracked 
| 108|0x0000000086c00000, 0x0000000086c00000, 0x0000000086d00000|  0%| F|  |TAMS 0x0000000086c00000, 0x0000000086c00000| Untracked 
| 109|0x0000000086d00000, 0x0000000086d00000, 0x0000000086e00000|  0%| F|  |TAMS 0x0000000086d00000, 0x0000000086d00000| Untracked 
| 110|0x0000000086e00000, 0x0000000086e00000, 0x0000000086f00000|  0%| F|  |TAMS 0x0000000086e00000, 0x0000000086e00000| Untracked 
| 111|0x0000000086f00000, 0x0000000086f00000, 0x0000000087000000|  0%| F|  |TAMS 0x0000000086f00000, 0x0000000086f00000| Untracked 
| 112|0x0000000087000000, 0x0000000087000000, 0x0000000087100000|  0%| F|  |TAMS 0x0000000087000000, 0x0000000087000000| Untracked 
| 113|0x0000000087100000, 0x0000000087100000, 0x0000000087200000|  0%| F|  |TAMS 0x0000000087100000, 0x0000000087100000| Untracked 
| 114|0x0000000087200000, 0x0000000087200000, 0x0000000087300000|  0%| F|  |TAMS 0x0000000087200000, 0x0000000087200000| Untracked 
| 115|0x0000000087300000, 0x0000000087300000, 0x0000000087400000|  0%| F|  |TAMS 0x0000000087300000, 0x0000000087300000| Untracked 
| 116|0x0000000087400000, 0x0000000087400000, 0x0000000087500000|  0%| F|  |TAMS 0x0000000087400000, 0x0000000087400000| Untracked 
| 117|0x0000000087500000, 0x0000000087500000, 0x0000000087600000|  0%| F|  |TAMS 0x0000000087500000, 0x0000000087500000| Untracked 
| 118|0x0000000087600000, 0x0000000087600000, 0x0000000087700000|  0%| F|  |TAMS 0x0000000087600000, 0x0000000087600000| Untracked 
| 119|0x0000000087700000, 0x0000000087700000, 0x0000000087800000|  0%| F|  |TAMS 0x0000000087700000, 0x0000000087700000| Untracked 
| 120|0x0000000087800000, 0x0000000087800000, 0x0000000087900000|  0%| F|  |TAMS 0x0000000087800000, 0x0000000087800000| Untracked 
| 121|0x0000000087900000, 0x0000000087900000, 0x0000000087a00000|  0%| F|  |TAMS 0x0000000087900000, 0x0000000087900000| Untracked 
| 122|0x0000000087a00000, 0x0000000087a688f0, 0x0000000087b00000| 40%| S|CS|TAMS 0x0000000087a00000, 0x0000000087a00000| Complete 
| 123|0x0000000087b00000, 0x0000000087c00000, 0x0000000087c00000|100%| S|CS|TAMS 0x0000000087b00000, 0x0000000087b00000| Complete 
| 124|0x0000000087c00000, 0x0000000087d00000, 0x0000000087d00000|100%| S|CS|TAMS 0x0000000087c00000, 0x0000000087c00000| Complete 
| 125|0x0000000087d00000, 0x0000000087e00000, 0x0000000087e00000|100%| S|CS|TAMS 0x0000000087d00000, 0x0000000087d00000| Complete 
| 126|0x0000000087e00000, 0x0000000087f00000, 0x0000000087f00000|100%| S|CS|TAMS 0x0000000087e00000, 0x0000000087e00000| Complete 
| 127|0x0000000087f00000, 0x0000000088000000, 0x0000000088000000|100%| S|CS|TAMS 0x0000000087f00000, 0x0000000087f00000| Complete 
| 128|0x0000000088000000, 0x0000000088000000, 0x0000000088100000|  0%| F|  |TAMS 0x0000000088000000, 0x0000000088000000| Untracked 
| 129|0x0000000088100000, 0x0000000088100000, 0x0000000088200000|  0%| F|  |TAMS 0x0000000088100000, 0x0000000088100000| Untracked 
| 130|0x0000000088200000, 0x0000000088200000, 0x0000000088300000|  0%| F|  |TAMS 0x0000000088200000, 0x0000000088200000| Untracked 
| 131|0x0000000088300000, 0x0000000088300000, 0x0000000088400000|  0%| F|  |TAMS 0x0000000088300000, 0x0000000088300000| Untracked 
| 132|0x0000000088400000, 0x0000000088400000, 0x0000000088500000|  0%| F|  |TAMS 0x0000000088400000, 0x0000000088400000| Untracked 
| 133|0x0000000088500000, 0x0000000088500000, 0x0000000088600000|  0%| F|  |TAMS 0x0000000088500000, 0x0000000088500000| Untracked 
| 134|0x0000000088600000, 0x0000000088600000, 0x0000000088700000|  0%| F|  |TAMS 0x0000000088600000, 0x0000000088600000| Untracked 
| 135|0x0000000088700000, 0x0000000088700000, 0x0000000088800000|  0%| F|  |TAMS 0x0000000088700000, 0x0000000088700000| Untracked 
| 136|0x0000000088800000, 0x0000000088800000, 0x0000000088900000|  0%| F|  |TAMS 0x0000000088800000, 0x0000000088800000| Untracked 
| 137|0x0000000088900000, 0x0000000088900000, 0x0000000088a00000|  0%| F|  |TAMS 0x0000000088900000, 0x0000000088900000| Untracked 
| 138|0x0000000088a00000, 0x0000000088a00000, 0x0000000088b00000|  0%| F|  |TAMS 0x0000000088a00000, 0x0000000088a00000| Untracked 
| 139|0x0000000088b00000, 0x0000000088b00000, 0x0000000088c00000|  0%| F|  |TAMS 0x0000000088b00000, 0x0000000088b00000| Untracked 
| 140|0x0000000088c00000, 0x0000000088c00000, 0x0000000088d00000|  0%| F|  |TAMS 0x0000000088c00000, 0x0000000088c00000| Untracked 
| 141|0x0000000088d00000, 0x0000000088d00000, 0x0000000088e00000|  0%| F|  |TAMS 0x0000000088d00000, 0x0000000088d00000| Untracked 
| 142|0x0000000088e00000, 0x0000000088e00000, 0x0000000088f00000|  0%| F|  |TAMS 0x0000000088e00000, 0x0000000088e00000| Untracked 
| 143|0x0000000088f00000, 0x0000000088f00000, 0x0000000089000000|  0%| F|  |TAMS 0x0000000088f00000, 0x0000000088f00000| Untracked 
| 144|0x0000000089000000, 0x0000000089000000, 0x0000000089100000|  0%| F|  |TAMS 0x0000000089000000, 0x0000000089000000| Untracked 
| 145|0x0000000089100000, 0x0000000089100000, 0x0000000089200000|  0%| F|  |TAMS 0x0000000089100000, 0x0000000089100000| Untracked 
| 146|0x0000000089200000, 0x0000000089200000, 0x0000000089300000|  0%| F|  |TAMS 0x0000000089200000, 0x0000000089200000| Untracked 
| 147|0x0000000089300000, 0x0000000089300000, 0x0000000089400000|  0%| F|  |TAMS 0x0000000089300000, 0x0000000089300000| Untracked 
| 148|0x0000000089400000, 0x0000000089400000, 0x0000000089500000|  0%| F|  |TAMS 0x0000000089400000, 0x0000000089400000| Untracked 
| 149|0x0000000089500000, 0x0000000089500000, 0x0000000089600000|  0%| F|  |TAMS 0x0000000089500000, 0x0000000089500000| Untracked 
| 150|0x0000000089600000, 0x0000000089600000, 0x0000000089700000|  0%| F|  |TAMS 0x0000000089600000, 0x0000000089600000| Untracked 
| 151|0x0000000089700000, 0x0000000089700000, 0x0000000089800000|  0%| F|  |TAMS 0x0000000089700000, 0x0000000089700000| Untracked 
| 152|0x0000000089800000, 0x0000000089800000, 0x0000000089900000|  0%| F|  |TAMS 0x0000000089800000, 0x0000000089800000| Untracked 
| 153|0x0000000089900000, 0x0000000089900000, 0x0000000089a00000|  0%| F|  |TAMS 0x0000000089900000, 0x0000000089900000| Untracked 
| 154|0x0000000089a00000, 0x0000000089a00000, 0x0000000089b00000|  0%| F|  |TAMS 0x0000000089a00000, 0x0000000089a00000| Untracked 
| 155|0x0000000089b00000, 0x0000000089b00000, 0x0000000089c00000|  0%| F|  |TAMS 0x0000000089b00000, 0x0000000089b00000| Untracked 
| 156|0x0000000089c00000, 0x0000000089c00000, 0x0000000089d00000|  0%| F|  |TAMS 0x0000000089c00000, 0x0000000089c00000| Untracked 
| 157|0x0000000089d00000, 0x0000000089d00000, 0x0000000089e00000|  0%| F|  |TAMS 0x0000000089d00000, 0x0000000089d00000| Untracked 
| 158|0x0000000089e00000, 0x0000000089e00000, 0x0000000089f00000|  0%| F|  |TAMS 0x0000000089e00000, 0x0000000089e00000| Untracked 
| 159|0x0000000089f00000, 0x0000000089f00000, 0x000000008a000000|  0%| F|  |TAMS 0x0000000089f00000, 0x0000000089f00000| Untracked 
| 160|0x000000008a000000, 0x000000008a000000, 0x000000008a100000|  0%| F|  |TAMS 0x000000008a000000, 0x000000008a000000| Untracked 
| 161|0x000000008a100000, 0x000000008a100000, 0x000000008a200000|  0%| F|  |TAMS 0x000000008a100000, 0x000000008a100000| Untracked 
| 162|0x000000008a200000, 0x000000008a200000, 0x000000008a300000|  0%| F|  |TAMS 0x000000008a200000, 0x000000008a200000| Untracked 
| 163|0x000000008a300000, 0x000000008a300000, 0x000000008a400000|  0%| F|  |TAMS 0x000000008a300000, 0x000000008a300000| Untracked 
| 164|0x000000008a400000, 0x000000008a400000, 0x000000008a500000|  0%| F|  |TAMS 0x000000008a400000, 0x000000008a400000| Untracked 
| 165|0x000000008a500000, 0x000000008a500000, 0x000000008a600000|  0%| F|  |TAMS 0x000000008a500000, 0x000000008a500000| Untracked 
| 166|0x000000008a600000, 0x000000008a600000, 0x000000008a700000|  0%| F|  |TAMS 0x000000008a600000, 0x000000008a600000| Untracked 
| 167|0x000000008a700000, 0x000000008a700000, 0x000000008a800000|  0%| F|  |TAMS 0x000000008a700000, 0x000000008a700000| Untracked 
| 168|0x000000008a800000, 0x000000008a800000, 0x000000008a900000|  0%| F|  |TAMS 0x000000008a800000, 0x000000008a800000| Untracked 
| 205|0x000000008cd00000, 0x000000008cd00000, 0x000000008ce00000|  0%| F|  |TAMS 0x000000008cd00000, 0x000000008cd00000| Untracked 
| 206|0x000000008ce00000, 0x000000008ce00000, 0x000000008cf00000|  0%| F|  |TAMS 0x000000008ce00000, 0x000000008ce00000| Untracked 
| 207|0x000000008cf00000, 0x000000008cf00000, 0x000000008d000000|  0%| F|  |TAMS 0x000000008cf00000, 0x000000008cf00000| Untracked 
| 208|0x000000008d000000, 0x000000008d000000, 0x000000008d100000|  0%| F|  |TAMS 0x000000008d000000, 0x000000008d000000| Untracked 
| 209|0x000000008d100000, 0x000000008d100000, 0x000000008d200000|  0%| F|  |TAMS 0x000000008d100000, 0x000000008d100000| Untracked 
| 210|0x000000008d200000, 0x000000008d200000, 0x000000008d300000|  0%| F|  |TAMS 0x000000008d200000, 0x000000008d200000| Untracked 
| 211|0x000000008d300000, 0x000000008d300000, 0x000000008d400000|  0%| F|  |TAMS 0x000000008d300000, 0x000000008d300000| Untracked 
| 212|0x000000008d400000, 0x000000008d400000, 0x000000008d500000|  0%| F|  |TAMS 0x000000008d400000, 0x000000008d400000| Untracked 
| 253|0x000000008fd00000, 0x000000008fd00000, 0x000000008fe00000|  0%| F|  |TAMS 0x000000008fd00000, 0x000000008fd00000| Untracked 
|2046|0x00000000ffe00000, 0x00000000fff00000, 0x00000000fff00000|100%| O|  |TAMS 0x00000000fff00000, 0x00000000fff00000| Untracked 
|2047|0x00000000fff00000, 0x0000000100000000, 0x0000000100000000|100%| O|  |TAMS 0x0000000100000000, 0x0000000100000000| Untracked 

Card table byte_map: [0x000001af7d790000,0x000001af7db90000] _byte_map_base: 0x000001af7d390000

Marking Bits (Prev, Next): (CMBitMap*) 0x000001af7cdd6510, (CMBitMap*) 0x000001af7cdd6550
 Prev Bits: [0x000001af7df90000, 0x000001af7ff90000)
 Next Bits: [0x000001af12400000, 0x000001af14400000)

Polling page: 0x000001af7c540000

Metaspace:

Usage:
  Non-class:     81.14 MB used.
      Class:     13.04 MB used.
       Both:     94.19 MB used.

Virtual space:
  Non-class space:       88.00 MB reserved,      81.50 MB ( 93%) committed,  11 nodes.
      Class space:        1.00 GB reserved,      13.38 MB (  1%) committed,  1 nodes.
             Both:        1.09 GB reserved,      94.88 MB (  9%) committed. 

Chunk freelists:
   Non-Class:  2.08 MB
       Class:  2.61 MB
        Both:  4.69 MB

MaxMetaspaceSize: unlimited
CompressedClassSpaceSize: 1.00 GB
Initial GC threshold: 21.00 MB
Current GC threshold: 157.44 MB
CDS: off
MetaspaceReclaimPolicy: balanced
 - commit_granule_bytes: 65536.
 - commit_granule_words: 8192.
 - virtual_space_node_default_size: 1048576.
 - enlarge_chunks_in_place: 1.
 - new_chunks_are_fully_committed: 0.
 - uncommit_free_chunks: 1.
 - use_allocation_guard: 0.
 - handle_deallocations: 1.


Internal statistics:

num_allocs_failed_limit: 9.
num_arena_births: 1030.
num_arena_deaths: 0.
num_vsnodes_births: 12.
num_vsnodes_deaths: 0.
num_space_committed: 1518.
num_space_uncommitted: 0.
num_chunks_returned_to_freelist: 9.
num_chunks_taken_from_freelist: 4629.
num_chunk_merges: 9.
num_chunk_splits: 3057.
num_chunks_enlarged: 2030.
num_purges: 0.
num_inconsistent_stats: 0.

CodeHeap 'non-profiled nmethods': size=120000Kb used=6048Kb max_used=6048Kb free=113951Kb
 bounds [0x000001af0aed0000, 0x000001af0b4c0000, 0x000001af12400000]
CodeHeap 'profiled nmethods': size=120000Kb used=17511Kb max_used=17511Kb free=102488Kb
 bounds [0x000001af03400000, 0x000001af04520000, 0x000001af0a930000]
CodeHeap 'non-nmethods': size=5760Kb used=2407Kb max_used=2473Kb free=3352Kb
 bounds [0x000001af0a930000, 0x000001af0abb0000, 0x000001af0aed0000]
 total_blobs=10374 nmethods=9447 adapters=837
 compilation: enabled
              stopped_count=0, restarted_count=0
 full_count=0

Compilation events (20 events):
Event: 8.738 Thread 0x000001af17c8e6d0 nmethod 10938 0x000001af04517a10 code [0x000001af04517bc0, 0x000001af04517ee8]
Event: 8.738 Thread 0x000001af17c8e6d0 10939       3       org.gradle.internal.snapshot.DirectorySnapshot::lambda$accept$1 (9 bytes)
Event: 8.738 Thread 0x000001af17c8e6d0 nmethod 10939 0x000001af04518010 code [0x000001af045181c0, 0x000001af04518368]
Event: 8.738 Thread 0x000001af17c8e6d0 10941       3       org.gradle.internal.snapshot.SnapshotUtil$$Lambda$1386/0x0000000100d62d10::visitEntry (9 bytes)
Event: 8.738 Thread 0x000001af17faf480 10945       4       java.util.stream.ReduceOps$3::getOpFlags (28 bytes)
Event: 8.738 Thread 0x000001af17c8e6d0 nmethod 10941 0x000001af04518410 code [0x000001af045185c0, 0x000001af045188c8]
Event: 8.738 Thread 0x000001af17c8e6d0 10943       3       java.util.stream.Streams$AbstractStreamBuilderImpl::estimateSize (9 bytes)
Event: 8.738 Thread 0x000001af17c8e6d0 nmethod 10943 0x000001af04518a10 code [0x000001af04518ba0, 0x000001af04518cb8]
Event: 8.738 Thread 0x000001af17ef0170 10946       4       java.util.stream.ReduceOps$3::makeSink (5 bytes)
Event: 8.738 Thread 0x000001af17c8e6d0 10940       3       org.gradle.internal.snapshot.DirectorySnapshot::accept (108 bytes)
Event: 8.739 Thread 0x000001af17c8e6d0 nmethod 10940 0x000001af04518d90 code [0x000001af04519040, 0x000001af04519e58]
Event: 8.739 Thread 0x000001af17c8e6d0 10944       3       org.gradle.internal.snapshot.SingletonChildMap::stream (8 bytes)
Event: 8.739 Thread 0x000001af17ef0170 nmethod 10946 0x000001af0b4b7f10 code [0x000001af0b4b80a0, 0x000001af0b4b8198]
Event: 8.739 Thread 0x000001af17ef0170 10947       4       java.nio.ByteBuffer::allocate (20 bytes)
Event: 8.739 Thread 0x000001af17c8e6d0 nmethod 10944 0x000001af0451a310 code [0x000001af0451a4e0, 0x000001af0451a848]
Event: 8.739 Thread 0x000001af17c8e6d0 10942       3       org.gradle.internal.snapshot.SnapshotUtil::lambda$indexByAbsolutePath$0 (16 bytes)
Event: 8.739 Thread 0x000001af17c8e6d0 nmethod 10942 0x000001af0451a990 code [0x000001af0451ab40, 0x000001af0451adc8]
Event: 8.739 Thread 0x000001af17c8e6d0 10948       3       org.gradle.internal.snapshot.RootTrackingFileSystemSnapshotHierarchyVisitor::visitEntry (18 bytes)
Event: 8.740 Thread 0x000001af17c8e6d0 nmethod 10948 0x000001af0451af10 code [0x000001af0451b0c0, 0x000001af0451b268]
Event: 8.740 Thread 0x000001af17c8e6d0 10949       3       org.gradle.internal.execution.history.impl.OutputSnapshotUtil$SnapshotFilteringVisitor::visitEntry (20 bytes)

GC Heap History (20 events):
Event: 6.048 GC heap after
{Heap after GC invocations=24 (full 0):
 garbage-first heap   total 141312K, used 67258K [0x0000000080000000, 0x0000000100000000)
  region size 1024K, 6 young (6144K), 6 survivors (6144K)
 Metaspace       used 75723K, committed 76352K, reserved 1122304K
  class space    used 10128K, committed 10432K, reserved 1048576K
}
Event: 6.325 GC heap before
{Heap before GC invocations=24 (full 0):
 garbage-first heap   total 141312K, used 105146K [0x0000000080000000, 0x0000000100000000)
  region size 1024K, 43 young (44032K), 6 survivors (6144K)
 Metaspace       used 77966K, committed 78592K, reserved 1122304K
  class space    used 10435K, committed 10752K, reserved 1048576K
}
Event: 6.329 GC heap after
{Heap after GC invocations=25 (full 0):
 garbage-first heap   total 141312K, used 71619K [0x0000000080000000, 0x0000000100000000)
  region size 1024K, 5 young (5120K), 5 survivors (5120K)
 Metaspace       used 77966K, committed 78592K, reserved 1122304K
  class space    used 10435K, committed 10752K, reserved 1048576K
}
Event: 6.719 GC heap before
{Heap before GC invocations=25 (full 0):
 garbage-first heap   total 141312K, used 107459K [0x0000000080000000, 0x0000000100000000)
  region size 1024K, 40 young (40960K), 5 survivors (5120K)
 Metaspace       used 82241K, committed 82880K, reserved 1122304K
  class space    used 11219K, committed 11520K, reserved 1048576K
}
Event: 6.722 GC heap after
{Heap after GC invocations=26 (full 0):
 garbage-first heap   total 141312K, used 73457K [0x0000000080000000, 0x0000000100000000)
  region size 1024K, 3 young (3072K), 3 survivors (3072K)
 Metaspace       used 82241K, committed 82880K, reserved 1122304K
  class space    used 11219K, committed 11520K, reserved 1048576K
}
Event: 7.123 GC heap before
{Heap before GC invocations=27 (full 0):
 garbage-first heap   total 141312K, used 110321K [0x0000000080000000, 0x0000000100000000)
  region size 1024K, 39 young (39936K), 3 survivors (3072K)
 Metaspace       used 85895K, committed 86464K, reserved 1130496K
  class space    used 11765K, committed 12032K, reserved 1048576K
}
Event: 7.126 GC heap after
{Heap after GC invocations=28 (full 0):
 garbage-first heap   total 169984K, used 76339K [0x0000000080000000, 0x0000000100000000)
  region size 1024K, 5 young (5120K), 5 survivors (5120K)
 Metaspace       used 85895K, committed 86464K, reserved 1130496K
  class space    used 11765K, committed 12032K, reserved 1048576K
}
Event: 7.157 GC heap before
{Heap before GC invocations=28 (full 0):
 garbage-first heap   total 169984K, used 78387K [0x0000000080000000, 0x0000000100000000)
  region size 1024K, 8 young (8192K), 5 survivors (5120K)
 Metaspace       used 86106K, committed 86720K, reserved 1130496K
  class space    used 11790K, committed 12096K, reserved 1048576K
}
Event: 7.160 GC heap after
{Heap after GC invocations=29 (full 0):
 garbage-first heap   total 169984K, used 76598K [0x0000000080000000, 0x0000000100000000)
  region size 1024K, 1 young (1024K), 1 survivors (1024K)
 Metaspace       used 86106K, committed 86720K, reserved 1130496K
  class space    used 11790K, committed 12096K, reserved 1048576K
}
Event: 7.736 GC heap before
{Heap before GC invocations=29 (full 0):
 garbage-first heap   total 169984K, used 131894K [0x0000000080000000, 0x0000000100000000)
  region size 1024K, 55 young (56320K), 1 survivors (1024K)
 Metaspace       used 92385K, committed 93056K, reserved 1130496K
  class space    used 12677K, committed 12992K, reserved 1048576K
}
Event: 7.739 GC heap after
{Heap after GC invocations=30 (full 0):
 garbage-first heap   total 169984K, used 80319K [0x0000000080000000, 0x0000000100000000)
  region size 1024K, 5 young (5120K), 5 survivors (5120K)
 Metaspace       used 92385K, committed 93056K, reserved 1130496K
  class space    used 12677K, committed 12992K, reserved 1048576K
}
Event: 8.063 GC heap before
{Heap before GC invocations=30 (full 0):
 garbage-first heap   total 169984K, used 134591K [0x0000000080000000, 0x0000000100000000)
  region size 1024K, 58 young (59392K), 5 survivors (5120K)
 Metaspace       used 93695K, committed 94400K, reserved 1130496K
  class space    used 12848K, committed 13184K, reserved 1048576K
}
Event: 8.068 GC heap after
{Heap after GC invocations=31 (full 0):
 garbage-first heap   total 169984K, used 87797K [0x0000000080000000, 0x0000000100000000)
  region size 1024K, 8 young (8192K), 8 survivors (8192K)
 Metaspace       used 93695K, committed 94400K, reserved 1130496K
  class space    used 12848K, committed 13184K, reserved 1048576K
}
Event: 8.432 GC heap before
{Heap before GC invocations=31 (full 0):
 garbage-first heap   total 169984K, used 133877K [0x0000000080000000, 0x0000000100000000)
  region size 1024K, 54 young (55296K), 8 survivors (8192K)
 Metaspace       used 95756K, committed 96448K, reserved 1138688K
  class space    used 13244K, committed 13568K, reserved 1048576K
}
Event: 8.438 GC heap after
{Heap after GC invocations=32 (full 0):
 garbage-first heap   total 169984K, used 93739K [0x0000000080000000, 0x0000000100000000)
  region size 1024K, 6 young (6144K), 6 survivors (6144K)
 Metaspace       used 95756K, committed 96448K, reserved 1138688K
  class space    used 13244K, committed 13568K, reserved 1048576K
}
Event: 8.546 GC heap before
{Heap before GC invocations=33 (full 0):
 garbage-first heap   total 184320K, used 135723K [0x0000000080000000, 0x0000000100000000)
  region size 1024K, 48 young (49152K), 6 survivors (6144K)
 Metaspace       used 96062K, committed 96768K, reserved 1138688K
  class space    used 13314K, committed 13632K, reserved 1048576K
}
Event: 8.552 GC heap after
{Heap after GC invocations=34 (full 0):
 garbage-first heap   total 184320K, used 99018K [0x0000000080000000, 0x0000000100000000)
  region size 1024K, 6 young (6144K), 6 survivors (6144K)
 Metaspace       used 96062K, committed 96768K, reserved 1138688K
  class space    used 13314K, committed 13632K, reserved 1048576K
}
Event: 8.562 GC heap before
{Heap before GC invocations=34 (full 0):
 garbage-first heap   total 184320K, used 101066K [0x0000000080000000, 0x0000000100000000)
  region size 1024K, 9 young (9216K), 6 survivors (6144K)
 Metaspace       used 96065K, committed 96768K, reserved 1138688K
  class space    used 13314K, committed 13632K, reserved 1048576K
}
Event: 8.565 GC heap after
{Heap after GC invocations=35 (full 0):
 garbage-first heap   total 184320K, used 98819K [0x0000000080000000, 0x0000000100000000)
  region size 1024K, 2 young (2048K), 2 survivors (2048K)
 Metaspace       used 96065K, committed 96768K, reserved 1138688K
  class space    used 13314K, committed 13632K, reserved 1048576K
}
Event: 8.740 GC heap before
{Heap before GC invocations=35 (full 0):
 garbage-first heap   total 184320K, used 146947K [0x0000000080000000, 0x0000000100000000)
  region size 1024K, 50 young (51200K), 2 survivors (2048K)
 Metaspace       used 96445K, committed 97152K, reserved 1138688K
  class space    used 13358K, committed 13696K, reserved 1048576K
}

Dll operation events (2 events):
Event: 0.006 Loaded shared library C:\Program Files\Android\Android Studio\jbr\bin\java.dll
Event: 0.245 Loaded shared library C:\Program Files\Android\Android Studio\jbr\bin\verify.dll

Deoptimization events (20 events):
Event: 8.572 Thread 0x000001af1e0b4950 DEOPT PACKING pc=0x000001af0b2d5e64 sp=0x000000ab593fe8a0
Event: 8.572 Thread 0x000001af1e0b4950 DEOPT UNPACKING pc=0x000001af0a98a1a3 sp=0x000000ab593fe850 mode 2
Event: 8.692 Thread 0x000001af1a126b80 DEOPT PACKING pc=0x000001af0440a812 sp=0x000000ab5eefba40
Event: 8.692 Thread 0x000001af1a126b80 DEOPT UNPACKING pc=0x000001af0a98ace3 sp=0x000000ab5eefaf50 mode 0
Event: 8.708 Thread 0x000001af1e0b3ae0 Uncommon trap: trap_request=0xffffffbe fr.pc=0x000001af0b4ad9f8 relative=0x0000000000000718
Event: 8.708 Thread 0x000001af20a7ef80 Uncommon trap: trap_request=0xffffffbe fr.pc=0x000001af0b4ad9f8 relative=0x0000000000000718
Event: 8.708 Thread 0x000001af1e0b3ae0 Uncommon trap: reason=profile_predicate action=maybe_recompile pc=0x000001af0b4ad9f8 method=java.util.Collections.indexedBinarySearch(Ljava/util/List;Ljava/lang/Object;Ljava/util/Comparator;)I @ 15 c2
Event: 8.708 Thread 0x000001af20a7ef80 Uncommon trap: reason=profile_predicate action=maybe_recompile pc=0x000001af0b4ad9f8 method=java.util.Collections.indexedBinarySearch(Ljava/util/List;Ljava/lang/Object;Ljava/util/Comparator;)I @ 15 c2
Event: 8.708 Thread 0x000001af1e0b3ae0 DEOPT PACKING pc=0x000001af0b4ad9f8 sp=0x000000ab58ffcdb0
Event: 8.708 Thread 0x000001af20a7ef80 DEOPT PACKING pc=0x000001af0b4ad9f8 sp=0x000000ab57ffca50
Event: 8.708 Thread 0x000001af1e0b3ae0 DEOPT UNPACKING pc=0x000001af0a98a1a3 sp=0x000000ab58ffcd48 mode 2
Event: 8.708 Thread 0x000001af1e0b3ae0 Uncommon trap: trap_request=0xffffffbe fr.pc=0x000001af0b4ad9f8 relative=0x0000000000000718
Event: 8.708 Thread 0x000001af20a7ef80 DEOPT UNPACKING pc=0x000001af0a98a1a3 sp=0x000000ab57ffc9e8 mode 2
Event: 8.708 Thread 0x000001af1e0b3ae0 Uncommon trap: reason=profile_predicate action=maybe_recompile pc=0x000001af0b4ad9f8 method=java.util.Collections.indexedBinarySearch(Ljava/util/List;Ljava/lang/Object;Ljava/util/Comparator;)I @ 15 c2
Event: 8.709 Thread 0x000001af20a7ef80 Uncommon trap: trap_request=0xffffffbe fr.pc=0x000001af0b4ad9f8 relative=0x0000000000000718
Event: 8.709 Thread 0x000001af20a7ef80 Uncommon trap: reason=profile_predicate action=maybe_recompile pc=0x000001af0b4ad9f8 method=java.util.Collections.indexedBinarySearch(Ljava/util/List;Ljava/lang/Object;Ljava/util/Comparator;)I @ 15 c2
Event: 8.709 Thread 0x000001af1e0b3ae0 DEOPT PACKING pc=0x000001af0b4ad9f8 sp=0x000000ab58ffcdb0
Event: 8.709 Thread 0x000001af1e0b3ae0 DEOPT UNPACKING pc=0x000001af0a98a1a3 sp=0x000000ab58ffcd48 mode 2
Event: 8.709 Thread 0x000001af20a7ef80 DEOPT PACKING pc=0x000001af0b4ad9f8 sp=0x000000ab57ffca50
Event: 8.709 Thread 0x000001af20a7ef80 DEOPT UNPACKING pc=0x000001af0a98a1a3 sp=0x000000ab57ffc9e8 mode 2

Classes unloaded (0 events):
No events

Classes redefined (0 events):
No events

Internal exceptions (20 events):
Event: 8.232 Thread 0x000001af1902ce80 Exception <a 'java/lang/NoSuchMethodError'{0x0000000088e892d0}: static Lorg/gradle/internal/build/event/types/DefaultTaskSkippedResult;.<clinit>()V> (0x0000000088e892d0) 
thrown [s\src\hotspot\share\prims\jni.cpp, line 1108]
Event: 8.233 Thread 0x000001af20ce5120 Exception <a 'java/lang/NoSuchMethodError'{0x0000000088ee5118}: static Lcom/android/buildanalyzer/common/AndroidGradlePluginAttributionData$JavaInfo;.<clinit>()V> (0x0000000088ee5118) 
thrown [s\src\hotspot\share\prims\jni.cpp, line 1108]
Event: 8.235 Thread 0x000001af20ce5120 Exception <a 'java/lang/NoSuchMethodError'{0x0000000088d08838}: static [Ljava/lang/String;.<clinit>()V> (0x0000000088d08838) 
thrown [s\src\hotspot\share\prims\jni.cpp, line 1108]
Event: 8.235 Thread 0x000001af20ce5120 Exception <a 'java/lang/NoSuchMethodError'{0x0000000088d14d60}: static Lcom/android/buildanalyzer/common/AndroidGradlePluginAttributionData$TaskInfo;.<clinit>()V> (0x0000000088d14d60) 
thrown [s\src\hotspot\share\prims\jni.cpp, line 1108]
Event: 8.236 Thread 0x000001af20ce5120 Exception <a 'java/lang/NoSuchMethodError'{0x0000000088d22020}: static Lcom/android/buildanalyzer/common/AndroidGradlePluginAttributionData$TaskCategoryInfo;.<clinit>()V> (0x0000000088d22020) 
thrown [s\src\hotspot\share\prims\jni.cpp, line 1108]
Event: 8.391 Thread 0x000001af1a127520 Exception <a 'java/lang/NoSuchMethodError'{0x0000000087fdeef0}: 'void java.lang.invoke.DirectMethodHandle$Holder.invokeStatic(java.lang.Object, java.lang.Object, java.lang.Object, java.lang.Object, int, java.lang.Object, java.lang.Object)'> (0x0000000087fdeef0) 
thrown [s\src\hotspot\share\interpreter\linkResolver.cpp, line 771]
Event: 8.419 Thread 0x000001af1e48d000 Exception <a 'java/lang/NoSuchMethodError'{0x00000000878f6970}: 'java.lang.Object java.lang.invoke.DirectMethodHandle$Holder.invokeSpecialIFC(java.lang.Object, java.lang.Object, java.lang.Object)'> (0x00000000878f6970) 
thrown [s\src\hotspot\share\interpreter\linkResolver.cpp, line 771]
Event: 8.419 Thread 0x000001af1e0af780 Exception <a 'java/lang/NoSuchMethodError'{0x00000000877361c0}: 'java.lang.Object java.lang.invoke.DirectMethodHandle$Holder.invokeSpecialIFC(java.lang.Object, java.lang.Object, java.lang.Object)'> (0x00000000877361c0) 
thrown [s\src\hotspot\share\interpreter\linkResolver.cpp, line 771]
Event: 8.419 Thread 0x000001af20a802c0 Exception <a 'java/lang/NoSuchMethodError'{0x0000000087703478}: 'java.lang.Object java.lang.invoke.DirectMethodHandle$Holder.invokeSpecialIFC(java.lang.Object, java.lang.Object, java.lang.Object)'> (0x0000000087703478) 
thrown [s\src\hotspot\share\interpreter\linkResolver.cpp, line 771]
Event: 8.419 Thread 0x000001af1e4bc310 Exception <a 'java/lang/NoSuchMethodError'{0x00000000878cf898}: 'java.lang.Object java.lang.invoke.DirectMethodHandle$Holder.invokeSpecialIFC(java.lang.Object, java.lang.Object, java.lang.Object)'> (0x00000000878cf898) 
thrown [s\src\hotspot\share\interpreter\linkResolver.cpp, line 771]
Event: 8.419 Thread 0x000001af1e48c190 Exception <a 'java/lang/NoSuchMethodError'{0x00000000878dca08}: 'java.lang.Object java.lang.invoke.DirectMethodHandle$Holder.invokeSpecialIFC(java.lang.Object, java.lang.Object, java.lang.Object)'> (0x00000000878dca08) 
thrown [s\src\hotspot\share\interpreter\linkResolver.cpp, line 771]
Event: 8.419 Thread 0x000001af1e4bafd0 Exception <a 'java/lang/NoSuchMethodError'{0x00000000878c4830}: 'java.lang.Object java.lang.invoke.DirectMethodHandle$Holder.invokeSpecialIFC(java.lang.Object, java.lang.Object, java.lang.Object)'> (0x00000000878c4830) 
thrown [s\src\hotspot\share\interpreter\linkResolver.cpp, line 771]
Event: 8.419 Thread 0x000001af20a7fdf0 Exception <a 'java/lang/NoSuchMethodError'{0x00000000878bc0e0}: 'java.lang.Object java.lang.invoke.DirectMethodHandle$Holder.invokeSpecialIFC(java.lang.Object, java.lang.Object, java.lang.Object)'> (0x00000000878bc0e0) 
thrown [s\src\hotspot\share\interpreter\linkResolver.cpp, line 771]
Event: 8.419 Thread 0x000001af1e4bee60 Exception <a 'java/lang/NoSuchMethodError'{0x00000000877107d0}: 'java.lang.Object java.lang.invoke.DirectMethodHandle$Holder.invokeSpecialIFC(java.lang.Object, java.lang.Object, java.lang.Object)'> (0x00000000877107d0) 
thrown [s\src\hotspot\share\interpreter\linkResolver.cpp, line 771]
Event: 8.419 Thread 0x000001af1e48f680 Exception <a 'java/lang/NoSuchMethodError'{0x000000008771c3f8}: 'java.lang.Object java.lang.invoke.DirectMethodHandle$Holder.invokeSpecialIFC(java.lang.Object, java.lang.Object, java.lang.Object)'> (0x000000008771c3f8) 
thrown [s\src\hotspot\share\interpreter\linkResolver.cpp, line 771]
Event: 8.420 Thread 0x000001af1aa7c210 Exception <a 'java/lang/NoSuchMethodError'{0x000000008772ae90}: 'java.lang.Object java.lang.invoke.DirectMethodHandle$Holder.invokeSpecialIFC(java.lang.Object, java.lang.Object, java.lang.Object)'> (0x000000008772ae90) 
thrown [s\src\hotspot\share\interpreter\linkResolver.cpp, line 771]
Event: 8.420 Thread 0x000001af1a127520 Exception <a 'java/lang/NoSuchMethodError'{0x0000000087976918}: 'java.lang.Object java.lang.invoke.DirectMethodHandle$Holder.invokeSpecialIFC(java.lang.Object, java.lang.Object, java.lang.Object)'> (0x0000000087976918) 
thrown [s\src\hotspot\share\interpreter\linkResolver.cpp, line 771]
Event: 8.420 Thread 0x000001af1e489fe0 Exception <a 'java/lang/NoSuchMethodError'{0x00000000878e9ac8}: 'java.lang.Object java.lang.invoke.DirectMethodHandle$Holder.invokeSpecialIFC(java.lang.Object, java.lang.Object, java.lang.Object)'> (0x00000000878e9ac8) 
thrown [s\src\hotspot\share\interpreter\linkResolver.cpp, line 771]
Event: 8.482 Thread 0x000001af20ce4780 Exception <a 'java/lang/NoSuchMethodError'{0x000000008a821e68}: static Lorg/jetbrains/kotlin/gradle/plugin/statistics/MetricContainer;.<clinit>()V> (0x000000008a821e68) 
thrown [s\src\hotspot\share\prims\jni.cpp, line 1108]
Event: 8.572 Thread 0x000001af1e0b4950 Exception <a 'java/lang/NoSuchMethodError'{0x000000008d3409c8}: 'void java.lang.invoke.DirectMethodHandle$Holder.invokeVirtual(java.lang.Object, java.lang.Object)'> (0x000000008d3409c8) 
thrown [s\src\hotspot\share\interpreter\linkResolver.cpp, line 771]

VM Operations (20 events):
Event: 8.499 Executing VM operation: G1Concurrent done
Event: 8.546 Executing VM operation: G1CollectForAllocation
Event: 8.552 Executing VM operation: G1CollectForAllocation done
Event: 8.562 Executing VM operation: G1CollectForAllocation
Event: 8.565 Executing VM operation: G1CollectForAllocation done
Event: 8.646 Executing VM operation: ICBufferFull
Event: 8.646 Executing VM operation: ICBufferFull done
Event: 8.682 Executing VM operation: HandshakeAllThreads
Event: 8.682 Executing VM operation: HandshakeAllThreads done
Event: 8.713 Executing VM operation: HandshakeAllThreads
Event: 8.713 Executing VM operation: HandshakeAllThreads done
Event: 8.732 Executing VM operation: HandshakeAllThreads
Event: 8.732 Executing VM operation: HandshakeAllThreads done
Event: 8.733 Executing VM operation: HandshakeAllThreads
Event: 8.733 Executing VM operation: HandshakeAllThreads done
Event: 8.734 Executing VM operation: HandshakeAllThreads
Event: 8.734 Executing VM operation: HandshakeAllThreads done
Event: 8.737 Executing VM operation: HandshakeAllThreads
Event: 8.737 Executing VM operation: HandshakeAllThreads done
Event: 8.740 Executing VM operation: G1CollectForAllocation

Events (20 events):
Event: 8.139 Thread 0x000001af1a126b80 Thread added: 0x000001af1a126b80
Event: 8.139 Thread 0x000001af1a1279f0 Thread added: 0x000001af1a1279f0
Event: 8.139 Thread 0x000001af1a1266b0 Thread added: 0x000001af1a1266b0
Event: 8.139 Thread 0x000001af1a124500 Thread added: 0x000001af1a124500
Event: 8.140 Thread 0x000001af1a127050 Thread added: 0x000001af1a127050
Event: 8.140 Thread 0x000001af1a125370 Thread added: 0x000001af1a125370
Event: 8.140 Thread 0x000001af1a127520 Thread added: 0x000001af1a127520
Event: 8.169 Thread 0x000001af1a127ec0 Thread added: 0x000001af1a127ec0
Event: 8.182 loading class java/util/TreeMap$KeySpliterator
Event: 8.182 loading class java/util/TreeMap$TreeMapSpliterator
Event: 8.182 loading class java/util/TreeMap$TreeMapSpliterator done
Event: 8.182 loading class java/util/TreeMap$KeySpliterator done
Event: 8.235 loading class java/io/ObjectStreamClass$ExceptionInfo
Event: 8.235 loading class java/io/ObjectStreamClass$ExceptionInfo done
Event: 8.485 loading class java/util/HashMap$UnsafeHolder
Event: 8.486 loading class java/util/HashMap$UnsafeHolder done
Event: 8.687 loading class java/util/Comparators$NaturalOrderComparator
Event: 8.687 loading class java/util/Comparators$NaturalOrderComparator done
Event: 8.687 loading class java/util/stream/SortedOps$SizedRefSortingSink
Event: 8.687 loading class java/util/stream/SortedOps$SizedRefSortingSink done


Dynamic libraries:
0x00007ff7c7090000 - 0x00007ff7c709a000 	C:\Program Files\Android\Android Studio\jbr\bin\java.exe
0x00007ffac41f0000 - 0x00007ffac4407000 	C:\WINDOWS\SYSTEM32\ntdll.dll
0x00007ffac2dc0000 - 0x00007ffac2e84000 	C:\WINDOWS\System32\KERNEL32.DLL
0x00007ffac1a70000 - 0x00007ffac1e15000 	C:\WINDOWS\System32\KERNELBASE.dll
0x00007ffac1e20000 - 0x00007ffac1f31000 	C:\WINDOWS\System32\ucrtbase.dll
0x00007ffaa8b20000 - 0x00007ffaa8b3b000 	C:\Program Files\Android\Android Studio\jbr\bin\VCRUNTIME140.dll
0x00007ffa3dba0000 - 0x00007ffa3dbb7000 	C:\Program Files\Android\Android Studio\jbr\bin\jli.dll
0x00007ffac31f0000 - 0x00007ffac339e000 	C:\WINDOWS\System32\USER32.dll
0x00007ffaad0e0000 - 0x00007ffaad373000 	C:\WINDOWS\WinSxS\amd64_microsoft.windows.common-controls_6595b64144ccf1df_6.0.22621.2506_none_270c5ae97388e100\COMCTL32.dll
0x00007ffac1740000 - 0x00007ffac1766000 	C:\WINDOWS\System32\win32u.dll
0x00007ffac34f0000 - 0x00007ffac3597000 	C:\WINDOWS\System32\msvcrt.dll
0x00007ffac30a0000 - 0x00007ffac30c9000 	C:\WINDOWS\System32\GDI32.dll
0x00007ffac1560000 - 0x00007ffac1679000 	C:\WINDOWS\System32\gdi32full.dll
0x00007ffac19d0000 - 0x00007ffac1a6a000 	C:\WINDOWS\System32\msvcp_win.dll
0x00007ffac34b0000 - 0x00007ffac34e1000 	C:\WINDOWS\System32\IMM32.DLL
0x00007ffaa88a0000 - 0x00007ffaa88ac000 	C:\Program Files\Android\Android Studio\jbr\bin\vcruntime140_1.dll
0x00007ffa7c980000 - 0x00007ffa7ca0d000 	C:\Program Files\Android\Android Studio\jbr\bin\msvcp140.dll
0x00007ffa3dfb0000 - 0x00007ffa3ec1e000 	C:\Program Files\Android\Android Studio\jbr\bin\server\jvm.dll
0x00007ffac3620000 - 0x00007ffac36d1000 	C:\WINDOWS\System32\ADVAPI32.dll
0x00007ffac3a20000 - 0x00007ffac3ac6000 	C:\WINDOWS\System32\sechost.dll
0x00007ffac30d0000 - 0x00007ffac31e7000 	C:\WINDOWS\System32\RPCRT4.dll
0x00007ffab76f0000 - 0x00007ffab7724000 	C:\WINDOWS\SYSTEM32\WINMM.dll
0x00007ffa9af90000 - 0x00007ffa9af99000 	C:\WINDOWS\SYSTEM32\WSOCK32.dll
0x00007ffab8420000 - 0x00007ffab842a000 	C:\WINDOWS\SYSTEM32\VERSION.dll
0x00007ffac3740000 - 0x00007ffac37b1000 	C:\WINDOWS\System32\WS2_32.dll
0x00007ffac0570000 - 0x00007ffac0588000 	C:\WINDOWS\SYSTEM32\kernel.appcore.dll
0x00007ffa99530000 - 0x00007ffa9953a000 	C:\Program Files\Android\Android Studio\jbr\bin\jimage.dll
0x00007ffabe610000 - 0x00007ffabe843000 	C:\WINDOWS\SYSTEM32\DBGHELP.DLL
0x00007ffac21d0000 - 0x00007ffac2559000 	C:\WINDOWS\System32\combase.dll
0x00007ffac20f0000 - 0x00007ffac21c7000 	C:\WINDOWS\System32\OLEAUT32.dll
0x00007ffaa2d40000 - 0x00007ffaa2d72000 	C:\WINDOWS\SYSTEM32\dbgcore.DLL
0x00007ffac17e0000 - 0x00007ffac185a000 	C:\WINDOWS\System32\bcryptPrimitives.dll
0x00007ffa3df80000 - 0x00007ffa3dfa5000 	C:\Program Files\Android\Android Studio\jbr\bin\java.dll
0x00007ffa4de60000 - 0x00007ffa4de78000 	C:\Program Files\Android\Android Studio\jbr\bin\zip.dll
0x00007ffac2560000 - 0x00007ffac2db9000 	C:\WINDOWS\System32\SHELL32.dll
0x00007ffabf440000 - 0x00007ffabfd34000 	C:\WINDOWS\SYSTEM32\windows.storage.dll
0x00007ffabf300000 - 0x00007ffabf43e000 	C:\WINDOWS\SYSTEM32\wintypes.dll
0x00007ffac1f40000 - 0x00007ffac2033000 	C:\WINDOWS\System32\SHCORE.dll
0x00007ffac2060000 - 0x00007ffac20be000 	C:\WINDOWS\System32\shlwapi.dll
0x00007ffac1490000 - 0x00007ffac14b6000 	C:\WINDOWS\SYSTEM32\profapi.dll
0x00007ffa3ded0000 - 0x00007ffa3dee9000 	C:\Program Files\Android\Android Studio\jbr\bin\net.dll
0x00007ffaba5b0000 - 0x00007ffaba6e7000 	C:\WINDOWS\SYSTEM32\WINHTTP.dll
0x00007ffac0a90000 - 0x00007ffac0af9000 	C:\WINDOWS\system32\mswsock.dll
0x00007ffa3deb0000 - 0x00007ffa3dec6000 	C:\Program Files\Android\Android Studio\jbr\bin\nio.dll
0x00007ffa98bd0000 - 0x00007ffa98be0000 	C:\Program Files\Android\Android Studio\jbr\bin\verify.dll
0x00007ffa38f50000 - 0x00007ffa38f77000 	C:\Users\KIM\.gradle\native\68d5fa5c4cc2d200863cafc0d521ce42e7d3e7ee720ec0a83991735586a16f82\windows-amd64\native-platform.dll
0x00007ffa37dd0000 - 0x00007ffa37f14000 	C:\Users\KIM\.gradle\native\e376f236ea51e6404a007f0833ffe2c6e607c4080706a723a18a27aeea778392\windows-amd64\native-platform-file-events.dll
0x00007ffa98980000 - 0x00007ffa98989000 	C:\Program Files\Android\Android Studio\jbr\bin\management.dll
0x00007ffa95cb0000 - 0x00007ffa95cbb000 	C:\Program Files\Android\Android Studio\jbr\bin\management_ext.dll
0x00007ffac37c0000 - 0x00007ffac37c8000 	C:\WINDOWS\System32\PSAPI.DLL
0x00007ffac0d10000 - 0x00007ffac0d2b000 	C:\WINDOWS\SYSTEM32\CRYPTSP.dll
0x00007ffac0590000 - 0x00007ffac05c5000 	C:\WINDOWS\system32\rsaenh.dll
0x00007ffac0b70000 - 0x00007ffac0b9c000 	C:\WINDOWS\SYSTEM32\USERENV.dll
0x00007ffac0ef0000 - 0x00007ffac0f18000 	C:\WINDOWS\SYSTEM32\bcrypt.dll
0x00007ffac0d00000 - 0x00007ffac0d0c000 	C:\WINDOWS\SYSTEM32\CRYPTBASE.dll
0x00007ffac0010000 - 0x00007ffac003d000 	C:\WINDOWS\SYSTEM32\IPHLPAPI.DLL
0x00007ffac33a0000 - 0x00007ffac33a9000 	C:\WINDOWS\System32\NSI.dll
0x00007ffaba2e0000 - 0x00007ffaba2f9000 	C:\WINDOWS\SYSTEM32\dhcpcsvc6.DLL
0x00007ffaba2a0000 - 0x00007ffaba2bf000 	C:\WINDOWS\SYSTEM32\dhcpcsvc.DLL
0x00007ffac0080000 - 0x00007ffac0179000 	C:\WINDOWS\SYSTEM32\DNSAPI.dll
0x00007ffa91ba0000 - 0x00007ffa91ba8000 	C:\WINDOWS\system32\wshunix.dll
0x00007ffa8bc00000 - 0x00007ffa8bc17000 	C:\WINDOWS\system32\napinsp.dll
0x00007ffa8bad0000 - 0x00007ffa8baeb000 	C:\WINDOWS\system32\pnrpnsp.dll
0x00007ffa8bb50000 - 0x00007ffa8bb61000 	C:\WINDOWS\System32\winrnr.dll
0x00007ffab8870000 - 0x00007ffab8885000 	C:\WINDOWS\system32\wshbth.dll
0x00007ffa8bb20000 - 0x00007ffa8bb41000 	C:\WINDOWS\system32\nlansp_c.dll
0x00007ffab8750000 - 0x00007ffab875a000 	C:\Windows\System32\rasadhlp.dll
0x00007ffab8760000 - 0x00007ffab87e3000 	C:\WINDOWS\System32\fwpuclnt.dll

dbghelp: loaded successfully - version: 4.0.5 - missing functions: none
symbol engine: initialized successfully - sym options: 0x614 - pdb path: .;C:\Program Files\Android\Android Studio\jbr\bin;C:\WINDOWS\SYSTEM32;C:\WINDOWS\WinSxS\amd64_microsoft.windows.common-controls_6595b64144ccf1df_6.0.22621.2506_none_270c5ae97388e100;C:\Program Files\Android\Android Studio\jbr\bin\server;C:\Users\KIM\.gradle\native\68d5fa5c4cc2d200863cafc0d521ce42e7d3e7ee720ec0a83991735586a16f82\windows-amd64;C:\Users\KIM\.gradle\native\e376f236ea51e6404a007f0833ffe2c6e607c4080706a723a18a27aeea778392\windows-amd64

VM Arguments:
jvm_args: --add-opens=java.base/java.util=ALL-UNNAMED --add-opens=java.base/java.lang=ALL-UNNAMED --add-opens=java.base/java.lang.invoke=ALL-UNNAMED --add-opens=java.prefs/java.util.prefs=ALL-UNNAMED --add-opens=java.base/java.nio.charset=ALL-UNNAMED --add-opens=java.base/java.net=ALL-UNNAMED --add-opens=java.base/java.util.concurrent.atomic=ALL-UNNAMED -Xmx2048m -Dfile.encoding=UTF-8 -Duser.country=US -Duser.language=en -Duser.variant 
java_command: org.gradle.launcher.daemon.bootstrap.GradleDaemon 8.0
java_class_path (initial): C:\Users\KIM\.gradle\wrapper\dists\gradle-8.0-bin\ca5e32bp14vu59qr306oxotwh\gradle-8.0\lib\gradle-launcher-8.0.jar
Launcher Type: SUN_STANDARD

[Global flags]
     intx CICompilerCount                          = 4                                         {product} {ergonomic}
     uint ConcGCThreads                            = 3                                         {product} {ergonomic}
     uint G1ConcRefinementThreads                  = 10                                        {product} {ergonomic}
   size_t G1HeapRegionSize                         = 1048576                                   {product} {ergonomic}
    uintx GCDrainStackTargetSize                   = 64                                        {product} {ergonomic}
   size_t InitialHeapSize                          = 266338304                                 {product} {ergonomic}
   size_t MarkStackSize                            = 4194304                                   {product} {ergonomic}
   size_t MaxHeapSize                              = 2147483648                                {product} {command line}
   size_t MaxNewSize                               = 1287651328                                {product} {ergonomic}
   size_t MinHeapDeltaBytes                        = 1048576                                   {product} {ergonomic}
   size_t MinHeapSize                              = 8388608                                   {product} {ergonomic}
    uintx NonNMethodCodeHeapSize                   = 5839372                                {pd product} {ergonomic}
    uintx NonProfiledCodeHeapSize                  = 122909434                              {pd product} {ergonomic}
    uintx ProfiledCodeHeapSize                     = 122909434                              {pd product} {ergonomic}
    uintx ReservedCodeCacheSize                    = 251658240                              {pd product} {ergonomic}
     bool SegmentedCodeCache                       = true                                      {product} {ergonomic}
   size_t SoftMaxHeapSize                          = 2147483648                             {manageable} {ergonomic}
     bool UseCompressedClassPointers               = true                           {product lp64_product} {ergonomic}
     bool UseCompressedOops                        = true                           {product lp64_product} {ergonomic}
     bool UseG1GC                                  = true                                      {product} {ergonomic}
     bool UseLargePagesIndividualAllocation        = false                                  {pd product} {ergonomic}

Logging:
Log output configuration:
 #0: stdout all=warning uptime,level,tags
 #1: stderr all=off uptime,level,tags

Environment Variables:
JAVA_HOME=C:\Program Files\Java\jdk-21
PATH=C:\Python312\Scripts\;C:\Python312\;C:\Program Files\Common Files\Oracle\Java\javapath;C:\ProgramData\Oracle\Java\javapath;C:\Windows\system32;C:\Windows;C:\Windows\System32\Wbem;C:\Windows\System32\WindowsPowerShell\v1.0\;C:\Windows\System32\OpenSSH\;C:\Program Files (x86)\NVIDIA Corporation\PhysX\Common;C:\Program Files\NVIDIA Corporation\NVIDIA NvDLISR;C:\Program Files\Git\cmd;C:\xampp\php;C:\ProgramData\ComposerSetup\bin;C:\WINDOWS\system32;C:\WINDOWS;C:\WINDOWS\System32\Wbem;C:\WINDOWS\System32\WindowsPowerShell\v1.0\;C:\WINDOWS\System32\OpenSSH\;C:\Program Files\Java\jdk-21\bin;C:\Program Files\nodejs\;C:\ProgramData\chocolatey\bin;C:\Program Files\Docker\Docker\resources\bin;C:\Program Files\gradle-8.4\bin;C:\Program Files\MySQL\MySQL Shell 8.0\bin\;C:\Users\KIM\AppData\Local\Microsoft\WindowsApps;C:\Program Files\JetBrains\IntelliJ IDEA 2022.2.2\bin;C:\Users\KIM\AppData\Local\Programs\Microsoft VS Code\bin;C:\Users\KIM\AppData\Roaming\Composer\vendor\bin;C:\Users\KIM\Downloads\gradle\gradle-8.4\bin;C:;C:\Program Files\MySQL\MySQL Shell 8.0\bin\;C:\Users\KIM\AppData\Local\Microsoft\WindowsApps;C:\Program Files\JetBrains\IntelliJ IDEA 2022.2.2\bin;;C:\Users\KIM\AppData\Local\Programs\Microsoft VS Code\bin;C:\Users\KIM\AppData\Roaming\Composer\vendor\bin;C:\Users\KIM\Downloads\gradle\gradle-8.4\bin;C:\Users\KIM\AppData\Local\GitHubDesktop\bin;C:\Users\KIM\AppData\Roaming\npm;C:\Program Files\gradle-8.4\bin;C:\Users\KIM\AppData\Local\Android\Sdk\platform-tools;F:\flutter\bin;C:\Users\KIM\AppData\Local\Android\Sdk\platform-tools;
USERNAME=KIM
OS=Windows_NT
PROCESSOR_IDENTIFIER=Intel64 Family 6 Model 141 Stepping 1, GenuineIntel
TMP=C:\Users\KIM\AppData\Local\Temp
TEMP=C:\Users\KIM\AppData\Local\Temp


JNI global refs:
JNI global refs: 27, weak refs: 5

JNI global refs memory usage: 843, weak refs: 841


---------------  S Y S T E M  ---------------

OS:
 Windows 11 , 64 bit Build 22621 (10.0.22621.2506)
OS uptime: 0 days 20:28 hours
Hyper-V role detected

CPU: total 12 (initial active 12) (6 cores per cpu, 2 threads per core) family 6 model 141 stepping 1 microcode 0x3c, cx8, cmov, fxsr, ht, mmx, 3dnowpref, sse, sse2, sse3, ssse3, sse4.1, sse4.2, popcnt, lzcnt, tsc, tscinvbit, avx, avx2, aes, erms, clmul, bmi1, bmi2, adx, avx512f, avx512dq, avx512cd, avx512bw, avx512vl, sha, fma, vzeroupper, avx512_vpopcntdq, avx512_vpclmulqdq, avx512_vaes, avx512_vnni, clflush, clflushopt, clwb, avx512_vbmi2, avx512_vbmi, hv

Memory: 4k page, system-wide physical 16163M (1228M free)
TotalPageFile size 24355M (AvailPageFile size 34M)
current process WorkingSet (physical memory assigned to process): 455M, peak: 457M
current process commit charge ("private bytes"): 496M, peak: 532M

vm_info: OpenJDK 64-Bit Server VM (17.0.6+0-b2043.56-10027231) for windows-amd64 JRE (17.0.6+0-b2043.56-10027231), built on Apr 28 2023 00:43:19 by "androidbuild" with MS VC++ 16.10 / 16.11 (VS2019)

END.
