#
# There is insufficient memory for the Java Runtime Environment to continue.
# Native memory allocation (malloc) failed to allocate 2223424 bytes for Chunk::new
# Possible reasons:
#   The system is out of physical RAM or swap space
#   The process is running with CompressedOops enabled, and the Java Heap may be blocking the growth of the native heap
# Possible solutions:
#   Reduce memory load on the system
#   Increase physical memory or swap space
#   Check if swap backing store is full
#   Decrease Java heap size (-Xmx/-Xms)
#   Decrease number of Java threads
#   Decrease Java thread stack sizes (-Xss)
#   Set larger code cache with -XX:ReservedCodeCacheSize=
#   JVM is running with Unscaled Compressed Oops mode in which the Java heap is
#     placed in the first 4GB address space. The Java Heap base address is the
#     maximum limit for the native heap growth. Please use -XX:HeapBaseMinAddress
#     to set the Java Heap base and to place the Java Heap above 4GB virtual address.
# This output file may be truncated or incomplete.
#
#  Out of Memory Error (arena.cpp:189), pid=18740, tid=6696
#
# JRE version: OpenJDK Runtime Environment (17.0.6) (build 17.0.6+0-b2043.56-10027231)
# Java VM: OpenJDK 64-Bit Server VM (17.0.6+0-b2043.56-10027231, mixed mode, tiered, compressed oops, compressed class ptrs, g1 gc, windows-amd64)
# No core dump will be written. Minidumps are not enabled by default on client versions of Windows
#

---------------  S U M M A R Y ------------

Command Line: --add-opens=java.base/java.util=ALL-UNNAMED --add-opens=java.base/java.lang=ALL-UNNAMED --add-opens=java.base/java.lang.invoke=ALL-UNNAMED --add-opens=java.prefs/java.util.prefs=ALL-UNNAMED --add-opens=java.base/java.nio.charset=ALL-UNNAMED --add-opens=java.base/java.net=ALL-UNNAMED --add-opens=java.base/java.util.concurrent.atomic=ALL-UNNAMED -Xmx2048m -Dfile.encoding=UTF-8 -Duser.country=US -Duser.language=en -Duser.variant org.gradle.launcher.daemon.bootstrap.GradleDaemon 8.0

Host: 11th Gen Intel(R) Core(TM) i5-11400H @ 2.70GHz, 12 cores, 15G,  Windows 11 , 64 bit Build 22621 (10.0.22621.2506)
Time: Fri Dec  1 22:53:59 2023 SE Asia Standard Time elapsed time: 7.840789 seconds (0d 0h 0m 7s)

---------------  T H R E A D  ---------------

Current thread (0x00000205f80e3b80):  JavaThread "C2 CompilerThread1" daemon [_thread_in_native, id=6696, stack(0x0000009851c00000,0x0000009851d00000)]


Current CompileTask:
C2:   7840 8661       4       org.gradle.internal.instantiation.generator.AbstractClassGenerator::inspectType (560 bytes)

Stack: [0x0000009851c00000,0x0000009851d00000]
Native frames: (J=compiled Java code, j=interpreted, Vv=VM code, C=native code)
V  [jvm.dll+0x683c9a]
V  [jvm.dll+0x8427a4]
V  [jvm.dll+0x843f9e]
V  [jvm.dll+0x844603]
V  [jvm.dll+0x249b75]
V  [jvm.dll+0xabcac]
V  [jvm.dll+0xac27c]
V  [jvm.dll+0x368857]
V  [jvm.dll+0x1bced2]
V  [jvm.dll+0x21c359]
V  [jvm.dll+0x21b621]
V  [jvm.dll+0x1a4fdd]
V  [jvm.dll+0x22b098]
V  [jvm.dll+0x229159]
V  [jvm.dll+0x7f81ec]
V  [jvm.dll+0x7f274a]
V  [jvm.dll+0x682ad5]
C  [ucrtbase.dll+0x29363]
C  [KERNEL32.DLL+0x1257d]
C  [ntdll.dll+0x5aa58]


---------------  P R O C E S S  ---------------

Threads class SMR info:
_java_thread_list=0x00000205ff26a640, length=174, elements={
0x00000205dce3a000, 0x00000205f7c3af30, 0x00000205f7c3bae0, 0x00000205f7c873c0,
0x00000205f7c87e80, 0x00000205f7c8c950, 0x00000205f7c8d300, 0x00000205f7c8e090,
0x00000205f7c8ed40, 0x00000205f7c97f60, 0x00000205f7df8730, 0x00000205f7e05fc0,
0x00000205f80e3b80, 0x00000205f8343690, 0x00000205fa9fed00, 0x00000205fa288ef0,
0x00000205fa09d8c0, 0x00000205f949b0f0, 0x00000205fadab630, 0x00000205f9584c90,
0x00000205fb4e96b0, 0x00000205fa985b30, 0x00000205fa9881b0, 0x00000205fa988b50,
0x00000205fa988680, 0x00000205fa989020, 0x00000205fa986000, 0x00000205fa9894f0,
0x00000205fa986e70, 0x00000205fa9869a0, 0x00000205fa987340, 0x00000205fa987810,
0x00000205fa987ce0, 0x00000205fc2a09f0, 0x00000205fc2991a0, 0x00000205fc299670,
0x00000205fc299b40, 0x00000205fc29e370, 0x00000205fc29c690, 0x00000205fc29a010,
0x00000205fc29a9b0, 0x00000205fc29c1c0, 0x00000205fc29e840, 0x00000205fc29ed10,
0x00000205fc29d500, 0x00000205fc29f6b0, 0x00000205fc29bcf0, 0x00000205fc29fb80,
0x00000205fc2a0050, 0x00000205fdf51f10, 0x00000205fdf523e0, 0x00000205fdf4dbb0,
0x00000205fdf4ba00, 0x00000205fdf510a0, 0x00000205fdf4b530, 0x00000205fdf4e550,
0x00000205fdf4c870, 0x00000205fdf4e080, 0x00000205fdf528b0, 0x00000205fdf4b060,
0x00000205fdf4d6e0, 0x00000205fdf4bed0, 0x00000205fdf4ea20, 0x00000205fdf50230,
0x00000205fdf4c3a0, 0x00000205fdf4cd40, 0x00000205fdf4d210, 0x00000205fdf4eef0,
0x00000205fdf4f3c0, 0x00000205fdf4f890, 0x00000205fdf50700, 0x00000205fdf4fd60,
0x00000205fdf50bd0, 0x00000205fdf51570, 0x00000205fdf51a40, 0x0000020581727700,
0x000002058172dc10, 0x000002058172c8d0, 0x000002058172d270, 0x0000020581727bd0,
0x000002058172cda0, 0x00000205817293e0, 0x000002058172c400, 0x0000020581729d80,
0x000002058172e0e0, 0x000002058172ba60, 0x000002058172d740, 0x000002058172e5b0,
0x000002058172b590, 0x000002058172abf0, 0x000002058172ea80, 0x00000205817298b0,
0x000002058172bf30, 0x000002058172ef50, 0x000002058172a250, 0x0000020581728f10,
0x00000205817280a0, 0x0000020581728570, 0x000002058172a720, 0x0000020581728a40,
0x000002058172b0c0, 0x00000205fe559820, 0x00000205fe554180, 0x00000205fe559cf0,
0x00000205fe556800, 0x00000205fe553cb0, 0x00000205fe555e60, 0x00000205fe554650,
0x00000205fe5554c0, 0x00000205fe55a1c0, 0x00000205fe556cd0, 0x00000205fe559350,
0x00000205fe554ff0, 0x00000205fe552e40, 0x00000205fe557670, 0x00000205fe556330,
0x00000205fe558010, 0x00000205fe558e80, 0x00000205fe5571a0, 0x00000205fe552970,
0x00000205fe554b20, 0x00000205fe5537e0, 0x00000205fe557b40, 0x00000205fe5584e0,
0x00000205fe555990, 0x00000205fe5589b0, 0x00000205fe553310, 0x00000205fdc9f6d0,
0x00000205fdc9e860, 0x00000205fdca0070, 0x00000205fdc9f200, 0x00000205fdc9e390,
0x00000205fdc9fba0, 0x00000205fdca3a30, 0x00000205fdca0ee0, 0x00000205fdc9ed30,
0x00000205fdca0540, 0x00000205fdca0a10, 0x00000205fdca26f0, 0x00000205fdca13b0,
0x00000205fdc9dec0, 0x00000205fdca1880, 0x00000205fdca2bc0, 0x00000205fdca43d0,
0x00000205fdca1d50, 0x00000205fdca2220, 0x00000205fdca3090, 0x00000205fdca3560,
0x00000205fdca3f00, 0x00000205fdc9cb80, 0x00000205fdc9d050, 0x00000205fdc9d520,
0x00000205fe540ae0, 0x00000205fe543630, 0x00000205fe541480, 0x00000205fe546180,
0x00000205fe540fb0, 0x00000205fe541e20, 0x00000205fe545cb0, 0x00000205fe546ff0,
0x00000205fe547990, 0x00000205fe5474c0, 0x00000205fe544970, 0x00000205fe546b20,
0x00000205fe5444a0, 0x00000205fe5422f0, 0x00000205fe541950, 0x00000205fe5457e0,
0x00000205fe547e60, 0x00000205fe546650, 0x00000205fe545310, 0x00000205fe5427c0,
0x00000205fe543160, 0x00000205fe543b00
}

Java Threads: ( => current thread )
  0x00000205dce3a000 JavaThread "main" [_thread_blocked, id=3012, stack(0x0000009850900000,0x0000009850a00000)]
  0x00000205f7c3af30 JavaThread "Reference Handler" daemon [_thread_blocked, id=27612, stack(0x0000009851000000,0x0000009851100000)]
  0x00000205f7c3bae0 JavaThread "Finalizer" daemon [_thread_blocked, id=26680, stack(0x0000009851100000,0x0000009851200000)]
  0x00000205f7c873c0 JavaThread "Signal Dispatcher" daemon [_thread_blocked, id=19392, stack(0x0000009851200000,0x0000009851300000)]
  0x00000205f7c87e80 JavaThread "Attach Listener" daemon [_thread_blocked, id=25232, stack(0x0000009851300000,0x0000009851400000)]
  0x00000205f7c8c950 JavaThread "Service Thread" daemon [_thread_blocked, id=1732, stack(0x0000009851400000,0x0000009851500000)]
  0x00000205f7c8d300 JavaThread "Monitor Deflation Thread" daemon [_thread_blocked, id=16928, stack(0x0000009851500000,0x0000009851600000)]
  0x00000205f7c8e090 JavaThread "C2 CompilerThread0" daemon [_thread_in_native, id=17420, stack(0x0000009851600000,0x0000009851700000)]
  0x00000205f7c8ed40 JavaThread "C1 CompilerThread0" daemon [_thread_blocked, id=22840, stack(0x0000009851700000,0x0000009851800000)]
  0x00000205f7c97f60 JavaThread "Sweeper thread" daemon [_thread_blocked, id=4192, stack(0x0000009851800000,0x0000009851900000)]
  0x00000205f7df8730 JavaThread "Common-Cleaner" daemon [_thread_blocked, id=8344, stack(0x0000009851900000,0x0000009851a00000)]
  0x00000205f7e05fc0 JavaThread "Notification Thread" daemon [_thread_blocked, id=27384, stack(0x0000009851a00000,0x0000009851b00000)]
=>0x00000205f80e3b80 JavaThread "C2 CompilerThread1" daemon [_thread_in_native, id=6696, stack(0x0000009851c00000,0x0000009851d00000)]
  0x00000205f8343690 JavaThread "C2 CompilerThread2" daemon [_thread_in_native, id=26076, stack(0x0000009851d00000,0x0000009851e00000)]
  0x00000205fa9fed00 JavaThread "Daemon health stats" [_thread_blocked, id=16136, stack(0x0000009852300000,0x0000009852400000)]
  0x00000205fa288ef0 JavaThread "Incoming local TCP Connector on port 55720" [_thread_in_native, id=14784, stack(0x0000009852400000,0x0000009852500000)]
  0x00000205fa09d8c0 JavaThread "Daemon periodic checks" [_thread_blocked, id=5972, stack(0x0000009852500000,0x0000009852600000)]
  0x00000205f949b0f0 JavaThread "Daemon" [_thread_blocked, id=21224, stack(0x0000009852600000,0x0000009852700000)]
  0x00000205fadab630 JavaThread "Handler for socket connection from /127.0.0.1:55720 to /127.0.0.1:55721" [_thread_in_native, id=2220, stack(0x0000009852700000,0x0000009852800000)]
  0x00000205f9584c90 JavaThread "Cancel handler" [_thread_blocked, id=20016, stack(0x0000009852800000,0x0000009852900000)]
  0x00000205fb4e96b0 JavaThread "Daemon worker" [_thread_in_vm, id=9168, stack(0x0000009852900000,0x0000009852a00000)]
  0x00000205fa985b30 JavaThread "Asynchronous log dispatcher for DefaultDaemonConnection: socket connection from /127.0.0.1:55720 to /127.0.0.1:55721" [_thread_blocked, id=16504, stack(0x0000009852a00000,0x0000009852b00000)]
  0x00000205fa9881b0 JavaThread "Stdin handler" [_thread_blocked, id=13128, stack(0x0000009852b00000,0x0000009852c00000)]
  0x00000205fa988b50 JavaThread "Daemon client event forwarder" [_thread_blocked, id=26468, stack(0x0000009852c00000,0x0000009852d00000)]
  0x00000205fa988680 JavaThread "Cache worker for journal cache (C:\Users\KIM\.gradle\caches\journal-1)" [_thread_blocked, id=12132, stack(0x0000009853300000,0x0000009853400000)]
  0x00000205fa989020 JavaThread "File lock request listener" [_thread_in_native, id=1468, stack(0x0000009853400000,0x0000009853500000)]
  0x00000205fa986000 JavaThread "Cache worker for file hash cache (C:\Users\KIM\.gradle\caches\8.0\fileHashes)" [_thread_blocked, id=11616, stack(0x0000009853500000,0x0000009853600000)]
  0x00000205fa9894f0 JavaThread "File watcher server" daemon [_thread_in_native, id=11452, stack(0x0000009853600000,0x0000009853700000)]
  0x00000205fa986e70 JavaThread "File watcher consumer" daemon [_thread_blocked, id=5464, stack(0x0000009853700000,0x0000009853800000)]
  0x00000205fa9869a0 JavaThread "Cache worker for checksums cache (C:\Users\KIM\Desktop\android studio\FOO-CATION\.gradle\8.0\checksums)" [_thread_blocked, id=25556, stack(0x0000009853800000,0x0000009853900000)]
  0x00000205fa987340 JavaThread "Cache worker for cache directory md-rule (C:\Users\KIM\.gradle\caches\8.0\md-rule)" [_thread_blocked, id=17812, stack(0x0000009853900000,0x0000009853a00000)]
  0x00000205fa987810 JavaThread "Cache worker for file content cache (C:\Users\KIM\.gradle\caches\8.0\fileContent)" [_thread_blocked, id=27044, stack(0x0000009853a00000,0x0000009853b00000)]
  0x00000205fa987ce0 JavaThread "Cache worker for file hash cache (C:\Users\KIM\Desktop\android studio\FOO-CATION\.gradle\8.0\fileHashes)" [_thread_blocked, id=19936, stack(0x0000009853b00000,0x0000009853c00000)]
  0x00000205fc2a09f0 JavaThread "Cache worker for cache directory md-supplier (C:\Users\KIM\.gradle\caches\8.0\md-supplier)" [_thread_blocked, id=17004, stack(0x0000009853c00000,0x0000009853d00000)]
  0x00000205fc2991a0 JavaThread "Cache worker for execution history cache (C:\Users\KIM\.gradle\caches\8.0\executionHistory)" [_thread_blocked, id=13020, stack(0x0000009853d00000,0x0000009853e00000)]
  0x00000205fc299670 JavaThread "jar transforms" [_thread_blocked, id=22028, stack(0x0000009853e00000,0x0000009853f00000)]
  0x00000205fc299b40 JavaThread "jar transforms Thread 2" [_thread_blocked, id=25904, stack(0x0000009853f00000,0x0000009854000000)]
  0x00000205fc29e370 JavaThread "Cache worker for kotlin-dsl (C:\Users\KIM\.gradle\caches\8.0\kotlin-dsl)" [_thread_blocked, id=16424, stack(0x0000009854200000,0x0000009854300000)]
  0x00000205fc29c690 JavaThread "jar transforms Thread 3" [_thread_blocked, id=22560, stack(0x0000009854300000,0x0000009854400000)]
  0x00000205fc29a010 JavaThread "jar transforms Thread 4" [_thread_blocked, id=26408, stack(0x0000009854400000,0x0000009854500000)]
  0x00000205fc29a9b0 JavaThread "Cache worker for dependencies-accessors (C:\Users\KIM\Desktop\android studio\FOO-CATION\.gradle\8.0\dependencies-accessors)" [_thread_blocked, id=14404, stack(0x0000009854500000,0x0000009854600000)]
  0x00000205fc29c1c0 JavaThread "Cache worker for Build Output Cleanup Cache (C:\Users\KIM\Desktop\android studio\FOO-CATION\.gradle\buildOutputCleanup)" [_thread_blocked, id=25412, stack(0x0000009854600000,0x0000009854700000)]
  0x00000205fc29e840 JavaThread "jar transforms Thread 5" [_thread_blocked, id=13788, stack(0x0000009854700000,0x0000009854800000)]
  0x00000205fc29ed10 JavaThread "Unconstrained build operations" [_thread_blocked, id=11628, stack(0x0000009854800000,0x0000009854900000)]
  0x00000205fc29d500 JavaThread "Unconstrained build operations Thread 2" [_thread_blocked, id=13240, stack(0x0000009854900000,0x0000009854a00000)]
  0x00000205fc29f6b0 JavaThread "Unconstrained build operations Thread 3" [_thread_blocked, id=3328, stack(0x0000009854a00000,0x0000009854b00000)]
  0x00000205fc29bcf0 JavaThread "Unconstrained build operations Thread 4" [_thread_blocked, id=1736, stack(0x0000009854b00000,0x0000009854c00000)]
  0x00000205fc29fb80 JavaThread "Unconstrained build operations Thread 5" [_thread_blocked, id=16936, stack(0x0000009854c00000,0x0000009854d00000)]
  0x00000205fc2a0050 JavaThread "Unconstrained build operations Thread 6" [_thread_blocked, id=14900, stack(0x0000009854d00000,0x0000009854e00000)]
  0x00000205fdf51f10 JavaThread "Unconstrained build operations Thread 7" [_thread_blocked, id=10556, stack(0x0000009854e00000,0x0000009854f00000)]
  0x00000205fdf523e0 JavaThread "Unconstrained build operations Thread 8" [_thread_blocked, id=23212, stack(0x0000009854f00000,0x0000009855000000)]
  0x00000205fdf4dbb0 JavaThread "Unconstrained build operations Thread 9" [_thread_blocked, id=14720, stack(0x0000009855000000,0x0000009855100000)]
  0x00000205fdf4ba00 JavaThread "Unconstrained build operations Thread 10" [_thread_blocked, id=2576, stack(0x0000009855100000,0x0000009855200000)]
  0x00000205fdf510a0 JavaThread "Unconstrained build operations Thread 11" [_thread_blocked, id=9440, stack(0x0000009855200000,0x0000009855300000)]
  0x00000205fdf4b530 JavaThread "Unconstrained build operations Thread 12" [_thread_blocked, id=25324, stack(0x0000009855300000,0x0000009855400000)]
  0x00000205fdf4e550 JavaThread "Unconstrained build operations Thread 13" [_thread_blocked, id=19548, stack(0x0000009855400000,0x0000009855500000)]
  0x00000205fdf4c870 JavaThread "Unconstrained build operations Thread 14" [_thread_blocked, id=11372, stack(0x0000009855500000,0x0000009855600000)]
  0x00000205fdf4e080 JavaThread "Unconstrained build operations Thread 15" [_thread_blocked, id=888, stack(0x0000009855600000,0x0000009855700000)]
  0x00000205fdf528b0 JavaThread "Unconstrained build operations Thread 16" [_thread_blocked, id=20884, stack(0x0000009855700000,0x0000009855800000)]
  0x00000205fdf4b060 JavaThread "Unconstrained build operations Thread 17" [_thread_blocked, id=19036, stack(0x0000009855800000,0x0000009855900000)]
  0x00000205fdf4d6e0 JavaThread "Unconstrained build operations Thread 18" [_thread_blocked, id=21228, stack(0x0000009855900000,0x0000009855a00000)]
  0x00000205fdf4bed0 JavaThread "Unconstrained build operations Thread 19" [_thread_blocked, id=27380, stack(0x0000009855a00000,0x0000009855b00000)]
  0x00000205fdf4ea20 JavaThread "Unconstrained build operations Thread 20" [_thread_blocked, id=1884, stack(0x0000009855b00000,0x0000009855c00000)]
  0x00000205fdf50230 JavaThread "Unconstrained build operations Thread 21" [_thread_blocked, id=17204, stack(0x0000009855c00000,0x0000009855d00000)]
  0x00000205fdf4c3a0 JavaThread "Unconstrained build operations Thread 22" [_thread_blocked, id=1188, stack(0x0000009855d00000,0x0000009855e00000)]
  0x00000205fdf4cd40 JavaThread "Unconstrained build operations Thread 23" [_thread_blocked, id=13680, stack(0x0000009855e00000,0x0000009855f00000)]
  0x00000205fdf4d210 JavaThread "Unconstrained build operations Thread 24" [_thread_blocked, id=3004, stack(0x0000009855f00000,0x0000009856000000)]
  0x00000205fdf4eef0 JavaThread "Unconstrained build operations Thread 25" [_thread_blocked, id=23160, stack(0x0000009856000000,0x0000009856100000)]
  0x00000205fdf4f3c0 JavaThread "Unconstrained build operations Thread 26" [_thread_blocked, id=25720, stack(0x0000009856100000,0x0000009856200000)]
  0x00000205fdf4f890 JavaThread "Unconstrained build operations Thread 27" [_thread_blocked, id=7220, stack(0x0000009856200000,0x0000009856300000)]
  0x00000205fdf50700 JavaThread "Unconstrained build operations Thread 28" [_thread_blocked, id=21404, stack(0x0000009856300000,0x0000009856400000)]
  0x00000205fdf4fd60 JavaThread "Unconstrained build operations Thread 29" [_thread_blocked, id=8228, stack(0x0000009856400000,0x0000009856500000)]
  0x00000205fdf50bd0 JavaThread "Unconstrained build operations Thread 30" [_thread_blocked, id=12716, stack(0x0000009856500000,0x0000009856600000)]
  0x00000205fdf51570 JavaThread "Unconstrained build operations Thread 31" [_thread_blocked, id=16160, stack(0x0000009856600000,0x0000009856700000)]
  0x00000205fdf51a40 JavaThread "Unconstrained build operations Thread 32" [_thread_blocked, id=19664, stack(0x0000009856700000,0x0000009856800000)]
  0x0000020581727700 JavaThread "Unconstrained build operations Thread 33" [_thread_blocked, id=6820, stack(0x0000009856800000,0x0000009856900000)]
  0x000002058172dc10 JavaThread "Unconstrained build operations Thread 34" [_thread_blocked, id=19064, stack(0x0000009856900000,0x0000009856a00000)]
  0x000002058172c8d0 JavaThread "Unconstrained build operations Thread 35" [_thread_blocked, id=14148, stack(0x0000009856a00000,0x0000009856b00000)]
  0x000002058172d270 JavaThread "Unconstrained build operations Thread 36" [_thread_blocked, id=18484, stack(0x0000009856b00000,0x0000009856c00000)]
  0x0000020581727bd0 JavaThread "Unconstrained build operations Thread 37" [_thread_blocked, id=16436, stack(0x0000009856c00000,0x0000009856d00000)]
  0x000002058172cda0 JavaThread "Unconstrained build operations Thread 38" [_thread_blocked, id=25768, stack(0x0000009856d00000,0x0000009856e00000)]
  0x00000205817293e0 JavaThread "Unconstrained build operations Thread 39" [_thread_blocked, id=10044, stack(0x0000009856e00000,0x0000009856f00000)]
  0x000002058172c400 JavaThread "Unconstrained build operations Thread 40" [_thread_blocked, id=2452, stack(0x0000009856f00000,0x0000009857000000)]
  0x0000020581729d80 JavaThread "Unconstrained build operations Thread 41" [_thread_blocked, id=11584, stack(0x0000009857000000,0x0000009857100000)]
  0x000002058172e0e0 JavaThread "Unconstrained build operations Thread 42" [_thread_blocked, id=10720, stack(0x0000009857100000,0x0000009857200000)]
  0x000002058172ba60 JavaThread "Unconstrained build operations Thread 43" [_thread_blocked, id=11664, stack(0x0000009857200000,0x0000009857300000)]
  0x000002058172d740 JavaThread "Unconstrained build operations Thread 44" [_thread_blocked, id=3704, stack(0x0000009857300000,0x0000009857400000)]
  0x000002058172e5b0 JavaThread "Unconstrained build operations Thread 45" [_thread_blocked, id=20112, stack(0x0000009857400000,0x0000009857500000)]
  0x000002058172b590 JavaThread "Unconstrained build operations Thread 46" [_thread_blocked, id=6752, stack(0x0000009857500000,0x0000009857600000)]
  0x000002058172abf0 JavaThread "Unconstrained build operations Thread 47" [_thread_blocked, id=16996, stack(0x0000009857600000,0x0000009857700000)]
  0x000002058172ea80 JavaThread "Unconstrained build operations Thread 48" [_thread_blocked, id=15908, stack(0x0000009857700000,0x0000009857800000)]
  0x00000205817298b0 JavaThread "Unconstrained build operations Thread 49" [_thread_blocked, id=18448, stack(0x0000009857800000,0x0000009857900000)]
  0x000002058172bf30 JavaThread "Unconstrained build operations Thread 50" [_thread_blocked, id=23324, stack(0x0000009857900000,0x0000009857a00000)]
  0x000002058172ef50 JavaThread "Unconstrained build operations Thread 51" [_thread_blocked, id=22260, stack(0x0000009857a00000,0x0000009857b00000)]
  0x000002058172a250 JavaThread "Unconstrained build operations Thread 52" [_thread_blocked, id=1772, stack(0x0000009857b00000,0x0000009857c00000)]
  0x0000020581728f10 JavaThread "Unconstrained build operations Thread 53" [_thread_blocked, id=6724, stack(0x0000009857c00000,0x0000009857d00000)]
  0x00000205817280a0 JavaThread "Unconstrained build operations Thread 54" [_thread_blocked, id=23080, stack(0x0000009857d00000,0x0000009857e00000)]
  0x0000020581728570 JavaThread "Unconstrained build operations Thread 55" [_thread_blocked, id=6936, stack(0x0000009857e00000,0x0000009857f00000)]
  0x000002058172a720 JavaThread "Unconstrained build operations Thread 56" [_thread_blocked, id=21128, stack(0x0000009857f00000,0x0000009858000000)]
  0x0000020581728a40 JavaThread "Unconstrained build operations Thread 57" [_thread_blocked, id=12744, stack(0x0000009858000000,0x0000009858100000)]
  0x000002058172b0c0 JavaThread "Unconstrained build operations Thread 58" [_thread_blocked, id=6792, stack(0x0000009858100000,0x0000009858200000)]
  0x00000205fe559820 JavaThread "Unconstrained build operations Thread 59" [_thread_blocked, id=14428, stack(0x0000009858200000,0x0000009858300000)]
  0x00000205fe554180 JavaThread "Unconstrained build operations Thread 60" [_thread_blocked, id=22492, stack(0x0000009858300000,0x0000009858400000)]
  0x00000205fe559cf0 JavaThread "Unconstrained build operations Thread 61" [_thread_blocked, id=23952, stack(0x0000009858400000,0x0000009858500000)]
  0x00000205fe556800 JavaThread "Unconstrained build operations Thread 62" [_thread_blocked, id=11500, stack(0x0000009858500000,0x0000009858600000)]
  0x00000205fe553cb0 JavaThread "Unconstrained build operations Thread 63" [_thread_blocked, id=21136, stack(0x0000009858600000,0x0000009858700000)]
  0x00000205fe555e60 JavaThread "Unconstrained build operations Thread 64" [_thread_blocked, id=14812, stack(0x0000009858700000,0x0000009858800000)]
  0x00000205fe554650 JavaThread "Unconstrained build operations Thread 65" [_thread_blocked, id=16784, stack(0x0000009858800000,0x0000009858900000)]
  0x00000205fe5554c0 JavaThread "Unconstrained build operations Thread 66" [_thread_blocked, id=10360, stack(0x0000009858900000,0x0000009858a00000)]
  0x00000205fe55a1c0 JavaThread "Unconstrained build operations Thread 67" [_thread_blocked, id=7896, stack(0x0000009858a00000,0x0000009858b00000)]
  0x00000205fe556cd0 JavaThread "Unconstrained build operations Thread 68" [_thread_blocked, id=19920, stack(0x0000009858b00000,0x0000009858c00000)]
  0x00000205fe559350 JavaThread "Unconstrained build operations Thread 69" [_thread_blocked, id=17364, stack(0x0000009858c00000,0x0000009858d00000)]
  0x00000205fe554ff0 JavaThread "Unconstrained build operations Thread 70" [_thread_blocked, id=26248, stack(0x0000009858d00000,0x0000009858e00000)]
  0x00000205fe552e40 JavaThread "Unconstrained build operations Thread 71" [_thread_blocked, id=19568, stack(0x0000009858e00000,0x0000009858f00000)]
  0x00000205fe557670 JavaThread "Unconstrained build operations Thread 72" [_thread_blocked, id=8540, stack(0x0000009858f00000,0x0000009859000000)]
  0x00000205fe556330 JavaThread "Unconstrained build operations Thread 73" [_thread_blocked, id=15392, stack(0x0000009859000000,0x0000009859100000)]
  0x00000205fe558010 JavaThread "Unconstrained build operations Thread 74" [_thread_blocked, id=16024, stack(0x0000009859100000,0x0000009859200000)]
  0x00000205fe558e80 JavaThread "Unconstrained build operations Thread 75" [_thread_blocked, id=17320, stack(0x0000009859200000,0x0000009859300000)]
  0x00000205fe5571a0 JavaThread "Unconstrained build operations Thread 76" [_thread_blocked, id=25592, stack(0x0000009859300000,0x0000009859400000)]
  0x00000205fe552970 JavaThread "Unconstrained build operations Thread 77" [_thread_blocked, id=14276, stack(0x0000009859400000,0x0000009859500000)]
  0x00000205fe554b20 JavaThread "Unconstrained build operations Thread 78" [_thread_blocked, id=1920, stack(0x0000009859500000,0x0000009859600000)]
  0x00000205fe5537e0 JavaThread "Unconstrained build operations Thread 79" [_thread_blocked, id=11088, stack(0x0000009859600000,0x0000009859700000)]
  0x00000205fe557b40 JavaThread "Unconstrained build operations Thread 80" [_thread_blocked, id=10936, stack(0x0000009859700000,0x0000009859800000)]
  0x00000205fe5584e0 JavaThread "Unconstrained build operations Thread 81" [_thread_blocked, id=26504, stack(0x0000009859800000,0x0000009859900000)]
  0x00000205fe555990 JavaThread "Unconstrained build operations Thread 82" [_thread_blocked, id=19120, stack(0x0000009859900000,0x0000009859a00000)]
  0x00000205fe5589b0 JavaThread "Unconstrained build operations Thread 83" [_thread_blocked, id=23184, stack(0x0000009859a00000,0x0000009859b00000)]
  0x00000205fe553310 JavaThread "Unconstrained build operations Thread 84" [_thread_blocked, id=18696, stack(0x0000009859b00000,0x0000009859c00000)]
  0x00000205fdc9f6d0 JavaThread "Unconstrained build operations Thread 85" [_thread_blocked, id=16244, stack(0x0000009859c00000,0x0000009859d00000)]
  0x00000205fdc9e860 JavaThread "Unconstrained build operations Thread 86" [_thread_blocked, id=13460, stack(0x0000009859d00000,0x0000009859e00000)]
  0x00000205fdca0070 JavaThread "Unconstrained build operations Thread 87" [_thread_blocked, id=8556, stack(0x0000009859e00000,0x0000009859f00000)]
  0x00000205fdc9f200 JavaThread "Unconstrained build operations Thread 88" [_thread_blocked, id=4436, stack(0x0000009859f00000,0x000000985a000000)]
  0x00000205fdc9e390 JavaThread "Unconstrained build operations Thread 89" [_thread_blocked, id=7088, stack(0x000000985a000000,0x000000985a100000)]
  0x00000205fdc9fba0 JavaThread "Unconstrained build operations Thread 90" [_thread_blocked, id=23196, stack(0x000000985a100000,0x000000985a200000)]
  0x00000205fdca3a30 JavaThread "Unconstrained build operations Thread 91" [_thread_blocked, id=26960, stack(0x000000985a200000,0x000000985a300000)]
  0x00000205fdca0ee0 JavaThread "Unconstrained build operations Thread 92" [_thread_blocked, id=25368, stack(0x000000985a300000,0x000000985a400000)]
  0x00000205fdc9ed30 JavaThread "Unconstrained build operations Thread 93" [_thread_blocked, id=15592, stack(0x000000985a400000,0x000000985a500000)]
  0x00000205fdca0540 JavaThread "Unconstrained build operations Thread 94" [_thread_blocked, id=10784, stack(0x000000985a500000,0x000000985a600000)]
  0x00000205fdca0a10 JavaThread "Unconstrained build operations Thread 95" [_thread_blocked, id=5860, stack(0x000000985a600000,0x000000985a700000)]
  0x00000205fdca26f0 JavaThread "Unconstrained build operations Thread 96" [_thread_blocked, id=27064, stack(0x000000985a700000,0x000000985a800000)]
  0x00000205fdca13b0 JavaThread "Unconstrained build operations Thread 97" [_thread_blocked, id=8012, stack(0x000000985a800000,0x000000985a900000)]
  0x00000205fdc9dec0 JavaThread "Unconstrained build operations Thread 98" [_thread_blocked, id=21220, stack(0x000000985a900000,0x000000985aa00000)]
  0x00000205fdca1880 JavaThread "Unconstrained build operations Thread 99" [_thread_blocked, id=19880, stack(0x000000985aa00000,0x000000985ab00000)]
  0x00000205fdca2bc0 JavaThread "Unconstrained build operations Thread 100" [_thread_blocked, id=15960, stack(0x000000985ab00000,0x000000985ac00000)]
  0x00000205fdca43d0 JavaThread "Unconstrained build operations Thread 101" [_thread_blocked, id=21564, stack(0x000000985ac00000,0x000000985ad00000)]
  0x00000205fdca1d50 JavaThread "Unconstrained build operations Thread 102" [_thread_blocked, id=8628, stack(0x000000985ad00000,0x000000985ae00000)]
  0x00000205fdca2220 JavaThread "Unconstrained build operations Thread 103" [_thread_blocked, id=14156, stack(0x000000985ae00000,0x000000985af00000)]
  0x00000205fdca3090 JavaThread "Unconstrained build operations Thread 104" [_thread_blocked, id=15492, stack(0x000000985af00000,0x000000985b000000)]
  0x00000205fdca3560 JavaThread "Unconstrained build operations Thread 105" [_thread_blocked, id=3960, stack(0x000000985b000000,0x000000985b100000)]
  0x00000205fdca3f00 JavaThread "Unconstrained build operations Thread 106" [_thread_blocked, id=18388, stack(0x000000985b100000,0x000000985b200000)]
  0x00000205fdc9cb80 JavaThread "Unconstrained build operations Thread 107" [_thread_blocked, id=12600, stack(0x000000985b200000,0x000000985b300000)]
  0x00000205fdc9d050 JavaThread "Unconstrained build operations Thread 108" [_thread_blocked, id=3992, stack(0x000000985b300000,0x000000985b400000)]
  0x00000205fdc9d520 JavaThread "Unconstrained build operations Thread 109" [_thread_blocked, id=23172, stack(0x000000985b400000,0x000000985b500000)]
  0x00000205fe540ae0 JavaThread "Unconstrained build operations Thread 110" [_thread_blocked, id=20244, stack(0x000000985b500000,0x000000985b600000)]
  0x00000205fe543630 JavaThread "Unconstrained build operations Thread 111" [_thread_blocked, id=23848, stack(0x000000985b600000,0x000000985b700000)]
  0x00000205fe541480 JavaThread "Unconstrained build operations Thread 112" [_thread_blocked, id=27560, stack(0x000000985b700000,0x000000985b800000)]
  0x00000205fe546180 JavaThread "Unconstrained build operations Thread 113" [_thread_blocked, id=25480, stack(0x000000985b800000,0x000000985b900000)]
  0x00000205fe540fb0 JavaThread "Unconstrained build operations Thread 114" [_thread_blocked, id=13748, stack(0x000000985b900000,0x000000985ba00000)]
  0x00000205fe541e20 JavaThread "Unconstrained build operations Thread 115" [_thread_blocked, id=18692, stack(0x000000985ba00000,0x000000985bb00000)]
  0x00000205fe545cb0 JavaThread "Unconstrained build operations Thread 116" [_thread_blocked, id=18612, stack(0x000000985bb00000,0x000000985bc00000)]
  0x00000205fe546ff0 JavaThread "Unconstrained build operations Thread 117" [_thread_blocked, id=2896, stack(0x000000985bc00000,0x000000985bd00000)]
  0x00000205fe547990 JavaThread "Unconstrained build operations Thread 118" [_thread_blocked, id=18204, stack(0x000000985bd00000,0x000000985be00000)]
  0x00000205fe5474c0 JavaThread "Unconstrained build operations Thread 119" [_thread_blocked, id=10056, stack(0x000000985be00000,0x000000985bf00000)]
  0x00000205fe544970 JavaThread "Unconstrained build operations Thread 120" [_thread_blocked, id=27428, stack(0x000000985bf00000,0x000000985c000000)]
  0x00000205fe546b20 JavaThread "jar transforms Thread 6" [_thread_blocked, id=13168, stack(0x000000985c000000,0x000000985c100000)]
  0x00000205fe5444a0 JavaThread "jar transforms Thread 7" [_thread_blocked, id=24852, stack(0x000000985c100000,0x000000985c200000)]
  0x00000205fe5422f0 JavaThread "jar transforms Thread 8" [_thread_blocked, id=17604, stack(0x000000985c200000,0x000000985c300000)]
  0x00000205fe541950 JavaThread "jar transforms Thread 9" [_thread_blocked, id=1676, stack(0x000000985c300000,0x000000985c400000)]
  0x00000205fe5457e0 JavaThread "jar transforms Thread 10" [_thread_blocked, id=21076, stack(0x000000985c400000,0x000000985c500000)]
  0x00000205fe547e60 JavaThread "jar transforms Thread 11" [_thread_blocked, id=3696, stack(0x000000985c500000,0x000000985c600000)]
  0x00000205fe546650 JavaThread "jar transforms Thread 12" [_thread_blocked, id=19216, stack(0x000000985c600000,0x000000985c700000)]
  0x00000205fe545310 JavaThread "build event listener" [_thread_blocked, id=21444, stack(0x000000985c700000,0x000000985c800000)]
  0x00000205fe5427c0 JavaThread "Memory manager" [_thread_blocked, id=23752, stack(0x000000985c800000,0x000000985c900000)]
  0x00000205fe543160 JavaThread "build event listener" [_thread_blocked, id=1980, stack(0x000000985c900000,0x000000985ca00000)]
  0x00000205fe543b00 JavaThread "build event listener" [_thread_blocked, id=10780, stack(0x000000985ca00000,0x000000985cb00000)]

Other Threads:
  0x00000205f70ef4d0 VMThread "VM Thread" [stack: 0x0000009850f00000,0x0000009851000000] [id=13048]
  0x00000205f7c5eab0 WatcherThread [stack: 0x0000009851b00000,0x0000009851c00000] [id=2984]
  0x00000205dce94800 GCTaskThread "GC Thread#0" [stack: 0x0000009850a00000,0x0000009850b00000] [id=23980]
  0x00000205f8e2f7d0 GCTaskThread "GC Thread#1" [stack: 0x0000009851e00000,0x0000009851f00000] [id=14576]
  0x00000205f8e01300 GCTaskThread "GC Thread#2" [stack: 0x0000009851f00000,0x0000009852000000] [id=19248]
  0x00000205f8e015b0 GCTaskThread "GC Thread#3" [stack: 0x0000009852000000,0x0000009852100000] [id=12916]
  0x00000205f8ba3210 GCTaskThread "GC Thread#4" [stack: 0x0000009852100000,0x0000009852200000] [id=8240]
  0x00000205f87fc730 GCTaskThread "GC Thread#5" [stack: 0x0000009852200000,0x0000009852300000] [id=18480]
  0x00000205fa2dec30 GCTaskThread "GC Thread#6" [stack: 0x0000009852d00000,0x0000009852e00000] [id=17500]
  0x00000205fa10d040 GCTaskThread "GC Thread#7" [stack: 0x0000009852e00000,0x0000009852f00000] [id=21132]
  0x00000205fad93d60 GCTaskThread "GC Thread#8" [stack: 0x0000009852f00000,0x0000009853000000] [id=8888]
  0x00000205fad73e30 GCTaskThread "GC Thread#9" [stack: 0x0000009853000000,0x0000009853100000] [id=4128]
  0x00000205dcea5740 ConcurrentGCThread "G1 Main Marker" [stack: 0x0000009850b00000,0x0000009850c00000] [id=2916]
  0x00000205dcea6150 ConcurrentGCThread "G1 Conc#0" [stack: 0x0000009850c00000,0x0000009850d00000] [id=23048]
  0x00000205fad73620 ConcurrentGCThread "G1 Conc#1" [stack: 0x0000009853100000,0x0000009853200000] [id=25012]
  0x00000205fad740e0 ConcurrentGCThread "G1 Conc#2" [stack: 0x0000009853200000,0x0000009853300000] [id=2208]
  0x00000205dcefea10 ConcurrentGCThread "G1 Refine#0" [stack: 0x0000009850d00000,0x0000009850e00000] [id=5284]
  0x00000205fba67fc0 ConcurrentGCThread "G1 Refine#1" [stack: 0x0000009854000000,0x0000009854100000] [id=17412]
  0x00000205fe4b6c70 ConcurrentGCThread "G1 Refine#2" [stack: 0x0000009854100000,0x0000009854200000] [id=6548]
  0x00000205f6fa16d0 ConcurrentGCThread "G1 Service" [stack: 0x0000009850e00000,0x0000009850f00000] [id=5168]

Threads with active compile tasks:
C2 CompilerThread0     7855 8879       4       org.objectweb.asm.MethodWriter::visitLabel (328 bytes)
C2 CompilerThread1     7855 8661       4       org.gradle.internal.instantiation.generator.AbstractClassGenerator::inspectType (560 bytes)
C2 CompilerThread2     7855 8862       4       sun.reflect.generics.visitor.Reifier::visitClassTypeSignature (381 bytes)

VM state: not at safepoint (normal execution)

VM Mutex/Monitor currently owned by a thread: None

Heap address: 0x0000000080000000, size: 2048 MB, Compressed Oops mode: 32-bit

CDS archive(s) not mapped
Compressed class space mapped at: 0x0000000100000000-0x0000000140000000, reserved size: 1073741824
Narrow klass base: 0x0000000000000000, Narrow klass shift: 3, Narrow klass range: 0x140000000

GC Precious Log:
 CPUs: 12 total, 12 available
 Memory: 16163M
 Large Page Support: Disabled
 NUMA Support: Disabled
 Compressed Oops: Enabled (32-bit)
 Heap Region Size: 1M
 Heap Min Capacity: 8M
 Heap Initial Capacity: 254M
 Heap Max Capacity: 2G
 Pre-touch: Disabled
 Parallel Workers: 10
 Concurrent Workers: 3
 Concurrent Refinement Workers: 10
 Periodic GC: Disabled

Heap:
 garbage-first heap   total 212992K, used 83563K [0x0000000080000000, 0x0000000100000000)
  region size 1024K, 10 young (10240K), 4 survivors (4096K)
 Metaspace       used 86776K, committed 87360K, reserved 1130496K
  class space    used 11878K, committed 12160K, reserved 1048576K

Heap Regions: E=young(eden), S=young(survivor), O=old, HS=humongous(starts), HC=humongous(continues), CS=collection set, F=free, OA=open archive, CA=closed archive, TAMS=top-at-mark-start (previous, next)
|   0|0x0000000080000000, 0x0000000080100000, 0x0000000080100000|100%|HS|  |TAMS 0x0000000080100000, 0x0000000080000000| Complete 
|   1|0x0000000080100000, 0x0000000080200000, 0x0000000080200000|100%|HC|  |TAMS 0x0000000080200000, 0x0000000080100000| Complete 
|   2|0x0000000080200000, 0x0000000080300000, 0x0000000080300000|100%|HC|  |TAMS 0x0000000080300000, 0x0000000080200000| Complete 
|   3|0x0000000080300000, 0x0000000080400000, 0x0000000080400000|100%|HC|  |TAMS 0x0000000080400000, 0x0000000080300000| Complete 
|   4|0x0000000080400000, 0x0000000080500000, 0x0000000080500000|100%| O|  |TAMS 0x0000000080500000, 0x0000000080400000| Untracked 
|   5|0x0000000080500000, 0x0000000080600000, 0x0000000080600000|100%| O|  |TAMS 0x0000000080600000, 0x0000000080500000| Untracked 
|   6|0x0000000080600000, 0x0000000080700000, 0x0000000080700000|100%| O|  |TAMS 0x0000000080700000, 0x0000000080600000| Untracked 
|   7|0x0000000080700000, 0x0000000080800000, 0x0000000080800000|100%| O|  |TAMS 0x0000000080800000, 0x0000000080700000| Untracked 
|   8|0x0000000080800000, 0x0000000080900000, 0x0000000080900000|100%| O|  |TAMS 0x0000000080900000, 0x0000000080800000| Untracked 
|   9|0x0000000080900000, 0x0000000080a00000, 0x0000000080a00000|100%| O|  |TAMS 0x0000000080a00000, 0x0000000080900000| Untracked 
|  10|0x0000000080a00000, 0x0000000080b00000, 0x0000000080b00000|100%| O|  |TAMS 0x0000000080b00000, 0x0000000080a00000| Untracked 
|  11|0x0000000080b00000, 0x0000000080c00000, 0x0000000080c00000|100%| O|  |TAMS 0x0000000080c00000, 0x0000000080b00000| Untracked 
|  12|0x0000000080c00000, 0x0000000080d00000, 0x0000000080d00000|100%| O|  |TAMS 0x0000000080d00000, 0x0000000080c00000| Untracked 
|  13|0x0000000080d00000, 0x0000000080e00000, 0x0000000080e00000|100%| O|  |TAMS 0x0000000080e00000, 0x0000000080d00000| Untracked 
|  14|0x0000000080e00000, 0x0000000080f00000, 0x0000000080f00000|100%| O|  |TAMS 0x0000000080f00000, 0x0000000080e00000| Untracked 
|  15|0x0000000080f00000, 0x0000000081000000, 0x0000000081000000|100%| O|  |TAMS 0x0000000081000000, 0x0000000080f00000| Untracked 
|  16|0x0000000081000000, 0x0000000081100000, 0x0000000081100000|100%| O|  |TAMS 0x0000000081100000, 0x0000000081000000| Untracked 
|  17|0x0000000081100000, 0x0000000081100000, 0x0000000081200000|  0%| F|  |TAMS 0x0000000081100000, 0x0000000081100000| Untracked 
|  18|0x0000000081200000, 0x0000000081300000, 0x0000000081300000|100%| O|  |TAMS 0x0000000081300000, 0x0000000081200000| Untracked 
|  19|0x0000000081300000, 0x0000000081400000, 0x0000000081400000|100%| O|  |TAMS 0x0000000081400000, 0x0000000081300000| Untracked 
|  20|0x0000000081400000, 0x0000000081500000, 0x0000000081500000|100%| O|  |TAMS 0x0000000081500000, 0x0000000081400000| Untracked 
|  21|0x0000000081500000, 0x0000000081600000, 0x0000000081600000|100%| O|  |TAMS 0x0000000081600000, 0x0000000081500000| Untracked 
|  22|0x0000000081600000, 0x0000000081700000, 0x0000000081700000|100%| O|  |TAMS 0x0000000081700000, 0x0000000081600000| Untracked 
|  23|0x0000000081700000, 0x0000000081800000, 0x0000000081800000|100%| O|  |TAMS 0x0000000081800000, 0x0000000081700000| Untracked 
|  24|0x0000000081800000, 0x0000000081900000, 0x0000000081900000|100%| O|  |TAMS 0x0000000081900000, 0x0000000081800000| Untracked 
|  25|0x0000000081900000, 0x0000000081a00000, 0x0000000081a00000|100%| O|  |TAMS 0x0000000081a00000, 0x0000000081900000| Untracked 
|  26|0x0000000081a00000, 0x0000000081b00000, 0x0000000081b00000|100%| O|  |TAMS 0x0000000081b00000, 0x0000000081a00000| Untracked 
|  27|0x0000000081b00000, 0x0000000081c00000, 0x0000000081c00000|100%| O|  |TAMS 0x0000000081c00000, 0x0000000081b00000| Untracked 
|  28|0x0000000081c00000, 0x0000000081d00000, 0x0000000081d00000|100%| O|  |TAMS 0x0000000081d00000, 0x0000000081c00000| Untracked 
|  29|0x0000000081d00000, 0x0000000081e00000, 0x0000000081e00000|100%| O|  |TAMS 0x0000000081e00000, 0x0000000081d00000| Untracked 
|  30|0x0000000081e00000, 0x0000000081f00000, 0x0000000081f00000|100%| O|  |TAMS 0x0000000081f00000, 0x0000000081e00000| Untracked 
|  31|0x0000000081f00000, 0x0000000082000000, 0x0000000082000000|100%| O|  |TAMS 0x0000000082000000, 0x0000000081f00000| Untracked 
|  32|0x0000000082000000, 0x0000000082100000, 0x0000000082100000|100%| O|  |TAMS 0x0000000082100000, 0x0000000082000000| Complete 
|  33|0x0000000082100000, 0x0000000082200000, 0x0000000082200000|100%| O|  |TAMS 0x0000000082200000, 0x0000000082100000| Untracked 
|  34|0x0000000082200000, 0x0000000082300000, 0x0000000082300000|100%| O|  |TAMS 0x0000000082300000, 0x0000000082200000| Untracked 
|  35|0x0000000082300000, 0x0000000082300000, 0x0000000082400000|  0%| F|  |TAMS 0x0000000082300000, 0x0000000082300000| Untracked 
|  36|0x0000000082400000, 0x0000000082500000, 0x0000000082500000|100%|HS|  |TAMS 0x0000000082500000, 0x0000000082400000| Complete 
|  37|0x0000000082500000, 0x0000000082600000, 0x0000000082600000|100%|HS|  |TAMS 0x0000000082600000, 0x0000000082500000| Complete 
|  38|0x0000000082600000, 0x0000000082700000, 0x0000000082700000|100%|HS|  |TAMS 0x0000000082700000, 0x0000000082600000| Complete 
|  39|0x0000000082700000, 0x0000000082800000, 0x0000000082800000|100%|HC|  |TAMS 0x0000000082800000, 0x0000000082700000| Complete 
|  40|0x0000000082800000, 0x0000000082900000, 0x0000000082900000|100%|HS|  |TAMS 0x0000000082900000, 0x0000000082800000| Complete 
|  41|0x0000000082900000, 0x0000000082a00000, 0x0000000082a00000|100%|HS|  |TAMS 0x0000000082a00000, 0x0000000082900000| Complete 
|  42|0x0000000082a00000, 0x0000000082b00000, 0x0000000082b00000|100%|HC|  |TAMS 0x0000000082b00000, 0x0000000082a00000| Complete 
|  43|0x0000000082b00000, 0x0000000082c00000, 0x0000000082c00000|100%|HC|  |TAMS 0x0000000082c00000, 0x0000000082b00000| Complete 
|  44|0x0000000082c00000, 0x0000000082d00000, 0x0000000082d00000|100%|HC|  |TAMS 0x0000000082d00000, 0x0000000082c00000| Complete 
|  45|0x0000000082d00000, 0x0000000082e00000, 0x0000000082e00000|100%| O|  |TAMS 0x0000000082e00000, 0x0000000082d00000| Untracked 
|  46|0x0000000082e00000, 0x0000000082f00000, 0x0000000082f00000|100%| O|  |TAMS 0x0000000082f00000, 0x0000000082e00000| Untracked 
|  47|0x0000000082f00000, 0x0000000083000000, 0x0000000083000000|100%| O|  |TAMS 0x0000000083000000, 0x0000000082f00000| Untracked 
|  48|0x0000000083000000, 0x0000000083100000, 0x0000000083100000|100%| O|  |TAMS 0x0000000083100000, 0x0000000083000000| Untracked 
|  49|0x0000000083100000, 0x0000000083200000, 0x0000000083200000|100%| O|  |TAMS 0x0000000083200000, 0x0000000083100000| Untracked 
|  50|0x0000000083200000, 0x0000000083300000, 0x0000000083300000|100%| O|  |TAMS 0x0000000083300000, 0x0000000083200000| Untracked 
|  51|0x0000000083300000, 0x0000000083400000, 0x0000000083400000|100%| O|  |TAMS 0x0000000083400000, 0x0000000083300000| Untracked 
|  52|0x0000000083400000, 0x0000000083500000, 0x0000000083500000|100%| O|  |TAMS 0x0000000083500000, 0x0000000083400000| Untracked 
|  53|0x0000000083500000, 0x0000000083600000, 0x0000000083600000|100%| O|  |TAMS 0x0000000083600000, 0x0000000083500000| Untracked 
|  54|0x0000000083600000, 0x0000000083700000, 0x0000000083700000|100%| O|  |TAMS 0x0000000083700000, 0x0000000083600000| Untracked 
|  55|0x0000000083700000, 0x0000000083800000, 0x0000000083800000|100%| O|  |TAMS 0x0000000083800000, 0x0000000083700000| Untracked 
|  56|0x0000000083800000, 0x0000000083900000, 0x0000000083900000|100%| O|  |TAMS 0x0000000083900000, 0x0000000083800000| Untracked 
|  57|0x0000000083900000, 0x0000000083a00000, 0x0000000083a00000|100%| O|  |TAMS 0x0000000083a00000, 0x0000000083900000| Untracked 
|  58|0x0000000083a00000, 0x0000000083b00000, 0x0000000083b00000|100%| O|  |TAMS 0x0000000083b00000, 0x0000000083a00000| Complete 
|  59|0x0000000083b00000, 0x0000000083c00000, 0x0000000083c00000|100%| O|  |TAMS 0x0000000083c00000, 0x0000000083b00000| Untracked 
|  60|0x0000000083c00000, 0x0000000083d00000, 0x0000000083d00000|100%| O|  |TAMS 0x0000000083d00000, 0x0000000083c00000| Untracked 
|  61|0x0000000083d00000, 0x0000000083e00000, 0x0000000083e00000|100%| O|  |TAMS 0x0000000083e00000, 0x0000000083d00000| Untracked 
|  62|0x0000000083e00000, 0x0000000083f00000, 0x0000000083f00000|100%| O|  |TAMS 0x0000000083f00000, 0x0000000083e00000| Untracked 
|  63|0x0000000083f00000, 0x0000000084000000, 0x0000000084000000|100%| O|  |TAMS 0x0000000084000000, 0x0000000083f00000| Untracked 
|  64|0x0000000084000000, 0x0000000084100000, 0x0000000084100000|100%| O|  |TAMS 0x0000000084100000, 0x0000000084000000| Untracked 
|  65|0x0000000084100000, 0x0000000084200000, 0x0000000084200000|100%| O|  |TAMS 0x0000000084200000, 0x0000000084100000| Untracked 
|  66|0x0000000084200000, 0x0000000084300000, 0x0000000084300000|100%| O|  |TAMS 0x0000000084300000, 0x0000000084200000| Untracked 
|  67|0x0000000084300000, 0x0000000084400000, 0x0000000084400000|100%| O|  |TAMS 0x0000000084400000, 0x0000000084300000| Untracked 
|  68|0x0000000084400000, 0x0000000084500000, 0x0000000084500000|100%| O|  |TAMS 0x0000000084500000, 0x0000000084400000| Untracked 
|  69|0x0000000084500000, 0x0000000084600000, 0x0000000084600000|100%| O|  |TAMS 0x0000000084600000, 0x0000000084500000| Untracked 
|  70|0x0000000084600000, 0x0000000084700000, 0x0000000084700000|100%| O|  |TAMS 0x0000000084700000, 0x0000000084600000| Untracked 
|  71|0x0000000084700000, 0x0000000084800000, 0x0000000084800000|100%| O|  |TAMS 0x0000000084800000, 0x0000000084700000| Untracked 
|  72|0x0000000084800000, 0x0000000084900000, 0x0000000084900000|100%| O|  |TAMS 0x0000000084900000, 0x0000000084800000| Untracked 
|  73|0x0000000084900000, 0x0000000084a00000, 0x0000000084a00000|100%| O|  |TAMS 0x0000000084a00000, 0x0000000084900000| Untracked 
|  74|0x0000000084a00000, 0x0000000084b00000, 0x0000000084b00000|100%| O|  |TAMS 0x0000000084b00000, 0x0000000084a00000| Untracked 
|  75|0x0000000084b00000, 0x0000000084b0da00, 0x0000000084c00000|  5%| O|  |TAMS 0x0000000084b0da00, 0x0000000084b00000| Untracked 
|  76|0x0000000084c00000, 0x0000000084c00000, 0x0000000084d00000|  0%| F|  |TAMS 0x0000000084c00000, 0x0000000084c00000| Untracked 
|  77|0x0000000084d00000, 0x0000000084d00000, 0x0000000084e00000|  0%| F|  |TAMS 0x0000000084d00000, 0x0000000084d00000| Untracked 
|  78|0x0000000084e00000, 0x0000000084e00000, 0x0000000084f00000|  0%| F|  |TAMS 0x0000000084e00000, 0x0000000084e00000| Untracked 
|  79|0x0000000084f00000, 0x0000000084f00000, 0x0000000085000000|  0%| F|  |TAMS 0x0000000084f00000, 0x0000000084f00000| Untracked 
|  80|0x0000000085000000, 0x0000000085000000, 0x0000000085100000|  0%| F|  |TAMS 0x0000000085000000, 0x0000000085000000| Untracked 
|  81|0x0000000085100000, 0x0000000085100000, 0x0000000085200000|  0%| F|  |TAMS 0x0000000085100000, 0x0000000085100000| Untracked 
|  82|0x0000000085200000, 0x0000000085200000, 0x0000000085300000|  0%| F|  |TAMS 0x0000000085200000, 0x0000000085200000| Untracked 
|  83|0x0000000085300000, 0x0000000085300000, 0x0000000085400000|  0%| F|  |TAMS 0x0000000085300000, 0x0000000085300000| Untracked 
|  84|0x0000000085400000, 0x0000000085400000, 0x0000000085500000|  0%| F|  |TAMS 0x0000000085400000, 0x0000000085400000| Untracked 
|  85|0x0000000085500000, 0x0000000085500000, 0x0000000085600000|  0%| F|  |TAMS 0x0000000085500000, 0x0000000085500000| Untracked 
|  86|0x0000000085600000, 0x0000000085600000, 0x0000000085700000|  0%| F|  |TAMS 0x0000000085600000, 0x0000000085600000| Untracked 
|  87|0x0000000085700000, 0x0000000085700000, 0x0000000085800000|  0%| F|  |TAMS 0x0000000085700000, 0x0000000085700000| Untracked 
|  88|0x0000000085800000, 0x0000000085800000, 0x0000000085900000|  0%| F|  |TAMS 0x0000000085800000, 0x0000000085800000| Untracked 
|  89|0x0000000085900000, 0x0000000085900000, 0x0000000085a00000|  0%| F|  |TAMS 0x0000000085900000, 0x0000000085900000| Untracked 
|  90|0x0000000085a00000, 0x0000000085a00000, 0x0000000085b00000|  0%| F|  |TAMS 0x0000000085a00000, 0x0000000085a00000| Untracked 
|  91|0x0000000085b00000, 0x0000000085b00000, 0x0000000085c00000|  0%| F|  |TAMS 0x0000000085b00000, 0x0000000085b00000| Untracked 
|  92|0x0000000085c00000, 0x0000000085c00000, 0x0000000085d00000|  0%| F|  |TAMS 0x0000000085c00000, 0x0000000085c00000| Untracked 
|  93|0x0000000085d00000, 0x0000000085d00000, 0x0000000085e00000|  0%| F|  |TAMS 0x0000000085d00000, 0x0000000085d00000| Untracked 
|  94|0x0000000085e00000, 0x0000000085e00000, 0x0000000085f00000|  0%| F|  |TAMS 0x0000000085e00000, 0x0000000085e00000| Untracked 
|  95|0x0000000085f00000, 0x0000000085f00000, 0x0000000086000000|  0%| F|  |TAMS 0x0000000085f00000, 0x0000000085f00000| Untracked 
|  96|0x0000000086000000, 0x0000000086000000, 0x0000000086100000|  0%| F|  |TAMS 0x0000000086000000, 0x0000000086000000| Untracked 
|  97|0x0000000086100000, 0x000000008618d4f0, 0x0000000086200000| 55%| S|CS|TAMS 0x0000000086100000, 0x0000000086100000| Complete 
|  98|0x0000000086200000, 0x0000000086300000, 0x0000000086300000|100%| S|CS|TAMS 0x0000000086200000, 0x0000000086200000| Complete 
|  99|0x0000000086300000, 0x0000000086400000, 0x0000000086400000|100%| S|CS|TAMS 0x0000000086300000, 0x0000000086300000| Complete 
| 100|0x0000000086400000, 0x0000000086500000, 0x0000000086500000|100%| S|CS|TAMS 0x0000000086400000, 0x0000000086400000| Complete 
| 101|0x0000000086500000, 0x0000000086500000, 0x0000000086600000|  0%| F|  |TAMS 0x0000000086500000, 0x0000000086500000| Untracked 
| 102|0x0000000086600000, 0x0000000086600000, 0x0000000086700000|  0%| F|  |TAMS 0x0000000086600000, 0x0000000086600000| Untracked 
| 103|0x0000000086700000, 0x0000000086700000, 0x0000000086800000|  0%| F|  |TAMS 0x0000000086700000, 0x0000000086700000| Untracked 
| 104|0x0000000086800000, 0x0000000086800000, 0x0000000086900000|  0%| F|  |TAMS 0x0000000086800000, 0x0000000086800000| Untracked 
| 105|0x0000000086900000, 0x0000000086900000, 0x0000000086a00000|  0%| F|  |TAMS 0x0000000086900000, 0x0000000086900000| Untracked 
| 106|0x0000000086a00000, 0x0000000086a00000, 0x0000000086b00000|  0%| F|  |TAMS 0x0000000086a00000, 0x0000000086a00000| Untracked 
| 107|0x0000000086b00000, 0x0000000086b00000, 0x0000000086c00000|  0%| F|  |TAMS 0x0000000086b00000, 0x0000000086b00000| Untracked 
| 108|0x0000000086c00000, 0x0000000086c00000, 0x0000000086d00000|  0%| F|  |TAMS 0x0000000086c00000, 0x0000000086c00000| Untracked 
| 109|0x0000000086d00000, 0x0000000086d00000, 0x0000000086e00000|  0%| F|  |TAMS 0x0000000086d00000, 0x0000000086d00000| Untracked 
| 110|0x0000000086e00000, 0x0000000086e00000, 0x0000000086f00000|  0%| F|  |TAMS 0x0000000086e00000, 0x0000000086e00000| Untracked 
| 111|0x0000000086f00000, 0x0000000086f00000, 0x0000000087000000|  0%| F|  |TAMS 0x0000000086f00000, 0x0000000086f00000| Untracked 
| 112|0x0000000087000000, 0x0000000087000000, 0x0000000087100000|  0%| F|  |TAMS 0x0000000087000000, 0x0000000087000000| Untracked 
| 113|0x0000000087100000, 0x0000000087100000, 0x0000000087200000|  0%| F|  |TAMS 0x0000000087100000, 0x0000000087100000| Untracked 
| 114|0x0000000087200000, 0x0000000087200000, 0x0000000087300000|  0%| F|  |TAMS 0x0000000087200000, 0x0000000087200000| Untracked 
| 115|0x0000000087300000, 0x0000000087300000, 0x0000000087400000|  0%| F|  |TAMS 0x0000000087300000, 0x0000000087300000| Untracked 
| 116|0x0000000087400000, 0x0000000087400000, 0x0000000087500000|  0%| F|  |TAMS 0x0000000087400000, 0x0000000087400000| Untracked 
| 117|0x0000000087500000, 0x0000000087500000, 0x0000000087600000|  0%| F|  |TAMS 0x0000000087500000, 0x0000000087500000| Untracked 
| 118|0x0000000087600000, 0x0000000087600000, 0x0000000087700000|  0%| F|  |TAMS 0x0000000087600000, 0x0000000087600000| Untracked 
| 119|0x0000000087700000, 0x0000000087700000, 0x0000000087800000|  0%| F|  |TAMS 0x0000000087700000, 0x0000000087700000| Untracked 
| 120|0x0000000087800000, 0x0000000087800000, 0x0000000087900000|  0%| F|  |TAMS 0x0000000087800000, 0x0000000087800000| Untracked 
| 121|0x0000000087900000, 0x0000000087900000, 0x0000000087a00000|  0%| F|  |TAMS 0x0000000087900000, 0x0000000087900000| Untracked 
| 122|0x0000000087a00000, 0x0000000087a00000, 0x0000000087b00000|  0%| F|  |TAMS 0x0000000087a00000, 0x0000000087a00000| Untracked 
| 123|0x0000000087b00000, 0x0000000087b00000, 0x0000000087c00000|  0%| F|  |TAMS 0x0000000087b00000, 0x0000000087b00000| Untracked 
| 124|0x0000000087c00000, 0x0000000087c00000, 0x0000000087d00000|  0%| F|  |TAMS 0x0000000087c00000, 0x0000000087c00000| Untracked 
| 125|0x0000000087d00000, 0x0000000087d00000, 0x0000000087e00000|  0%| F|  |TAMS 0x0000000087d00000, 0x0000000087d00000| Untracked 
| 126|0x0000000087e00000, 0x0000000087e00000, 0x0000000087f00000|  0%| F|  |TAMS 0x0000000087e00000, 0x0000000087e00000| Untracked 
| 127|0x0000000087f00000, 0x0000000087f00000, 0x0000000088000000|  0%| F|  |TAMS 0x0000000087f00000, 0x0000000087f00000| Untracked 
| 128|0x0000000088000000, 0x0000000088000000, 0x0000000088100000|  0%| F|  |TAMS 0x0000000088000000, 0x0000000088000000| Untracked 
| 129|0x0000000088100000, 0x0000000088100000, 0x0000000088200000|  0%| F|  |TAMS 0x0000000088100000, 0x0000000088100000| Untracked 
| 130|0x0000000088200000, 0x0000000088200000, 0x0000000088300000|  0%| F|  |TAMS 0x0000000088200000, 0x0000000088200000| Untracked 
| 131|0x0000000088300000, 0x0000000088300000, 0x0000000088400000|  0%| F|  |TAMS 0x0000000088300000, 0x0000000088300000| Untracked 
| 132|0x0000000088400000, 0x0000000088400000, 0x0000000088500000|  0%| F|  |TAMS 0x0000000088400000, 0x0000000088400000| Untracked 
| 133|0x0000000088500000, 0x0000000088500000, 0x0000000088600000|  0%| F|  |TAMS 0x0000000088500000, 0x0000000088500000| Untracked 
| 134|0x0000000088600000, 0x0000000088600000, 0x0000000088700000|  0%| F|  |TAMS 0x0000000088600000, 0x0000000088600000| Untracked 
| 135|0x0000000088700000, 0x0000000088700000, 0x0000000088800000|  0%| F|  |TAMS 0x0000000088700000, 0x0000000088700000| Untracked 
| 136|0x0000000088800000, 0x0000000088800000, 0x0000000088900000|  0%| F|  |TAMS 0x0000000088800000, 0x0000000088800000| Untracked 
| 137|0x0000000088900000, 0x0000000088900000, 0x0000000088a00000|  0%| F|  |TAMS 0x0000000088900000, 0x0000000088900000| Untracked 
| 138|0x0000000088a00000, 0x0000000088a00000, 0x0000000088b00000|  0%| F|  |TAMS 0x0000000088a00000, 0x0000000088a00000| Untracked 
| 139|0x0000000088b00000, 0x0000000088b00000, 0x0000000088c00000|  0%| F|  |TAMS 0x0000000088b00000, 0x0000000088b00000| Untracked 
| 140|0x0000000088c00000, 0x0000000088c00000, 0x0000000088d00000|  0%| F|  |TAMS 0x0000000088c00000, 0x0000000088c00000| Untracked 
| 141|0x0000000088d00000, 0x0000000088d00000, 0x0000000088e00000|  0%| F|  |TAMS 0x0000000088d00000, 0x0000000088d00000| Untracked 
| 142|0x0000000088e00000, 0x0000000088e00000, 0x0000000088f00000|  0%| F|  |TAMS 0x0000000088e00000, 0x0000000088e00000| Untracked 
| 143|0x0000000088f00000, 0x0000000088f00000, 0x0000000089000000|  0%| F|  |TAMS 0x0000000088f00000, 0x0000000088f00000| Untracked 
| 144|0x0000000089000000, 0x0000000089000000, 0x0000000089100000|  0%| F|  |TAMS 0x0000000089000000, 0x0000000089000000| Untracked 
| 145|0x0000000089100000, 0x0000000089100000, 0x0000000089200000|  0%| F|  |TAMS 0x0000000089100000, 0x0000000089100000| Untracked 
| 146|0x0000000089200000, 0x0000000089200000, 0x0000000089300000|  0%| F|  |TAMS 0x0000000089200000, 0x0000000089200000| Untracked 
| 147|0x0000000089300000, 0x0000000089300000, 0x0000000089400000|  0%| F|  |TAMS 0x0000000089300000, 0x0000000089300000| Untracked 
| 148|0x0000000089400000, 0x0000000089400000, 0x0000000089500000|  0%| F|  |TAMS 0x0000000089400000, 0x0000000089400000| Untracked 
| 149|0x0000000089500000, 0x0000000089500000, 0x0000000089600000|  0%| F|  |TAMS 0x0000000089500000, 0x0000000089500000| Untracked 
| 150|0x0000000089600000, 0x0000000089600000, 0x0000000089700000|  0%| F|  |TAMS 0x0000000089600000, 0x0000000089600000| Untracked 
| 151|0x0000000089700000, 0x0000000089700000, 0x0000000089800000|  0%| F|  |TAMS 0x0000000089700000, 0x0000000089700000| Untracked 
| 152|0x0000000089800000, 0x0000000089800000, 0x0000000089900000|  0%| F|  |TAMS 0x0000000089800000, 0x0000000089800000| Untracked 
| 153|0x0000000089900000, 0x0000000089900000, 0x0000000089a00000|  0%| F|  |TAMS 0x0000000089900000, 0x0000000089900000| Untracked 
| 154|0x0000000089a00000, 0x0000000089a00000, 0x0000000089b00000|  0%| F|  |TAMS 0x0000000089a00000, 0x0000000089a00000| Untracked 
| 155|0x0000000089b00000, 0x0000000089b00000, 0x0000000089c00000|  0%| F|  |TAMS 0x0000000089b00000, 0x0000000089b00000| Untracked 
| 156|0x0000000089c00000, 0x0000000089c00000, 0x0000000089d00000|  0%| F|  |TAMS 0x0000000089c00000, 0x0000000089c00000| Untracked 
| 157|0x0000000089d00000, 0x0000000089d00000, 0x0000000089e00000|  0%| F|  |TAMS 0x0000000089d00000, 0x0000000089d00000| Untracked 
| 158|0x0000000089e00000, 0x0000000089e00000, 0x0000000089f00000|  0%| F|  |TAMS 0x0000000089e00000, 0x0000000089e00000| Untracked 
| 159|0x0000000089f00000, 0x0000000089f00000, 0x000000008a000000|  0%| F|  |TAMS 0x0000000089f00000, 0x0000000089f00000| Untracked 
| 160|0x000000008a000000, 0x000000008a000000, 0x000000008a100000|  0%| F|  |TAMS 0x000000008a000000, 0x000000008a000000| Untracked 
| 161|0x000000008a100000, 0x000000008a100000, 0x000000008a200000|  0%| F|  |TAMS 0x000000008a100000, 0x000000008a100000| Untracked 
| 162|0x000000008a200000, 0x000000008a200000, 0x000000008a300000|  0%| F|  |TAMS 0x000000008a200000, 0x000000008a200000| Untracked 
| 163|0x000000008a300000, 0x000000008a300000, 0x000000008a400000|  0%| F|  |TAMS 0x000000008a300000, 0x000000008a300000| Untracked 
| 164|0x000000008a400000, 0x000000008a400000, 0x000000008a500000|  0%| F|  |TAMS 0x000000008a400000, 0x000000008a400000| Untracked 
| 165|0x000000008a500000, 0x000000008a500000, 0x000000008a600000|  0%| F|  |TAMS 0x000000008a500000, 0x000000008a500000| Untracked 
| 166|0x000000008a600000, 0x000000008a600000, 0x000000008a700000|  0%| F|  |TAMS 0x000000008a600000, 0x000000008a600000| Untracked 
| 167|0x000000008a700000, 0x000000008a700000, 0x000000008a800000|  0%| F|  |TAMS 0x000000008a700000, 0x000000008a700000| Untracked 
| 168|0x000000008a800000, 0x000000008a800000, 0x000000008a900000|  0%| F|  |TAMS 0x000000008a800000, 0x000000008a800000| Untracked 
| 169|0x000000008a900000, 0x000000008a900000, 0x000000008aa00000|  0%| F|  |TAMS 0x000000008a900000, 0x000000008a900000| Untracked 
| 170|0x000000008aa00000, 0x000000008aa00000, 0x000000008ab00000|  0%| F|  |TAMS 0x000000008aa00000, 0x000000008aa00000| Untracked 
| 171|0x000000008ab00000, 0x000000008ab00000, 0x000000008ac00000|  0%| F|  |TAMS 0x000000008ab00000, 0x000000008ab00000| Untracked 
| 172|0x000000008ac00000, 0x000000008ac00000, 0x000000008ad00000|  0%| F|  |TAMS 0x000000008ac00000, 0x000000008ac00000| Untracked 
| 173|0x000000008ad00000, 0x000000008ad00000, 0x000000008ae00000|  0%| F|  |TAMS 0x000000008ad00000, 0x000000008ad00000| Untracked 
| 174|0x000000008ae00000, 0x000000008ae00000, 0x000000008af00000|  0%| F|  |TAMS 0x000000008ae00000, 0x000000008ae00000| Untracked 
| 175|0x000000008af00000, 0x000000008af00000, 0x000000008b000000|  0%| F|  |TAMS 0x000000008af00000, 0x000000008af00000| Untracked 
| 176|0x000000008b000000, 0x000000008b000000, 0x000000008b100000|  0%| F|  |TAMS 0x000000008b000000, 0x000000008b000000| Untracked 
| 177|0x000000008b100000, 0x000000008b100000, 0x000000008b200000|  0%| F|  |TAMS 0x000000008b100000, 0x000000008b100000| Untracked 
| 178|0x000000008b200000, 0x000000008b200000, 0x000000008b300000|  0%| F|  |TAMS 0x000000008b200000, 0x000000008b200000| Untracked 
| 179|0x000000008b300000, 0x000000008b300000, 0x000000008b400000|  0%| F|  |TAMS 0x000000008b300000, 0x000000008b300000| Untracked 
| 180|0x000000008b400000, 0x000000008b400000, 0x000000008b500000|  0%| F|  |TAMS 0x000000008b400000, 0x000000008b400000| Untracked 
| 181|0x000000008b500000, 0x000000008b500000, 0x000000008b600000|  0%| F|  |TAMS 0x000000008b500000, 0x000000008b500000| Untracked 
| 182|0x000000008b600000, 0x000000008b600000, 0x000000008b700000|  0%| F|  |TAMS 0x000000008b600000, 0x000000008b600000| Untracked 
| 183|0x000000008b700000, 0x000000008b700000, 0x000000008b800000|  0%| F|  |TAMS 0x000000008b700000, 0x000000008b700000| Untracked 
| 184|0x000000008b800000, 0x000000008b800000, 0x000000008b900000|  0%| F|  |TAMS 0x000000008b800000, 0x000000008b800000| Untracked 
| 185|0x000000008b900000, 0x000000008b900000, 0x000000008ba00000|  0%| F|  |TAMS 0x000000008b900000, 0x000000008b900000| Untracked 
| 186|0x000000008ba00000, 0x000000008ba00000, 0x000000008bb00000|  0%| F|  |TAMS 0x000000008ba00000, 0x000000008ba00000| Untracked 
| 187|0x000000008bb00000, 0x000000008bb00000, 0x000000008bc00000|  0%| F|  |TAMS 0x000000008bb00000, 0x000000008bb00000| Untracked 
| 188|0x000000008bc00000, 0x000000008bc00000, 0x000000008bd00000|  0%| F|  |TAMS 0x000000008bc00000, 0x000000008bc00000| Untracked 
| 189|0x000000008bd00000, 0x000000008bd00000, 0x000000008be00000|  0%| F|  |TAMS 0x000000008bd00000, 0x000000008bd00000| Untracked 
| 190|0x000000008be00000, 0x000000008be00000, 0x000000008bf00000|  0%| F|  |TAMS 0x000000008be00000, 0x000000008be00000| Untracked 
| 191|0x000000008bf00000, 0x000000008bf00000, 0x000000008c000000|  0%| F|  |TAMS 0x000000008bf00000, 0x000000008bf00000| Untracked 
| 192|0x000000008c000000, 0x000000008c000000, 0x000000008c100000|  0%| F|  |TAMS 0x000000008c000000, 0x000000008c000000| Untracked 
| 193|0x000000008c100000, 0x000000008c100000, 0x000000008c200000|  0%| F|  |TAMS 0x000000008c100000, 0x000000008c100000| Untracked 
| 194|0x000000008c200000, 0x000000008c200000, 0x000000008c300000|  0%| F|  |TAMS 0x000000008c200000, 0x000000008c200000| Untracked 
| 195|0x000000008c300000, 0x000000008c300000, 0x000000008c400000|  0%| F|  |TAMS 0x000000008c300000, 0x000000008c300000| Untracked 
| 196|0x000000008c400000, 0x000000008c400000, 0x000000008c500000|  0%| F|  |TAMS 0x000000008c400000, 0x000000008c400000| Untracked 
| 197|0x000000008c500000, 0x000000008c500000, 0x000000008c600000|  0%| F|  |TAMS 0x000000008c500000, 0x000000008c500000| Untracked 
| 204|0x000000008cc00000, 0x000000008cc00000, 0x000000008cd00000|  0%| F|  |TAMS 0x000000008cc00000, 0x000000008cc00000| Untracked 
| 205|0x000000008cd00000, 0x000000008cd00000, 0x000000008ce00000|  0%| F|  |TAMS 0x000000008cd00000, 0x000000008cd00000| Untracked 
| 206|0x000000008ce00000, 0x000000008ce00000, 0x000000008cf00000|  0%| F|  |TAMS 0x000000008ce00000, 0x000000008ce00000| Untracked 
| 207|0x000000008cf00000, 0x000000008cf00000, 0x000000008d000000|  0%| F|  |TAMS 0x000000008cf00000, 0x000000008cf00000| Untracked 
| 208|0x000000008d000000, 0x000000008d080800, 0x000000008d100000| 50%| E|  |TAMS 0x000000008d000000, 0x000000008d000000| Complete 
| 209|0x000000008d100000, 0x000000008d200000, 0x000000008d200000|100%| E|CS|TAMS 0x000000008d100000, 0x000000008d100000| Complete 
| 210|0x000000008d200000, 0x000000008d300000, 0x000000008d300000|100%| E|CS|TAMS 0x000000008d200000, 0x000000008d200000| Complete 
| 211|0x000000008d300000, 0x000000008d400000, 0x000000008d400000|100%| E|CS|TAMS 0x000000008d300000, 0x000000008d300000| Complete 
| 212|0x000000008d400000, 0x000000008d500000, 0x000000008d500000|100%| E|CS|TAMS 0x000000008d400000, 0x000000008d400000| Complete 
| 253|0x000000008fd00000, 0x000000008fe00000, 0x000000008fe00000|100%| E|CS|TAMS 0x000000008fd00000, 0x000000008fd00000| Complete 

Card table byte_map: [0x00000205efc50000,0x00000205f0050000] _byte_map_base: 0x00000205ef850000

Marking Bits (Prev, Next): (CMBitMap*) 0x00000205dce94e50, (CMBitMap*) 0x00000205dce94e10
 Prev Bits: [0x00000205f2450000, 0x00000205f4450000)
 Next Bits: [0x00000205f0450000, 0x00000205f2450000)

Polling page: 0x00000205dc600000

Metaspace:

Usage:
  Non-class:     73.16 MB used.
      Class:     11.60 MB used.
       Both:     84.76 MB used.

Virtual space:
  Non-class space:       80.00 MB reserved,      73.50 MB ( 92%) committed,  10 nodes.
      Class space:        1.00 GB reserved,      11.88 MB (  1%) committed,  1 nodes.
             Both:        1.08 GB reserved,      85.38 MB (  8%) committed. 

Chunk freelists:
   Non-Class:  2.42 MB
       Class:  3.94 MB
        Both:  6.36 MB

MaxMetaspaceSize: unlimited
CompressedClassSpaceSize: 1.00 GB
Initial GC threshold: 21.00 MB
Current GC threshold: 142.12 MB
CDS: off
MetaspaceReclaimPolicy: balanced
 - commit_granule_bytes: 65536.
 - commit_granule_words: 8192.
 - virtual_space_node_default_size: 1048576.
 - enlarge_chunks_in_place: 1.
 - new_chunks_are_fully_committed: 0.
 - uncommit_free_chunks: 1.
 - use_allocation_guard: 0.
 - handle_deallocations: 1.


Internal statistics:

num_allocs_failed_limit: 6.
num_arena_births: 840.
num_arena_deaths: 0.
num_vsnodes_births: 11.
num_vsnodes_deaths: 0.
num_space_committed: 1366.
num_space_uncommitted: 0.
num_chunks_returned_to_freelist: 6.
num_chunks_taken_from_freelist: 3934.
num_chunk_merges: 6.
num_chunk_splits: 2660.
num_chunks_enlarged: 1832.
num_purges: 0.
num_inconsistent_stats: 0.

CodeHeap 'non-profiled nmethods': size=120000Kb used=5218Kb max_used=5218Kb free=114781Kb
 bounds [0x00000205e7dd0000, 0x00000205e82f0000, 0x00000205ef300000]
CodeHeap 'profiled nmethods': size=120000Kb used=15363Kb max_used=15363Kb free=104636Kb
 bounds [0x00000205e0300000, 0x00000205e1210000, 0x00000205e7830000]
CodeHeap 'non-nmethods': size=5760Kb used=2392Kb max_used=2459Kb free=3368Kb
 bounds [0x00000205e7830000, 0x00000205e7aa0000, 0x00000205e7dd0000]
 total_blobs=8993 nmethods=8079 adapters=826
 compilation: enabled
              stopped_count=0, restarted_count=0
 full_count=0

Compilation events (20 events):
Event: 7.793 Thread 0x00000205f7c8ed40 nmethod 8856 0x00000205e11f3910 code [0x00000205e11f3aa0, 0x00000205e11f3b98]
Event: 7.793 Thread 0x00000205f7c8ed40 8858       3       java.util.ArrayDeque::toArray (7 bytes)
Event: 7.793 Thread 0x00000205f7c8ed40 nmethod 8858 0x00000205e11f3c10 code [0x00000205e11f3dc0, 0x00000205e11f3f08]
Event: 7.797 Thread 0x00000205f7c8ed40 8859       1       org.gradle.api.internal.tasks.CachingTaskDependencyResolveContext::access$000 (5 bytes)
Event: 7.797 Thread 0x00000205f7c8ed40 nmethod 8859 0x00000205e82dff10 code [0x00000205e82e00a0, 0x00000205e82e0158]
Event: 7.798 Thread 0x00000205f7c8ed40 8861       3       sun.reflect.generics.reflectiveObjects.WildcardTypeImpl::make (11 bytes)
Event: 7.798 Thread 0x00000205f7c8ed40 nmethod 8861 0x00000205e11f3f90 code [0x00000205e11f4140, 0x00000205e11f44b8]
Event: 7.799 Thread 0x00000205f7c8ed40 8863       3       org.gradle.internal.instantiation.generator.AsmBackedClassGenerator$ClassBuilderImpl$$Lambda$133/0x0000000100279bf8::emit (13 bytes)
Event: 7.799 Thread 0x00000205f7c8ed40 nmethod 8863 0x00000205e11f4610 code [0x00000205e11f47c0, 0x00000205e11f4908]
Event: 7.799 Thread 0x00000205f7c8ed40 8864       3       org.gradle.internal.instantiation.generator.AsmBackedClassGenerator$ClassBuilderImpl::lambda$addPropertySetterOverloads$11 (12 bytes)
Event: 7.799 Thread 0x00000205f7c8ed40 nmethod 8864 0x00000205e11f4a10 code [0x00000205e11f4bc0, 0x00000205e11f4d68]
Event: 7.814 Thread 0x00000205f7c8ed40 8865       3       org.gradle.api.internal.collections.CollectionFilter::filter (39 bytes)
Event: 7.815 Thread 0x00000205f7c8ed40 nmethod 8865 0x00000205e11f4e10 code [0x00000205e11f5000, 0x00000205e11f5508]
Event: 7.821 Thread 0x00000205f8343690 nmethod 8851 0x00000205e82e0210 code [0x00000205e82e0400, 0x00000205e82e17e8]
Event: 7.821 Thread 0x00000205f8343690 8862       4       sun.reflect.generics.visitor.Reifier::visitClassTypeSignature (381 bytes)
Event: 7.832 Thread 0x00000205f7c8ed40 8868       3       java.util.ArrayDeque::addFirst (51 bytes)
Event: 7.833 Thread 0x00000205f7c8ed40 nmethod 8868 0x00000205e11f5710 code [0x00000205e11f58e0, 0x00000205e11f5d78]
Event: 7.836 Thread 0x00000205f7c8ed40 8869       3       org.gradle.internal.instantiation.generator.AsmBackedClassGenerator$ClassBuilderImpl::applyManagedStateToProperty (14 bytes)
Event: 7.838 Thread 0x00000205f7c8ed40 nmethod 8869 0x00000205e11f5f10 code [0x00000205e11f61e0, 0x00000205e11f7008]
Event: 7.838 Thread 0x00000205f7c8ed40 8870       3       org.gradle.internal.instantiation.generator.AsmBackedClassGenerator$ClassBuilderImpl::applyReadOnlyManagedStateToGetter (63 bytes)

GC Heap History (20 events):
Event: 4.207 GC heap before
{Heap before GC invocations=14 (full 0):
 garbage-first heap   total 68608K, used 54795K [0x0000000080000000, 0x0000000100000000)
  region size 1024K, 21 young (21504K), 1 survivors (1024K)
 Metaspace       used 52607K, committed 52992K, reserved 1097728K
  class space    used 7046K, committed 7232K, reserved 1048576K
}
Event: 4.210 GC heap after
{Heap after GC invocations=15 (full 0):
 garbage-first heap   total 68608K, used 36726K [0x0000000080000000, 0x0000000100000000)
  region size 1024K, 3 young (3072K), 3 survivors (3072K)
 Metaspace       used 52607K, committed 52992K, reserved 1097728K
  class space    used 7046K, committed 7232K, reserved 1048576K
}
Event: 4.340 GC heap before
{Heap before GC invocations=16 (full 0):
 garbage-first heap   total 68608K, used 54134K [0x0000000080000000, 0x0000000100000000)
  region size 1024K, 21 young (21504K), 3 survivors (3072K)
 Metaspace       used 52956K, committed 53440K, reserved 1097728K
  class space    used 7094K, committed 7296K, reserved 1048576K
}
Event: 4.343 GC heap after
{Heap after GC invocations=17 (full 0):
 garbage-first heap   total 144384K, used 39567K [0x0000000080000000, 0x0000000100000000)
  region size 1024K, 3 young (3072K), 3 survivors (3072K)
 Metaspace       used 52956K, committed 53440K, reserved 1097728K
  class space    used 7094K, committed 7296K, reserved 1048576K
}
Event: 5.009 GC heap before
{Heap before GC invocations=17 (full 0):
 garbage-first heap   total 144384K, used 116367K [0x0000000080000000, 0x0000000100000000)
  region size 1024K, 69 young (70656K), 3 survivors (3072K)
 Metaspace       used 60430K, committed 60992K, reserved 1105920K
  class space    used 8062K, committed 8320K, reserved 1048576K
}
Event: 5.013 GC heap after
{Heap after GC invocations=18 (full 0):
 garbage-first heap   total 144384K, used 57280K [0x0000000080000000, 0x0000000100000000)
  region size 1024K, 9 young (9216K), 9 survivors (9216K)
 Metaspace       used 60430K, committed 60992K, reserved 1105920K
  class space    used 8062K, committed 8320K, reserved 1048576K
}
Event: 5.665 GC heap before
{Heap before GC invocations=18 (full 0):
 garbage-first heap   total 144384K, used 114624K [0x0000000080000000, 0x0000000100000000)
  region size 1024K, 59 young (60416K), 9 survivors (9216K)
 Metaspace       used 66533K, committed 67072K, reserved 1114112K
  class space    used 8841K, committed 9088K, reserved 1048576K
}
Event: 5.670 GC heap after
{Heap after GC invocations=19 (full 0):
 garbage-first heap   total 144384K, used 63191K [0x0000000080000000, 0x0000000100000000)
  region size 1024K, 6 young (6144K), 6 survivors (6144K)
 Metaspace       used 66533K, committed 67072K, reserved 1114112K
  class space    used 8841K, committed 9088K, reserved 1048576K
}
Event: 6.241 GC heap before
{Heap before GC invocations=19 (full 0):
 garbage-first heap   total 144384K, used 111319K [0x0000000080000000, 0x0000000100000000)
  region size 1024K, 53 young (54272K), 6 survivors (6144K)
 Metaspace       used 72012K, committed 72576K, reserved 1114112K
  class space    used 9600K, committed 9856K, reserved 1048576K
}
Event: 6.245 GC heap after
{Heap after GC invocations=20 (full 0):
 garbage-first heap   total 144384K, used 66671K [0x0000000080000000, 0x0000000100000000)
  region size 1024K, 4 young (4096K), 4 survivors (4096K)
 Metaspace       used 72012K, committed 72576K, reserved 1114112K
  class space    used 9600K, committed 9856K, reserved 1048576K
}
Event: 6.613 GC heap before
{Heap before GC invocations=20 (full 0):
 garbage-first heap   total 144384K, used 114799K [0x0000000080000000, 0x0000000100000000)
  region size 1024K, 51 young (52224K), 4 survivors (4096K)
 Metaspace       used 75809K, committed 76416K, reserved 1122304K
  class space    used 10120K, committed 10432K, reserved 1048576K
}
Event: 6.618 GC heap after
{Heap after GC invocations=21 (full 0):
 garbage-first heap   total 144384K, used 72571K [0x0000000080000000, 0x0000000100000000)
  region size 1024K, 7 young (7168K), 7 survivors (7168K)
 Metaspace       used 75809K, committed 76416K, reserved 1122304K
  class space    used 10120K, committed 10432K, reserved 1048576K
}
Event: 6.861 GC heap before
{Heap before GC invocations=21 (full 0):
 garbage-first heap   total 144384K, used 99195K [0x0000000080000000, 0x0000000100000000)
  region size 1024K, 34 young (34816K), 7 survivors (7168K)
 Metaspace       used 77911K, committed 78528K, reserved 1122304K
  class space    used 10413K, committed 10688K, reserved 1048576K
}
Event: 6.865 GC heap after
{Heap after GC invocations=22 (full 0):
 garbage-first heap   total 144384K, used 74774K [0x0000000080000000, 0x0000000100000000)
  region size 1024K, 3 young (3072K), 3 survivors (3072K)
 Metaspace       used 77911K, committed 78528K, reserved 1122304K
  class space    used 10413K, committed 10688K, reserved 1048576K
}
Event: 7.334 GC heap before
{Heap before GC invocations=23 (full 0):
 garbage-first heap   total 144384K, used 115734K [0x0000000080000000, 0x0000000100000000)
  region size 1024K, 42 young (43008K), 3 survivors (3072K)
 Metaspace       used 82465K, committed 83136K, reserved 1122304K
  class space    used 11260K, committed 11584K, reserved 1048576K
}
Event: 7.336 GC heap after
{Heap after GC invocations=24 (full 0):
 garbage-first heap   total 144384K, used 76436K [0x0000000080000000, 0x0000000100000000)
  region size 1024K, 5 young (5120K), 5 survivors (5120K)
 Metaspace       used 82465K, committed 83136K, reserved 1122304K
  class space    used 11260K, committed 11584K, reserved 1048576K
}
Event: 7.351 GC heap before
{Heap before GC invocations=24 (full 0):
 garbage-first heap   total 144384K, used 78484K [0x0000000080000000, 0x0000000100000000)
  region size 1024K, 7 young (7168K), 5 survivors (5120K)
 Metaspace       used 82573K, committed 83200K, reserved 1122304K
  class space    used 11270K, committed 11584K, reserved 1048576K
}
Event: 7.354 GC heap after
{Heap after GC invocations=25 (full 0):
 garbage-first heap   total 144384K, used 75633K [0x0000000080000000, 0x0000000100000000)
  region size 1024K, 1 young (1024K), 1 survivors (1024K)
 Metaspace       used 82573K, committed 83200K, reserved 1122304K
  class space    used 11270K, committed 11584K, reserved 1048576K
}
Event: 7.793 GC heap before
{Heap before GC invocations=25 (full 0):
 garbage-first heap   total 144384K, used 115569K [0x0000000080000000, 0x0000000100000000)
  region size 1024K, 40 young (40960K), 1 survivors (1024K)
 Metaspace       used 86525K, committed 87168K, reserved 1130496K
  class space    used 11831K, committed 12160K, reserved 1048576K
}
Event: 7.796 GC heap after
{Heap after GC invocations=26 (full 0):
 garbage-first heap   total 212992K, used 78443K [0x0000000080000000, 0x0000000100000000)
  region size 1024K, 4 young (4096K), 4 survivors (4096K)
 Metaspace       used 86525K, committed 87168K, reserved 1130496K
  class space    used 11831K, committed 12160K, reserved 1048576K
}

Dll operation events (2 events):
Event: 0.006 Loaded shared library C:\Program Files\Android\Android Studio\jbr\bin\java.dll
Event: 0.246 Loaded shared library C:\Program Files\Android\Android Studio\jbr\bin\verify.dll

Deoptimization events (20 events):
Event: 7.749 Thread 0x00000205fb4e96b0 Uncommon trap: trap_request=0xffffff45 fr.pc=0x00000205e7e15ff8 relative=0x00000000000024b8
Event: 7.749 Thread 0x00000205fb4e96b0 Uncommon trap: reason=unstable_if action=reinterpret pc=0x00000205e7e15ff8 method=java.util.HashMap.getNode(Ljava/lang/Object;)Ljava/util/HashMap$Node; @ 85 c2
Event: 7.749 Thread 0x00000205fb4e96b0 DEOPT PACKING pc=0x00000205e7e15ff8 sp=0x00000098529f9240
Event: 7.749 Thread 0x00000205fb4e96b0 DEOPT UNPACKING pc=0x00000205e788a1a3 sp=0x00000098529f9128 mode 2
Event: 7.749 Thread 0x00000205fb4e96b0 Uncommon trap: trap_request=0xffffff45 fr.pc=0x00000205e819c570 relative=0x00000000000002d0
Event: 7.749 Thread 0x00000205fb4e96b0 Uncommon trap: reason=unstable_if action=reinterpret pc=0x00000205e819c570 method=java.util.HashMap.getNode(Ljava/lang/Object;)Ljava/util/HashMap$Node; @ 85 c2
Event: 7.749 Thread 0x00000205fb4e96b0 DEOPT PACKING pc=0x00000205e819c570 sp=0x00000098529f91f0
Event: 7.749 Thread 0x00000205fb4e96b0 DEOPT UNPACKING pc=0x00000205e788a1a3 sp=0x00000098529f9110 mode 2
Event: 7.749 Thread 0x00000205fb4e96b0 Uncommon trap: trap_request=0xffffff45 fr.pc=0x00000205e7f71e50 relative=0x0000000000000230
Event: 7.749 Thread 0x00000205fb4e96b0 Uncommon trap: reason=unstable_if action=reinterpret pc=0x00000205e7f71e50 method=java.util.HashMap.getNode(Ljava/lang/Object;)Ljava/util/HashMap$Node; @ 85 c2
Event: 7.749 Thread 0x00000205fb4e96b0 DEOPT PACKING pc=0x00000205e7f71e50 sp=0x00000098529f9190
Event: 7.749 Thread 0x00000205fb4e96b0 DEOPT UNPACKING pc=0x00000205e788a1a3 sp=0x00000098529f9110 mode 2
Event: 7.752 Thread 0x00000205fb4e96b0 DEOPT PACKING pc=0x00000205e045364b sp=0x00000098529f9480
Event: 7.752 Thread 0x00000205fb4e96b0 DEOPT UNPACKING pc=0x00000205e788ace3 sp=0x00000098529f8a48 mode 0
Event: 7.790 Thread 0x00000205fb4e96b0 DEOPT PACKING pc=0x00000205e0f96da1 sp=0x00000098529f9500
Event: 7.790 Thread 0x00000205fb4e96b0 DEOPT UNPACKING pc=0x00000205e788ace3 sp=0x00000098529f8a28 mode 0
Event: 7.791 Thread 0x00000205fb4e96b0 DEOPT PACKING pc=0x00000205e04535d4 sp=0x00000098529f9360
Event: 7.791 Thread 0x00000205fb4e96b0 DEOPT UNPACKING pc=0x00000205e788ace3 sp=0x00000098529f8928 mode 0
Event: 7.829 Thread 0x00000205fb4e96b0 DEOPT PACKING pc=0x00000205e045364b sp=0x00000098529f9360
Event: 7.829 Thread 0x00000205fb4e96b0 DEOPT UNPACKING pc=0x00000205e788ace3 sp=0x00000098529f8928 mode 0

Classes unloaded (0 events):
No events

Classes redefined (0 events):
No events

Internal exceptions (20 events):
Event: 7.346 Thread 0x00000205fb4e96b0 Exception <a 'java/lang/ClassNotFoundException'{0x000000008d43f478}: com/android/build/gradle/internal/api/ApkVariantOutputImplBeanInfo> (0x000000008d43f478) 
thrown [s\src\hotspot\share\classfile\systemDictionary.cpp, line 256]
Event: 7.346 Thread 0x00000205fb4e96b0 Exception <a 'java/lang/ClassNotFoundException'{0x000000008d44d180}: com/android/build/gradle/internal/api/BaseVariantOutputImplBeanInfo> (0x000000008d44d180) 
thrown [s\src\hotspot\share\classfile\systemDictionary.cpp, line 256]
Event: 7.347 Thread 0x00000205fb4e96b0 Exception <a 'java/lang/ClassNotFoundException'{0x000000008d45ad60}: com/android/build/gradle/internal/api/BaseVariantOutputImplCustomizer> (0x000000008d45ad60) 
thrown [s\src\hotspot\share\classfile\systemDictionary.cpp, line 256]
Event: 7.347 Thread 0x00000205fb4e96b0 Exception <a 'java/lang/ClassNotFoundException'{0x000000008d47b880}: com/android/build/gradle/internal/api/ApkVariantOutputImplCustomizer> (0x000000008d47b880) 
thrown [s\src\hotspot\share\classfile\systemDictionary.cpp, line 256]
Event: 7.348 Thread 0x00000205fb4e96b0 Exception <a 'java/lang/ClassNotFoundException'{0x000000008d496360}: com/android/build/gradle/internal/api/ApkVariantOutputImpl_DecoratedCustomizer> (0x000000008d496360) 
thrown [s\src\hotspot\share\classfile\systemDictionary.cpp, line 256]
Event: 7.423 Thread 0x00000205fb4e96b0 Exception <a 'java/lang/ClassNotFoundException'{0x000000008cf72ef8}: com/android/build/gradle/internal/api/ReadOnlyBuildTypeBeanInfo> (0x000000008cf72ef8) 
thrown [s\src\hotspot\share\classfile\systemDictionary.cpp, line 256]
Event: 7.423 Thread 0x00000205fb4e96b0 Exception <a 'java/lang/ClassNotFoundException'{0x000000008cf80850}: com/android/build/gradle/internal/api/ReadOnlyBaseConfigBeanInfo> (0x000000008cf80850) 
thrown [s\src\hotspot\share\classfile\systemDictionary.cpp, line 256]
Event: 7.424 Thread 0x00000205fb4e96b0 Exception <a 'java/lang/ClassNotFoundException'{0x000000008cf8e428}: com/android/build/gradle/internal/api/ReadOnlyBaseConfigCustomizer> (0x000000008cf8e428) 
thrown [s\src\hotspot\share\classfile\systemDictionary.cpp, line 256]
Event: 7.424 Thread 0x00000205fb4e96b0 Exception <a 'java/lang/ClassNotFoundException'{0x000000008cfac978}: com/android/build/gradle/internal/api/ReadOnlyBuildTypeCustomizer> (0x000000008cfac978) 
thrown [s\src\hotspot\share\classfile\systemDictionary.cpp, line 256]
Event: 7.578 Thread 0x00000205fb4e96b0 Implicit null exception at 0x00000205e829c0d9 to 0x00000205e829ca68
Event: 7.578 Thread 0x00000205fb4e96b0 Implicit null exception at 0x00000205e829af79 to 0x00000205e829b1b4
Event: 7.578 Thread 0x00000205fb4e96b0 Implicit null exception at 0x00000205e829dbc0 to 0x00000205e829e1b4
Event: 7.578 Thread 0x00000205fb4e96b0 Implicit null exception at 0x00000205e81c1329 to 0x00000205e81c1c30
Event: 7.578 Thread 0x00000205fb4e96b0 Implicit null exception at 0x00000205e81be55b to 0x00000205e81be5e4
Event: 7.578 Thread 0x00000205fb4e96b0 Implicit null exception at 0x00000205e829f19a to 0x00000205e829f4d4
Event: 7.578 Thread 0x00000205fb4e96b0 Implicit null exception at 0x00000205e81c1329 to 0x00000205e81c1c30
Event: 7.578 Thread 0x00000205fb4e96b0 Implicit null exception at 0x00000205e81c1329 to 0x00000205e81c1c30
Event: 7.578 Thread 0x00000205fb4e96b0 Implicit null exception at 0x00000205e81c1329 to 0x00000205e81c1c30
Event: 7.579 Thread 0x00000205fb4e96b0 Implicit null exception at 0x00000205e8296d0c to 0x00000205e8296fac
Event: 7.636 Thread 0x00000205fb4e96b0 Implicit null exception at 0x00000205e82a70c8 to 0x00000205e82a78c4

VM Operations (20 events):
Event: 7.334 Executing VM operation: G1CollectForAllocation
Event: 7.336 Executing VM operation: G1CollectForAllocation done
Event: 7.351 Executing VM operation: G1CollectForAllocation
Event: 7.354 Executing VM operation: G1CollectForAllocation done
Event: 7.556 Executing VM operation: HandshakeAllThreads
Event: 7.557 Executing VM operation: HandshakeAllThreads done
Event: 7.630 Executing VM operation: ICBufferFull
Event: 7.631 Executing VM operation: ICBufferFull done
Event: 7.632 Executing VM operation: HandshakeAllThreads
Event: 7.632 Executing VM operation: HandshakeAllThreads done
Event: 7.656 Executing VM operation: HandshakeAllThreads
Event: 7.657 Executing VM operation: HandshakeAllThreads done
Event: 7.659 Executing VM operation: HandshakeAllThreads
Event: 7.659 Executing VM operation: HandshakeAllThreads done
Event: 7.761 Executing VM operation: ICBufferFull
Event: 7.761 Executing VM operation: ICBufferFull done
Event: 7.793 Executing VM operation: G1CollectForAllocation
Event: 7.796 Executing VM operation: G1CollectForAllocation done
Event: 7.822 Executing VM operation: G1Concurrent
Event: 7.827 Executing VM operation: G1Concurrent done

Events (20 events):
Event: 6.814 Thread 0x00000205f7c97f60 flushing nmethod 0x00000205e0a77a10
Event: 6.814 Thread 0x00000205f7c97f60 flushing nmethod 0x00000205e0a79c90
Event: 6.870 loading class sun/reflect/generics/repository/FieldRepository
Event: 6.870 loading class sun/reflect/generics/repository/FieldRepository done
Event: 6.876 loading class jdk/internal/vm/annotation/ForceInline
Event: 6.877 loading class jdk/internal/vm/annotation/ForceInline done
Event: 6.922 loading class java/util/regex/Pattern$Caret
Event: 6.922 loading class java/util/regex/Pattern$Caret done
Event: 7.484 loading class java/io/CharArrayWriter
Event: 7.484 loading class java/io/CharArrayWriter done
Event: 7.557 loading class java/util/Stack
Event: 7.557 loading class java/util/Stack done
Event: 7.575 loading class java/lang/AbstractMethodError
Event: 7.575 loading class java/lang/AbstractMethodError done
Event: 7.631 loading class java/util/AbstractList$ListItr
Event: 7.632 loading class java/util/AbstractList$ListItr done
Event: 7.655 loading class jdk/internal/access/foreign/MemorySegmentProxy
Event: 7.655 loading class jdk/internal/access/foreign/MemorySegmentProxy done
Event: 7.698 loading class java/util/zip/ZipOutputStream
Event: 7.699 loading class java/util/zip/ZipOutputStream done


Dynamic libraries:
0x00007ff7c7090000 - 0x00007ff7c709a000 	C:\Program Files\Android\Android Studio\jbr\bin\java.exe
0x00007ffac41f0000 - 0x00007ffac4407000 	C:\WINDOWS\SYSTEM32\ntdll.dll
0x00007ffac2dc0000 - 0x00007ffac2e84000 	C:\WINDOWS\System32\KERNEL32.DLL
0x00007ffac1a70000 - 0x00007ffac1e15000 	C:\WINDOWS\System32\KERNELBASE.dll
0x00007ffac1e20000 - 0x00007ffac1f31000 	C:\WINDOWS\System32\ucrtbase.dll
0x00007ffaa8b20000 - 0x00007ffaa8b3b000 	C:\Program Files\Android\Android Studio\jbr\bin\VCRUNTIME140.dll
0x00007ffa3dba0000 - 0x00007ffa3dbb7000 	C:\Program Files\Android\Android Studio\jbr\bin\jli.dll
0x00007ffac31f0000 - 0x00007ffac339e000 	C:\WINDOWS\System32\USER32.dll
0x00007ffaad0e0000 - 0x00007ffaad373000 	C:\WINDOWS\WinSxS\amd64_microsoft.windows.common-controls_6595b64144ccf1df_6.0.22621.2506_none_270c5ae97388e100\COMCTL32.dll
0x00007ffac1740000 - 0x00007ffac1766000 	C:\WINDOWS\System32\win32u.dll
0x00007ffac34f0000 - 0x00007ffac3597000 	C:\WINDOWS\System32\msvcrt.dll
0x00007ffac30a0000 - 0x00007ffac30c9000 	C:\WINDOWS\System32\GDI32.dll
0x00007ffac1560000 - 0x00007ffac1679000 	C:\WINDOWS\System32\gdi32full.dll
0x00007ffac19d0000 - 0x00007ffac1a6a000 	C:\WINDOWS\System32\msvcp_win.dll
0x00007ffac34b0000 - 0x00007ffac34e1000 	C:\WINDOWS\System32\IMM32.DLL
0x00007ffaa88a0000 - 0x00007ffaa88ac000 	C:\Program Files\Android\Android Studio\jbr\bin\vcruntime140_1.dll
0x00007ffa7c980000 - 0x00007ffa7ca0d000 	C:\Program Files\Android\Android Studio\jbr\bin\msvcp140.dll
0x00007ffa3dfb0000 - 0x00007ffa3ec1e000 	C:\Program Files\Android\Android Studio\jbr\bin\server\jvm.dll
0x00007ffac3620000 - 0x00007ffac36d1000 	C:\WINDOWS\System32\ADVAPI32.dll
0x00007ffac3a20000 - 0x00007ffac3ac6000 	C:\WINDOWS\System32\sechost.dll
0x00007ffac30d0000 - 0x00007ffac31e7000 	C:\WINDOWS\System32\RPCRT4.dll
0x00007ffa9af90000 - 0x00007ffa9af99000 	C:\WINDOWS\SYSTEM32\WSOCK32.dll
0x00007ffab76f0000 - 0x00007ffab7724000 	C:\WINDOWS\SYSTEM32\WINMM.dll
0x00007ffab8420000 - 0x00007ffab842a000 	C:\WINDOWS\SYSTEM32\VERSION.dll
0x00007ffac3740000 - 0x00007ffac37b1000 	C:\WINDOWS\System32\WS2_32.dll
0x00007ffac0570000 - 0x00007ffac0588000 	C:\WINDOWS\SYSTEM32\kernel.appcore.dll
0x00007ffa99530000 - 0x00007ffa9953a000 	C:\Program Files\Android\Android Studio\jbr\bin\jimage.dll
0x00007ffabe610000 - 0x00007ffabe843000 	C:\WINDOWS\SYSTEM32\DBGHELP.DLL
0x00007ffac21d0000 - 0x00007ffac2559000 	C:\WINDOWS\System32\combase.dll
0x00007ffac20f0000 - 0x00007ffac21c7000 	C:\WINDOWS\System32\OLEAUT32.dll
0x00007ffaa2d40000 - 0x00007ffaa2d72000 	C:\WINDOWS\SYSTEM32\dbgcore.DLL
0x00007ffac17e0000 - 0x00007ffac185a000 	C:\WINDOWS\System32\bcryptPrimitives.dll
0x00007ffa3df80000 - 0x00007ffa3dfa5000 	C:\Program Files\Android\Android Studio\jbr\bin\java.dll
0x00007ffa4de60000 - 0x00007ffa4de78000 	C:\Program Files\Android\Android Studio\jbr\bin\zip.dll
0x00007ffac2560000 - 0x00007ffac2db9000 	C:\WINDOWS\System32\SHELL32.dll
0x00007ffabf440000 - 0x00007ffabfd34000 	C:\WINDOWS\SYSTEM32\windows.storage.dll
0x00007ffabf300000 - 0x00007ffabf43e000 	C:\WINDOWS\SYSTEM32\wintypes.dll
0x00007ffac1f40000 - 0x00007ffac2033000 	C:\WINDOWS\System32\SHCORE.dll
0x00007ffac2060000 - 0x00007ffac20be000 	C:\WINDOWS\System32\shlwapi.dll
0x00007ffac1490000 - 0x00007ffac14b6000 	C:\WINDOWS\SYSTEM32\profapi.dll
0x00007ffa3ded0000 - 0x00007ffa3dee9000 	C:\Program Files\Android\Android Studio\jbr\bin\net.dll
0x00007ffaba5b0000 - 0x00007ffaba6e7000 	C:\WINDOWS\SYSTEM32\WINHTTP.dll
0x00007ffac0a90000 - 0x00007ffac0af9000 	C:\WINDOWS\system32\mswsock.dll
0x00007ffa3deb0000 - 0x00007ffa3dec6000 	C:\Program Files\Android\Android Studio\jbr\bin\nio.dll
0x00007ffa98bd0000 - 0x00007ffa98be0000 	C:\Program Files\Android\Android Studio\jbr\bin\verify.dll
0x00007ffa38f50000 - 0x00007ffa38f77000 	C:\Users\KIM\.gradle\native\68d5fa5c4cc2d200863cafc0d521ce42e7d3e7ee720ec0a83991735586a16f82\windows-amd64\native-platform.dll
0x00007ffa37dd0000 - 0x00007ffa37f14000 	C:\Users\KIM\.gradle\native\e376f236ea51e6404a007f0833ffe2c6e607c4080706a723a18a27aeea778392\windows-amd64\native-platform-file-events.dll
0x00007ffa98980000 - 0x00007ffa98989000 	C:\Program Files\Android\Android Studio\jbr\bin\management.dll
0x00007ffa95cb0000 - 0x00007ffa95cbb000 	C:\Program Files\Android\Android Studio\jbr\bin\management_ext.dll
0x00007ffac37c0000 - 0x00007ffac37c8000 	C:\WINDOWS\System32\PSAPI.DLL
0x00007ffac0d10000 - 0x00007ffac0d2b000 	C:\WINDOWS\SYSTEM32\CRYPTSP.dll
0x00007ffac0590000 - 0x00007ffac05c5000 	C:\WINDOWS\system32\rsaenh.dll
0x00007ffac0b70000 - 0x00007ffac0b9c000 	C:\WINDOWS\SYSTEM32\USERENV.dll
0x00007ffac0ef0000 - 0x00007ffac0f18000 	C:\WINDOWS\SYSTEM32\bcrypt.dll
0x00007ffac0d00000 - 0x00007ffac0d0c000 	C:\WINDOWS\SYSTEM32\CRYPTBASE.dll
0x00007ffac0010000 - 0x00007ffac003d000 	C:\WINDOWS\SYSTEM32\IPHLPAPI.DLL
0x00007ffac33a0000 - 0x00007ffac33a9000 	C:\WINDOWS\System32\NSI.dll
0x00007ffaba2e0000 - 0x00007ffaba2f9000 	C:\WINDOWS\SYSTEM32\dhcpcsvc6.DLL
0x00007ffaba2a0000 - 0x00007ffaba2bf000 	C:\WINDOWS\SYSTEM32\dhcpcsvc.DLL
0x00007ffac0080000 - 0x00007ffac0179000 	C:\WINDOWS\SYSTEM32\DNSAPI.dll
0x00007ffa91ba0000 - 0x00007ffa91ba8000 	C:\WINDOWS\system32\wshunix.dll

dbghelp: loaded successfully - version: 4.0.5 - missing functions: none
symbol engine: initialized successfully - sym options: 0x614 - pdb path: .;C:\Program Files\Android\Android Studio\jbr\bin;C:\WINDOWS\SYSTEM32;C:\WINDOWS\WinSxS\amd64_microsoft.windows.common-controls_6595b64144ccf1df_6.0.22621.2506_none_270c5ae97388e100;C:\Program Files\Android\Android Studio\jbr\bin\server;C:\Users\KIM\.gradle\native\68d5fa5c4cc2d200863cafc0d521ce42e7d3e7ee720ec0a83991735586a16f82\windows-amd64;C:\Users\KIM\.gradle\native\e376f236ea51e6404a007f0833ffe2c6e607c4080706a723a18a27aeea778392\windows-amd64

VM Arguments:
jvm_args: --add-opens=java.base/java.util=ALL-UNNAMED --add-opens=java.base/java.lang=ALL-UNNAMED --add-opens=java.base/java.lang.invoke=ALL-UNNAMED --add-opens=java.prefs/java.util.prefs=ALL-UNNAMED --add-opens=java.base/java.nio.charset=ALL-UNNAMED --add-opens=java.base/java.net=ALL-UNNAMED --add-opens=java.base/java.util.concurrent.atomic=ALL-UNNAMED -Xmx2048m -Dfile.encoding=UTF-8 -Duser.country=US -Duser.language=en -Duser.variant 
java_command: org.gradle.launcher.daemon.bootstrap.GradleDaemon 8.0
java_class_path (initial): C:\Users\KIM\.gradle\wrapper\dists\gradle-8.0-bin\ca5e32bp14vu59qr306oxotwh\gradle-8.0\lib\gradle-launcher-8.0.jar
Launcher Type: SUN_STANDARD

[Global flags]
     intx CICompilerCount                          = 4                                         {product} {ergonomic}
     uint ConcGCThreads                            = 3                                         {product} {ergonomic}
     uint G1ConcRefinementThreads                  = 10                                        {product} {ergonomic}
   size_t G1HeapRegionSize                         = 1048576                                   {product} {ergonomic}
    uintx GCDrainStackTargetSize                   = 64                                        {product} {ergonomic}
   size_t InitialHeapSize                          = 266338304                                 {product} {ergonomic}
   size_t MarkStackSize                            = 4194304                                   {product} {ergonomic}
   size_t MaxHeapSize                              = 2147483648                                {product} {command line}
   size_t MaxNewSize                               = 1287651328                                {product} {ergonomic}
   size_t MinHeapDeltaBytes                        = 1048576                                   {product} {ergonomic}
   size_t MinHeapSize                              = 8388608                                   {product} {ergonomic}
    uintx NonNMethodCodeHeapSize                   = 5839372                                {pd product} {ergonomic}
    uintx NonProfiledCodeHeapSize                  = 122909434                              {pd product} {ergonomic}
    uintx ProfiledCodeHeapSize                     = 122909434                              {pd product} {ergonomic}
    uintx ReservedCodeCacheSize                    = 251658240                              {pd product} {ergonomic}
     bool SegmentedCodeCache                       = true                                      {product} {ergonomic}
   size_t SoftMaxHeapSize                          = 2147483648                             {manageable} {ergonomic}
     bool UseCompressedClassPointers               = true                           {product lp64_product} {ergonomic}
     bool UseCompressedOops                        = true                           {product lp64_product} {ergonomic}
     bool UseG1GC                                  = true                                      {product} {ergonomic}
     bool UseLargePagesIndividualAllocation        = false                                  {pd product} {ergonomic}

Logging:
Log output configuration:
 #0: stdout all=warning uptime,level,tags
 #1: stderr all=off uptime,level,tags

Environment Variables:
JAVA_HOME=C:\Program Files\Java\jdk-21
PATH=C:\Python312\Scripts\;C:\Python312\;C:\Program Files\Common Files\Oracle\Java\javapath;C:\ProgramData\Oracle\Java\javapath;C:\Windows\system32;C:\Windows;C:\Windows\System32\Wbem;C:\Windows\System32\WindowsPowerShell\v1.0\;C:\Windows\System32\OpenSSH\;C:\Program Files (x86)\NVIDIA Corporation\PhysX\Common;C:\Program Files\NVIDIA Corporation\NVIDIA NvDLISR;C:\Program Files\Git\cmd;C:\xampp\php;C:\ProgramData\ComposerSetup\bin;C:\WINDOWS\system32;C:\WINDOWS;C:\WINDOWS\System32\Wbem;C:\WINDOWS\System32\WindowsPowerShell\v1.0\;C:\WINDOWS\System32\OpenSSH\;C:\Program Files\Java\jdk-21\bin;C:\Program Files\nodejs\;C:\ProgramData\chocolatey\bin;C:\Program Files\Docker\Docker\resources\bin;C:\Program Files\gradle-8.4\bin;C:\Program Files\MySQL\MySQL Shell 8.0\bin\;C:\Users\KIM\AppData\Local\Microsoft\WindowsApps;C:\Program Files\JetBrains\IntelliJ IDEA 2022.2.2\bin;C:\Users\KIM\AppData\Local\Programs\Microsoft VS Code\bin;C:\Users\KIM\AppData\Roaming\Composer\vendor\bin;C:\Users\KIM\Downloads\gradle\gradle-8.4\bin;C:;C:\Program Files\MySQL\MySQL Shell 8.0\bin\;C:\Users\KIM\AppData\Local\Microsoft\WindowsApps;C:\Program Files\JetBrains\IntelliJ IDEA 2022.2.2\bin;;C:\Users\KIM\AppData\Local\Programs\Microsoft VS Code\bin;C:\Users\KIM\AppData\Roaming\Composer\vendor\bin;C:\Users\KIM\Downloads\gradle\gradle-8.4\bin;C:\Users\KIM\AppData\Local\GitHubDesktop\bin;C:\Users\KIM\AppData\Roaming\npm;C:\Program Files\gradle-8.4\bin;C:\Users\KIM\AppData\Local\Android\Sdk\platform-tools;F:\flutter\bin;C:\Users\KIM\AppData\Local\Android\Sdk\platform-tools;
USERNAME=KIM
OS=Windows_NT
PROCESSOR_IDENTIFIER=Intel64 Family 6 Model 141 Stepping 1, GenuineIntel
TMP=C:\Users\KIM\AppData\Local\Temp
TEMP=C:\Users\KIM\AppData\Local\Temp


JNI global refs:
JNI global refs: 27, weak refs: 1

JNI global refs memory usage: 843, weak refs: 841


---------------  S Y S T E M  ---------------

OS:
 Windows 11 , 64 bit Build 22621 (10.0.22621.2506)
OS uptime: 0 days 20:30 hours
Hyper-V role detected

CPU: total 12 (initial active 12) (6 cores per cpu, 2 threads per core) family 6 model 141 stepping 1 microcode 0x3c, cx8, cmov, fxsr, ht, mmx, 3dnowpref, sse, sse2, sse3, ssse3, sse4.1, sse4.2, popcnt, lzcnt, tsc, tscinvbit, avx, avx2, aes, erms, clmul, bmi1, bmi2, adx, avx512f, avx512dq, avx512cd, avx512bw, avx512vl, sha, fma, vzeroupper, avx512_vpopcntdq, avx512_vpclmulqdq, avx512_vaes, avx512_vnni, clflush, clflushopt, clwb, avx512_vbmi2, avx512_vbmi, hv

Memory: 4k page, system-wide physical 16163M (1283M free)
TotalPageFile size 24355M (AvailPageFile size 7M)
current process WorkingSet (physical memory assigned to process): 399M, peak: 399M
current process commit charge ("private bytes"): 510M, peak: 512M

vm_info: OpenJDK 64-Bit Server VM (17.0.6+0-b2043.56-10027231) for windows-amd64 JRE (17.0.6+0-b2043.56-10027231), built on Apr 28 2023 00:43:19 by "androidbuild" with MS VC++ 16.10 / 16.11 (VS2019)

END.
